{"C:\\Users\\nn\\Desktop\\code\\nestjs-yalc\\kafka\\src\\kafka.controller.ts": {"path":"C:\\Users\\nn\\Desktop\\code\\nestjs-yalc\\kafka\\src\\kafka.controller.ts","statementMap":{"0":{"start":{"line":1,"column":0},"end":{"line":1,"column":44}},"1":{"start":{"line":2,"column":0},"end":{"line":2,"column":70}},"2":{"start":{"line":6,"column":7},"end":{"line":62,"column":null}},"3":{"start":{"line":22,"column":4},"end":{"line":22,"column":39}},"4":{"start":{"line":31,"column":4},"end":{"line":31,"column":42}},"5":{"start":{"line":46,"column":4},"end":{"line":51,"column":17}},"6":{"start":{"line":60,"column":4},"end":{"line":60,"column":46}},"7":{"start":{"line":6,"column":13},"end":{"line":6,"column":28}},"8":{"start":{"line":6,"column":13},"end":{"line":62,"column":null}}},"fnMap":{"0":{"name":"(anonymous_0)","decl":{"start":{"line":17,"column":2},"end":{"line":17,"column":18}},"loc":{"start":{"line":20,"column":27},"end":{"line":23,"column":3}}},"1":{"name":"(anonymous_1)","decl":{"start":{"line":30,"column":2},"end":{"line":30,"column":7}},"loc":{"start":{"line":30,"column":57},"end":{"line":32,"column":3}}},"2":{"name":"(anonymous_2)","decl":{"start":{"line":41,"column":2},"end":{"line":41,"column":7}},"loc":{"start":{"line":44,"column":37},"end":{"line":52,"column":3}}},"3":{"name":"(anonymous_3)","decl":{"start":{"line":59,"column":2},"end":{"line":59,"column":7}},"loc":{"start":{"line":59,"column":57},"end":{"line":61,"column":3}}}},"branchMap":{},"s":{"0":0,"1":0,"2":0,"3":0,"4":0,"5":0,"6":0,"7":0,"8":0},"f":{"0":0,"1":0,"2":0,"3":0},"b":{}}
,"C:\\Users\\nn\\Desktop\\code\\nestjs-yalc\\kafka\\src\\plugin\\avro-deserializer.ts": {"path":"C:\\Users\\nn\\Desktop\\code\\nestjs-yalc\\kafka\\src\\plugin\\avro-deserializer.ts","statementMap":{"0":{"start":{"line":3,"column":0},"end":{"line":3,"column":68}},"1":{"start":{"line":22,"column":4},"end":{"line":22,"column":56}},"2":{"start":{"line":32,"column":4},"end":{"line":43,"column":5}},"3":{"start":{"line":33,"column":6},"end":{"line":35,"column":22}},"4":{"start":{"line":36,"column":6},"end":{"line":38,"column":24}},"5":{"start":{"line":45,"column":4},"end":{"line":51,"column":6}},"6":{"start":{"line":12,"column":0},"end":{"line":12,"column":13}}},"fnMap":{"0":{"name":"(anonymous_0)","decl":{"start":{"line":18,"column":2},"end":{"line":18,"column":null}},"loc":{"start":{"line":20,"column":44},"end":{"line":23,"column":3}}},"1":{"name":"(anonymous_1)","decl":{"start":{"line":31,"column":2},"end":{"line":31,"column":7}},"loc":{"start":{"line":31,"column":32},"end":{"line":52,"column":3}}}},"branchMap":{"0":{"loc":{"start":{"line":33,"column":20},"end":{"line":35,"column":21}},"type":"cond-expr","locations":[{"start":{"line":34,"column":10},"end":{"line":34,"column":49}},{"start":{"line":35,"column":10},"end":{"line":35,"column":21}}]},"1":{"loc":{"start":{"line":36,"column":22},"end":{"line":38,"column":23}},"type":"cond-expr","locations":[{"start":{"line":37,"column":10},"end":{"line":37,"column":51}},{"start":{"line":38,"column":10},"end":{"line":38,"column":23}}]}},"s":{"0":0,"1":0,"2":0,"3":0,"4":0,"5":0,"6":0},"f":{"0":0,"1":0},"b":{"0":[0,0],"1":[0,0]}}
}
