{"C:\\Users\\nn\\Desktop\\code\\nestjs-yalc\\graphql\\src\\index.ts": {"path":"C:\\Users\\nn\\Desktop\\code\\nestjs-yalc\\graphql\\src\\index.ts","statementMap":{"0":{"start":{"line":1,"column":0},"end":{"line":1,"column":33}}},"fnMap":{},"branchMap":{},"s":{"0":1},"f":{},"b":{}}
,"C:\\Users\\nn\\Desktop\\code\\nestjs-yalc\\graphql\\src\\sofa.helper.ts": {"path":"C:\\Users\\nn\\Desktop\\code\\nestjs-yalc\\graphql\\src\\sofa.helper.ts","statementMap":{"0":{"start":{"line":3,"column":0},"end":{"line":3,"column":35}},"1":{"start":{"line":4,"column":35},"end":{"line":13,"column":1}},"2":{"start":{"line":9,"column":2},"end":{"line":12,"column":5}},"3":{"start":{"line":4,"column":13},"end":{"line":4,"column":35}}},"fnMap":{"0":{"name":"(anonymous_0)","decl":{"start":{"line":4,"column":35},"end":{"line":4,"column":null}},"loc":{"start":{"line":8,"column":9},"end":{"line":13,"column":1}}}},"branchMap":{},"s":{"0":2,"1":2,"2":1,"3":2},"f":{"0":1},"b":{}}
,"C:\\Users\\nn\\Desktop\\code\\nestjs-yalc\\graphql\\src\\decorators\\gqlrequest.decorator.ts": {"path":"C:\\Users\\nn\\Desktop\\code\\nestjs-yalc\\graphql\\src\\decorators\\gqlrequest.decorator.ts","statementMap":{"0":{"start":{"line":1,"column":0},"end":{"line":1,"column":72}},"1":{"start":{"line":2,"column":0},"end":{"line":2,"column":54}},"2":{"start":{"line":4,"column":38},"end":{"line":10,"column":1}},"3":{"start":{"line":8,"column":14},"end":{"line":8,"column":49}},"4":{"start":{"line":9,"column":2},"end":{"line":9,"column":30}},"5":{"start":{"line":4,"column":13},"end":{"line":4,"column":38}},"6":{"start":{"line":12,"column":13},"end":{"line":12,"column":74}}},"fnMap":{"0":{"name":"(anonymous_0)","decl":{"start":{"line":4,"column":38},"end":{"line":4,"column":null}},"loc":{"start":{"line":7,"column":4},"end":{"line":10,"column":1}}}},"branchMap":{},"s":{"0":1,"1":1,"2":1,"3":1,"4":1,"5":1,"6":1},"f":{"0":1},"b":{}}
,"C:\\Users\\nn\\Desktop\\code\\nestjs-yalc\\graphql\\src\\plugins\\gql-ast.helper.ts": {"path":"C:\\Users\\nn\\Desktop\\code\\nestjs-yalc\\graphql\\src\\plugins\\gql-ast.helper.ts","statementMap":{"0":{"start":{"line":5,"column":4},"end":{"line":5,"column":66}},"1":{"start":{"line":9,"column":4},"end":{"line":9,"column":42}},"2":{"start":{"line":3,"column":0},"end":{"line":3,"column":13}}},"fnMap":{"0":{"name":"(anonymous_0)","decl":{"start":{"line":4,"column":2},"end":{"line":4,"column":8}},"loc":{"start":{"line":4,"column":53},"end":{"line":6,"column":3}}},"1":{"name":"(anonymous_1)","decl":{"start":{"line":8,"column":2},"end":{"line":8,"column":8}},"loc":{"start":{"line":8,"column":49},"end":{"line":10,"column":3}}}},"branchMap":{},"s":{"0":16,"1":33,"2":3},"f":{"0":16,"1":33},"b":{}}
,"C:\\Users\\nn\\Desktop\\code\\nestjs-yalc\\graphql\\src\\plugins\\gql-complexity.helper.ts": {"path":"C:\\Users\\nn\\Desktop\\code\\nestjs-yalc\\graphql\\src\\plugins\\gql-complexity.helper.ts","statementMap":{"0":{"start":{"line":1,"column":0},"end":{"line":1,"column":null}},"1":{"start":{"line":8,"column":0},"end":{"line":8,"column":51}},"2":{"start":{"line":9,"column":0},"end":{"line":9,"column":56}},"3":{"start":{"line":11,"column":35},"end":{"line":11,"column":37}},"4":{"start":{"line":12,"column":18},"end":{"line":12,"column":19}},"5":{"start":{"line":15,"column":49},"end":{"line":19,"column":2}},"6":{"start":{"line":35,"column":4},"end":{"line":54,"column":9}},"7":{"start":{"line":38,"column":33},"end":{"line":38,"column":42}},"8":{"start":{"line":40,"column":25},"end":{"line":40,"column":64}},"9":{"start":{"line":41,"column":29},"end":{"line":41,"column":76}},"10":{"start":{"line":43,"column":8},"end":{"line":44,"column":72}},"11":{"start":{"line":46,"column":32},"end":{"line":46,"column":62}},"12":{"start":{"line":47,"column":8},"end":{"line":49,"column":9}},"13":{"start":{"line":48,"column":10},"end":{"line":48,"column":58}},"14":{"start":{"line":51,"column":8},"end":{"line":53,"column":11}},"15":{"start":{"line":52,"column":10},"end":{"line":52,"column":60}},"16":{"start":{"line":58,"column":4},"end":{"line":60,"column":5}},"17":{"start":{"line":59,"column":6},"end":{"line":59,"column":13}},"18":{"start":{"line":62,"column":23},"end":{"line":62,"column":71}},"19":{"start":{"line":63,"column":4},"end":{"line":65,"column":5}},"20":{"start":{"line":64,"column":6},"end":{"line":64,"column":13}},"21":{"start":{"line":67,"column":32},"end":{"line":68,"column":null}},"22":{"start":{"line":71,"column":4},"end":{"line":73,"column":5}},"23":{"start":{"line":72,"column":6},"end":{"line":72,"column":72}},"24":{"start":{"line":81,"column":35},"end":{"line":81,"column":39}},"25":{"start":{"line":82,"column":33},"end":{"line":82,"column":37}},"26":{"start":{"line":83,"column":26},"end":{"line":83,"column":47}},"27":{"start":{"line":89,"column":6},"end":{"line":90,"column":68}},"28":{"start":{"line":92,"column":4},"end":{"line":94,"column":5}},"29":{"start":{"line":93,"column":6},"end":{"line":93,"column":13}},"30":{"start":{"line":97,"column":6},"end":{"line":97,"column":71}},"31":{"start":{"line":98,"column":4},"end":{"line":100,"column":5}},"32":{"start":{"line":99,"column":6},"end":{"line":99,"column":65}},"33":{"start":{"line":102,"column":4},"end":{"line":102,"column":59}},"34":{"start":{"line":102,"column":23},"end":{"line":102,"column":59}},"35":{"start":{"line":104,"column":4},"end":{"line":116,"column":5}},"36":{"start":{"line":105,"column":6},"end":{"line":105,"column":33}},"37":{"start":{"line":105,"column":25},"end":{"line":105,"column":33}},"38":{"start":{"line":107,"column":6},"end":{"line":109,"column":7}},"39":{"start":{"line":108,"column":8},"end":{"line":108,"column":51}},"40":{"start":{"line":111,"column":6},"end":{"line":115,"column":8}},"41":{"start":{"line":120,"column":52},"end":{"line":120,"column":54}},"42":{"start":{"line":121,"column":52},"end":{"line":121,"column":70}},"43":{"start":{"line":123,"column":4},"end":{"line":125,"column":5}},"44":{"start":{"line":124,"column":6},"end":{"line":124,"column":49}},"45":{"start":{"line":127,"column":4},"end":{"line":127,"column":18}},"46":{"start":{"line":135,"column":4},"end":{"line":137,"column":5}},"47":{"start":{"line":136,"column":6},"end":{"line":136,"column":69}},"48":{"start":{"line":26,"column":0},"end":{"line":26,"column":13}}},"fnMap":{"0":{"name":"(anonymous_0)","decl":{"start":{"line":34,"column":2},"end":{"line":34,"column":8}},"loc":{"start":{"line":34,"column":74},"end":{"line":55,"column":3}}},"1":{"name":"(anonymous_1)","decl":{"start":{"line":37,"column":15},"end":{"line":37,"column":16}},"loc":{"start":{"line":37,"column":29},"end":{"line":54,"column":7}}},"2":{"name":"(anonymous_2)","decl":{"start":{"line":51,"column":40},"end":{"line":51,"column":41}},"loc":{"start":{"line":51,"column":73},"end":{"line":53,"column":9}}},"3":{"name":"(anonymous_3)","decl":{"start":{"line":57,"column":2},"end":{"line":57,"column":8}},"loc":{"start":{"line":57,"column":52},"end":{"line":74,"column":3}}},"4":{"name":"(anonymous_4)","decl":{"start":{"line":76,"column":2},"end":{"line":76,"column":8}},"loc":{"start":{"line":79,"column":17},"end":{"line":117,"column":3}}},"5":{"name":"(anonymous_5)","decl":{"start":{"line":119,"column":2},"end":{"line":119,"column":8}},"loc":{"start":{"line":119,"column":43},"end":{"line":128,"column":3}}},"6":{"name":"(anonymous_6)","decl":{"start":{"line":130,"column":2},"end":{"line":130,"column":8}},"loc":{"start":{"line":133,"column":17},"end":{"line":138,"column":3}}}},"branchMap":{"0":{"loc":{"start":{"line":44,"column":11},"end":{"line":44,"column":71}},"type":"binary-expr","locations":[{"start":{"line":44,"column":11},"end":{"line":44,"column":58}},{"start":{"line":44,"column":62},"end":{"line":44,"column":71}}]},"1":{"loc":{"start":{"line":47,"column":8},"end":{"line":49,"column":9}},"type":"if","locations":[{"start":{"line":47,"column":8},"end":{"line":49,"column":9}},{"start":{},"end":{}}]},"2":{"loc":{"start":{"line":58,"column":4},"end":{"line":60,"column":5}},"type":"if","locations":[{"start":{"line":58,"column":4},"end":{"line":60,"column":5}},{"start":{},"end":{}}]},"3":{"loc":{"start":{"line":63,"column":4},"end":{"line":65,"column":5}},"type":"if","locations":[{"start":{"line":63,"column":4},"end":{"line":65,"column":5}},{"start":{},"end":{}}]},"4":{"loc":{"start":{"line":89,"column":6},"end":{"line":90,"column":68}},"type":"binary-expr","locations":[{"start":{"line":89,"column":6},"end":{"line":89,"column":24}},{"start":{"line":90,"column":7},"end":{"line":90,"column":20}},{"start":{"line":90,"column":24},"end":{"line":90,"column":67}}]},"5":{"loc":{"start":{"line":92,"column":4},"end":{"line":94,"column":5}},"type":"if","locations":[{"start":{"line":92,"column":4},"end":{"line":94,"column":5}},{"start":{},"end":{}}]},"6":{"loc":{"start":{"line":97,"column":6},"end":{"line":97,"column":71}},"type":"binary-expr","locations":[{"start":{"line":97,"column":6},"end":{"line":97,"column":29}},{"start":{"line":97,"column":33},"end":{"line":97,"column":71}}]},"7":{"loc":{"start":{"line":98,"column":4},"end":{"line":100,"column":5}},"type":"if","locations":[{"start":{"line":98,"column":4},"end":{"line":100,"column":5}},{"start":{},"end":{}}]},"8":{"loc":{"start":{"line":98,"column":8},"end":{"line":98,"column":60}},"type":"binary-expr","locations":[{"start":{"line":98,"column":8},"end":{"line":98,"column":24}},{"start":{"line":98,"column":28},"end":{"line":98,"column":60}}]},"9":{"loc":{"start":{"line":102,"column":4},"end":{"line":102,"column":59}},"type":"if","locations":[{"start":{"line":102,"column":4},"end":{"line":102,"column":59}},{"start":{},"end":{}}]},"10":{"loc":{"start":{"line":104,"column":4},"end":{"line":116,"column":5}},"type":"if","locations":[{"start":{"line":104,"column":4},"end":{"line":116,"column":5}},{"start":{},"end":{}}]},"11":{"loc":{"start":{"line":105,"column":6},"end":{"line":105,"column":33}},"type":"if","locations":[{"start":{"line":105,"column":6},"end":{"line":105,"column":33}},{"start":{},"end":{}}]},"12":{"loc":{"start":{"line":107,"column":6},"end":{"line":109,"column":7}},"type":"if","locations":[{"start":{"line":107,"column":6},"end":{"line":109,"column":7}},{"start":{},"end":{}}]},"13":{"loc":{"start":{"line":123,"column":4},"end":{"line":125,"column":5}},"type":"if","locations":[{"start":{"line":123,"column":4},"end":{"line":125,"column":5}},{"start":{},"end":{}}]}},"s":{"0":2,"1":2,"2":2,"3":2,"4":2,"5":2,"6":5,"7":5,"8":5,"9":5,"10":5,"11":5,"12":5,"13":1,"14":4,"15":4,"16":7,"17":1,"18":6,"19":6,"20":2,"21":4,"22":4,"23":8,"24":17,"25":17,"26":17,"27":17,"28":17,"29":3,"30":14,"31":14,"32":1,"33":13,"34":10,"35":13,"36":9,"37":6,"38":9,"39":1,"40":8,"41":4,"42":4,"43":4,"44":2,"45":4,"46":9,"47":9,"48":2},"f":{"0":5,"1":5,"2":4,"3":7,"4":17,"5":4,"6":9},"b":{"0":[5,4],"1":[1,4],"2":[1,6],"3":[2,4],"4":[17,15,12],"5":[3,14],"6":[14,13],"7":[1,13],"8":[14,2],"9":[10,3],"10":[9,4],"11":[6,3],"12":[1,8],"13":[2,2]}}
,"C:\\Users\\nn\\Desktop\\code\\nestjs-yalc\\graphql\\src\\plugins\\gql-complexity.plugin.ts": {"path":"C:\\Users\\nn\\Desktop\\code\\nestjs-yalc\\graphql\\src\\plugins\\gql-complexity.plugin.ts","statementMap":{"0":{"start":{"line":1,"column":0},"end":{"line":1,"column":44}},"1":{"start":{"line":2,"column":0},"end":{"line":2,"column":65}},"2":{"start":{"line":5,"column":7},"end":{"line":19,"column":null}},"3":{"start":{"line":7,"column":4},"end":{"line":17,"column":6}},"4":{"start":{"line":15,"column":8},"end":{"line":15,"column":65}},"5":{"start":{"line":5,"column":13},"end":{"line":5,"column":32}},"6":{"start":{"line":5,"column":13},"end":{"line":19,"column":null}}},"fnMap":{"0":{"name":"(anonymous_1)","decl":{"start":{"line":6,"column":2},"end":{"line":6,"column":7}},"loc":{"start":{"line":6,"column":23},"end":{"line":18,"column":3}}},"1":{"name":"(anonymous_2)","decl":{"start":{"line":8,"column":6},"end":{"line":8,"column":11}},"loc":{"start":{"line":14,"column":7},"end":{"line":16,"column":7}}}},"branchMap":{},"s":{"0":1,"1":1,"2":1,"3":1,"4":1,"5":1,"6":1},"f":{"0":1,"1":1},"b":{}}
,"C:\\Users\\nn\\Desktop\\code\\nestjs-yalc\\graphql\\src\\plugins\\gql.error.ts": {"path":"C:\\Users\\nn\\Desktop\\code\\nestjs-yalc\\graphql\\src\\plugins\\gql.error.ts","statementMap":{"0":{"start":{"line":1,"column":0},"end":{"line":1,"column":null}},"1":{"start":{"line":2,"column":2},"end":{"line":2,"column":null}},"2":{"start":{"line":3,"column":2},"end":{"line":3,"column":null}},"3":{"start":{"line":4,"column":2},"end":{"line":4,"column":null}},"4":{"start":{"line":12,"column":4},"end":{"line":12,"column":19}},"5":{"start":{"line":10,"column":11},"end":{"line":10,"column":33}},"6":{"start":{"line":7,"column":0},"end":{"line":7,"column":13}}},"fnMap":{"0":{"name":"(anonymous_0)","decl":{"start":{"line":1,"column":0},"end":{"line":1,"column":12}},"loc":{"start":{"line":1,"column":24},"end":{"line":5,"column":1}}},"1":{"name":"(anonymous_1)","decl":{"start":{"line":8,"column":2},"end":{"line":8,"column":null}},"loc":{"start":{"line":10,"column":33},"end":{"line":13,"column":3}}}},"branchMap":{"0":{"loc":{"start":{"line":1,"column":12},"end":{"line":1,"column":null}},"type":"binary-expr","locations":[{"start":{"line":1,"column":12},"end":{"line":1,"column":24}},{"start":{"line":1,"column":24},"end":{"line":1,"column":null}}]}},"s":{"0":3,"1":3,"2":3,"3":3,"4":7,"5":7,"6":3},"f":{"0":3,"1":7},"b":{"0":[3,3]}}
,"C:\\Users\\nn\\Desktop\\code\\nestjs-yalc\\graphql\\src\\scalars\\uuid-validation.error.ts": {"path":"C:\\Users\\nn\\Desktop\\code\\nestjs-yalc\\graphql\\src\\scalars\\uuid-validation.error.ts","statementMap":{"0":{"start":{"line":3,"column":4},"end":{"line":3,"column":19}},"1":{"start":{"line":1,"column":0},"end":{"line":1,"column":13}}},"fnMap":{"0":{"name":"(anonymous_0)","decl":{"start":{"line":2,"column":2},"end":{"line":2,"column":14}},"loc":{"start":{"line":2,"column":29},"end":{"line":4,"column":3}}}},"branchMap":{},"s":{"0":8,"1":2},"f":{"0":8},"b":{}}
,"C:\\Users\\nn\\Desktop\\code\\nestjs-yalc\\graphql\\src\\scalars\\uuid.scalar.ts": {"path":"C:\\Users\\nn\\Desktop\\code\\nestjs-yalc\\graphql\\src\\scalars\\uuid.scalar.ts","statementMap":{"0":{"start":{"line":28,"column":0},"end":{"line":28,"column":16}},"1":{"start":{"line":32,"column":0},"end":{"line":32,"column":16}},"2":{"start":{"line":36,"column":0},"end":{"line":36,"column":16}},"3":{"start":{"line":1,"column":0},"end":{"line":1,"column":65}},"4":{"start":{"line":2,"column":0},"end":{"line":2,"column":55}},"5":{"start":{"line":3,"column":0},"end":{"line":3,"column":42}},"6":{"start":{"line":6,"column":7},"end":{"line":26,"column":null}},"7":{"start":{"line":7,"column":2},"end":{"line":7,"column":35}},"8":{"start":{"line":10,"column":4},"end":{"line":11,"column":78}},"9":{"start":{"line":11,"column":6},"end":{"line":11,"column":78}},"10":{"start":{"line":12,"column":4},"end":{"line":12,"column":27}},"11":{"start":{"line":16,"column":4},"end":{"line":16,"column":27}},"12":{"start":{"line":20,"column":4},"end":{"line":23,"column":5}},"13":{"start":{"line":21,"column":17},"end":{"line":21,"column":26}},"14":{"start":{"line":22,"column":6},"end":{"line":22,"column":33}},"15":{"start":{"line":24,"column":4},"end":{"line":24,"column":68}},"16":{"start":{"line":6,"column":13},"end":{"line":6,"column":23}},"17":{"start":{"line":6,"column":13},"end":{"line":26,"column":null}},"18":{"start":{"line":29,"column":2},"end":{"line":29,"column":39}},"19":{"start":{"line":33,"column":2},"end":{"line":33,"column":70}},"20":{"start":{"line":39,"column":19},"end":{"line":39,"column":28}},"21":{"start":{"line":40,"column":23},"end":{"line":40,"column":38}},"22":{"start":{"line":42,"column":2},"end":{"line":44,"column":3}},"23":{"start":{"line":43,"column":4},"end":{"line":43,"column":17}},"24":{"start":{"line":45,"column":2},"end":{"line":50,"column":3}},"25":{"start":{"line":46,"column":4},"end":{"line":48,"column":5}},"26":{"start":{"line":47,"column":6},"end":{"line":47,"column":19}},"27":{"start":{"line":49,"column":4},"end":{"line":49,"column":23}},"28":{"start":{"line":51,"column":2},"end":{"line":55,"column":3}},"29":{"start":{"line":52,"column":4},"end":{"line":54,"column":5}},"30":{"start":{"line":53,"column":6},"end":{"line":53,"column":19}},"31":{"start":{"line":56,"column":2},"end":{"line":56,"column":14}}},"fnMap":{"0":{"name":"(anonymous_1)","decl":{"start":{"line":6,"column":7},"end":{"line":6,"column":13}},"loc":{"start":{"line":6,"column":7},"end":{"line":26,"column":1}}},"1":{"name":"(anonymous_2)","decl":{"start":{"line":9,"column":2},"end":{"line":9,"column":12}},"loc":{"start":{"line":9,"column":27},"end":{"line":13,"column":3}}},"2":{"name":"(anonymous_3)","decl":{"start":{"line":15,"column":2},"end":{"line":15,"column":11}},"loc":{"start":{"line":15,"column":26},"end":{"line":17,"column":3}}},"3":{"name":"(anonymous_4)","decl":{"start":{"line":19,"column":2},"end":{"line":19,"column":14}},"loc":{"start":{"line":19,"column":29},"end":{"line":25,"column":3}}},"4":{"name":"formatValueErrorMessage","decl":{"start":{"line":28,"column":16},"end":{"line":28,"column":39}},"loc":{"start":{"line":28,"column":50},"end":{"line":30,"column":1}}},"5":{"name":"formatKindErrorMessage","decl":{"start":{"line":32,"column":16},"end":{"line":32,"column":38}},"loc":{"start":{"line":32,"column":51},"end":{"line":34,"column":1}}},"6":{"name":"validateUUID","decl":{"start":{"line":36,"column":16},"end":{"line":36,"column":28}},"loc":{"start":{"line":36,"column":41},"end":{"line":57,"column":1}}}},"branchMap":{"0":{"loc":{"start":{"line":10,"column":4},"end":{"line":11,"column":78}},"type":"if","locations":[{"start":{"line":10,"column":4},"end":{"line":11,"column":78}},{"start":{},"end":{}}]},"1":{"loc":{"start":{"line":20,"column":4},"end":{"line":23,"column":5}},"type":"if","locations":[{"start":{"line":20,"column":4},"end":{"line":23,"column":5}},{"start":{},"end":{}}]},"2":{"loc":{"start":{"line":42,"column":2},"end":{"line":44,"column":3}},"type":"if","locations":[{"start":{"line":42,"column":2},"end":{"line":44,"column":3}},{"start":{},"end":{}}]},"3":{"loc":{"start":{"line":46,"column":4},"end":{"line":48,"column":5}},"type":"if","locations":[{"start":{"line":46,"column":4},"end":{"line":48,"column":5}},{"start":{},"end":{}}]},"4":{"loc":{"start":{"line":52,"column":4},"end":{"line":54,"column":5}},"type":"if","locations":[{"start":{"line":52,"column":4},"end":{"line":54,"column":5}},{"start":{},"end":{}}]}},"s":{"0":1,"1":1,"2":1,"3":1,"4":1,"5":1,"6":1,"7":1,"8":9,"9":5,"10":4,"11":1,"12":10,"13":8,"14":8,"15":2,"16":1,"17":1,"18":10,"19":4,"20":14,"21":14,"22":14,"23":7,"24":7,"25":28,"26":1,"27":27,"28":6,"29":209,"30":1,"31":5},"f":{"0":1,"1":9,"2":1,"3":10,"4":10,"5":4,"6":14},"b":{"0":[5,4],"1":[8,2],"2":[7,7],"3":[1,27],"4":[1,208]}}
}
