TN:
SF:graphql\src\index.ts
FNF:0
FNH:0
DA:1,1
LF:1
LH:1
BRF:0
BRH:0
end_of_record
TN:
SF:graphql\src\sofa.helper.ts
FN:4,(anonymous_0)
FNF:1
FNH:1
FNDA:1,(anonymous_0)
DA:3,2
DA:4,2
DA:9,1
LF:3
LH:3
BRF:0
BRH:0
end_of_record
TN:
SF:graphql\src\decorators\gqlrequest.decorator.ts
FN:4,(anonymous_0)
FNF:1
FNH:1
FNDA:1,(anonymous_0)
DA:1,1
DA:2,1
DA:4,1
DA:8,1
DA:9,1
DA:12,1
LF:6
LH:6
BRF:0
BRH:0
end_of_record
TN:
SF:graphql\src\plugins\gql-ast.helper.ts
FN:4,(anonymous_0)
FN:8,(anonymous_1)
FNF:2
FNH:2
FNDA:16,(anonymous_0)
FNDA:33,(anonymous_1)
DA:3,3
DA:5,16
DA:9,33
LF:3
LH:3
BRF:0
BRH:0
end_of_record
TN:
SF:graphql\src\plugins\gql-complexity.helper.ts
FN:34,(anonymous_0)
FN:37,(anonymous_1)
FN:51,(anonymous_2)
FN:57,(anonymous_3)
FN:76,(anonymous_4)
FN:119,(anonymous_5)
FN:130,(anonymous_6)
FNF:7
FNH:7
FNDA:5,(anonymous_0)
FNDA:5,(anonymous_1)
FNDA:4,(anonymous_2)
FNDA:7,(anonymous_3)
FNDA:17,(anonymous_4)
FNDA:4,(anonymous_5)
FNDA:9,(anonymous_6)
DA:1,2
DA:8,2
DA:9,2
DA:11,2
DA:12,2
DA:15,2
DA:26,2
DA:35,5
DA:38,5
DA:40,5
DA:41,5
DA:43,5
DA:46,5
DA:47,5
DA:48,1
DA:51,4
DA:52,4
DA:58,7
DA:59,1
DA:62,6
DA:63,6
DA:64,2
DA:67,4
DA:71,4
DA:72,8
DA:81,17
DA:82,17
DA:83,17
DA:89,17
DA:92,17
DA:93,3
DA:97,14
DA:98,14
DA:99,1
DA:102,13
DA:104,13
DA:105,9
DA:107,9
DA:108,1
DA:111,8
DA:120,4
DA:121,4
DA:123,4
DA:124,2
DA:127,4
DA:135,9
DA:136,9
LF:47
LH:47
BRDA:44,0,0,5
BRDA:44,0,1,4
BRDA:47,1,0,1
BRDA:47,1,1,4
BRDA:58,2,0,1
BRDA:58,2,1,6
BRDA:63,3,0,2
BRDA:63,3,1,4
BRDA:89,4,0,17
BRDA:89,4,1,15
BRDA:89,4,2,12
BRDA:92,5,0,3
BRDA:92,5,1,14
BRDA:97,6,0,14
BRDA:97,6,1,13
BRDA:98,7,0,1
BRDA:98,7,1,13
BRDA:98,8,0,14
BRDA:98,8,1,2
BRDA:102,9,0,10
BRDA:102,9,1,3
BRDA:104,10,0,9
BRDA:104,10,1,4
BRDA:105,11,0,6
BRDA:105,11,1,3
BRDA:107,12,0,1
BRDA:107,12,1,8
BRDA:123,13,0,2
BRDA:123,13,1,2
BRF:29
BRH:29
end_of_record
TN:
SF:graphql\src\plugins\gql-complexity.plugin.ts
FN:6,(anonymous_1)
FN:8,(anonymous_2)
FNF:2
FNH:2
FNDA:1,(anonymous_1)
FNDA:1,(anonymous_2)
DA:1,1
DA:2,1
DA:5,1
DA:7,1
DA:15,1
LF:5
LH:5
BRF:0
BRH:0
end_of_record
TN:
SF:graphql\src\plugins\gql.error.ts
FN:1,(anonymous_0)
FN:8,(anonymous_1)
FNF:2
FNH:2
FNDA:3,(anonymous_0)
FNDA:7,(anonymous_1)
DA:1,3
DA:2,3
DA:3,3
DA:4,3
DA:7,3
DA:10,7
DA:12,7
LF:7
LH:7
BRDA:1,0,0,3
BRDA:1,0,1,3
BRF:2
BRH:2
end_of_record
TN:
SF:graphql\src\scalars\uuid-validation.error.ts
FN:2,(anonymous_0)
FNF:1
FNH:1
FNDA:8,(anonymous_0)
DA:1,2
DA:3,8
LF:2
LH:2
BRF:0
BRH:0
end_of_record
TN:
SF:graphql\src\scalars\uuid.scalar.ts
FN:6,(anonymous_1)
FN:9,(anonymous_2)
FN:15,(anonymous_3)
FN:19,(anonymous_4)
FN:28,formatValueErrorMessage
FN:32,formatKindErrorMessage
FN:36,validateUUID
FNF:7
FNH:7
FNDA:1,(anonymous_1)
FNDA:9,(anonymous_2)
FNDA:1,(anonymous_3)
FNDA:10,(anonymous_4)
FNDA:10,formatValueErrorMessage
FNDA:4,formatKindErrorMessage
FNDA:14,validateUUID
DA:1,1
DA:2,1
DA:3,1
DA:6,1
DA:7,1
DA:10,9
DA:11,5
DA:12,4
DA:16,1
DA:20,10
DA:21,8
DA:22,8
DA:24,2
DA:28,1
DA:29,10
DA:32,1
DA:33,4
DA:36,1
DA:39,14
DA:40,14
DA:42,14
DA:43,7
DA:45,7
DA:46,28
DA:47,1
DA:49,27
DA:51,6
DA:52,209
DA:53,1
DA:56,5
LF:30
LH:30
BRDA:10,0,0,5
BRDA:10,0,1,4
BRDA:20,1,0,8
BRDA:20,1,1,2
BRDA:42,2,0,7
BRDA:42,2,1,7
BRDA:46,3,0,1
BRDA:46,3,1,27
BRDA:52,4,0,1
BRDA:52,4,1,208
BRF:10
BRH:10
end_of_record
