{"C:\\Users\\nn\\Desktop\\code\\nestjs-yalc\\ag-grid\\src\\index.ts": {"path":"C:\\Users\\nn\\Desktop\\code\\nestjs-yalc\\ag-grid\\src\\index.ts","statementMap":{},"fnMap":{},"branchMap":{},"s":{},"f":{},"b":{}}
,"C:\\Users\\nn\\Desktop\\code\\nestjs-yalc\\app\\dist\\src\\def.const.ts": {"path":"C:\\Users\\nn\\Desktop\\code\\nestjs-yalc\\app\\dist\\src\\def.const.ts","statementMap":{"0":{"start":{"line":5,"column":34},"end":{"line":5,"column":54}},"1":{"start":{"line":6,"column":33},"end":{"line":6,"column":52}},"2":{"start":{"line":11,"column":36},"end":{"line":11,"column":58}},"3":{"start":{"line":12,"column":37},"end":{"line":12,"column":60}},"4":{"start":{"line":14,"column":33},"end":{"line":14,"column":39}},"5":{"start":{"line":19,"column":31},"end":{"line":19,"column":48}},"6":{"start":{"line":23,"column":32},"end":{"line":23,"column":50}},"7":{"start":{"line":27,"column":35},"end":{"line":27,"column":56}},"8":{"start":{"line":31,"column":34},"end":{"line":31,"column":54}},"9":{"start":{"line":33,"column":39},"end":{"line":33,"column":64}}},"fnMap":{},"branchMap":{},"s":{"0":0,"1":0,"2":0,"3":0,"4":0,"5":0,"6":0,"7":0,"8":0,"9":0},"f":{},"b":{}}
,"C:\\Users\\nn\\Desktop\\code\\nestjs-yalc\\app\\dist\\src\\index.ts": {"path":"C:\\Users\\nn\\Desktop\\code\\nestjs-yalc\\app\\dist\\src\\index.ts","statementMap":{},"fnMap":{},"branchMap":{},"s":{},"f":{},"b":{}}
,"C:\\Users\\nn\\Desktop\\code\\nestjs-yalc\\app\\src\\def.const.ts": {"path":"C:\\Users\\nn\\Desktop\\code\\nestjs-yalc\\app\\src\\def.const.ts","statementMap":{"0":{"start":{"line":5,"column":34},"end":{"line":5,"column":54}},"1":{"start":{"line":6,"column":33},"end":{"line":6,"column":52}},"2":{"start":{"line":11,"column":36},"end":{"line":11,"column":58}},"3":{"start":{"line":12,"column":37},"end":{"line":12,"column":60}},"4":{"start":{"line":14,"column":33},"end":{"line":14,"column":39}},"5":{"start":{"line":19,"column":31},"end":{"line":19,"column":48}},"6":{"start":{"line":23,"column":32},"end":{"line":23,"column":50}},"7":{"start":{"line":27,"column":35},"end":{"line":27,"column":56}},"8":{"start":{"line":31,"column":34},"end":{"line":31,"column":54}},"9":{"start":{"line":33,"column":39},"end":{"line":33,"column":64}}},"fnMap":{},"branchMap":{},"s":{"0":0,"1":0,"2":0,"3":0,"4":0,"5":0,"6":0,"7":0,"8":0,"9":0},"f":{},"b":{}}
,"C:\\Users\\nn\\Desktop\\code\\nestjs-yalc\\app\\src\\index.ts": {"path":"C:\\Users\\nn\\Desktop\\code\\nestjs-yalc\\app\\src\\index.ts","statementMap":{},"fnMap":{},"branchMap":{},"s":{},"f":{},"b":{}}
,"C:\\Users\\nn\\Desktop\\code\\nestjs-yalc\\audit\\dist\\src\\index.ts": {"path":"C:\\Users\\nn\\Desktop\\code\\nestjs-yalc\\audit\\dist\\src\\index.ts","statementMap":{},"fnMap":{},"branchMap":{},"s":{},"f":{},"b":{}}
,"C:\\Users\\nn\\Desktop\\code\\nestjs-yalc\\audit\\dist\\src\\mutation-journal.def.ts": {"path":"C:\\Users\\nn\\Desktop\\code\\nestjs-yalc\\audit\\dist\\src\\mutation-journal.def.ts","statementMap":{"0":{"start":{"line":1,"column":40},"end":{"line":3,"column":1}},"1":{"start":{"line":5,"column":40},"end":{"line":7,"column":1}},"2":{"start":{"line":9,"column":37},"end":{"line":9,"column":56}},"3":{"start":{"line":11,"column":39},"end":{"line":11,"column":73}},"4":{"start":{"line":13,"column":34},"end":{"line":13,"column":37}}},"fnMap":{},"branchMap":{},"s":{"0":0,"1":0,"2":0,"3":0,"4":0},"f":{},"b":{}}
,"C:\\Users\\nn\\Desktop\\code\\nestjs-yalc\\audit\\src\\index.ts": {"path":"C:\\Users\\nn\\Desktop\\code\\nestjs-yalc\\audit\\src\\index.ts","statementMap":{},"fnMap":{},"branchMap":{},"s":{},"f":{},"b":{}}
,"C:\\Users\\nn\\Desktop\\code\\nestjs-yalc\\audit\\src\\mutation-journal.def.ts": {"path":"C:\\Users\\nn\\Desktop\\code\\nestjs-yalc\\audit\\src\\mutation-journal.def.ts","statementMap":{"0":{"start":{"line":1,"column":40},"end":{"line":3,"column":1}},"1":{"start":{"line":5,"column":40},"end":{"line":7,"column":1}},"2":{"start":{"line":9,"column":37},"end":{"line":9,"column":56}},"3":{"start":{"line":11,"column":39},"end":{"line":11,"column":73}},"4":{"start":{"line":13,"column":34},"end":{"line":13,"column":37}}},"fnMap":{},"branchMap":{},"s":{"0":0,"1":0,"2":0,"3":0,"4":0},"f":{},"b":{}}
,"C:\\Users\\nn\\Desktop\\code\\nestjs-yalc\\crud-gen\\dist\\src\\index.ts": {"path":"C:\\Users\\nn\\Desktop\\code\\nestjs-yalc\\crud-gen\\dist\\src\\index.ts","statementMap":{},"fnMap":{},"branchMap":{},"s":{},"f":{},"b":{}}
,"C:\\Users\\nn\\Desktop\\code\\nestjs-yalc\\crud-gen\\src\\index.ts": {"path":"C:\\Users\\nn\\Desktop\\code\\nestjs-yalc\\crud-gen\\src\\index.ts","statementMap":{},"fnMap":{},"branchMap":{},"s":{},"f":{},"b":{}}
,"C:\\Users\\nn\\Desktop\\code\\nestjs-yalc\\data-loader\\src\\index.ts": {"path":"C:\\Users\\nn\\Desktop\\code\\nestjs-yalc\\data-loader\\src\\index.ts","statementMap":{},"fnMap":{},"branchMap":{},"s":{},"f":{},"b":{}}
,"C:\\Users\\nn\\Desktop\\code\\nestjs-yalc\\database\\src\\index.ts": {"path":"C:\\Users\\nn\\Desktop\\code\\nestjs-yalc\\database\\src\\index.ts","statementMap":{},"fnMap":{},"branchMap":{},"s":{},"f":{},"b":{}}
,"C:\\Users\\nn\\Desktop\\code\\nestjs-yalc\\event-manager\\dist\\src\\index.ts": {"path":"C:\\Users\\nn\\Desktop\\code\\nestjs-yalc\\event-manager\\dist\\src\\index.ts","statementMap":{},"fnMap":{},"branchMap":{},"s":{},"f":{},"b":{}}
,"C:\\Users\\nn\\Desktop\\code\\nestjs-yalc\\event-manager\\src\\index.ts": {"path":"C:\\Users\\nn\\Desktop\\code\\nestjs-yalc\\event-manager\\src\\index.ts","statementMap":{},"fnMap":{},"branchMap":{},"s":{},"f":{},"b":{}}
,"C:\\Users\\nn\\Desktop\\code\\nestjs-yalc\\examples\\omnikernel\\app\\apps\\omnikernel-app\\src\\main.ts": {"path":"C:\\Users\\nn\\Desktop\\code\\nestjs-yalc\\examples\\omnikernel\\app\\apps\\omnikernel-app\\src\\main.ts","statementMap":{"0":{"start":{"line":5,"column":14},"end":{"line":5,"column":49}},"1":{"start":{"line":6,"column":2},"end":{"line":6,"column":25}},"2":{"start":{"line":9,"column":0},"end":{"line":9,"column":17}}},"fnMap":{"0":{"name":"bootstrap","decl":{"start":{"line":4,"column":15},"end":{"line":4,"column":24}},"loc":{"start":{"line":4,"column":27},"end":{"line":7,"column":1}},"line":4}},"branchMap":{},"s":{"0":0,"1":0,"2":0},"f":{"0":0},"b":{}}
,"C:\\Users\\nn\\Desktop\\code\\nestjs-yalc\\examples\\omnikernel\\app\\apps\\omnikernel-app\\src\\omni\\omni-api.resources.ts": {"path":"C:\\Users\\nn\\Desktop\\code\\nestjs-yalc\\examples\\omnikernel\\app\\apps\\omnikernel-app\\src\\omni\\omni-api.resources.ts","statementMap":{"0":{"start":{"line":39,"column":33},"end":{"line":58,"column":2}},"1":{"start":{"line":60,"column":34},"end":{"line":79,"column":2}},"2":{"start":{"line":81,"column":36},"end":{"line":102,"column":2}},"3":{"start":{"line":105,"column":2},"end":{"line":126,"column":4}},"4":{"start":{"line":128,"column":36},"end":{"line":147,"column":2}},"5":{"start":{"line":150,"column":2},"end":{"line":171,"column":4}},"6":{"start":{"line":173,"column":22},"end":{"line":180,"column":1}},"7":{"start":{"line":182,"column":32},"end":{"line":184,"column":1}},"8":{"start":{"line":183,"column":2},"end":{"line":183,"column":57}},"9":{"start":{"line":185,"column":34},"end":{"line":187,"column":1}},"10":{"start":{"line":186,"column":16},"end":{"line":186,"column":36}}},"fnMap":{"0":{"name":"(anonymous_0)","decl":{"start":{"line":182,"column":54},"end":{"line":182,"column":55}},"loc":{"start":{"line":183,"column":2},"end":{"line":183,"column":57}},"line":183},"1":{"name":"(anonymous_1)","decl":{"start":{"line":186,"column":2},"end":{"line":186,"column":3}},"loc":{"start":{"line":186,"column":16},"end":{"line":186,"column":36}},"line":186}},"branchMap":{},"s":{"0":0,"1":0,"2":0,"3":0,"4":0,"5":0,"6":0,"7":0,"8":0,"9":0,"10":0},"f":{"0":0,"1":0},"b":{}}
,"C:\\Users\\nn\\Desktop\\code\\nestjs-yalc\\examples\\omnikernel\\module\\dist\\src\\index.ts": {"path":"C:\\Users\\nn\\Desktop\\code\\nestjs-yalc\\examples\\omnikernel\\module\\dist\\src\\index.ts","statementMap":{},"fnMap":{},"branchMap":{},"s":{},"f":{},"b":{}}
,"C:\\Users\\nn\\Desktop\\code\\nestjs-yalc\\examples\\omnikernel\\module\\src\\index.ts": {"path":"C:\\Users\\nn\\Desktop\\code\\nestjs-yalc\\examples\\omnikernel\\module\\src\\index.ts","statementMap":{},"fnMap":{},"branchMap":{},"s":{},"f":{},"b":{}}
,"C:\\Users\\nn\\Desktop\\code\\nestjs-yalc\\examples\\skeleton\\app\\apps\\skeleton-app\\src\\main.ts": {"path":"C:\\Users\\nn\\Desktop\\code\\nestjs-yalc\\examples\\skeleton\\app\\apps\\skeleton-app\\src\\main.ts","statementMap":{"0":{"start":{"line":5,"column":14},"end":{"line":5,"column":49}},"1":{"start":{"line":6,"column":2},"end":{"line":6,"column":25}},"2":{"start":{"line":9,"column":0},"end":{"line":9,"column":17}}},"fnMap":{"0":{"name":"bootstrap","decl":{"start":{"line":4,"column":15},"end":{"line":4,"column":24}},"loc":{"start":{"line":4,"column":27},"end":{"line":7,"column":1}},"line":4}},"branchMap":{},"s":{"0":0,"1":0,"2":0},"f":{"0":0},"b":{}}
,"C:\\Users\\nn\\Desktop\\code\\nestjs-yalc\\examples\\skeleton\\app\\apps\\skeleton-app\\src\\phones\\phones.resource.ts": {"path":"C:\\Users\\nn\\Desktop\\code\\nestjs-yalc\\examples\\skeleton\\app\\apps\\skeleton-app\\src\\phones\\phones.resource.ts","statementMap":{"0":{"start":{"line":11,"column":30},"end":{"line":37,"column":2}},"1":{"start":{"line":39,"column":32},"end":{"line":39,"column":61}},"2":{"start":{"line":40,"column":39},"end":{"line":42,"column":1}}},"fnMap":{},"branchMap":{},"s":{"0":0,"1":0,"2":0},"f":{},"b":{}}
,"C:\\Users\\nn\\Desktop\\code\\nestjs-yalc\\examples\\skeleton\\app\\apps\\skeleton-cron\\src\\main.ts": {"path":"C:\\Users\\nn\\Desktop\\code\\nestjs-yalc\\examples\\skeleton\\app\\apps\\skeleton-cron\\src\\main.ts","statementMap":{"0":{"start":{"line":5,"column":14},"end":{"line":5,"column":58}},"1":{"start":{"line":6,"column":2},"end":{"line":6,"column":25}},"2":{"start":{"line":9,"column":0},"end":{"line":9,"column":17}}},"fnMap":{"0":{"name":"bootstrap","decl":{"start":{"line":4,"column":15},"end":{"line":4,"column":24}},"loc":{"start":{"line":4,"column":27},"end":{"line":7,"column":1}},"line":4}},"branchMap":{},"s":{"0":0,"1":0,"2":0},"f":{"0":0},"b":{}}
,"C:\\Users\\nn\\Desktop\\code\\nestjs-yalc\\examples\\skeleton\\app\\libs\\skeleton-base-app\\src\\index.ts": {"path":"C:\\Users\\nn\\Desktop\\code\\nestjs-yalc\\examples\\skeleton\\app\\libs\\skeleton-base-app\\src\\index.ts","statementMap":{},"fnMap":{},"branchMap":{},"s":{},"f":{},"b":{}}
,"C:\\Users\\nn\\Desktop\\code\\nestjs-yalc\\examples\\skeleton\\app\\libs\\skeleton-base-app\\src\\skeleton-base-app.module.ts": {"path":"C:\\Users\\nn\\Desktop\\code\\nestjs-yalc\\examples\\skeleton\\app\\libs\\skeleton-base-app\\src\\skeleton-base-app.module.ts","statementMap":{},"fnMap":{},"branchMap":{},"s":{},"f":{},"b":{}}
,"C:\\Users\\nn\\Desktop\\code\\nestjs-yalc\\examples\\skeleton\\module\\src\\index.ts": {"path":"C:\\Users\\nn\\Desktop\\code\\nestjs-yalc\\examples\\skeleton\\module\\src\\index.ts","statementMap":{},"fnMap":{},"branchMap":{},"s":{},"f":{},"b":{}}
,"C:\\Users\\nn\\Desktop\\code\\nestjs-yalc\\examples\\task\\app\\apps\\task-system-app\\src\\main.ts": {"path":"C:\\Users\\nn\\Desktop\\code\\nestjs-yalc\\examples\\task\\app\\apps\\task-system-app\\src\\main.ts","statementMap":{"0":{"start":{"line":6,"column":14},"end":{"line":6,"column":71}},"1":{"start":{"line":7,"column":15},"end":{"line":7,"column":47}},"2":{"start":{"line":8,"column":2},"end":{"line":8,"column":25}},"3":{"start":{"line":11,"column":0},"end":{"line":11,"column":17}}},"fnMap":{"0":{"name":"bootstrap","decl":{"start":{"line":5,"column":15},"end":{"line":5,"column":24}},"loc":{"start":{"line":5,"column":27},"end":{"line":9,"column":1}},"line":5}},"branchMap":{"0":{"loc":{"start":{"line":7,"column":22},"end":{"line":7,"column":46}},"type":"binary-expr","locations":[{"start":{"line":7,"column":22},"end":{"line":7,"column":38}},{"start":{"line":7,"column":42},"end":{"line":7,"column":46}}],"line":7}},"s":{"0":0,"1":0,"2":0,"3":0},"f":{"0":0},"b":{"0":[0,0]}}
,"C:\\Users\\nn\\Desktop\\code\\nestjs-yalc\\examples\\task\\app\\apps\\task-system-app\\src\\omni-task-app\\task-app.types.ts": {"path":"C:\\Users\\nn\\Desktop\\code\\nestjs-yalc\\examples\\task\\app\\apps\\task-system-app\\src\\omni-task-app\\task-app.types.ts","statementMap":{},"fnMap":{},"branchMap":{},"s":{},"f":{},"b":{}}
,"C:\\Users\\nn\\Desktop\\code\\nestjs-yalc\\examples\\task\\app\\apps\\task-system-app\\src\\sync\\sync.rest.controller.ts": {"path":"C:\\Users\\nn\\Desktop\\code\\nestjs-yalc\\examples\\task\\app\\apps\\task-system-app\\src\\sync\\sync.rest.controller.ts","statementMap":{},"fnMap":{},"branchMap":{},"s":{},"f":{},"b":{}}
,"C:\\Users\\nn\\Desktop\\code\\nestjs-yalc\\examples\\task\\module\\src\\index.ts": {"path":"C:\\Users\\nn\\Desktop\\code\\nestjs-yalc\\examples\\task\\module\\src\\index.ts","statementMap":{},"fnMap":{},"branchMap":{},"s":{},"f":{},"b":{}}
,"C:\\Users\\nn\\Desktop\\code\\nestjs-yalc\\ferrox-node\\src\\index.ts": {"path":"C:\\Users\\nn\\Desktop\\code\\nestjs-yalc\\ferrox-node\\src\\index.ts","statementMap":{},"fnMap":{},"branchMap":{},"s":{},"f":{},"b":{}}
,"C:\\Users\\nn\\Desktop\\code\\nestjs-yalc\\field-middleware\\src\\index.ts": {"path":"C:\\Users\\nn\\Desktop\\code\\nestjs-yalc\\field-middleware\\src\\index.ts","statementMap":{},"fnMap":{},"branchMap":{},"s":{},"f":{},"b":{}}
,"C:\\Users\\nn\\Desktop\\code\\nestjs-yalc\\graphql\\src\\index.ts": {"path":"C:\\Users\\nn\\Desktop\\code\\nestjs-yalc\\graphql\\src\\index.ts","statementMap":{},"fnMap":{},"branchMap":{},"s":{},"f":{},"b":{}}
,"C:\\Users\\nn\\Desktop\\code\\nestjs-yalc\\interfaces\\src\\index.ts": {"path":"C:\\Users\\nn\\Desktop\\code\\nestjs-yalc\\interfaces\\src\\index.ts","statementMap":{},"fnMap":{},"branchMap":{},"s":{},"f":{},"b":{}}
,"C:\\Users\\nn\\Desktop\\code\\nestjs-yalc\\jest\\src\\index.ts": {"path":"C:\\Users\\nn\\Desktop\\code\\nestjs-yalc\\jest\\src\\index.ts","statementMap":{},"fnMap":{},"branchMap":{},"s":{},"f":{},"b":{}}
,"C:\\Users\\nn\\Desktop\\code\\nestjs-yalc\\jest\\src\\config\\index.ts": {"path":"C:\\Users\\nn\\Desktop\\code\\nestjs-yalc\\jest\\src\\config\\index.ts","statementMap":{},"fnMap":{},"branchMap":{},"s":{},"f":{},"b":{}}
,"C:\\Users\\nn\\Desktop\\code\\nestjs-yalc\\jest\\src\\config\\config\\index.ts": {"path":"C:\\Users\\nn\\Desktop\\code\\nestjs-yalc\\jest\\src\\config\\config\\index.ts","statementMap":{},"fnMap":{},"branchMap":{},"s":{},"f":{},"b":{}}
,"C:\\Users\\nn\\Desktop\\code\\nestjs-yalc\\logger\\src\\index.ts": {"path":"C:\\Users\\nn\\Desktop\\code\\nestjs-yalc\\logger\\src\\index.ts","statementMap":{},"fnMap":{},"branchMap":{},"s":{},"f":{},"b":{}}
,"C:\\Users\\nn\\Desktop\\code\\nestjs-yalc\\observability\\dist\\src\\index.ts": {"path":"C:\\Users\\nn\\Desktop\\code\\nestjs-yalc\\observability\\dist\\src\\index.ts","statementMap":{},"fnMap":{},"branchMap":{},"s":{},"f":{},"b":{}}
,"C:\\Users\\nn\\Desktop\\code\\nestjs-yalc\\observability\\dist\\src\\tokens.ts": {"path":"C:\\Users\\nn\\Desktop\\code\\nestjs-yalc\\observability\\dist\\src\\tokens.ts","statementMap":{"0":{"start":{"line":1,"column":37},"end":{"line":1,"column":60}}},"fnMap":{},"branchMap":{},"s":{"0":0},"f":{},"b":{}}
,"C:\\Users\\nn\\Desktop\\code\\nestjs-yalc\\observability\\src\\index.ts": {"path":"C:\\Users\\nn\\Desktop\\code\\nestjs-yalc\\observability\\src\\index.ts","statementMap":{},"fnMap":{},"branchMap":{},"s":{},"f":{},"b":{}}
,"C:\\Users\\nn\\Desktop\\code\\nestjs-yalc\\observability\\src\\tokens.ts": {"path":"C:\\Users\\nn\\Desktop\\code\\nestjs-yalc\\observability\\src\\tokens.ts","statementMap":{"0":{"start":{"line":1,"column":37},"end":{"line":1,"column":60}}},"fnMap":{},"branchMap":{},"s":{"0":0},"f":{},"b":{}}
,"C:\\Users\\nn\\Desktop\\code\\nestjs-yalc\\scratch\\app-bootstrap-original.ts": {"path":"C:\\Users\\nn\\Desktop\\code\\nestjs-yalc\\scratch\\app-bootstrap-original.ts","statementMap":{},"fnMap":{},"branchMap":{},"s":{},"f":{},"b":{}}
,"C:\\Users\\nn\\Desktop\\code\\nestjs-yalc\\sentinel\\src\\index.ts": {"path":"C:\\Users\\nn\\Desktop\\code\\nestjs-yalc\\sentinel\\src\\index.ts","statementMap":{},"fnMap":{},"branchMap":{},"s":{},"f":{},"b":{}}
,"C:\\Users\\nn\\Desktop\\code\\nestjs-yalc\\utils\\src\\index.ts": {"path":"C:\\Users\\nn\\Desktop\\code\\nestjs-yalc\\utils\\src\\index.ts","statementMap":{},"fnMap":{},"branchMap":{},"s":{},"f":{},"b":{}}
,"C:\\Users\\nn\\Desktop\\code\\nestjs-yalc\\var\\dist\\ag-grid\\src\\index.ts": {"path":"C:\\Users\\nn\\Desktop\\code\\nestjs-yalc\\var\\dist\\ag-grid\\src\\index.ts","statementMap":{},"fnMap":{},"branchMap":{},"s":{},"f":{},"b":{}}
,"C:\\Users\\nn\\Desktop\\code\\nestjs-yalc\\var\\dist\\app\\src\\def.const.ts": {"path":"C:\\Users\\nn\\Desktop\\code\\nestjs-yalc\\var\\dist\\app\\src\\def.const.ts","statementMap":{"0":{"start":{"line":5,"column":34},"end":{"line":5,"column":54}},"1":{"start":{"line":6,"column":33},"end":{"line":6,"column":52}},"2":{"start":{"line":11,"column":36},"end":{"line":11,"column":58}},"3":{"start":{"line":12,"column":37},"end":{"line":12,"column":60}},"4":{"start":{"line":14,"column":33},"end":{"line":14,"column":39}},"5":{"start":{"line":19,"column":31},"end":{"line":19,"column":48}},"6":{"start":{"line":23,"column":32},"end":{"line":23,"column":50}},"7":{"start":{"line":27,"column":35},"end":{"line":27,"column":56}},"8":{"start":{"line":31,"column":34},"end":{"line":31,"column":54}},"9":{"start":{"line":33,"column":39},"end":{"line":33,"column":64}}},"fnMap":{},"branchMap":{},"s":{"0":0,"1":0,"2":0,"3":0,"4":0,"5":0,"6":0,"7":0,"8":0,"9":0},"f":{},"b":{}}
,"C:\\Users\\nn\\Desktop\\code\\nestjs-yalc\\var\\dist\\app\\src\\index.ts": {"path":"C:\\Users\\nn\\Desktop\\code\\nestjs-yalc\\var\\dist\\app\\src\\index.ts","statementMap":{},"fnMap":{},"branchMap":{},"s":{},"f":{},"b":{}}
,"C:\\Users\\nn\\Desktop\\code\\nestjs-yalc\\var\\dist\\audit\\src\\index.ts": {"path":"C:\\Users\\nn\\Desktop\\code\\nestjs-yalc\\var\\dist\\audit\\src\\index.ts","statementMap":{},"fnMap":{},"branchMap":{},"s":{},"f":{},"b":{}}
,"C:\\Users\\nn\\Desktop\\code\\nestjs-yalc\\var\\dist\\audit\\src\\mutation-journal.def.ts": {"path":"C:\\Users\\nn\\Desktop\\code\\nestjs-yalc\\var\\dist\\audit\\src\\mutation-journal.def.ts","statementMap":{"0":{"start":{"line":1,"column":40},"end":{"line":3,"column":1}},"1":{"start":{"line":5,"column":40},"end":{"line":7,"column":1}},"2":{"start":{"line":9,"column":37},"end":{"line":9,"column":56}},"3":{"start":{"line":11,"column":39},"end":{"line":11,"column":73}},"4":{"start":{"line":13,"column":34},"end":{"line":13,"column":37}}},"fnMap":{},"branchMap":{},"s":{"0":0,"1":0,"2":0,"3":0,"4":0},"f":{},"b":{}}
,"C:\\Users\\nn\\Desktop\\code\\nestjs-yalc\\var\\dist\\crud-gen\\src\\index.ts": {"path":"C:\\Users\\nn\\Desktop\\code\\nestjs-yalc\\var\\dist\\crud-gen\\src\\index.ts","statementMap":{},"fnMap":{},"branchMap":{},"s":{},"f":{},"b":{}}
,"C:\\Users\\nn\\Desktop\\code\\nestjs-yalc\\var\\dist\\data-loader\\src\\index.ts": {"path":"C:\\Users\\nn\\Desktop\\code\\nestjs-yalc\\var\\dist\\data-loader\\src\\index.ts","statementMap":{},"fnMap":{},"branchMap":{},"s":{},"f":{},"b":{}}
,"C:\\Users\\nn\\Desktop\\code\\nestjs-yalc\\var\\dist\\database\\src\\index.ts": {"path":"C:\\Users\\nn\\Desktop\\code\\nestjs-yalc\\var\\dist\\database\\src\\index.ts","statementMap":{},"fnMap":{},"branchMap":{},"s":{},"f":{},"b":{}}
,"C:\\Users\\nn\\Desktop\\code\\nestjs-yalc\\var\\dist\\event-manager\\src\\index.ts": {"path":"C:\\Users\\nn\\Desktop\\code\\nestjs-yalc\\var\\dist\\event-manager\\src\\index.ts","statementMap":{},"fnMap":{},"branchMap":{},"s":{},"f":{},"b":{}}
,"C:\\Users\\nn\\Desktop\\code\\nestjs-yalc\\var\\dist\\field-middleware\\src\\index.ts": {"path":"C:\\Users\\nn\\Desktop\\code\\nestjs-yalc\\var\\dist\\field-middleware\\src\\index.ts","statementMap":{},"fnMap":{},"branchMap":{},"s":{},"f":{},"b":{}}
,"C:\\Users\\nn\\Desktop\\code\\nestjs-yalc\\var\\dist\\graphql\\src\\index.ts": {"path":"C:\\Users\\nn\\Desktop\\code\\nestjs-yalc\\var\\dist\\graphql\\src\\index.ts","statementMap":{},"fnMap":{},"branchMap":{},"s":{},"f":{},"b":{}}
,"C:\\Users\\nn\\Desktop\\code\\nestjs-yalc\\var\\dist\\interfaces\\src\\index.ts": {"path":"C:\\Users\\nn\\Desktop\\code\\nestjs-yalc\\var\\dist\\interfaces\\src\\index.ts","statementMap":{},"fnMap":{},"branchMap":{},"s":{},"f":{},"b":{}}
,"C:\\Users\\nn\\Desktop\\code\\nestjs-yalc\\var\\dist\\jest-config\\src\\index.ts": {"path":"C:\\Users\\nn\\Desktop\\code\\nestjs-yalc\\var\\dist\\jest-config\\src\\index.ts","statementMap":{},"fnMap":{},"branchMap":{},"s":{},"f":{},"b":{}}
,"C:\\Users\\nn\\Desktop\\code\\nestjs-yalc\\var\\dist\\jest-config\\src\\config\\index.ts": {"path":"C:\\Users\\nn\\Desktop\\code\\nestjs-yalc\\var\\dist\\jest-config\\src\\config\\index.ts","statementMap":{},"fnMap":{},"branchMap":{},"s":{},"f":{},"b":{}}
,"C:\\Users\\nn\\Desktop\\code\\nestjs-yalc\\var\\dist\\jest\\src\\index.ts": {"path":"C:\\Users\\nn\\Desktop\\code\\nestjs-yalc\\var\\dist\\jest\\src\\index.ts","statementMap":{},"fnMap":{},"branchMap":{},"s":{},"f":{},"b":{}}
,"C:\\Users\\nn\\Desktop\\code\\nestjs-yalc\\var\\dist\\jest\\src\\config\\index.ts": {"path":"C:\\Users\\nn\\Desktop\\code\\nestjs-yalc\\var\\dist\\jest\\src\\config\\index.ts","statementMap":{},"fnMap":{},"branchMap":{},"s":{},"f":{},"b":{}}
,"C:\\Users\\nn\\Desktop\\code\\nestjs-yalc\\var\\dist\\jest\\src\\config\\config\\index.ts": {"path":"C:\\Users\\nn\\Desktop\\code\\nestjs-yalc\\var\\dist\\jest\\src\\config\\config\\index.ts","statementMap":{},"fnMap":{},"branchMap":{},"s":{},"f":{},"b":{}}
,"C:\\Users\\nn\\Desktop\\code\\nestjs-yalc\\var\\dist\\logger\\src\\index.ts": {"path":"C:\\Users\\nn\\Desktop\\code\\nestjs-yalc\\var\\dist\\logger\\src\\index.ts","statementMap":{},"fnMap":{},"branchMap":{},"s":{},"f":{},"b":{}}
,"C:\\Users\\nn\\Desktop\\code\\nestjs-yalc\\var\\dist\\node\\src\\index.ts": {"path":"C:\\Users\\nn\\Desktop\\code\\nestjs-yalc\\var\\dist\\node\\src\\index.ts","statementMap":{},"fnMap":{},"branchMap":{},"s":{},"f":{},"b":{}}
,"C:\\Users\\nn\\Desktop\\code\\nestjs-yalc\\var\\dist\\observability\\src\\index.ts": {"path":"C:\\Users\\nn\\Desktop\\code\\nestjs-yalc\\var\\dist\\observability\\src\\index.ts","statementMap":{},"fnMap":{},"branchMap":{},"s":{},"f":{},"b":{}}
,"C:\\Users\\nn\\Desktop\\code\\nestjs-yalc\\var\\dist\\observability\\src\\tokens.ts": {"path":"C:\\Users\\nn\\Desktop\\code\\nestjs-yalc\\var\\dist\\observability\\src\\tokens.ts","statementMap":{"0":{"start":{"line":1,"column":37},"end":{"line":1,"column":60}}},"fnMap":{},"branchMap":{},"s":{"0":0},"f":{},"b":{}}
,"C:\\Users\\nn\\Desktop\\code\\nestjs-yalc\\var\\dist\\omnikernel-module\\src\\index.ts": {"path":"C:\\Users\\nn\\Desktop\\code\\nestjs-yalc\\var\\dist\\omnikernel-module\\src\\index.ts","statementMap":{},"fnMap":{},"branchMap":{},"s":{},"f":{},"b":{}}
,"C:\\Users\\nn\\Desktop\\code\\nestjs-yalc\\var\\dist\\sentinel\\src\\index.ts": {"path":"C:\\Users\\nn\\Desktop\\code\\nestjs-yalc\\var\\dist\\sentinel\\src\\index.ts","statementMap":{},"fnMap":{},"branchMap":{},"s":{},"f":{},"b":{}}
,"C:\\Users\\nn\\Desktop\\code\\nestjs-yalc\\var\\dist\\utils\\src\\index.ts": {"path":"C:\\Users\\nn\\Desktop\\code\\nestjs-yalc\\var\\dist\\utils\\src\\index.ts","statementMap":{},"fnMap":{},"branchMap":{},"s":{},"f":{},"b":{}}
}
