<?xml version="1.0" encoding="UTF-8"?>
<coverage generated="1789679788982" clover="3.2.0">
  <project timestamp="1789679788982" name="All files">
    <metrics statements="9672" coveredstatements="8549" conditionals="10132" coveredconditionals="4538" methods="3227" coveredmethods="1763" elements="23031" coveredelements="14850" complexity="0" loc="9672" ncloc="9672" packages="57" files="312" classes="312"/>
    <package name="ag-grid.src">
      <metrics statements="1431" coveredstatements="1366" conditionals="1645" coveredconditionals="815" methods="390" coveredmethods="220"/>
      <file name="ag-grid-args.decorator.ts" path="C:\Users\nn\Desktop\code\nestjs-yalc\ag-grid\src\ag-grid-args.decorator.ts">
        <metrics statements="242" coveredstatements="240" conditionals="343" coveredconditionals="177" methods="42" coveredmethods="28"/>
        <line num="1" count="7" type="stmt"/>
        <line num="2" count="7" type="stmt"/>
        <line num="3" count="7" type="stmt"/>
        <line num="16" count="7" type="stmt"/>
        <line num="18" count="7" type="stmt"/>
        <line num="23" count="7" type="stmt"/>
        <line num="49" count="7" type="stmt"/>
        <line num="56" count="7" type="stmt"/>
        <line num="58" count="7" type="stmt"/>
        <line num="59" count="7" type="stmt"/>
        <line num="61" count="7" type="stmt"/>
        <line num="62" count="7" type="stmt"/>
        <line num="66" count="7" type="stmt"/>
        <line num="74" count="7" type="stmt"/>
        <line num="79" count="7" type="stmt"/>
        <line num="85" count="7" type="stmt"/>
        <line num="86" count="48" type="cond" truecount="7" falsecount="7"/>
        <line num="88" count="8" type="stmt"/>
        <line num="91" count="8" type="stmt"/>
        <line num="93" count="1" type="stmt"/>
        <line num="95" count="1" type="stmt"/>
        <line num="98" count="29" type="stmt"/>
        <line num="100" count="1" type="stmt"/>
        <line num="104" count="7" type="stmt"/>
        <line num="109" count="12" type="cond" truecount="8" falsecount="8"/>
        <line num="111" count="2" type="stmt"/>
        <line num="113" count="2" type="stmt"/>
        <line num="115" count="3" type="stmt"/>
        <line num="117" count="1" type="stmt"/>
        <line num="119" count="1" type="stmt"/>
        <line num="121" count="1" type="stmt"/>
        <line num="123" count="1" type="stmt"/>
        <line num="125" count="1" type="stmt"/>
        <line num="129" count="7" type="stmt"/>
        <line num="134" count="13" type="cond" truecount="7" falsecount="7"/>
        <line num="136" count="2" type="stmt"/>
        <line num="138" count="2" type="stmt"/>
        <line num="140" count="3" type="stmt"/>
        <line num="142" count="1" type="stmt"/>
        <line num="144" count="1" type="stmt"/>
        <line num="146" count="3" type="stmt"/>
        <line num="147" count="3" type="cond" truecount="2" falsecount="2"/>
        <line num="153" count="3" type="stmt"/>
        <line num="158" count="1" type="stmt"/>
        <line num="162" count="7" type="stmt"/>
        <line num="166" count="38" type="stmt"/>
        <line num="167" count="38" type="stmt"/>
        <line num="170" count="38" type="cond" truecount="2" falsecount="2"/>
        <line num="171" count="2" type="stmt"/>
        <line num="174" count="36" type="cond" truecount="2" falsecount="2"/>
        <line num="175" count="3" type="stmt"/>
        <line num="176" count="3" type="stmt"/>
        <line num="177" count="33" type="cond" truecount="2" falsecount="2"/>
        <line num="178" count="3" type="stmt"/>
        <line num="179" count="3" type="stmt"/>
        <line num="181" count="30" type="stmt"/>
        <line num="184" count="36" type="cond" truecount="2" falsecount="2"/>
        <line num="185" count="1" type="stmt"/>
        <line num="188" count="35" type="cond" truecount="2" falsecount="2"/>
        <line num="190" count="35" type="stmt"/>
        <line num="193" count="7" type="stmt"/>
        <line num="199" count="53" type="cond" truecount="2" falsecount="2"/>
        <line num="200" count="1" type="stmt"/>
        <line num="202" count="52" type="cond" truecount="5" falsecount="5"/>
        <line num="204" count="42" type="stmt"/>
        <line num="206" count="4" type="stmt"/>
        <line num="208" count="4" type="stmt"/>
        <line num="210" count="1" type="stmt"/>
        <line num="212" count="1" type="stmt"/>
        <line num="218" count="7" type="stmt"/>
        <line num="221" count="37" type="cond" truecount="2" falsecount="2"/>
        <line num="222" count="3" type="cond" truecount="2" falsecount="2"/>
        <line num="226" count="1" type="stmt"/>
        <line num="228" count="2" type="stmt"/>
        <line num="235" count="34" type="cond" truecount="2" falsecount="2"/>
        <line num="238" count="33" type="cond" truecount="2" falsecount="2"/>
        <line num="243" count="2" type="stmt"/>
        <line num="245" count="31" type="stmt"/>
        <line num="247" count="32" type="stmt"/>
        <line num="250" count="7" type="stmt"/>
        <line num="255" count="27" type="cond" truecount="2" falsecount="2"/>
        <line num="261" count="26" type="stmt"/>
        <line num="263" count="1" type="stmt"/>
        <line num="265" count="26" type="stmt"/>
        <line num="268" count="7" type="stmt"/>
        <line num="274" count="28" type="cond" truecount="2" falsecount="2"/>
        <line num="275" count="1" type="stmt"/>
        <line num="278" count="27" type="cond" truecount="2" falsecount="2"/>
        <line num="280" count="27" type="stmt"/>
        <line num="282" count="27" type="cond" truecount="2" falsecount="2"/>
        <line num="283" count="23" type="stmt"/>
        <line num="284" count="25" type="stmt"/>
        <line num="290" count="25" type="cond" truecount="2" falsecount="2"/>
        <line num="291" count="1" type="stmt"/>
        <line num="296" count="24" type="stmt"/>
        <line num="298" count="24" type="stmt"/>
        <line num="300" count="24" type="cond" truecount="4" falsecount="4"/>
        <line num="301" count="1" type="stmt"/>
        <line num="303" count="23" type="stmt"/>
        <line num="305" count="23" type="stmt"/>
        <line num="307" count="23" type="stmt"/>
        <line num="315" count="25" type="stmt"/>
        <line num="319" count="25" type="cond" truecount="2" falsecount="0"/>
        <line num="320" count="25" type="stmt"/>
        <line num="322" count="23" type="stmt"/>
        <line num="324" count="23" type="cond" truecount="4" falsecount="4"/>
        <line num="327" count="22" type="stmt"/>
        <line num="331" count="1" type="stmt"/>
        <line num="335" count="24" type="cond" truecount="2" falsecount="2"/>
        <line num="336" count="1" type="stmt"/>
        <line num="337" count="1" type="stmt"/>
        <line num="341" count="24" type="stmt"/>
        <line num="343" count="24" type="stmt"/>
        <line num="346" count="7" type="stmt"/>
        <line num="351" count="36" type="stmt"/>
        <line num="352" count="127" type="cond" truecount="2" falsecount="2"/>
        <line num="353" count="1" type="stmt"/>
        <line num="354" count="1" type="stmt"/>
        <line num="357" count="36" type="stmt"/>
        <line num="360" count="7" type="stmt"/>
        <line num="364" count="18" type="stmt"/>
        <line num="365" count="14" type="cond" truecount="2" falsecount="2"/>
        <line num="372" count="2" type="stmt"/>
        <line num="375" count="16" type="stmt"/>
        <line num="376" count="16" type="cond" truecount="2" falsecount="2"/>
        <line num="377" count="10" type="stmt"/>
        <line num="381" count="7" type="stmt"/>
        <line num="388" count="22" type="stmt"/>
        <line num="389" count="22" type="cond" truecount="3" falsecount="3"/>
        <line num="391" count="22" type="cond" truecount="2" falsecount="2"/>
        <line num="392" count="21" type="stmt"/>
        <line num="394" count="21" type="stmt"/>
        <line num="395" count="21" type="stmt"/>
        <line num="398" count="22" type="stmt"/>
        <line num="400" count="22" type="stmt"/>
        <line num="406" count="22" type="cond" truecount="2" falsecount="2"/>
        <line num="410" count="22" type="cond" truecount="2" falsecount="2"/>
        <line num="411" count="6" type="stmt"/>
        <line num="417" count="22" type="stmt"/>
        <line num="419" count="22" type="cond" truecount="2" falsecount="2"/>
        <line num="420" count="22" type="cond" truecount="2" falsecount="2"/>
        <line num="421" count="20" type="stmt"/>
        <line num="422" count="20" type="stmt"/>
        <line num="426" count="20" type="stmt"/>
        <line num="427" count="20" type="cond" truecount="2" falsecount="2"/>
        <line num="428" count="20" type="stmt"/>
        <line num="433" count="22" type="cond" truecount="2" falsecount="2"/>
        <line num="434" count="22" type="cond" truecount="2" falsecount="0"/>
        <line num="436" count="22" type="stmt"/>
        <line num="437" count="3" type="cond" truecount="4" falsecount="4"/>
        <line num="438" count="2" type="stmt"/>
        <line num="440" count="1" type="stmt"/>
        <line num="447" count="22" type="cond" truecount="2" falsecount="2"/>
        <line num="449" count="21" type="stmt"/>
        <line num="451" count="21" type="stmt"/>
        <line num="452" count="21" type="cond" truecount="2" falsecount="2"/>
        <line num="453" count="15" type="stmt"/>
        <line num="454" count="15" type="cond" truecount="4" falsecount="4"/>
        <line num="456" count="3" type="cond" truecount="2" falsecount="2"/>
        <line num="459" count="3" type="stmt"/>
        <line num="462" count="1" type="stmt"/>
        <line num="463" count="2" type="stmt"/>
        <line num="465" count="3" type="cond" truecount="2" falsecount="2"/>
        <line num="467" count="4" type="stmt"/>
        <line num="470" count="1" type="stmt"/>
        <line num="471" count="2" type="stmt"/>
        <line num="477" count="13" type="stmt"/>
        <line num="478" count="13" type="stmt"/>
        <line num="479" count="19" type="cond" truecount="2" falsecount="2"/>
        <line num="482" count="1" type="stmt"/>
        <line num="483" count="1" type="stmt"/>
        <line num="486" count="18" type="stmt"/>
        <line num="487" count="18" type="stmt"/>
        <line num="489" count="18" type="cond" truecount="2" falsecount="2"/>
        <line num="490" count="6" type="stmt"/>
        <line num="493" count="18" type="stmt"/>
        <line num="500" count="13" type="stmt"/>
        <line num="503" count="19" type="stmt"/>
        <line num="517" count="19" type="cond" truecount="4" falsecount="4"/>
        <line num="518" count="1" type="stmt"/>
        <line num="526" count="19" type="stmt"/>
        <line num="529" count="7" type="stmt"/>
        <line num="533" count="1" type="stmt"/>
        <line num="535" count="1" type="stmt"/>
        <line num="542" count="1" type="stmt"/>
        <line num="545" count="7" type="stmt"/>
        <line num="550" count="7" type="stmt"/>
        <line num="551" count="52" type="stmt"/>
        <line num="552" count="52" type="cond" truecount="2" falsecount="2"/>
        <line num="553" count="6" type="stmt"/>
        <line num="554" count="10" type="cond" truecount="2" falsecount="2"/>
        <line num="556" count="6" type="stmt"/>
        <line num="563" count="52" type="cond" truecount="2" falsecount="2"/>
        <line num="564" count="48" type="stmt"/>
        <line num="569" count="48" type="cond" truecount="2" falsecount="2"/>
        <line num="570" count="39" type="stmt"/>
        <line num="573" count="0" type="stmt"/>
        <line num="579" count="52" type="cond" truecount="2" falsecount="2"/>
        <line num="580" count="52" type="stmt"/>
        <line num="581" count="52" type="stmt"/>
        <line num="582" count="51" type="stmt"/>
        <line num="583" count="51" type="cond" truecount="2" falsecount="2"/>
        <line num="584" count="51" type="stmt"/>
        <line num="585" count="51" type="stmt"/>
        <line num="589" count="7" type="stmt"/>
        <line num="590" count="48" type="cond" truecount="2" falsecount="2"/>
        <line num="591" count="48" type="cond" truecount="2" falsecount="2"/>
        <line num="592" count="47" type="stmt"/>
        <line num="597" count="48" type="stmt"/>
        <line num="599" count="48" type="stmt"/>
        <line num="605" count="7" type="stmt"/>
        <line num="606" count="2" type="cond" truecount="2" falsecount="2"/>
        <line num="607" count="2" type="cond" truecount="2" falsecount="2"/>
        <line num="608" count="1" type="stmt"/>
        <line num="613" count="2" type="stmt"/>
        <line num="615" count="2" type="stmt"/>
        <line num="618" count="7" type="stmt"/>
        <line num="623" count="5" type="stmt"/>
        <line num="625" count="5" type="cond" truecount="2" falsecount="2"/>
        <line num="626" count="4" type="cond" truecount="2" falsecount="0"/>
        <line num="627" count="4" type="cond" truecount="2" falsecount="2"/>
        <line num="628" count="2" type="stmt"/>
        <line num="630" count="2" type="stmt"/>
        <line num="631" count="2" type="stmt"/>
        <line num="632" count="2" type="stmt"/>
        <line num="637" count="2" type="cond" truecount="4" falsecount="2"/>
        <line num="638" count="1" type="stmt"/>
        <line num="648" count="5" type="stmt"/>
        <line num="651" count="7" type="stmt"/>
        <line num="655" count="1" type="stmt"/>
        <line num="657" count="1" type="stmt"/>
        <line num="664" count="7" type="stmt"/>
        <line num="668" count="7" type="stmt"/>
        <line num="670" count="81" type="cond" truecount="2" falsecount="2"/>
        <line num="671" count="80" type="stmt"/>
        <line num="673" count="80" type="cond" truecount="2" falsecount="2"/>
        <line num="674" count="73" type="stmt"/>
        <line num="677" count="0" type="stmt"/>
        <line num="683" count="81" type="stmt"/>
        <line num="684" count="81" type="stmt"/>
        <line num="685" count="80" type="cond" truecount="2" falsecount="2"/>
        <line num="686" count="80" type="stmt"/>
      </file>
      <file name="ag-grid-factory.helper.ts" path="C:\Users\nn\Desktop\code\nestjs-yalc\ag-grid\src\ag-grid-factory.helper.ts">
        <metrics statements="33" coveredstatements="33" conditionals="70" coveredconditionals="33" methods="6" coveredmethods="3"/>
        <line num="1" count="3" type="stmt"/>
        <line num="16" count="3" type="stmt"/>
        <line num="20" count="3" type="stmt"/>
        <line num="24" count="3" type="stmt"/>
        <line num="72" count="3" type="stmt"/>
        <line num="75" count="9" type="stmt"/>
        <line num="76" count="9" type="stmt"/>
        <line num="79" count="3" type="stmt"/>
        <line num="86" count="4" type="stmt"/>
        <line num="88" count="4" type="stmt"/>
        <line num="95" count="4" type="cond" truecount="2" falsecount="2"/>
        <line num="96" count="3" type="cond" truecount="2" falsecount="2"/>
        <line num="97" count="1" type="stmt"/>
        <line num="98" count="1" type="stmt"/>
        <line num="100" count="2" type="stmt"/>
        <line num="106" count="2" type="stmt"/>
        <line num="108" count="2" type="stmt"/>
        <line num="111" count="2" type="cond" truecount="1" falsecount="3"/>
        <line num="112" count="2" type="stmt"/>
        <line num="120" count="4" type="cond" truecount="2" falsecount="2"/>
        <line num="121" count="3" type="cond" truecount="2" falsecount="2"/>
        <line num="122" count="1" type="stmt"/>
        <line num="123" count="1" type="stmt"/>
        <line num="125" count="2" type="stmt"/>
        <line num="128" count="2" type="stmt"/>
        <line num="138" count="4" type="cond" truecount="1" falsecount="3"/>
        <line num="139" count="4" type="stmt"/>
        <line num="144" count="4" type="stmt"/>
        <line num="151" count="4" type="stmt"/>
        <line num="157" count="3" type="stmt"/>
        <line num="161" count="11" type="cond" truecount="5" falsecount="5"/>
        <line num="162" count="2" type="cond" truecount="2" falsecount="2"/>
        <line num="167" count="9" type="cond" truecount="2" falsecount="2"/>
      </file>
      <file name="ag-grid-metadata.helper.ts" path="C:\Users\nn\Desktop\code\nestjs-yalc\ag-grid\src\ag-grid-metadata.helper.ts">
        <metrics statements="78" coveredstatements="78" conditionals="110" coveredconditionals="50" methods="21" coveredmethods="16"/>
        <line num="1" count="15" type="stmt"/>
        <line num="7" count="15" type="stmt"/>
        <line num="11" count="15" type="stmt"/>
        <line num="20" count="15" type="stmt"/>
        <line num="24" count="186" type="cond" truecount="2" falsecount="2"/>
        <line num="25" count="185" type="cond" truecount="2" falsecount="2"/>
        <line num="26" count="185" type="stmt"/>
        <line num="29" count="1" type="stmt"/>
        <line num="32" count="15" type="stmt"/>
        <line num="36" count="9" type="cond" truecount="1" falsecount="3"/>
        <line num="37" count="9" type="stmt"/>
        <line num="38" count="1" type="cond" truecount="1" falsecount="3"/>
        <line num="42" count="8" type="stmt"/>
        <line num="45" count="15" type="stmt"/>
        <line num="49" count="131" type="cond" truecount="4" falsecount="4"/>
        <line num="50" count="4" type="cond" truecount="2" falsecount="2"/>
        <line num="52" count="127" type="stmt"/>
        <line num="56" count="15" type="stmt"/>
        <line num="57" count="191" type="cond" truecount="2" falsecount="2"/>
        <line num="58" count="1" type="stmt"/>
        <line num="61" count="190" type="stmt"/>
        <line num="64" count="15" type="stmt"/>
        <line num="65" count="15" type="stmt"/>
        <line num="68" count="64" type="cond" truecount="1" falsecount="3"/>
        <line num="69" count="64" type="stmt"/>
        <line num="70" count="64" type="cond" truecount="2" falsecount="2"/>
        <line num="71" count="35" type="stmt"/>
        <line num="75" count="29" type="stmt"/>
        <line num="77" count="29" type="stmt"/>
        <line num="79" count="29" type="stmt"/>
        <line num="81" count="29" type="cond" truecount="2" falsecount="2"/>
        <line num="82" count="8" type="stmt"/>
        <line num="84" count="8" type="stmt"/>
        <line num="86" count="8" type="cond" truecount="2" falsecount="2"/>
        <line num="87" count="4" type="stmt"/>
        <line num="88" count="5" type="stmt"/>
        <line num="89" count="5" type="stmt"/>
        <line num="90" count="5" type="cond" truecount="2" falsecount="2"/>
        <line num="91" count="4" type="cond" truecount="2" falsecount="2"/>
        <line num="93" count="4" type="stmt"/>
        <line num="99" count="4" type="stmt"/>
        <line num="101" count="4" type="cond" truecount="2" falsecount="2"/>
        <line num="102" count="1" type="stmt"/>
        <line num="107" count="21" type="cond" truecount="2" falsecount="2"/>
        <line num="108" count="6" type="stmt"/>
        <line num="109" count="15" type="cond" truecount="2" falsecount="2"/>
        <line num="110" count="3" type="stmt"/>
        <line num="123" count="29" type="cond" truecount="1" falsecount="3"/>
        <line num="124" count="29" type="stmt"/>
        <line num="126" count="29" type="stmt"/>
        <line num="129" count="15" type="stmt"/>
        <line num="132" count="18" type="stmt"/>
        <line num="135" count="15" type="stmt"/>
        <line num="139" count="46" type="stmt"/>
        <line num="141" count="92" type="cond" truecount="3" falsecount="3"/>
        <line num="145" count="46" type="stmt"/>
        <line num="147" count="92" type="cond" truecount="3" falsecount="3"/>
        <line num="151" count="46" type="cond" truecount="2" falsecount="2"/>
        <line num="153" count="46" type="stmt"/>
        <line num="156" count="30" type="stmt"/>
        <line num="159" count="25" type="stmt"/>
        <line num="164" count="15" type="stmt"/>
        <line num="165" count="12" type="stmt"/>
        <line num="167" count="11" type="cond" truecount="3" falsecount="3"/>
        <line num="172" count="12" type="stmt"/>
        <line num="174" count="12" type="cond" truecount="2" falsecount="2"/>
        <line num="175" count="5" type="stmt"/>
        <line num="176" count="5" type="stmt"/>
        <line num="178" count="5" type="cond" truecount="2" falsecount="2"/>
        <line num="180" count="4" type="stmt"/>
        <line num="183" count="1" type="stmt"/>
        <line num="192" count="12" type="stmt"/>
        <line num="195" count="15" type="stmt"/>
        <line num="198" count="11" type="stmt"/>
        <line num="200" count="11" type="stmt"/>
        <line num="201" count="8" type="stmt"/>
        <line num="203" count="8" type="cond" truecount="1" falsecount="3"/>
        <line num="204" count="8" type="stmt"/>
      </file>
      <file name="ag-grid-query.helper.ts" path="C:\Users\nn\Desktop\code\nestjs-yalc\ag-grid\src\ag-grid-query.helper.ts">
        <metrics statements="110" coveredstatements="110" conditionals="142" coveredconditionals="72" methods="22" coveredmethods="15"/>
        <line num="1" count="7" type="stmt"/>
        <line num="5" count="7" type="stmt"/>
        <line num="6" count="7" type="stmt"/>
        <line num="7" count="7" type="stmt"/>
        <line num="11" count="7" type="stmt"/>
        <line num="15" count="7" type="stmt"/>
        <line num="16" count="7" type="stmt"/>
        <line num="21" count="7" type="stmt"/>
        <line num="37" count="7" type="stmt"/>
        <line num="44" count="18" type="cond" truecount="2" falsecount="2"/>
        <line num="45" count="1" type="stmt"/>
        <line num="47" count="17" type="stmt"/>
        <line num="48" count="21" type="cond" truecount="2" falsecount="2"/>
        <line num="49" count="14" type="stmt"/>
        <line num="58" count="17" type="cond" truecount="2" falsecount="2"/>
        <line num="59" count="16" type="stmt"/>
        <line num="61" count="1" type="stmt"/>
        <line num="65" count="7" type="stmt"/>
        <line num="71" count="17" type="cond" truecount="2" falsecount="2"/>
        <line num="79" count="17" type="cond" truecount="4" falsecount="4"/>
        <line num="80" count="15" type="stmt"/>
        <line num="82" count="2" type="stmt"/>
        <line num="83" count="2" type="stmt"/>
        <line num="86" count="17" type="stmt"/>
        <line num="89" count="7" type="stmt"/>
        <line num="98" count="16" type="stmt"/>
        <line num="100" count="16" type="cond" truecount="2" falsecount="2"/>
        <line num="102" count="16" type="cond" truecount="2" falsecount="2"/>
        <line num="103" count="1" type="stmt"/>
        <line num="104" count="2" type="stmt"/>
        <line num="110" count="2" type="cond" truecount="2" falsecount="2"/>
        <line num="112" count="1" type="stmt"/>
        <line num="116" count="16" type="cond" truecount="2" falsecount="2"/>
        <line num="118" count="14" type="stmt"/>
        <line num="119" count="16" type="stmt"/>
        <line num="122" count="16" type="cond" truecount="2" falsecount="2"/>
        <line num="124" count="2" type="cond" truecount="2" falsecount="2"/>
        <line num="130" count="1" type="stmt"/>
        <line num="145" count="1" type="stmt"/>
        <line num="147" count="14" type="cond" truecount="2" falsecount="2"/>
        <line num="149" count="12" type="stmt"/>
        <line num="155" count="2" type="cond" truecount="2" falsecount="2"/>
        <line num="156" count="1" type="stmt"/>
        <line num="162" count="1" type="stmt"/>
        <line num="166" count="12" type="stmt"/>
        <line num="167" count="12" type="stmt"/>
        <line num="168" count="12" type="stmt"/>
        <line num="171" count="7" type="stmt"/>
        <line num="172" count="24" type="stmt"/>
        <line num="173" count="24" type="cond" truecount="2" falsecount="0"/>
        <line num="175" count="85" type="cond" truecount="3" falsecount="0"/>
        <line num="179" count="1" type="stmt"/>
        <line num="186" count="1" type="stmt"/>
        <line num="190" count="7" type="stmt"/>
        <line num="191" count="6" type="cond" truecount="4" falsecount="4"/>
        <line num="193" count="1" type="stmt"/>
        <line num="195" count="2" type="stmt"/>
        <line num="197" count="1" type="stmt"/>
        <line num="199" count="1" type="stmt"/>
        <line num="202" count="1" type="stmt"/>
        <line num="207" count="7" type="stmt"/>
        <line num="217" count="3" type="stmt"/>
        <line num="223" count="3" type="stmt"/>
        <line num="224" count="2" type="stmt"/>
        <line num="225" count="2" type="cond" truecount="3" falsecount="3"/>
        <line num="227" count="1" type="stmt"/>
        <line num="228" count="1" type="stmt"/>
        <line num="231" count="1" type="stmt"/>
        <line num="232" count="1" type="stmt"/>
        <line num="235" count="2" type="stmt"/>
        <line num="236" count="2" type="cond" truecount="2" falsecount="2"/>
        <line num="240" count="2" type="cond" truecount="2" falsecount="2"/>
        <line num="241" count="1" type="stmt"/>
        <line num="250" count="3" type="stmt"/>
        <line num="252" count="3" type="stmt"/>
        <line num="258" count="7" type="stmt"/>
        <line num="261" count="2" type="stmt"/>
        <line num="262" count="2" type="stmt"/>
        <line num="265" count="7" type="stmt"/>
        <line num="269" count="3" type="stmt"/>
        <line num="271" count="3" type="stmt"/>
        <line num="272" count="3" type="stmt"/>
        <line num="275" count="3" type="cond" truecount="2" falsecount="2"/>
        <line num="276" count="1" type="stmt"/>
        <line num="277" count="2" type="stmt"/>
        <line num="282" count="7" type="stmt"/>
        <line num="289" count="17" type="stmt"/>
        <line num="290" count="17" type="stmt"/>
        <line num="291" count="17" type="cond" truecount="2" falsecount="2"/>
        <line num="292" count="5" type="stmt"/>
        <line num="293" count="5" type="stmt"/>
        <line num="296" count="17" type="stmt"/>
        <line num="298" count="17" type="cond" truecount="2" falsecount="2"/>
        <line num="300" count="14" type="stmt"/>
        <line num="302" count="14" type="stmt"/>
        <line num="310" count="7" type="stmt"/>
        <line num="320" count="9" type="cond" truecount="4" falsecount="4"/>
        <line num="322" count="9" type="stmt"/>
        <line num="323" count="9" type="stmt"/>
        <line num="325" count="9" type="stmt"/>
        <line num="327" count="9" type="cond" truecount="2" falsecount="2"/>
        <line num="328" count="3" type="stmt"/>
        <line num="331" count="9" type="cond" truecount="4" falsecount="4"/>
        <line num="332" count="6" type="cond" truecount="2" falsecount="2"/>
        <line num="335" count="6" type="cond" truecount="2" falsecount="2"/>
        <line num="337" count="5" type="stmt"/>
        <line num="343" count="5" type="stmt"/>
        <line num="345" count="3" type="cond" truecount="2" falsecount="2"/>
        <line num="347" count="3" type="stmt"/>
        <line num="349" count="3" type="stmt"/>
      </file>
      <file name="ag-grid-type-checker.utils.ts" path="C:\Users\nn\Desktop\code\nestjs-yalc\ag-grid\src\ag-grid-type-checker.utils.ts">
        <metrics statements="37" coveredstatements="37" conditionals="84" coveredconditionals="42" methods="22" coveredmethods="11"/>
        <line num="2" count="11" type="stmt"/>
        <line num="16" count="11" type="stmt"/>
        <line num="24" count="1" type="cond" truecount="2" falsecount="2"/>
        <line num="27" count="11" type="stmt"/>
        <line num="35" count="64" type="stmt"/>
        <line num="36" count="64" type="cond" truecount="3" falsecount="0"/>
        <line num="42" count="11" type="stmt"/>
        <line num="45" count="35" type="cond" truecount="2" falsecount="2"/>
        <line num="47" count="34" type="cond" truecount="2" falsecount="2"/>
        <line num="48" count="2" type="cond" truecount="2" falsecount="0"/>
        <line num="53" count="32" type="stmt"/>
        <line num="57" count="11" type="stmt"/>
        <line num="60" count="47" type="cond" truecount="2" falsecount="2"/>
        <line num="62" count="46" type="cond" truecount="2" falsecount="2"/>
        <line num="63" count="2" type="cond" truecount="2" falsecount="0"/>
        <line num="68" count="44" type="stmt"/>
        <line num="72" count="11" type="stmt"/>
        <line num="75" count="139" type="cond" truecount="2" falsecount="2"/>
        <line num="77" count="138" type="stmt"/>
        <line num="80" count="11" type="stmt"/>
        <line num="83" count="48" type="cond" truecount="2" falsecount="2"/>
        <line num="85" count="47" type="cond" truecount="2" falsecount="2"/>
        <line num="86" count="2" type="cond" truecount="2" falsecount="0"/>
        <line num="91" count="45" type="stmt"/>
        <line num="95" count="11" type="stmt"/>
        <line num="103" count="167" type="stmt"/>
        <line num="104" count="167" type="cond" truecount="4" falsecount="0"/>
        <line num="112" count="11" type="stmt"/>
        <line num="115" count="6" type="stmt"/>
        <line num="116" count="6" type="cond" truecount="4" falsecount="0"/>
        <line num="124" count="11" type="stmt"/>
        <line num="127" count="4" type="cond" truecount="2" falsecount="0"/>
        <line num="133" count="11" type="stmt"/>
        <line num="136" count="17" type="stmt"/>
        <line num="137" count="17" type="cond" truecount="5" falsecount="0"/>
        <line num="146" count="11" type="stmt"/>
        <line num="147" count="3" type="stmt"/>
      </file>
      <file name="ag-grid.args.ts" path="C:\Users\nn\Desktop\code\nestjs-yalc\ag-grid\src\ag-grid.args.ts">
        <metrics statements="26" coveredstatements="24" conditionals="24" coveredconditionals="12" methods="5" coveredmethods="3"/>
        <line num="1" count="8" type="stmt"/>
        <line num="3" count="8" type="stmt"/>
        <line num="10" count="8" type="stmt"/>
        <line num="11" count="8" type="stmt"/>
        <line num="13" count="8" type="stmt"/>
        <line num="24" count="8" type="stmt"/>
        <line num="25" count="8" type="stmt"/>
        <line num="29" count="51" type="cond" truecount="2" falsecount="2"/>
        <line num="30" count="51" type="cond" truecount="2" falsecount="2"/>
        <line num="34" count="0" type="stmt"/>
        <line num="35" count="51" type="stmt"/>
        <line num="37" count="4" type="cond" truecount="2" falsecount="2"/>
        <line num="38" count="4" type="cond" truecount="2" falsecount="2"/>
        <line num="43" count="51" type="stmt"/>
        <line num="48" count="51" type="stmt"/>
        <line num="51" count="51" type="stmt"/>
        <line num="52" count="51" type="stmt"/>
        <line num="55" count="8" type="stmt"/>
        <line num="59" count="7" type="cond" truecount="2" falsecount="2"/>
        <line num="60" count="7" type="cond" truecount="2" falsecount="2"/>
        <line num="64" count="0" type="stmt"/>
        <line num="65" count="7" type="stmt"/>
        <line num="71" count="7" type="stmt"/>
        <line num="76" count="7" type="stmt"/>
        <line num="79" count="7" type="stmt"/>
        <line num="80" count="7" type="stmt"/>
      </file>
      <file name="ag-grid.enum.ts" path="C:\Users\nn\Desktop\code\nestjs-yalc\ag-grid\src\ag-grid.enum.ts">
        <metrics statements="74" coveredstatements="71" conditionals="22" coveredconditionals="17" methods="17" coveredmethods="9"/>
        <line num="2" count="14" type="stmt"/>
        <line num="3" count="14" type="stmt"/>
        <line num="4" count="14" type="stmt"/>
        <line num="6" count="14" type="cond" truecount="2" falsecount="0"/>
        <line num="7" count="14" type="stmt"/>
        <line num="8" count="14" type="stmt"/>
        <line num="9" count="14" type="stmt"/>
        <line num="10" count="14" type="stmt"/>
        <line num="11" count="14" type="stmt"/>
        <line num="12" count="14" type="stmt"/>
        <line num="13" count="14" type="stmt"/>
        <line num="14" count="14" type="stmt"/>
        <line num="15" count="14" type="stmt"/>
        <line num="16" count="14" type="stmt"/>
        <line num="17" count="14" type="stmt"/>
        <line num="18" count="14" type="stmt"/>
        <line num="19" count="14" type="stmt"/>
        <line num="20" count="14" type="stmt"/>
        <line num="21" count="14" type="stmt"/>
        <line num="22" count="14" type="stmt"/>
        <line num="23" count="14" type="stmt"/>
        <line num="24" count="14" type="stmt"/>
        <line num="25" count="14" type="stmt"/>
        <line num="26" count="14" type="stmt"/>
        <line num="27" count="14" type="stmt"/>
        <line num="28" count="14" type="stmt"/>
        <line num="29" count="14" type="stmt"/>
        <line num="30" count="14" type="stmt"/>
        <line num="32" count="14" type="stmt"/>
        <line num="33" count="14" type="stmt"/>
        <line num="34" count="14" type="stmt"/>
        <line num="35" count="14" type="stmt"/>
        <line num="38" count="14" type="stmt"/>
        <line num="41" count="14" type="stmt"/>
        <line num="45" count="14" type="cond" truecount="2" falsecount="0"/>
        <line num="46" count="14" type="stmt"/>
        <line num="47" count="14" type="stmt"/>
        <line num="48" count="14" type="stmt"/>
        <line num="49" count="14" type="stmt"/>
        <line num="50" count="14" type="stmt"/>
        <line num="53" count="14" type="stmt"/>
        <line num="57" count="14" type="cond" truecount="2" falsecount="0"/>
        <line num="58" count="14" type="stmt"/>
        <line num="59" count="14" type="stmt"/>
        <line num="62" count="14" type="stmt"/>
        <line num="66" count="14" type="cond" truecount="2" falsecount="0"/>
        <line num="67" count="14" type="stmt"/>
        <line num="68" count="14" type="stmt"/>
        <line num="71" count="14" type="stmt"/>
        <line num="75" count="14" type="cond" truecount="2" falsecount="0"/>
        <line num="76" count="14" type="stmt"/>
        <line num="77" count="14" type="stmt"/>
        <line num="78" count="14" type="stmt"/>
        <line num="81" count="14" type="cond" truecount="2" falsecount="0"/>
        <line num="84" count="0" type="stmt"/>
        <line num="85" count="14" type="stmt"/>
        <line num="88" count="0" type="stmt"/>
        <line num="89" count="14" type="stmt"/>
        <line num="93" count="0" type="stmt"/>
        <line num="94" count="14" type="stmt"/>
        <line num="97" count="14" type="cond" truecount="2" falsecount="0"/>
        <line num="98" count="14" type="stmt"/>
        <line num="99" count="14" type="stmt"/>
        <line num="100" count="14" type="stmt"/>
        <line num="103" count="14" type="stmt"/>
        <line num="104" count="14" type="stmt"/>
        <line num="108" count="21" type="cond" truecount="1" falsecount="3"/>
        <line num="109" count="21" type="cond" truecount="2" falsecount="2"/>
        <line num="111" count="10" type="stmt"/>
        <line num="113" count="10" type="stmt"/>
        <line num="116" count="10" type="stmt"/>
        <line num="118" count="10" type="stmt"/>
        <line num="122" count="10" type="stmt"/>
        <line num="124" count="10" type="stmt"/>
      </file>
      <file name="ag-grid.error.ts" path="C:\Users\nn\Desktop\code\nestjs-yalc\ag-grid\src\ag-grid.error.ts">
        <metrics statements="23" coveredstatements="23" conditionals="8" coveredconditionals="4" methods="17" coveredmethods="10"/>
        <line num="1" count="11" type="stmt"/>
        <line num="2" count="11" type="stmt"/>
        <line num="4" count="11" type="stmt"/>
        <line num="7" count="41" type="stmt"/>
        <line num="9" count="41" type="stmt"/>
        <line num="13" count="11" type="stmt"/>
        <line num="15" count="5" type="stmt"/>
        <line num="19" count="11" type="stmt"/>
        <line num="21" count="3" type="stmt"/>
        <line num="25" count="11" type="stmt"/>
        <line num="27" count="1" type="stmt"/>
        <line num="31" count="11" type="stmt"/>
        <line num="33" count="3" type="cond" truecount="2" falsecount="2"/>
        <line num="37" count="11" type="stmt"/>
        <line num="39" count="10" type="cond" truecount="2" falsecount="2"/>
        <line num="43" count="11" type="stmt"/>
        <line num="45" count="2" type="stmt"/>
        <line num="49" count="11" type="stmt"/>
        <line num="51" count="3" type="stmt"/>
        <line num="55" count="11" type="stmt"/>
        <line num="57" count="3" type="stmt"/>
        <line num="61" count="11" type="stmt"/>
        <line num="63" count="5" type="stmt"/>
      </file>
      <file name="ag-grid.input.ts" path="C:\Users\nn\Desktop\code\nestjs-yalc\ag-grid\src\ag-grid.input.ts">
        <metrics statements="107" coveredstatements="77" conditionals="34" coveredconditionals="12" methods="48" coveredmethods="6"/>
        <line num="2" count="9" type="stmt"/>
        <line num="9" count="9" type="stmt"/>
        <line num="13" count="9" type="stmt"/>
        <line num="28" count="9" type="stmt"/>
        <line num="47" count="9" type="stmt"/>
        <line num="51" count="0" type="stmt"/>
        <line num="54" count="9" type="stmt"/>
        <line num="57" count="9" type="stmt"/>
        <line num="58" count="9" type="stmt"/>
        <line num="59" count="55" type="stmt"/>
        <line num="60" count="55" type="cond" truecount="2" falsecount="2"/>
        <line num="62" count="8" type="stmt"/>
        <line num="63" count="0" type="stmt"/>
        <line num="64" count="8" type="stmt"/>
        <line num="67" count="0" type="stmt"/>
        <line num="69" count="8" type="stmt"/>
        <line num="72" count="0" type="stmt"/>
        <line num="75" count="8" type="stmt"/>
        <line num="78" count="8" type="stmt"/>
        <line num="80" count="8" type="stmt"/>
        <line num="84" count="9" type="stmt"/>
        <line num="89" count="9" type="stmt"/>
        <line num="90" count="9" type="stmt"/>
        <line num="94" count="55" type="cond" truecount="2" falsecount="2"/>
        <line num="96" count="8" type="stmt"/>
        <line num="98" count="0" type="stmt"/>
        <line num="99" count="8" type="stmt"/>
        <line num="101" count="8" type="cond" truecount="0" falsecount="2"/>
        <line num="102" count="0" type="stmt"/>
        <line num="103" count="8" type="stmt"/>
        <line num="106" count="0" type="stmt"/>
        <line num="108" count="8" type="stmt"/>
        <line num="110" count="8" type="stmt"/>
        <line num="113" count="0" type="stmt"/>
        <line num="114" count="8" type="stmt"/>
        <line num="116" count="8" type="cond" truecount="0" falsecount="2"/>
        <line num="117" count="0" type="stmt"/>
        <line num="118" count="8" type="stmt"/>
        <line num="121" count="0" type="stmt"/>
        <line num="123" count="8" type="stmt"/>
        <line num="125" count="8" type="stmt"/>
        <line num="127" count="8" type="stmt"/>
        <line num="130" count="0" type="stmt"/>
        <line num="131" count="8" type="stmt"/>
        <line num="133" count="8" type="cond" truecount="0" falsecount="2"/>
        <line num="134" count="0" type="stmt"/>
        <line num="135" count="8" type="stmt"/>
        <line num="138" count="0" type="stmt"/>
        <line num="140" count="8" type="stmt"/>
        <line num="142" count="8" type="stmt"/>
        <line num="144" count="8" type="stmt"/>
        <line num="147" count="0" type="stmt"/>
        <line num="148" count="8" type="stmt"/>
        <line num="150" count="8" type="cond" truecount="0" falsecount="2"/>
        <line num="151" count="0" type="stmt"/>
        <line num="152" count="8" type="stmt"/>
        <line num="155" count="0" type="stmt"/>
        <line num="157" count="8" type="stmt"/>
        <line num="164" count="0" type="stmt"/>
        <line num="165" count="8" type="stmt"/>
        <line num="168" count="0" type="stmt"/>
        <line num="171" count="8" type="stmt"/>
        <line num="174" count="0" type="stmt"/>
        <line num="177" count="8" type="stmt"/>
        <line num="180" count="0" type="stmt"/>
        <line num="183" count="8" type="stmt"/>
        <line num="186" count="0" type="stmt"/>
        <line num="189" count="8" type="stmt"/>
        <line num="192" count="0" type="stmt"/>
        <line num="193" count="8" type="stmt"/>
        <line num="196" count="0" type="stmt"/>
        <line num="199" count="8" type="stmt"/>
        <line num="202" count="0" type="stmt"/>
        <line num="204" count="8" type="stmt"/>
        <line num="207" count="0" type="stmt"/>
        <line num="209" count="8" type="stmt"/>
        <line num="212" count="8" type="stmt"/>
        <line num="214" count="8" type="stmt"/>
        <line num="217" count="9" type="cond" truecount="2" falsecount="0"/>
        <line num="218" count="9" type="stmt"/>
        <line num="219" count="9" type="stmt"/>
        <line num="227" count="9" type="stmt"/>
        <line num="228" count="9" type="stmt"/>
        <line num="233" count="127" type="stmt"/>
        <line num="234" count="127" type="cond" truecount="2" falsecount="2"/>
        <line num="236" count="19" type="stmt"/>
        <line num="238" count="19" type="cond" truecount="2" falsecount="2"/>
        <line num="240" count="0" type="stmt"/>
        <line num="241" count="4" type="stmt"/>
        <line num="244" count="4" type="stmt"/>
        <line num="246" count="4" type="stmt"/>
        <line num="249" count="4" type="stmt"/>
        <line num="253" count="0" type="stmt"/>
        <line num="254" count="4" type="stmt"/>
        <line num="258" count="4" type="stmt"/>
        <line num="259" count="4" type="stmt"/>
        <line num="260" count="4" type="cond" truecount="1" falsecount="3"/>
        <line num="262" count="4" type="stmt"/>
        <line num="263" count="4" type="cond" truecount="1" falsecount="3"/>
        <line num="266" count="0" type="stmt"/>
        <line num="268" count="0" type="stmt"/>
        <line num="269" count="4" type="stmt"/>
        <line num="274" count="4" type="stmt"/>
        <line num="275" count="4" type="stmt"/>
        <line num="277" count="0" type="stmt"/>
        <line num="283" count="4" type="stmt"/>
        <line num="285" count="4" type="stmt"/>
      </file>
      <file name="ag-grid.interceptor.ts" path="C:\Users\nn\Desktop\code\nestjs-yalc\ag-grid\src\ag-grid.interceptor.ts">
        <metrics statements="10" coveredstatements="10" conditionals="8" coveredconditionals="4" methods="5" coveredmethods="3"/>
        <line num="1" count="4" type="stmt"/>
        <line num="7" count="4" type="stmt"/>
        <line num="9" count="4" type="stmt"/>
        <line num="11" count="4" type="stmt"/>
        <line num="12" count="4" type="stmt"/>
        <line num="16" count="3" type="stmt"/>
        <line num="23" count="4" type="stmt"/>
        <line num="25" count="1" type="stmt"/>
        <line num="26" count="1" type="stmt"/>
        <line num="27" count="1" type="stmt"/>
      </file>
      <file name="ag-grid.interface.ts" path="C:\Users\nn\Desktop\code\nestjs-yalc\ag-grid\src\ag-grid.interface.ts">
        <metrics statements="1" coveredstatements="0" conditionals="0" coveredconditionals="0" methods="0" coveredmethods="0"/>
        <line num="13" count="0" type="stmt"/>
      </file>
      <file name="ag-grid.repository.ts" path="C:\Users\nn\Desktop\code\nestjs-yalc\ag-grid\src\ag-grid.repository.ts">
        <metrics statements="102" coveredstatements="102" conditionals="116" coveredconditionals="61" methods="31" coveredmethods="21"/>
        <line num="1" count="4" type="stmt"/>
        <line num="8" count="4" type="stmt"/>
        <line num="17" count="4" type="stmt"/>
        <line num="18" count="4" type="stmt"/>
        <line num="22" count="4" type="stmt"/>
        <line num="24" count="4" type="stmt"/>
        <line num="26" count="4" type="stmt"/>
        <line num="38" count="5" type="cond" truecount="2" falsecount="2"/>
        <line num="40" count="2" type="stmt"/>
        <line num="46" count="3" type="stmt"/>
        <line num="69" count="14" type="stmt"/>
        <line num="74" count="14" type="cond" truecount="2" falsecount="2"/>
        <line num="75" count="13" type="stmt"/>
        <line num="78" count="14" type="cond" truecount="2" falsecount="2"/>
        <line num="80" count="14" type="stmt"/>
        <line num="81" count="14" type="stmt"/>
        <line num="82" count="14" type="stmt"/>
        <line num="83" count="14" type="cond" truecount="2" falsecount="2"/>
        <line num="84" count="4" type="stmt"/>
        <line num="85" count="4" type="stmt"/>
        <line num="87" count="4" type="stmt"/>
        <line num="89" count="4" type="stmt"/>
        <line num="90" count="4" type="stmt"/>
        <line num="92" count="4" type="cond" truecount="4" falsecount="4"/>
        <line num="93" count="2" type="cond" truecount="2" falsecount="2"/>
        <line num="94" count="1" type="stmt"/>
        <line num="96" count="1" type="stmt"/>
        <line num="109" count="14" type="stmt"/>
        <line num="110" count="14" type="cond" truecount="2" falsecount="2"/>
        <line num="111" count="5" type="stmt"/>
        <line num="112" count="5" type="stmt"/>
        <line num="116" count="10" type="cond" truecount="2" falsecount="2"/>
        <line num="123" count="8" type="stmt"/>
        <line num="124" count="7" type="stmt"/>
        <line num="126" count="7" type="cond" truecount="2" falsecount="2"/>
        <line num="128" count="2" type="stmt"/>
        <line num="131" count="2" type="cond" truecount="2" falsecount="2"/>
        <line num="134" count="2" type="stmt"/>
        <line num="136" count="2" type="cond" truecount="1" falsecount="1"/>
        <line num="137" count="2" type="stmt"/>
        <line num="144" count="2" type="stmt"/>
        <line num="148" count="5" type="stmt"/>
        <line num="149" count="5" type="stmt"/>
        <line num="152" count="14" type="stmt"/>
        <line num="157" count="14" type="cond" truecount="2" falsecount="2"/>
        <line num="159" count="14" type="cond" truecount="2" falsecount="2"/>
        <line num="160" count="5" type="cond" truecount="2" falsecount="2"/>
        <line num="162" count="5" type="stmt"/>
        <line num="165" count="14" type="cond" truecount="4" falsecount="4"/>
        <line num="172" count="4" type="stmt"/>
        <line num="174" count="10" type="stmt"/>
        <line num="177" count="14" type="cond" truecount="2" falsecount="2"/>
        <line num="178" count="9" type="stmt"/>
        <line num="186" count="9" type="stmt"/>
        <line num="190" count="14" type="stmt"/>
        <line num="195" count="14" type="stmt"/>
        <line num="196" count="14" type="stmt"/>
        <line num="198" count="14" type="stmt"/>
        <line num="208" count="4" type="stmt"/>
        <line num="210" count="4" type="cond" truecount="2" falsecount="2"/>
        <line num="211" count="3" type="stmt"/>
        <line num="213" count="3" type="stmt"/>
        <line num="218" count="3" type="stmt"/>
        <line num="222" count="3" type="cond" truecount="2" falsecount="2"/>
        <line num="226" count="1" type="stmt"/>
        <line num="229" count="3" type="stmt"/>
        <line num="236" count="1" type="stmt"/>
        <line num="255" count="5" type="stmt"/>
        <line num="257" count="5" type="cond" truecount="1" falsecount="0"/>
        <line num="261" count="5" type="cond" truecount="2" falsecount="2"/>
        <line num="263" count="5" type="cond" truecount="2" falsecount="2"/>
        <line num="264" count="4" type="stmt"/>
        <line num="268" count="4" type="cond" truecount="2" falsecount="2"/>
        <line num="271" count="4" type="cond" truecount="2" falsecount="2"/>
        <line num="274" count="1" type="stmt"/>
        <line num="289" count="1" type="stmt"/>
        <line num="291" count="1" type="stmt"/>
        <line num="309" count="2" type="stmt"/>
        <line num="310" count="2" type="stmt"/>
        <line num="311" count="2" type="stmt"/>
        <line num="319" count="2" type="stmt"/>
        <line num="320" count="2" type="cond" truecount="2" falsecount="2"/>
        <line num="330" count="2" type="stmt"/>
        <line num="331" count="2" type="stmt"/>
        <line num="332" count="2" type="stmt"/>
        <line num="334" count="2" type="stmt"/>
        <line num="335" count="2" type="cond" truecount="2" falsecount="2"/>
        <line num="338" count="2" type="stmt"/>
        <line num="345" count="1" type="stmt"/>
        <line num="346" count="1" type="stmt"/>
        <line num="348" count="1" type="stmt"/>
        <line num="349" count="1" type="stmt"/>
        <line num="351" count="1" type="stmt"/>
        <line num="355" count="4" type="stmt"/>
        <line num="357" count="4" type="stmt"/>
        <line num="361" count="3" type="cond" truecount="2" falsecount="2"/>
        <line num="363" count="2" type="stmt"/>
        <line num="364" count="2" type="stmt"/>
        <line num="366" count="2" type="stmt"/>
        <line num="370" count="2" type="stmt"/>
        <line num="372" count="2" type="stmt"/>
        <line num="374" count="2" type="stmt"/>
      </file>
      <file name="ag-grid.type.ts" path="C:\Users\nn\Desktop\code\nestjs-yalc\ag-grid\src\ag-grid.type.ts">
        <metrics statements="18" coveredstatements="16" conditionals="4" coveredconditionals="2" methods="3" coveredmethods="2"/>
        <line num="1" count="4" type="stmt"/>
        <line num="4" count="4" type="stmt"/>
        <line num="9" count="4" type="stmt"/>
        <line num="11" count="4" type="stmt"/>
        <line num="14" count="4" type="stmt"/>
        <line num="17" count="4" type="stmt"/>
        <line num="26" count="4" type="stmt"/>
        <line num="28" count="0" type="stmt"/>
        <line num="29" count="4" type="stmt"/>
        <line num="30" count="26" type="stmt"/>
        <line num="31" count="26" type="cond" truecount="2" falsecount="2"/>
        <line num="33" count="0" type="stmt"/>
        <line num="34" count="6" type="stmt"/>
        <line num="36" count="6" type="stmt"/>
        <line num="39" count="6" type="stmt"/>
        <line num="41" count="6" type="stmt"/>
        <line num="43" count="6" type="stmt"/>
        <line num="45" count="6" type="stmt"/>
      </file>
      <file name="conditions.error.ts" path="C:\Users\nn\Desktop\code\nestjs-yalc\ag-grid\src\conditions.error.ts">
        <metrics statements="5" coveredstatements="5" conditionals="0" coveredconditionals="0" methods="2" coveredmethods="2"/>
        <line num="1" count="3" type="stmt"/>
        <line num="5" count="3" type="stmt"/>
        <line num="7" count="1" type="stmt"/>
        <line num="16" count="3" type="stmt"/>
        <line num="18" count="1" type="stmt"/>
      </file>
      <file name="entity.error.ts" path="C:\Users\nn\Desktop\code\nestjs-yalc\ag-grid\src\entity.error.ts">
        <metrics statements="15" coveredstatements="15" conditionals="2" coveredconditionals="2" methods="6" coveredmethods="5"/>
        <line num="1" count="4" type="stmt"/>
        <line num="3" count="4" type="cond" truecount="2" falsecount="0"/>
        <line num="4" count="4" type="stmt"/>
        <line num="5" count="4" type="stmt"/>
        <line num="6" count="4" type="stmt"/>
        <line num="9" count="4" type="stmt"/>
        <line num="12" count="10" type="stmt"/>
        <line num="13" count="10" type="stmt"/>
        <line num="14" count="10" type="stmt"/>
        <line num="18" count="4" type="stmt"/>
        <line num="20" count="3" type="stmt"/>
        <line num="24" count="4" type="stmt"/>
        <line num="26" count="3" type="stmt"/>
        <line num="30" count="4" type="stmt"/>
        <line num="32" count="3" type="stmt"/>
      </file>
      <file name="event.enum.ts" path="C:\Users\nn\Desktop\code\nestjs-yalc\ag-grid\src\event.enum.ts">
        <metrics statements="3" coveredstatements="0" conditionals="2" coveredconditionals="0" methods="2" coveredmethods="0"/>
        <line num="1" count="0" type="cond" truecount="0" falsecount="2"/>
        <line num="2" count="0" type="stmt"/>
        <line num="3" count="0" type="stmt"/>
      </file>
      <file name="filter.scalar.ts" path="C:\Users\nn\Desktop\code\nestjs-yalc\ag-grid\src\filter.scalar.ts">
        <metrics statements="30" coveredstatements="30" conditionals="30" coveredconditionals="15" methods="9" coveredmethods="6"/>
        <line num="1" count="9" type="stmt"/>
        <line num="2" count="9" type="stmt"/>
        <line num="3" count="9" type="stmt"/>
        <line num="8" count="9" type="stmt"/>
        <line num="9" count="9" type="stmt"/>
        <line num="17" count="9" type="stmt"/>
        <line num="18" count="1" type="stmt"/>
        <line num="20" count="1" type="stmt"/>
        <line num="21" count="1" type="stmt"/>
        <line num="25" count="4" type="stmt"/>
        <line num="26" count="4" type="cond" truecount="2" falsecount="2"/>
        <line num="28" count="2" type="stmt"/>
        <line num="30" count="2" type="stmt"/>
        <line num="33" count="3" type="stmt"/>
        <line num="37" count="3" type="stmt"/>
        <line num="38" count="6" type="stmt"/>
        <line num="39" count="6" type="cond" truecount="2" falsecount="2"/>
        <line num="43" count="1" type="stmt"/>
        <line num="49" count="1" type="stmt"/>
        <line num="52" count="5" type="cond" truecount="2" falsecount="2"/>
        <line num="56" count="3" type="stmt"/>
        <line num="66" count="3" type="stmt"/>
        <line num="69" count="2" type="stmt"/>
        <line num="71" count="2" type="stmt"/>
        <line num="72" count="2" type="stmt"/>
        <line num="74" count="2" type="stmt"/>
        <line num="78" count="2" type="cond" truecount="2" falsecount="2"/>
        <line num="84" count="2" type="cond" truecount="2" falsecount="2"/>
        <line num="85" count="1" type="stmt"/>
        <line num="87" count="1" type="stmt"/>
      </file>
      <file name="generic-mutation.resolver.ts" path="C:\Users\nn\Desktop\code\nestjs-yalc\ag-grid\src\generic-mutation.resolver.ts">
        <metrics statements="61" coveredstatements="57" conditionals="92" coveredconditionals="41" methods="18" coveredmethods="8"/>
        <line num="2" count="3" type="stmt"/>
        <line num="3" count="3" type="stmt"/>
        <line num="4" count="3" type="stmt"/>
        <line num="5" count="3" type="stmt"/>
        <line num="6" count="3" type="stmt"/>
        <line num="7" count="3" type="stmt"/>
        <line num="9" count="3" type="stmt"/>
        <line num="18" count="3" type="stmt"/>
        <line num="20" count="3" type="stmt"/>
        <line num="27" count="26" type="stmt"/>
        <line num="29" count="26" type="stmt"/>
        <line num="38" count="5" type="stmt"/>
        <line num="40" count="5" type="cond" truecount="2" falsecount="2"/>
        <line num="41" count="3" type="stmt"/>
        <line num="42" count="3" type="stmt"/>
        <line num="43" count="3" type="cond" truecount="2" falsecount="2"/>
        <line num="44" count="1" type="cond" truecount="1" falsecount="3"/>
        <line num="45" count="1" type="stmt"/>
        <line num="48" count="1" type="stmt"/>
        <line num="56" count="5" type="stmt"/>
        <line num="60" count="26" type="stmt"/>
        <line num="65" count="26" type="cond" truecount="2" falsecount="2"/>
        <line num="66" count="2" type="stmt"/>
        <line num="70" count="24" type="stmt"/>
        <line num="79" count="24" type="stmt"/>
        <line num="83" count="0" type="cond" truecount="0" falsecount="2"/>
        <line num="89" count="24" type="cond" truecount="2" falsecount="2"/>
        <line num="91" count="24" type="cond" truecount="4" falsecount="4"/>
        <line num="95" count="24" type="stmt"/>
        <line num="100" count="24" type="stmt"/>
        <line num="102" count="24" type="cond" truecount="2" falsecount="2"/>
        <line num="103" count="4" type="stmt"/>
        <line num="104" count="4" type="stmt"/>
        <line num="106" count="4" type="cond" truecount="2" falsecount="2"/>
        <line num="108" count="2" type="stmt"/>
        <line num="116" count="24" type="stmt"/>
        <line num="121" count="3" type="stmt"/>
        <line num="128" count="25" type="stmt"/>
        <line num="136" count="5" type="stmt"/>
        <line num="140" count="25" type="stmt"/>
        <line num="145" count="25" type="cond" truecount="2" falsecount="2"/>
        <line num="146" count="1" type="stmt"/>
        <line num="150" count="24" type="stmt"/>
        <line num="159" count="24" type="stmt"/>
        <line num="164" count="0" type="cond" truecount="0" falsecount="2"/>
        <line num="169" count="24" type="stmt"/>
        <line num="174" count="0" type="cond" truecount="0" falsecount="2"/>
        <line num="179" count="24" type="cond" truecount="2" falsecount="2"/>
        <line num="181" count="24" type="cond" truecount="4" falsecount="4"/>
        <line num="185" count="24" type="stmt"/>
        <line num="190" count="24" type="stmt"/>
        <line num="195" count="3" type="stmt"/>
        <line num="202" count="25" type="stmt"/>
        <line num="206" count="5" type="stmt"/>
        <line num="210" count="25" type="stmt"/>
        <line num="215" count="25" type="cond" truecount="2" falsecount="2"/>
        <line num="216" count="1" type="stmt"/>
        <line num="220" count="24" type="stmt"/>
        <line num="229" count="24" type="stmt"/>
        <line num="234" count="0" type="cond" truecount="0" falsecount="2"/>
        <line num="239" count="24" type="stmt"/>
      </file>
      <file name="generic-query.resolver.ts" path="C:\Users\nn\Desktop\code\nestjs-yalc\ag-grid\src\generic-query.resolver.ts">
        <metrics statements="95" coveredstatements="95" conditionals="146" coveredconditionals="68" methods="15" coveredmethods="8"/>
        <line num="1" count="3" type="stmt"/>
        <line num="6" count="3" type="stmt"/>
        <line num="7" count="3" type="stmt"/>
        <line num="8" count="3" type="stmt"/>
        <line num="9" count="3" type="stmt"/>
        <line num="15" count="3" type="stmt"/>
        <line num="21" count="3" type="stmt"/>
        <line num="23" count="3" type="stmt"/>
        <line num="24" count="3" type="stmt"/>
        <line num="25" count="3" type="stmt"/>
        <line num="27" count="3" type="stmt"/>
        <line num="28" count="3" type="stmt"/>
        <line num="38" count="3" type="stmt"/>
        <line num="42" count="29" type="stmt"/>
        <line num="44" count="28" type="cond" truecount="4" falsecount="4"/>
        <line num="48" count="28" type="cond" truecount="2" falsecount="2"/>
        <line num="49" count="1" type="stmt"/>
        <line num="50" count="27" type="cond" truecount="2" falsecount="2"/>
        <line num="51" count="1" type="stmt"/>
        <line num="54" count="27" type="cond" truecount="2" falsecount="2"/>
        <line num="58" count="21" type="stmt"/>
        <line num="69" count="7" type="stmt"/>
        <line num="71" count="7" type="cond" truecount="2" falsecount="2"/>
        <line num="72" count="2" type="cond" truecount="2" falsecount="2"/>
        <line num="73" count="1" type="stmt"/>
        <line num="77" count="1" type="stmt"/>
        <line num="81" count="5" type="stmt"/>
        <line num="87" count="5" type="cond" truecount="1" falsecount="3"/>
        <line num="91" count="5" type="cond" truecount="1" falsecount="3"/>
        <line num="93" count="5" type="stmt"/>
        <line num="102" count="21" type="stmt"/>
        <line num="107" count="21" type="cond" truecount="2" falsecount="2"/>
        <line num="108" count="1" type="stmt"/>
        <line num="112" count="20" type="stmt"/>
        <line num="115" count="20" type="stmt"/>
        <line num="121" count="20" type="stmt"/>
        <line num="123" count="20" type="stmt"/>
        <line num="132" count="20" type="stmt"/>
        <line num="141" count="6" type="stmt"/>
        <line num="152" count="3" type="stmt"/>
        <line num="154" count="3" type="cond" truecount="2" falsecount="2"/>
        <line num="155" count="2" type="cond" truecount="2" falsecount="2"/>
        <line num="156" count="1" type="stmt"/>
        <line num="160" count="1" type="stmt"/>
        <line num="164" count="1" type="stmt"/>
        <line num="171" count="1" type="cond" truecount="1" falsecount="1"/>
        <line num="175" count="1" type="cond" truecount="1" falsecount="3"/>
        <line num="176" count="1" type="stmt"/>
        <line num="185" count="6" type="stmt"/>
        <line num="190" count="6" type="cond" truecount="2" falsecount="2"/>
        <line num="191" count="1" type="stmt"/>
        <line num="195" count="5" type="stmt"/>
        <line num="199" count="5" type="stmt"/>
        <line num="201" count="5" type="stmt"/>
        <line num="210" count="5" type="stmt"/>
        <line num="217" count="3" type="stmt"/>
        <line num="223" count="26" type="stmt"/>
        <line num="231" count="6" type="stmt"/>
        <line num="233" count="6" type="stmt"/>
        <line num="236" count="6" type="cond" truecount="4" falsecount="4"/>
        <line num="237" count="3" type="cond" truecount="2" falsecount="2"/>
        <line num="241" count="3" type="stmt"/>
        <line num="244" count="6" type="stmt"/>
        <line num="246" count="5" type="stmt"/>
        <line num="254" count="26" type="stmt"/>
        <line num="259" count="26" type="cond" truecount="2" falsecount="2"/>
        <line num="260" count="1" type="stmt"/>
        <line num="264" count="25" type="stmt"/>
        <line num="273" count="25" type="cond" truecount="2" falsecount="2"/>
        <line num="276" count="25" type="cond" truecount="4" falsecount="4"/>
        <line num="280" count="25" type="stmt"/>
        <line num="285" count="25" type="stmt"/>
        <line num="287" count="25" type="cond" truecount="4" falsecount="4"/>
        <line num="288" count="3" type="cond" truecount="2" falsecount="2"/>
        <line num="289" count="1" type="stmt"/>
        <line num="295" count="22" type="cond" truecount="2" falsecount="2"/>
        <line num="301" count="25" type="stmt"/>
        <line num="306" count="3" type="stmt"/>
        <line num="312" count="27" type="stmt"/>
        <line num="318" count="5" type="stmt"/>
        <line num="322" count="27" type="stmt"/>
        <line num="327" count="27" type="cond" truecount="2" falsecount="2"/>
        <line num="328" count="1" type="stmt"/>
        <line num="332" count="26" type="stmt"/>
        <line num="342" count="26" type="stmt"/>
        <line num="348" count="26" type="cond" truecount="2" falsecount="2"/>
        <line num="350" count="26" type="cond" truecount="4" falsecount="4"/>
        <line num="354" count="26" type="stmt"/>
        <line num="355" count="26" type="cond" truecount="2" falsecount="2"/>
        <line num="356" count="1" type="stmt"/>
        <line num="364" count="1" type="cond" truecount="1" falsecount="3"/>
        <line num="365" count="1" type="stmt"/>
        <line num="366" count="1" type="cond" truecount="1" falsecount="3"/>
        <line num="370" count="25" type="stmt"/>
        <line num="376" count="26" type="stmt"/>
      </file>
      <file name="generic-resolver.resolver.ts" path="C:\Users\nn\Desktop\code\nestjs-yalc\ag-grid\src\generic-resolver.resolver.ts">
        <metrics statements="63" coveredstatements="57" conditionals="78" coveredconditionals="38" methods="5" coveredmethods="4"/>
        <line num="1" count="3" type="stmt"/>
        <line num="2" count="3" type="stmt"/>
        <line num="3" count="3" type="stmt"/>
        <line num="4" count="3" type="stmt"/>
        <line num="6" count="3" type="stmt"/>
        <line num="10" count="3" type="stmt"/>
        <line num="14" count="3" type="stmt"/>
        <line num="15" count="3" type="stmt"/>
        <line num="16" count="3" type="stmt"/>
        <line num="19" count="3" type="stmt"/>
        <line num="20" count="3" type="stmt"/>
        <line num="25" count="3" type="stmt"/>
        <line num="30" count="3" type="stmt"/>
        <line num="35" count="3" type="stmt"/>
        <line num="47" count="3" type="stmt"/>
        <line num="59" count="25" type="cond" truecount="2" falsecount="0"/>
        <line num="61" count="25" type="stmt"/>
        <line num="62" count="25" type="stmt"/>
        <line num="71" count="19" type="stmt"/>
        <line num="76" count="19" type="stmt"/>
        <line num="77" count="19" type="stmt"/>
        <line num="79" count="19" type="stmt"/>
        <line num="80" count="19" type="stmt"/>
        <line num="89" count="25" type="stmt"/>
        <line num="94" count="25" type="stmt"/>
        <line num="95" count="25" type="cond" truecount="2" falsecount="2"/>
        <line num="96" count="22" type="stmt"/>
        <line num="97" count="20" type="stmt"/>
        <line num="98" count="20" type="cond" truecount="2" falsecount="2"/>
        <line num="100" count="11" type="stmt"/>
        <line num="101" count="11" type="cond" truecount="1" falsecount="3"/>
        <line num="102" count="11" type="stmt"/>
        <line num="104" count="0" type="stmt"/>
        <line num="109" count="11" type="cond" truecount="1" falsecount="3"/>
        <line num="110" count="11" type="stmt"/>
        <line num="112" count="11" type="stmt"/>
        <line num="114" count="11" type="stmt"/>
        <line num="136" count="0" type="stmt"/>
        <line num="138" count="0" type="stmt"/>
        <line num="155" count="0" type="stmt"/>
        <line num="165" count="25" type="cond" truecount="2" falsecount="2"/>
        <line num="166" count="25" type="cond" truecount="2" falsecount="2"/>
        <line num="167" count="25" type="cond" truecount="2" falsecount="2"/>
        <line num="169" count="0" type="stmt"/>
        <line num="172" count="25" type="stmt"/>
        <line num="174" count="25" type="stmt"/>
        <line num="182" count="24" type="stmt"/>
        <line num="190" count="24" type="stmt"/>
        <line num="198" count="24" type="cond" truecount="2" falsecount="2"/>
        <line num="199" count="24" type="cond" truecount="2" falsecount="2"/>
        <line num="206" count="0" type="stmt"/>
        <line num="207" count="24" type="stmt"/>
        <line num="211" count="24" type="stmt"/>
        <line num="218" count="24" type="stmt"/>
        <line num="231" count="24" type="stmt"/>
        <line num="238" count="24" type="cond" truecount="2" falsecount="2"/>
        <line num="239" count="1" type="stmt"/>
        <line num="240" count="3" type="stmt"/>
        <line num="241" count="3" type="stmt"/>
        <line num="243" count="3" type="cond" truecount="2" falsecount="2"/>
        <line num="244" count="1" type="stmt"/>
        <line num="251" count="2" type="stmt"/>
        <line num="261" count="24" type="stmt"/>
      </file>
      <file name="generic-resolver.type.ts" path="C:\Users\nn\Desktop\code\nestjs-yalc\ag-grid\src\generic-resolver.type.ts">
        <metrics statements="17" coveredstatements="17" conditionals="24" coveredconditionals="12" methods="14" coveredmethods="7"/>
        <line num="100" count="3" type="stmt"/>
        <line num="101" count="27" type="stmt"/>
        <line num="103" count="3" type="stmt"/>
        <line num="106" count="3" type="stmt"/>
        <line num="107" count="3" type="stmt"/>
        <line num="109" count="3" type="stmt"/>
        <line num="110" count="7" type="cond" truecount="2" falsecount="2"/>
        <line num="111" count="2" type="stmt"/>
        <line num="114" count="3" type="stmt"/>
        <line num="117" count="3" type="stmt"/>
        <line num="119" count="3" type="stmt"/>
        <line num="120" count="26" type="stmt"/>
        <line num="122" count="3" type="stmt"/>
        <line num="125" count="6" type="cond" truecount="4" falsecount="0"/>
        <line num="131" count="3" type="stmt"/>
        <line num="137" count="127" type="cond" truecount="2" falsecount="2"/>
        <line num="139" count="126" type="stmt"/>
      </file>
      <file name="generic-service.service.ts" path="C:\Users\nn\Desktop\code\nestjs-yalc\ag-grid\src\generic-service.service.ts">
        <metrics statements="92" coveredstatements="86" conditionals="112" coveredconditionals="53" methods="39" coveredmethods="21"/>
        <line num="1" count="3" type="stmt"/>
        <line num="5" count="3" type="stmt"/>
        <line num="11" count="3" type="stmt"/>
        <line num="12" count="3" type="stmt"/>
        <line num="13" count="3" type="stmt"/>
        <line num="15" count="3" type="stmt"/>
        <line num="23" count="3" type="stmt"/>
        <line num="26" count="3" type="stmt"/>
        <line num="27" count="3" type="stmt"/>
        <line num="28" count="3" type="stmt"/>
        <line num="29" count="3" type="stmt"/>
        <line num="40" count="3" type="stmt"/>
        <line num="47" count="6" type="cond" truecount="2" falsecount="2"/>
        <line num="49" count="6" type="stmt"/>
        <line num="59" count="2" type="stmt"/>
        <line num="71" count="3" type="stmt"/>
        <line num="72" count="5" type="stmt"/>
        <line num="80" count="3" type="stmt"/>
        <line num="83" count="11" type="stmt"/>
        <line num="84" count="4" type="cond" truecount="2" falsecount="2"/>
        <line num="85" count="3" type="stmt"/>
        <line num="87" count="1" type="stmt"/>
        <line num="95" count="3" type="stmt"/>
        <line num="110" count="42" type="stmt"/>
        <line num="113" count="42" type="stmt"/>
        <line num="118" count="42" type="stmt"/>
        <line num="119" count="42" type="stmt"/>
        <line num="127" count="3" type="stmt"/>
        <line num="128" count="3" type="stmt"/>
        <line num="129" count="3" type="stmt"/>
        <line num="133" count="3" type="stmt"/>
        <line num="147" count="1" type="stmt"/>
        <line num="148" count="1" type="stmt"/>
        <line num="156" count="4" type="stmt"/>
        <line num="166" count="4" type="stmt"/>
        <line num="173" count="8" type="stmt"/>
        <line num="180" count="4" type="stmt"/>
        <line num="209" count="5" type="cond" truecount="2" falsecount="2"/>
        <line num="210" count="5" type="cond" truecount="2" falsecount="2"/>
        <line num="212" count="5" type="cond" truecount="2" falsecount="2"/>
        <line num="231" count="1" type="stmt"/>
        <line num="283" count="4" type="cond" truecount="2" falsecount="2"/>
        <line num="285" count="4" type="cond" truecount="2" falsecount="2"/>
        <line num="322" count="4" type="stmt"/>
        <line num="323" count="4" type="stmt"/>
        <line num="324" count="4" type="cond" truecount="2" falsecount="2"/>
        <line num="325" count="1" type="stmt"/>
        <line num="326" count="1" type="stmt"/>
        <line num="327" count="1" type="stmt"/>
        <line num="330" count="4" type="stmt"/>
        <line num="331" count="4" type="stmt"/>
        <line num="338" count="3" type="stmt"/>
        <line num="339" count="3" type="stmt"/>
        <line num="341" count="3" type="cond" truecount="2" falsecount="2"/>
        <line num="376" count="4" type="stmt"/>
        <line num="382" count="4" type="stmt"/>
        <line num="383" count="4" type="stmt"/>
        <line num="384" count="4" type="cond" truecount="2" falsecount="2"/>
        <line num="385" count="1" type="stmt"/>
        <line num="386" count="1" type="stmt"/>
        <line num="387" count="1" type="stmt"/>
        <line num="390" count="4" type="stmt"/>
        <line num="392" count="4" type="stmt"/>
        <line num="399" count="3" type="stmt"/>
        <line num="400" count="3" type="stmt"/>
        <line num="402" count="3" type="cond" truecount="2" falsecount="2"/>
        <line num="421" count="3" type="stmt"/>
        <line num="423" count="3" type="stmt"/>
        <line num="425" count="3" type="stmt"/>
        <line num="429" count="1" type="cond" truecount="2" falsecount="2"/>
        <line num="441" count="8" type="stmt"/>
        <line num="446" count="8" type="cond" truecount="2" falsecount="2"/>
        <line num="447" count="1" type="stmt"/>
        <line num="449" count="7" type="cond" truecount="2" falsecount="2"/>
        <line num="450" count="1" type="stmt"/>
        <line num="452" count="6" type="stmt"/>
        <line num="480" count="5" type="cond" truecount="2" falsecount="2"/>
        <line num="481" count="5" type="cond" truecount="2" falsecount="2"/>
        <line num="483" count="5" type="cond" truecount="2" falsecount="2"/>
        <line num="498" count="18" type="stmt"/>
        <line num="500" count="18" type="cond" truecount="4" falsecount="4"/>
        <line num="501" count="15" type="stmt"/>
        <line num="503" count="3" type="stmt"/>
        <line num="505" count="3" type="stmt"/>
        <line num="507" count="3" type="stmt"/>
        <line num="508" count="0" type="stmt"/>
        <line num="510" count="0" type="cond" truecount="0" falsecount="8"/>
        <line num="511" count="0" type="stmt"/>
        <line num="514" count="0" type="stmt"/>
        <line num="517" count="0" type="stmt"/>
        <line num="519" count="0" type="stmt"/>
        <line num="522" count="3" type="stmt"/>
      </file>
      <file name="gqlfields.decorator.ts" path="C:\Users\nn\Desktop\code\nestjs-yalc\ag-grid\src\gqlfields.decorator.ts">
        <metrics statements="63" coveredstatements="59" conditionals="73" coveredconditionals="35" methods="7" coveredmethods="6"/>
        <line num="1" count="7" type="stmt"/>
        <line num="2" count="7" type="stmt"/>
        <line num="9" count="7" type="stmt"/>
        <line num="11" count="7" type="stmt"/>
        <line num="12" count="7" type="stmt"/>
        <line num="27" count="7" type="stmt"/>
        <line num="31" count="35" type="stmt"/>
        <line num="36" count="35" type="stmt"/>
        <line num="41" count="35" type="stmt"/>
        <line num="43" count="35" type="stmt"/>
        <line num="49" count="135" type="cond" truecount="4" falsecount="4"/>
        <line num="55" count="135" type="cond" truecount="4" falsecount="4"/>
        <line num="57" count="128" type="cond" truecount="2" falsecount="2"/>
        <line num="58" count="18" type="stmt"/>
        <line num="62" count="27" type="cond" truecount="2" falsecount="2"/>
        <line num="63" count="16" type="stmt"/>
        <line num="64" count="16" type="cond" truecount="2" falsecount="2"/>
        <line num="65" count="2" type="stmt"/>
        <line num="67" count="2" type="cond" truecount="2" falsecount="2"/>
        <line num="68" count="1" type="stmt"/>
        <line num="69" count="1" type="stmt"/>
        <line num="72" count="1" type="stmt"/>
        <line num="73" count="1" type="stmt"/>
        <line num="76" count="1" type="stmt"/>
        <line num="77" count="0" type="stmt"/>
        <line num="78" count="0" type="stmt"/>
        <line num="79" count="0" type="cond" truecount="0" falsecount="6"/>
        <line num="80" count="0" type="stmt"/>
        <line num="89" count="15" type="stmt"/>
        <line num="92" count="11" type="cond" truecount="2" falsecount="2"/>
        <line num="93" count="8" type="stmt"/>
        <line num="94" count="8" type="stmt"/>
        <line num="98" count="3" type="stmt"/>
        <line num="103" count="3" type="stmt"/>
        <line num="108" count="3" type="cond" truecount="2" falsecount="2"/>
        <line num="110" count="3" type="stmt"/>
        <line num="112" count="3" type="stmt"/>
        <line num="118" count="3" type="stmt"/>
        <line num="120" count="18" type="stmt"/>
        <line num="123" count="110" type="stmt"/>
        <line num="124" count="110" type="stmt"/>
        <line num="125" count="110" type="stmt"/>
        <line num="131" count="110" type="cond" truecount="4" falsecount="4"/>
        <line num="132" count="2" type="stmt"/>
        <line num="138" count="2" type="stmt"/>
        <line num="141" count="108" type="stmt"/>
        <line num="151" count="35" type="stmt"/>
        <line num="152" count="125" type="stmt"/>
        <line num="159" count="35" type="stmt"/>
        <line num="160" count="58" type="stmt"/>
        <line num="161" count="58" type="cond" truecount="2" falsecount="2"/>
        <line num="162" count="40" type="cond" truecount="2" falsecount="2"/>
        <line num="163" count="6" type="cond" truecount="2" falsecount="2"/>
        <line num="165" count="4" type="stmt"/>
        <line num="170" count="4" type="stmt"/>
        <line num="173" count="34" type="cond" truecount="2" falsecount="2"/>
        <line num="180" count="35" type="stmt"/>
        <line num="182" count="35" type="stmt"/>
        <line num="185" count="7" type="stmt"/>
        <line num="189" count="2" type="stmt"/>
        <line num="190" count="2" type="stmt"/>
        <line num="191" count="2" type="stmt"/>
        <line num="194" count="7" type="stmt"/>
      </file>
      <file name="gqlmapper.decorator.ts" path="C:\Users\nn\Desktop\code\nestjs-yalc\ag-grid\src\gqlmapper.decorator.ts">
        <metrics statements="25" coveredstatements="25" conditionals="24" coveredconditionals="13" methods="4" coveredmethods="4"/>
        <line num="3" count="4" type="stmt"/>
        <line num="4" count="4" type="stmt"/>
        <line num="11" count="4" type="stmt"/>
        <line num="36" count="4" type="stmt"/>
        <line num="40" count="3" type="stmt"/>
        <line num="41" count="3" type="stmt"/>
        <line num="42" count="2" type="stmt"/>
        <line num="43" count="2" type="stmt"/>
        <line num="45" count="3" type="stmt"/>
        <line num="48" count="4" type="stmt"/>
        <line num="52" count="4" type="stmt"/>
        <line num="53" count="4" type="stmt"/>
        <line num="55" count="4" type="cond" truecount="2" falsecount="0"/>
        <line num="57" count="4" type="cond" truecount="3" falsecount="3"/>
        <line num="59" count="4" type="cond" truecount="4" falsecount="4"/>
        <line num="60" count="1" type="stmt"/>
        <line num="62" count="1" type="stmt"/>
        <line num="65" count="3" type="stmt"/>
        <line num="68" count="4" type="stmt"/>
        <line num="74" count="4" type="stmt"/>
        <line num="75" count="100" type="cond" truecount="4" falsecount="4"/>
        <line num="76" count="100" type="stmt"/>
        <line num="77" count="100" type="stmt"/>
        <line num="78" count="100" type="stmt"/>
        <line num="79" count="100" type="stmt"/>
      </file>
      <file name="missing-arguments.error.ts" path="C:\Users\nn\Desktop\code\nestjs-yalc\ag-grid\src\missing-arguments.error.ts">
        <metrics statements="6" coveredstatements="6" conditionals="4" coveredconditionals="2" methods="2" coveredmethods="2"/>
        <line num="1" count="8" type="stmt"/>
        <line num="2" count="8" type="stmt"/>
        <line num="4" count="8" type="stmt"/>
        <line num="6" count="4" type="stmt"/>
        <line num="10" count="8" type="stmt"/>
        <line num="12" count="3" type="cond" truecount="2" falsecount="2"/>
      </file>
[...]
        <line num="5" count="4" type="stmt"/>
        <line num="7" count="3" type="cond" truecount="2" falsecount="2"/>
        <line num="9" count="2" type="cond" truecount="2" falsecount="0"/>
        <line num="10" count="4" type="cond" truecount="0" falsecount="2"/>
        <line num="14" count="4" type="stmt"/>
        <line num="15" count="4" type="cond" truecount="2" falsecount="2"/>
        <line num="17" count="3" type="stmt"/>
        <line num="18" count="3" type="cond" truecount="3" falsecount="3"/>
        <line num="27" count="4" type="cond" truecount="1" falsecount="0"/>
        <line num="28" count="4" type="cond" truecount="3" falsecount="0"/>
        <line num="32" count="5" type="stmt"/>
      </file>
      <file name="error.helper.ts" path="C:\Users\nn\Desktop\code\nestjs-yalc\utils\src\error.helper.ts">
        <metrics statements="4" coveredstatements="4" conditionals="4" coveredconditionals="2" methods="2" coveredmethods="1"/>
        <line num="6" count="3" type="stmt"/>
        <line num="7" count="2" type="cond" truecount="2" falsecount="2"/>
        <line num="8" count="1" type="stmt"/>
        <line num="10" count="1" type="stmt"/>
      </file>
      <file name="faker-helper.ts" path="C:\Users\nn\Desktop\code\nestjs-yalc\utils\src\faker-helper.ts">
        <metrics statements="38" coveredstatements="38" conditionals="22" coveredconditionals="11" methods="11" coveredmethods="7"/>
        <line num="1" count="1" type="stmt"/>
        <line num="6" count="1" type="stmt"/>
        <line num="7" count="1" type="stmt"/>
        <line num="9" count="1" type="stmt"/>
        <line num="10" count="2" type="stmt"/>
        <line num="15" count="2" type="cond" truecount="1" falsecount="3"/>
        <line num="16" count="2" type="stmt"/>
        <line num="17" count="2" type="stmt"/>
        <line num="19" count="2" type="stmt"/>
        <line num="28" count="9" type="stmt"/>
        <line num="30" count="9" type="stmt"/>
        <line num="31" count="12" type="stmt"/>
        <line num="33" count="12" type="cond" truecount="2" falsecount="2"/>
        <line num="34" count="8" type="stmt"/>
        <line num="35" count="8" type="stmt"/>
        <line num="38" count="4" type="cond" truecount="2" falsecount="2"/>
        <line num="39" count="1" type="stmt"/>
        <line num="43" count="1" type="stmt"/>
        <line num="48" count="1" type="stmt"/>
        <line num="49" count="1" type="stmt"/>
        <line num="55" count="1" type="stmt"/>
        <line num="56" count="1" type="stmt"/>
        <line num="59" count="2" type="stmt"/>
        <line num="60" count="1" type="stmt"/>
        <line num="67" count="2" type="cond" truecount="2" falsecount="0"/>
        <line num="68" count="2" type="stmt"/>
        <line num="69" count="2" type="stmt"/>
        <line num="71" count="2" type="stmt"/>
        <line num="74" count="2" type="stmt"/>
        <line num="77" count="2" type="stmt"/>
        <line num="81" count="2" type="stmt"/>
        <line num="88" count="2" type="stmt"/>
        <line num="89" count="3" type="stmt"/>
        <line num="90" count="3" type="cond" truecount="2" falsecount="2"/>
        <line num="91" count="1" type="stmt"/>
        <line num="92" count="2" type="cond" truecount="2" falsecount="2"/>
        <line num="93" count="1" type="stmt"/>
        <line num="95" count="1" type="stmt"/>
      </file>
      <file name="files.helper.ts" path="C:\Users\nn\Desktop\code\nestjs-yalc\utils\src\files.helper.ts">
        <metrics statements="6" coveredstatements="6" conditionals="0" coveredconditionals="0" methods="4" coveredmethods="2"/>
        <line num="1" count="3" type="stmt"/>
        <line num="2" count="3" type="stmt"/>
        <line num="9" count="3" type="stmt"/>
        <line num="10" count="2" type="stmt"/>
        <line num="18" count="3" type="stmt"/>
        <line num="19" count="1" type="stmt"/>
      </file>
      <file name="http.helper.ts" path="C:\Users\nn\Desktop\code\nestjs-yalc\utils\src\http.helper.ts">
        <metrics statements="7" coveredstatements="7" conditionals="5" coveredconditionals="3" methods="1" coveredmethods="1"/>
        <line num="1" count="4" type="stmt"/>
        <line num="24" count="4" type="stmt"/>
        <line num="26" count="4" type="stmt"/>
        <line num="36" count="4" type="stmt"/>
        <line num="124" count="4" type="stmt"/>
        <line num="128" count="2" type="cond" truecount="2" falsecount="2"/>
        <line num="131" count="4" type="stmt"/>
      </file>
      <file name="index.ts" path="C:\Users\nn\Desktop\code\nestjs-yalc\utils\src\index.ts">
        <metrics statements="21" coveredstatements="21" conditionals="0" coveredconditionals="0" methods="0" coveredmethods="0"/>
        <line num="1" count="2" type="stmt"/>
        <line num="2" count="2" type="stmt"/>
        <line num="3" count="2" type="stmt"/>
        <line num="4" count="2" type="stmt"/>
        <line num="5" count="2" type="stmt"/>
        <line num="6" count="2" type="stmt"/>
        <line num="7" count="2" type="stmt"/>
        <line num="8" count="2" type="stmt"/>
        <line num="10" count="2" type="stmt"/>
        <line num="11" count="2" type="stmt"/>
        <line num="12" count="2" type="stmt"/>
        <line num="13" count="2" type="stmt"/>
        <line num="14" count="2" type="stmt"/>
        <line num="16" count="2" type="stmt"/>
        <line num="17" count="2" type="stmt"/>
        <line num="18" count="2" type="stmt"/>
        <line num="19" count="2" type="stmt"/>
        <line num="20" count="2" type="stmt"/>
        <line num="21" count="2" type="stmt"/>
        <line num="22" count="2" type="stmt"/>
        <line num="23" count="2" type="stmt"/>
      </file>
      <file name="interval.helper.ts" path="C:\Users\nn\Desktop\code\nestjs-yalc\utils\src\interval.helper.ts">
        <metrics statements="4" coveredstatements="4" conditionals="0" coveredconditionals="0" methods="6" coveredmethods="3"/>
        <line num="1" count="3" type="stmt"/>
        <line num="3" count="1" type="stmt"/>
        <line num="7" count="1" type="stmt"/>
        <line num="11" count="1" type="stmt"/>
      </file>
      <file name="math.helper.ts" path="C:\Users\nn\Desktop\code\nestjs-yalc\utils\src\math.helper.ts">
        <metrics statements="3" coveredstatements="3" conditionals="0" coveredconditionals="0" methods="2" coveredmethods="1"/>
        <line num="1" count="3" type="stmt"/>
        <line num="2" count="2" type="stmt"/>
        <line num="3" count="2" type="stmt"/>
      </file>
      <file name="nest.decorator.ts" path="C:\Users\nn\Desktop\code\nestjs-yalc\utils\src\nest.decorator.ts">
        <metrics statements="4" coveredstatements="0" conditionals="0" coveredconditionals="0" methods="1" coveredmethods="0"/>
        <line num="1" count="0" type="stmt"/>
        <line num="3" count="0" type="stmt"/>
        <line num="7" count="0" type="stmt"/>
        <line num="10" count="0" type="stmt"/>
      </file>
      <file name="object-mapper.helper.ts" path="C:\Users\nn\Desktop\code\nestjs-yalc\utils\src\object-mapper.helper.ts">
        <metrics statements="26" coveredstatements="26" conditionals="37" coveredconditionals="19" methods="5" coveredmethods="3"/>
        <line num="56" count="5" type="cond" truecount="2" falsecount="2"/>
        <line num="57" count="2" type="stmt"/>
        <line num="59" count="3" type="stmt"/>
        <line num="62" count="5" type="cond" truecount="2" falsecount="2"/>
        <line num="64" count="4" type="cond" truecount="2" falsecount="2"/>
        <line num="75" count="4" type="stmt"/>
        <line num="85" count="12" type="stmt"/>
        <line num="86" count="12" type="stmt"/>
        <line num="87" count="26" type="cond" truecount="2" falsecount="2"/>
        <line num="88" count="1" type="stmt"/>
        <line num="92" count="1" type="stmt"/>
        <line num="93" count="1" type="stmt"/>
        <line num="96" count="25" type="stmt"/>
        <line num="99" count="25" type="cond" truecount="2" falsecount="2"/>
        <line num="106" count="5" type="cond" truecount="2" falsecount="2"/>
        <line num="107" count="1" type="stmt"/>
        <line num="111" count="5" type="stmt"/>
        <line num="115" count="20" type="cond" truecount="2" falsecount="2"/>
        <line num="118" count="19" type="cond" truecount="2" falsecount="2"/>
        <line num="119" count="15" type="stmt"/>
        <line num="122" count="15" type="stmt"/>
        <line num="125" count="4" type="stmt"/>
        <line num="133" count="6" type="stmt"/>
        <line num="135" count="6" type="cond" truecount="2" falsecount="2"/>
        <line num="137" count="5" type="stmt"/>
        <line num="147" count="12" type="stmt"/>
      </file>
      <file name="object-mapper.interceptor.ts" path="C:\Users\nn\Desktop\code\nestjs-yalc\utils\src\object-mapper.interceptor.ts">
        <metrics statements="14" coveredstatements="13" conditionals="17" coveredconditionals="9" methods="6" coveredmethods="4"/>
        <line num="1" count="3" type="stmt"/>
        <line num="7" count="3" type="stmt"/>
        <line num="8" count="3" type="stmt"/>
        <line num="10" count="3" type="stmt"/>
        <line num="26" count="0" type="stmt"/>
        <line num="27" count="4" type="stmt"/>
        <line num="29" count="4" type="stmt"/>
        <line num="31" count="4" type="cond" truecount="2" falsecount="2"/>
        <line num="35" count="4" type="cond" truecount="2" falsecount="2"/>
        <line num="36" count="2" type="stmt"/>
        <line num="37" count="1" type="cond" truecount="2" falsecount="2"/>
        <line num="40" count="3" type="stmt"/>
        <line num="44" count="3" type="cond" truecount="2" falsecount="2"/>
        <line num="50" count="4" type="stmt"/>
      </file>
      <file name="object.helper.ts" path="C:\Users\nn\Desktop\code\nestjs-yalc\utils\src\object.helper.ts">
        <metrics statements="51" coveredstatements="51" conditionals="62" coveredconditionals="31" methods="14" coveredmethods="10"/>
        <line num="19" count="4" type="stmt"/>
        <line num="20" count="66" type="cond" truecount="2" falsecount="2"/>
        <line num="28" count="4" type="stmt"/>
        <line num="29" count="13" type="cond" truecount="4" falsecount="0"/>
        <line num="44" count="4" type="stmt"/>
        <line num="50" count="13" type="cond" truecount="2" falsecount="2"/>
        <line num="51" count="1" type="stmt"/>
        <line num="54" count="12" type="stmt"/>
        <line num="56" count="12" type="cond" truecount="2" falsecount="2"/>
        <line num="57" count="11" type="stmt"/>
        <line num="59" count="11" type="stmt"/>
        <line num="60" count="11" type="stmt"/>
        <line num="62" count="11" type="cond" truecount="2" falsecount="2"/>
        <line num="63" count="10" type="stmt"/>
        <line num="64" count="16" type="cond" truecount="2" falsecount="2"/>
        <line num="65" count="15" type="cond" truecount="4" falsecount="4"/>
        <line num="66" count="5" type="cond" truecount="4" falsecount="4"/>
        <line num="67" count="2" type="stmt"/>
        <line num="69" count="5" type="stmt"/>
        <line num="71" count="10" type="cond" truecount="2" falsecount="2"/>
        <line num="77" count="2" type="stmt"/>
        <line num="79" count="8" type="stmt"/>
        <line num="88" count="12" type="stmt"/>
        <line num="97" count="4" type="stmt"/>
        <line num="101" count="6" type="stmt"/>
        <line num="110" count="4" type="stmt"/>
        <line num="114" count="1" type="stmt"/>
        <line num="127" count="4" type="stmt"/>
        <line num="132" count="3" type="stmt"/>
        <line num="133" count="3" type="stmt"/>
        <line num="134" count="3" type="stmt"/>
        <line num="135" count="3" type="stmt"/>
        <line num="136" count="2" type="stmt"/>
        <line num="137" count="2" type="cond" truecount="2" falsecount="2"/>
        <line num="138" count="2" type="stmt"/>
        <line num="141" count="3" type="stmt"/>
        <line num="143" count="3" type="stmt"/>
        <line num="146" count="4" type="stmt"/>
        <line num="147" count="2" type="stmt"/>
        <line num="148" count="4" type="stmt"/>
        <line num="151" count="2" type="stmt"/>
        <line num="152" count="3" type="stmt"/>
        <line num="155" count="4" type="stmt"/>
        <line num="157" count="4" type="stmt"/>
        <line num="161" count="4" type="stmt"/>
        <line num="164" count="3" type="stmt"/>
        <line num="165" count="3" type="cond" truecount="2" falsecount="2"/>
        <line num="166" count="2" type="stmt"/>
        <line num="167" count="2" type="stmt"/>
        <line num="169" count="2" type="stmt"/>
        <line num="172" count="1" type="stmt"/>
      </file>
      <file name="plugin.helper.ts" path="C:\Users\nn\Desktop\code\nestjs-yalc\utils\src\plugin.helper.ts">
        <metrics statements="9" coveredstatements="9" conditionals="1" coveredconditionals="1" methods="10" coveredmethods="6"/>
        <line num="3" count="4" type="stmt"/>
        <line num="20" count="4" type="stmt"/>
        <line num="23" count="12" type="stmt"/>
        <line num="24" count="6" type="stmt"/>
        <line num="27" count="5" type="stmt"/>
        <line num="31" count="1" type="stmt"/>
        <line num="35" count="2" type="stmt"/>
        <line num="36" count="3" type="stmt"/>
        <line num="41" count="12" type="stmt"/>
      </file>
      <file name="promise.helper.ts" path="C:\Users\nn\Desktop\code\nestjs-yalc\utils\src\promise.helper.ts">
        <metrics statements="15" coveredstatements="15" conditionals="8" coveredconditionals="4" methods="17" coveredmethods="10"/>
        <line num="2" count="4" type="stmt"/>
        <line num="4" count="4" type="stmt"/>
        <line num="15" count="4" type="stmt"/>
        <line num="20" count="2" type="stmt"/>
        <line num="29" count="4" type="stmt"/>
        <line num="30" count="7" type="stmt"/>
        <line num="31" count="7" type="stmt"/>
        <line num="34" count="4" type="stmt"/>
        <line num="35" count="4" type="stmt"/>
        <line num="36" count="4" type="stmt"/>
        <line num="47" count="1" type="stmt"/>
        <line num="52" count="5" type="stmt"/>
        <line num="56" count="3" type="stmt"/>
        <line num="58" count="2" type="stmt"/>
        <line num="65" count="4" type="stmt"/>
      </file>
      <file name="returnValue.ts" path="C:\Users\nn\Desktop\code\nestjs-yalc\utils\src\returnValue.ts">
        <metrics statements="7" coveredstatements="7" conditionals="0" coveredconditionals="0" methods="10" coveredmethods="6"/>
        <line num="7" count="3" type="stmt"/>
        <line num="8" count="6" type="stmt"/>
        <line num="11" count="3" type="stmt"/>
        <line num="14" count="1" type="stmt"/>
        <line num="20" count="3" type="stmt"/>
        <line num="23" count="2" type="stmt"/>
        <line num="26" count="3" type="stmt"/>
      </file>
      <file name="rxjs.helper.ts" path="C:\Users\nn\Desktop\code\nestjs-yalc\utils\src\rxjs.helper.ts">
        <metrics statements="20" coveredstatements="20" conditionals="24" coveredconditionals="12" methods="9" coveredmethods="6"/>
        <line num="2" count="3" type="stmt"/>
        <line num="13" count="3" type="stmt"/>
        <line num="14" count="3" type="stmt"/>
        <line num="27" count="3" type="stmt"/>
        <line num="30" count="4" type="cond" truecount="4" falsecount="4"/>
        <line num="31" count="1" type="stmt"/>
        <line num="34" count="3" type="cond" truecount="2" falsecount="2"/>
        <line num="35" count="1" type="stmt"/>
        <line num="38" count="2" type="cond" truecount="2" falsecount="2"/>
        <line num="39" count="1" type="stmt"/>
        <line num="42" count="1" type="stmt"/>
        <line num="45" count="3" type="stmt"/>
        <line num="48" count="2" type="cond" truecount="2" falsecount="2"/>
        <line num="49" count="1" type="stmt"/>
        <line num="52" count="1" type="stmt"/>
        <line num="59" count="3" type="stmt"/>
        <line num="62" count="3" type="stmt"/>
        <line num="63" count="3" type="stmt"/>
        <line num="65" count="3" type="stmt"/>
        <line num="68" count="3" type="cond" truecount="2" falsecount="2"/>
      </file>
      <file name="simple-mapper.interceptor.ts" path="C:\Users\nn\Desktop\code\nestjs-yalc\utils\src\simple-mapper.interceptor.ts">
        <metrics statements="11" coveredstatements="10" conditionals="12" coveredconditionals="6" methods="6" coveredmethods="4"/>
        <line num="1" count="3" type="stmt"/>
        <line num="7" count="3" type="stmt"/>
        <line num="16" count="3" type="stmt"/>
        <line num="23" count="0" type="stmt"/>
        <line num="24" count="4" type="stmt"/>
        <line num="29" count="2" type="stmt"/>
        <line num="31" count="2" type="cond" truecount="2" falsecount="2"/>
        <line num="32" count="2" type="cond" truecount="2" falsecount="2"/>
        <line num="33" count="2" type="stmt"/>
        <line num="36" count="2" type="cond" truecount="2" falsecount="2"/>
        <line num="42" count="4" type="stmt"/>
      </file>
      <file name="validator-helper.ts" path="C:\Users\nn\Desktop\code\nestjs-yalc\utils\src\validator-helper.ts">
        <metrics statements="11" coveredstatements="11" conditionals="16" coveredconditionals="8" methods="4" coveredmethods="2"/>
        <line num="1" count="2" type="stmt"/>
        <line num="3" count="2" type="stmt"/>
        <line num="6" count="3" type="cond" truecount="2" falsecount="2"/>
        <line num="7" count="1" type="stmt"/>
        <line num="9" count="2" type="cond" truecount="2" falsecount="2"/>
        <line num="10" count="2" type="stmt"/>
        <line num="13" count="2" type="stmt"/>
        <line num="17" count="9" type="stmt"/>
        <line num="18" count="14" type="cond" truecount="2" falsecount="2"/>
        <line num="22" count="5" type="stmt"/>
        <line num="25" count="4" type="stmt"/>
      </file>
      <file name="zlib.helper.ts" path="C:\Users\nn\Desktop\code\nestjs-yalc\utils\src\zlib.helper.ts">
        <metrics statements="11" coveredstatements="11" conditionals="0" coveredconditionals="0" methods="2" coveredmethods="2"/>
        <line num="1" count="3" type="stmt"/>
        <line num="3" count="3" type="stmt"/>
        <line num="4" count="2" type="stmt"/>
        <line num="5" count="2" type="stmt"/>
        <line num="6" count="1" type="stmt"/>
        <line num="8" count="1" type="stmt"/>
        <line num="12" count="3" type="stmt"/>
        <line num="13" count="2" type="stmt"/>
        <line num="14" count="2" type="stmt"/>
        <line num="15" count="1" type="stmt"/>
        <line num="17" count="1" type="stmt"/>
      </file>
    </package>
    <package name="utils.src.nestjs">
      <metrics statements="6" coveredstatements="6" conditionals="6" coveredconditionals="3" methods="3" coveredmethods="2"/>
      <file name="nest.decorator.ts" path="C:\Users\nn\Desktop\code\nestjs-yalc\utils\src\nestjs\nest.decorator.ts">
        <metrics statements="4" coveredstatements="4" conditionals="0" coveredconditionals="0" methods="1" coveredmethods="1"/>
        <line num="1" count="3" type="stmt"/>
        <line num="3" count="3" type="stmt"/>
        <line num="7" count="1" type="stmt"/>
        <line num="10" count="3" type="stmt"/>
      </file>
      <file name="nest.helper.ts" path="C:\Users\nn\Desktop\code\nestjs-yalc\utils\src\nestjs\nest.helper.ts">
        <metrics statements="2" coveredstatements="2" conditionals="6" coveredconditionals="3" methods="2" coveredmethods="1"/>
        <line num="3" count="1" type="stmt"/>
        <line num="4" count="3" type="cond" truecount="3" falsecount="3"/>
      </file>
    </package>
  </project>
</coverage>
