{"total": {"lines":{"total":9672,"covered":8549,"skipped":0,"pct":88.38},"statements":{"total":16771,"covered":9248,"skipped":0,"pct":55.14},"functions":{"total":3227,"covered":1763,"skipped":0,"pct":54.63},"branches":{"total":10132,"covered":4538,"skipped":0,"pct":44.78},"branchesTrue":{"total":0,"covered":0,"skipped":0,"pct":100}}
,"C:\\Users\\nn\\Desktop\\code\\nestjs-yalc\\ag-grid\\src\\ag-grid-args.decorator.ts": {"lines":{"total":242,"covered":240,"skipped":0,"pct":99.17},"functions":{"total":42,"covered":28,"skipped":0,"pct":66.66},"statements":{"total":454,"covered":251,"skipped":0,"pct":55.28},"branches":{"total":343,"covered":177,"skipped":0,"pct":51.6}}
,"C:\\Users\\nn\\Desktop\\code\\nestjs-yalc\\ag-grid\\src\\ag-grid-factory.helper.ts": {"lines":{"total":33,"covered":33,"skipped":0,"pct":100},"functions":{"total":6,"covered":3,"skipped":0,"pct":50},"statements":{"total":57,"covered":33,"skipped":0,"pct":57.89},"branches":{"total":70,"covered":33,"skipped":0,"pct":47.14}}
,"C:\\Users\\nn\\Desktop\\code\\nestjs-yalc\\ag-grid\\src\\ag-grid-metadata.helper.ts": {"lines":{"total":78,"covered":78,"skipped":0,"pct":100},"functions":{"total":21,"covered":16,"skipped":0,"pct":76.19},"statements":{"total":154,"covered":85,"skipped":0,"pct":55.19},"branches":{"total":110,"covered":50,"skipped":0,"pct":45.45}}
,"C:\\Users\\nn\\Desktop\\code\\nestjs-yalc\\ag-grid\\src\\ag-grid-query.helper.ts": {"lines":{"total":110,"covered":110,"skipped":0,"pct":100},"functions":{"total":22,"covered":15,"skipped":0,"pct":68.18},"statements":{"total":212,"covered":118,"skipped":0,"pct":55.66},"branches":{"total":142,"covered":72,"skipped":0,"pct":50.7}}
,"C:\\Users\\nn\\Desktop\\code\\nestjs-yalc\\ag-grid\\src\\ag-grid-type-checker.utils.ts": {"lines":{"total":37,"covered":37,"skipped":0,"pct":100},"functions":{"total":22,"covered":11,"skipped":0,"pct":50},"statements":{"total":64,"covered":41,"skipped":0,"pct":64.06},"branches":{"total":84,"covered":42,"skipped":0,"pct":50}}
,"C:\\Users\\nn\\Desktop\\code\\nestjs-yalc\\ag-grid\\src\\ag-grid.args.ts": {"lines":{"total":26,"covered":24,"skipped":0,"pct":92.3},"functions":{"total":5,"covered":3,"skipped":0,"pct":60},"statements":{"total":39,"covered":26,"skipped":0,"pct":66.66},"branches":{"total":24,"covered":12,"skipped":0,"pct":50}}
,"C:\\Users\\nn\\Desktop\\code\\nestjs-yalc\\ag-grid\\src\\ag-grid.enum.ts": {"lines":{"total":74,"covered":71,"skipped":0,"pct":95.94},"functions":{"total":17,"covered":9,"skipped":0,"pct":52.94},"statements":{"total":108,"covered":73,"skipped":0,"pct":67.59},"branches":{"total":22,"covered":17,"skipped":0,"pct":77.27}}
,"C:\\Users\\nn\\Desktop\\code\\nestjs-yalc\\ag-grid\\src\\ag-grid.error.ts": {"lines":{"total":23,"covered":23,"skipped":0,"pct":100},"functions":{"total":17,"covered":10,"skipped":0,"pct":58.82},"statements":{"total":43,"covered":33,"skipped":0,"pct":76.74},"branches":{"total":8,"covered":4,"skipped":0,"pct":50}}
,"C:\\Users\\nn\\Desktop\\code\\nestjs-yalc\\ag-grid\\src\\ag-grid.input.ts": {"lines":{"total":107,"covered":77,"skipped":0,"pct":71.96},"functions":{"total":48,"covered":6,"skipped":0,"pct":12.5},"statements":{"total":178,"covered":96,"skipped":0,"pct":53.93},"branches":{"total":34,"covered":12,"skipped":0,"pct":35.29}}
,"C:\\Users\\nn\\Desktop\\code\\nestjs-yalc\\ag-grid\\src\\ag-grid.interceptor.ts": {"lines":{"total":10,"covered":10,"skipped":0,"pct":100},"functions":{"total":5,"covered":3,"skipped":0,"pct":60},"statements":{"total":17,"covered":12,"skipped":0,"pct":70.58},"branches":{"total":8,"covered":4,"skipped":0,"pct":50}}
,"C:\\Users\\nn\\Desktop\\code\\nestjs-yalc\\ag-grid\\src\\ag-grid.interface.ts": {"lines":{"total":1,"covered":0,"skipped":0,"pct":0},"functions":{"total":0,"covered":0,"skipped":0,"pct":100},"statements":{"total":1,"covered":0,"skipped":0,"pct":0},"branches":{"total":0,"covered":0,"skipped":0,"pct":100}}
,"C:\\Users\\nn\\Desktop\\code\\nestjs-yalc\\ag-grid\\src\\ag-grid.repository.ts": {"lines":{"total":102,"covered":102,"skipped":0,"pct":100},"functions":{"total":31,"covered":21,"skipped":0,"pct":67.74},"statements":{"total":193,"covered":107,"skipped":0,"pct":55.44},"branches":{"total":116,"covered":61,"skipped":0,"pct":52.58}}
,"C:\\Users\\nn\\Desktop\\code\\nestjs-yalc\\ag-grid\\src\\ag-grid.type.ts": {"lines":{"total":18,"covered":16,"skipped":0,"pct":88.88},"functions":{"total":3,"covered":2,"skipped":0,"pct":66.66},"statements":{"total":29,"covered":21,"skipped":0,"pct":72.41},"branches":{"total":4,"covered":2,"skipped":0,"pct":50}}
,"C:\\Users\\nn\\Desktop\\code\\nestjs-yalc\\ag-grid\\src\\conditions.error.ts": {"lines":{"total":5,"covered":5,"skipped":0,"pct":100},"functions":{"total":2,"covered":2,"skipped":0,"pct":100},"statements":{"total":7,"covered":7,"skipped":0,"pct":100},"branches":{"total":0,"covered":0,"skipped":0,"pct":100}}
,"C:\\Users\\nn\\Desktop\\code\\nestjs-yalc\\ag-grid\\src\\entity.error.ts": {"lines":{"total":15,"covered":15,"skipped":0,"pct":100},"functions":{"total":6,"covered":5,"skipped":0,"pct":83.33},"statements":{"total":27,"covered":19,"skipped":0,"pct":70.37},"branches":{"total":2,"covered":2,"skipped":0,"pct":100}}
,"C:\\Users\\nn\\Desktop\\code\\nestjs-yalc\\ag-grid\\src\\event.enum.ts": {"lines":{"total":3,"covered":0,"skipped":0,"pct":0},"functions":{"total":2,"covered":0,"skipped":0,"pct":0},"statements":{"total":5,"covered":0,"skipped":0,"pct":0},"branches":{"total":2,"covered":0,"skipped":0,"pct":0}}
,"C:\\Users\\nn\\Desktop\\code\\nestjs-yalc\\ag-grid\\src\\filter.scalar.ts": {"lines":{"total":30,"covered":30,"skipped":0,"pct":100},"functions":{"total":9,"covered":6,"skipped":0,"pct":66.66},"statements":{"total":57,"covered":33,"skipped":0,"pct":57.89},"branches":{"total":30,"covered":15,"skipped":0,"pct":50}}
,"C:\\Users\\nn\\Desktop\\code\\nestjs-yalc\\ag-grid\\src\\generic-mutation.resolver.ts": {"lines":{"total":61,"covered":57,"skipped":0,"pct":93.44},"functions":{"total":18,"covered":8,"skipped":0,"pct":44.44},"statements":{"total":103,"covered":58,"skipped":0,"pct":56.31},"branches":{"total":92,"covered":41,"skipped":0,"pct":44.56}}
,"C:\\Users\\nn\\Desktop\\code\\nestjs-yalc\\ag-grid\\src\\generic-query.resolver.ts": {"lines":{"total":95,"covered":95,"skipped":0,"pct":100},"functions":{"total":15,"covered":8,"skipped":0,"pct":53.33},"statements":{"total":166,"covered":96,"skipped":0,"pct":57.83},"branches":{"total":146,"covered":68,"skipped":0,"pct":46.57}}
,"C:\\Users\\nn\\Desktop\\code\\nestjs-yalc\\ag-grid\\src\\generic-resolver.resolver.ts": {"lines":{"total":63,"covered":57,"skipped":0,"pct":90.47},"functions":{"total":5,"covered":4,"skipped":0,"pct":80},"statements":{"total":103,"covered":60,"skipped":0,"pct":58.25},"branches":{"total":78,"covered":38,"skipped":0,"pct":48.71}}
,"C:\\Users\\nn\\Desktop\\code\\nestjs-yalc\\ag-grid\\src\\generic-resolver.type.ts": {"lines":{"total":17,"covered":17,"skipped":0,"pct":100},"functions":{"total":14,"covered":7,"skipped":0,"pct":50},"statements":{"total":29,"covered":18,"skipped":0,"pct":62.06},"branches":{"total":24,"covered":12,"skipped":0,"pct":50}}
,"C:\\Users\\nn\\Desktop\\code\\nestjs-yalc\\ag-grid\\src\\generic-service.service.ts": {"lines":{"total":92,"covered":86,"skipped":0,"pct":93.47},"functions":{"total":39,"covered":21,"skipped":0,"pct":53.84},"statements":{"total":175,"covered":93,"skipped":0,"pct":53.14},"branches":{"total":112,"covered":53,"skipped":0,"pct":47.32}}
,"C:\\Users\\nn\\Desktop\\code\\nestjs-yalc\\ag-grid\\src\\gqlfields.decorator.ts": {"lines":{"total":63,"covered":59,"skipped":0,"pct":93.65},"functions":{"total":7,"covered":6,"skipped":0,"pct":85.71},"statements":{"total":122,"covered":64,"skipped":0,"pct":52.45},"branches":{"total":73,"covered":35,"skipped":0,"pct":47.94}}
,"C:\\Users\\nn\\Desktop\\code\\nestjs-yalc\\ag-grid\\src\\gqlmapper.decorator.ts": {"lines":{"total":25,"covered":25,"skipped":0,"pct":100},"functions":{"total":4,"covered":4,"skipped":0,"pct":100},"statements":{"total":48,"covered":28,"skipped":0,"pct":58.33},"branches":{"total":24,"covered":13,"skipped":0,"pct":54.16}}
,"C:\\Users\\nn\\Desktop\\code\\nestjs-yalc\\ag-grid\\src\\missing-arguments.error.ts": {"lines":{"total":6,"covered":6,"skipped":0,"pct":100},"functions":{"total":2,"covered":2,"skipped":0,"pct":100},"statements":{"total":10,"covered":8,"skipped":0,"pct":80},"branches":{"total":4,"covered":2,"skipped":0,"pct":50}}
,"C:\\Users\\nn\\Desktop\\code\\nestjs-yalc\\ag-grid\\src\\object.decorator.ts": {"lines":{"total":52,"covered":50,"skipped":0,"pct":96.15},"functions":{"total":16,"covered":13,"skipped":0,"pct":81.25},"statements":{"total":103,"covered":59,"skipped":0,"pct":57.28},"branches":{"total":53,"covered":28,"skipped":0,"pct":52.83}}
,"C:\\Users\\nn\\Desktop\\code\\nestjs-yalc\\ag-grid\\src\\query-builder.helpers.ts": {"lines":{"total":25,"covered":25,"skipped":0,"pct":100},"functions":{"total":5,"covered":3,"skipped":0,"pct":60},"statements":{"total":45,"covered":27,"skipped":0,"pct":60},"branches":{"total":32,"covered":16,"skipped":0,"pct":50}}
,"C:\\Users\\nn\\Desktop\\code\\nestjs-yalc\\ag-grid\\src\\strings.enum.ts": {"lines":{"total":13,"covered":13,"skipped":0,"pct":100},"functions":{"total":4,"covered":2,"skipped":0,"pct":50},"statements":{"total":17,"covered":13,"skipped":0,"pct":76.47},"branches":{"total":4,"covered":4,"skipped":0,"pct":100}}
,"C:\\Users\\nn\\Desktop\\code\\nestjs-yalc\\ag-grid\\src\\transformer.helper.ts": {"lines":{"total":5,"covered":5,"skipped":0,"pct":100},"functions":{"total":3,"covered":2,"skipped":0,"pct":66.66},"statements":{"total":8,"covered":5,"skipped":0,"pct":62.5},"branches":{"total":4,"covered":2,"skipped":0,"pct":50}}
,"C:\\Users\\nn\\Desktop\\code\\nestjs-yalc\\api-strategy\\src\\context-call.service.ts": {"lines":{"total":8,"covered":8,"skipped":0,"pct":100},"functions":{"total":8,"covered":4,"skipped":0,"pct":50},"statements":{"total":11,"covered":8,"skipped":0,"pct":72.72},"branches":{"total":1,"covered":1,"skipped":0,"pct":100}}
,"C:\\Users\\nn\\Desktop\\code\\nestjs-yalc\\api-strategy\\src\\context-event.service.ts": {"lines":{"total":8,"covered":8,"skipped":0,"pct":100},"functions":{"total":8,"covered":4,"skipped":0,"pct":50},"statements":{"total":11,"covered":8,"skipped":0,"pct":72.72},"branches":{"total":1,"covered":1,"skipped":0,"pct":100}}
,"C:\\Users\\nn\\Desktop\\code\\nestjs-yalc\\api-strategy\\src\\header-whitelist.helper.ts": {"lines":{"total":5,"covered":5,"skipped":0,"pct":100},"functions":{"total":4,"covered":3,"skipped":0,"pct":75},"statements":{"total":9,"covered":5,"skipped":0,"pct":55.55},"branches":{"total":5,"covered":3,"skipped":0,"pct":60}}
,"C:\\Users\\nn\\Desktop\\code\\nestjs-yalc\\api-strategy\\src\\index.ts": {"lines":{"total":15,"covered":15,"skipped":0,"pct":100},"functions":{"total":0,"covered":0,"skipped":0,"pct":100},"statements":{"total":15,"covered":15,"skipped":0,"pct":100},"branches":{"total":0,"covered":0,"skipped":0,"pct":100}}
,"C:\\Users\\nn\\Desktop\\code\\nestjs-yalc\\api-strategy\\src\\strategy-selector.provider.ts": {"lines":{"total":31,"covered":31,"skipped":0,"pct":100},"functions":{"total":14,"covered":9,"skipped":0,"pct":64.28},"statements":{"total":52,"covered":31,"skipped":0,"pct":59.61},"branches":{"total":32,"covered":16,"skipped":0,"pct":50}}
,"C:\\Users\\nn\\Desktop\\code\\nestjs-yalc\\api-strategy\\src\\strategies\\composite-event.strategy.ts": {"lines":{"total":26,"covered":26,"skipped":0,"pct":100},"functions":{"total":12,"covered":7,"skipped":0,"pct":58.33},"statements":{"total":49,"covered":27,"skipped":0,"pct":55.1},"branches":{"total":25,"covered":13,"skipped":0,"pct":52}}
,"C:\\Users\\nn\\Desktop\\code\\nestjs-yalc\\api-strategy\\src\\strategies\\conditional-call.strategy.ts": {"lines":{"total":15,"covered":15,"skipped":0,"pct":100},"functions":{"total":19,"covered":10,"skipped":0,"pct":52.63},"statements":{"total":33,"covered":19,"skipped":0,"pct":57.57},"branches":{"total":21,"covered":11,"skipped":0,"pct":52.38}}
,"C:\\Users\\nn\\Desktop\\code\\nestjs-yalc\\api-strategy\\src\\strategies\\conditional-event.strategy.ts": {"lines":{"total":16,"covered":16,"skipped":0,"pct":100},"functions":{"total":9,"covered":5,"skipped":0,"pct":55.55},"statements":{"total":29,"covered":17,"skipped":0,"pct":58.62},"branches":{"total":25,"covered":13,"skipped":0,"pct":52}}
,"C:\\Users\\nn\\Desktop\\code\\nestjs-yalc\\api-strategy\\src\\strategies\\fallback-call.strategy.ts": {"lines":{"total":16,"covered":16,"skipped":0,"pct":100},"functions":{"total":14,"covered":9,"skipped":0,"pct":64.28},"statements":{"total":36,"covered":20,"skipped":0,"pct":55.55},"branches":{"total":13,"covered":7,"skipped":0,"pct":53.84}}
,"C:\\Users\\nn\\Desktop\\code\\nestjs-yalc\\api-strategy\\src\\strategies\\http-abstract-call.strategy.ts": {"lines":{"total":3,"covered":3,"skipped":0,"pct":100},"functions":{"total":4,"covered":2,"skipped":0,"pct":50},"statements":{"total":6,"covered":4,"skipped":0,"pct":66.66},"branches":{"total":0,"covered":0,"skipped":0,"pct":100}}
,"C:\\Users\\nn\\Desktop\\code\\nestjs-yalc\\api-strategy\\src\\strategies\\nest-http-call.strategy.ts": {"lines":{"total":25,"covered":25,"skipped":0,"pct":100},"functions":{"total":5,"covered":4,"skipped":0,"pct":80},"statements":{"total":42,"covered":27,"skipped":0,"pct":64.28},"branches":{"total":22,"covered":14,"skipped":0,"pct":63.63}}
,"C:\\Users\\nn\\Desktop\\code\\nestjs-yalc\\api-strategy\\src\\strategies\\nest-local-call.strategy.ts": {"lines":{"total":34,"covered":34,"skipped":0,"pct":100},"functions":{"total":5,"covered":4,"skipped":0,"pct":80},"statements":{"total":58,"covered":36,"skipped":0,"pct":62.06},"branches":{"total":34,"covered":20,"skipped":0,"pct":58.82}}
,"C:\\Users\\nn\\Desktop\\code\\nestjs-yalc\\api-strategy\\src\\strategies\\nest-local-event.strategy.ts": {"lines":{"total":9,"covered":9,"skipped":0,"pct":100},"functions":{"total":8,"covered":5,"skipped":0,"pct":62.5},"statements":{"total":17,"covered":11,"skipped":0,"pct":64.7},"branches":{"total":1,"covered":1,"skipped":0,"pct":100}}
,"C:\\Users\\nn\\Desktop\\code\\nestjs-yalc\\api-strategy\\src\\strategies\\rabbitmq-event.strategy.ts": {"lines":{"total":43,"covered":43,"skipped":0,"pct":100},"functions":{"total":24,"covered":13,"skipped":0,"pct":54.16},"statements":{"total":86,"covered":46,"skipped":0,"pct":53.48},"branches":{"total":52,"covered":26,"skipped":0,"pct":50}}
,"C:\\Users\\nn\\Desktop\\code\\nestjs-yalc\\api-strategy\\src\\strategies\\shadow-call.strategy.ts": {"lines":{"total":25,"covered":25,"skipped":0,"pct":100},"functions":{"total":20,"covered":14,"skipped":0,"pct":70},"statements":{"total":51,"covered":28,"skipped":0,"pct":54.9},"branches":{"total":21,"covered":11,"skipped":0,"pct":52.38}}
,"C:\\Users\\nn\\Desktop\\code\\nestjs-yalc\\app\\src\\app-bootstrap-base.helper.ts": {"lines":{"total":61,"covered":54,"skipped":0,"pct":88.52},"functions":{"total":32,"covered":14,"skipped":0,"pct":43.75},"statements":{"total":116,"covered":57,"skipped":0,"pct":49.13},"branches":{"total":22,"covered":10,"skipped":0,"pct":45.45}}
,"C:\\Users\\nn\\Desktop\\code\\nestjs-yalc\\app\\src\\app-bootstrap-standalone.helper.ts": {"lines":{"total":22,"covered":16,"skipped":0,"pct":72.72},"functions":{"total":5,"covered":3,"skipped":0,"pct":60},"statements":{"total":37,"covered":16,"skipped":0,"pct":43.24},"branches":{"total":4,"covered":1,"skipped":0,"pct":25}}
,"C:\\Users\\nn\\Desktop\\code\\nestjs-yalc\\app\\src\\app-bootstrap.helper.ts": {"lines":{"total":82,"covered":50,"skipped":0,"pct":60.97},"functions":{"total":27,"covered":8,"skipped":0,"pct":29.62},"statements":{"total":151,"covered":51,"skipped":0,"pct":33.77},"branches":{"total":74,"covered":19,"skipped":0,"pct":25.67}}
,"C:\\Users\\nn\\Desktop\\code\\nestjs-yalc\\app\\src\\app-config.service.ts": {"lines":{"total":19,"covered":19,"skipped":0,"pct":100},"functions":{"total":13,"covered":8,"skipped":0,"pct":61.53},"statements":{"total":31,"covered":20,"skipped":0,"pct":64.51},"branches":{"total":4,"covered":2,"skipped":0,"pct":50}}
,"C:\\Users\\nn\\Desktop\\code\\nestjs-yalc\\app\\src\\app-context.module.ts": {"lines":{"total":3,"covered":3,"skipped":0,"pct":100},"functions":{"total":0,"covered":0,"skipped":0,"pct":100},"statements":{"total":5,"covered":5,"skipped":0,"pct":100},"branches":{"total":0,"covered":0,"skipped":0,"pct":100}}
,"C:\\Users\\nn\\Desktop\\code\\nestjs-yalc\\app\\src\\app-context.service.ts": {"lines":{"total":5,"covered":5,"skipped":0,"pct":100},"functions":{"total":4,"covered":3,"skipped":0,"pct":75},"statements":{"total":10,"covered":7,"skipped":0,"pct":70},"branches":{"total":0,"covered":0,"skipped":0,"pct":100}}
,"C:\\Users\\nn\\Desktop\\code\\nestjs-yalc\\app\\src\\app-imports.factory.ts": {"lines":{"total":79,"covered":0,"skipped":0,"pct":0},"functions":{"total":17,"covered":0,"skipped":0,"pct":0},"statements":{"total":80,"covered":0,"skipped":0,"pct":0},"branches":{"total":51,"covered":0,"skipped":0,"pct":0}}
,"C:\\Users\\nn\\Desktop\\code\\nestjs-yalc\\app\\src\\app.events.ts": {"lines":{"total":4,"covered":4,"skipped":0,"pct":100},"functions":{"total":2,"covered":1,"skipped":0,"pct":50},"statements":{"total":6,"covered":4,"skipped":0,"pct":66.66},"branches":{"total":2,"covered":2,"skipped":0,"pct":100}}
,"C:\\Users\\nn\\Desktop\\code\\nestjs-yalc\\app\\src\\app.helper.ts": {"lines":{"total":14,"covered":14,"skipped":0,"pct":100},"functions":{"total":10,"covered":5,"skipped":0,"pct":50},"statements":{"total":28,"covered":18,"skipped":0,"pct":64.28},"branches":{"total":7,"covered":5,"skipped":0,"pct":71.42}}
,"C:\\Users\\nn\\Desktop\\code\\nestjs-yalc\\app\\src\\base-app-module.helper.ts": {"lines":{"total":104,"covered":104,"skipped":0,"pct":100},"functions":{"total":25,"covered":15,"skipped":0,"pct":60},"statements":{"total":183,"covered":108,"skipped":0,"pct":59.01},"branches":{"total":115,"covered":55,"skipped":0,"pct":47.82}}
,"C:\\Users\\nn\\Desktop\\code\\nestjs-yalc\\app\\src\\base-app.controller.ts": {"lines":{"total":16,"covered":16,"skipped":0,"pct":100},"functions":{"total":5,"covered":3,"skipped":0,"pct":60},"statements":{"total":26,"covered":18,"skipped":0,"pct":69.23},"branches":{"total":14,"covered":7,"skipped":0,"pct":50}}
,"C:\\Users\\nn\\Desktop\\code\\nestjs-yalc\\app\\src\\base-app.service.ts": {"lines":{"total":11,"covered":11,"skipped":0,"pct":100},"functions":{"total":5,"covered":3,"skipped":0,"pct":60},"statements":{"total":17,"covered":13,"skipped":0,"pct":76.47},"branches":{"total":12,"covered":4,"skipped":0,"pct":33.33}}
,"C:\\Users\\nn\\Desktop\\code\\nestjs-yalc\\app\\src\\cls.module.ts": {"lines":{"total":9,"covered":7,"skipped":0,"pct":77.77},"functions":{"total":3,"covered":0,"skipped":0,"pct":0},"statements":{"total":15,"covered":11,"skipped":0,"pct":73.33},"branches":{"total":4,"covered":0,"skipped":0,"pct":0}}
,"C:\\Users\\nn\\Desktop\\code\\nestjs-yalc\\app\\src\\def.const.ts": {"lines":{"total":10,"covered":10,"skipped":0,"pct":100},"functions":{"total":0,"covered":0,"skipped":0,"pct":100},"statements":{"total":20,"covered":10,"skipped":0,"pct":50},"branches":{"total":0,"covered":0,"skipped":0,"pct":100}}
,"C:\\Users\\nn\\Desktop\\code\\nestjs-yalc\\app\\src\\global.enum.ts": {"lines":{"total":5,"covered":5,"skipped":0,"pct":100},"functions":{"total":2,"covered":1,"skipped":0,"pct":50},"statements":{"total":7,"covered":5,"skipped":0,"pct":71.42},"branches":{"total":2,"covered":2,"skipped":0,"pct":100}}
,"C:\\Users\\nn\\Desktop\\code\\nestjs-yalc\\app\\src\\life-cycle-handler.service.ts": {"lines":{"total":14,"covered":14,"skipped":0,"pct":100},"functions":{"total":5,"covered":3,"skipped":0,"pct":60},"statements":{"total":23,"covered":16,"skipped":0,"pct":69.56},"branches":{"total":8,"covered":4,"skipped":0,"pct":50}}
,"C:\\Users\\nn\\Desktop\\code\\nestjs-yalc\\app\\src\\unwrap-result.interceptor.ts": {"lines":{"total":10,"covered":10,"skipped":0,"pct":100},"functions":{"total":3,"covered":2,"skipped":0,"pct":66.66},"statements":{"total":18,"covered":12,"skipped":0,"pct":66.66},"branches":{"total":18,"covered":9,"skipped":0,"pct":50}}
,"C:\\Users\\nn\\Desktop\\code\\nestjs-yalc\\apps\\ferrox-saas-backend\\src\\main.ts": {"lines":{"total":4,"covered":0,"skipped":0,"pct":0},"functions":{"total":1,"covered":0,"skipped":0,"pct":0},"statements":{"total":4,"covered":0,"skipped":0,"pct":0},"branches":{"total":4,"covered":0,"skipped":0,"pct":0}}
,"C:\\Users\\nn\\Desktop\\code\\nestjs-yalc\\apps\\ferrox-saas-backend\\src\\modules\\admin-dashboard.controller.ts": {"lines":{"total":12,"covered":12,"skipped":0,"pct":100},"functions":{"total":7,"covered":7,"skipped":0,"pct":100},"statements":{"total":13,"covered":13,"skipped":0,"pct":100},"branches":{"total":2,"covered":1,"skipped":0,"pct":50}}
,"C:\\Users\\nn\\Desktop\\code\\nestjs-yalc\\apps\\ferrox-saas-backend\\src\\modules\\admin.controller.ts": {"lines":{"total":4,"covered":3,"skipped":0,"pct":75},"functions":{"total":2,"covered":1,"skipped":0,"pct":50},"statements":{"total":5,"covered":4,"skipped":0,"pct":80},"branches":{"total":0,"covered":0,"skipped":0,"pct":100}}
,"C:\\Users\\nn\\Desktop\\code\\nestjs-yalc\\apps\\ferrox-saas-backend\\src\\modules\\auth.controller.ts": {"lines":{"total":16,"covered":14,"skipped":0,"pct":87.5},"functions":{"total":5,"covered":4,"skipped":0,"pct":80},"statements":{"total":17,"covered":15,"skipped":0,"pct":88.23},"branches":{"total":19,"covered":7,"skipped":0,"pct":36.84}}
,"C:\\Users\\nn\\Desktop\\code\\nestjs-yalc\\apps\\ferrox-saas-backend\\src\\modules\\founder-dashboard.controller.ts": {"lines":{"total":3,"covered":3,"skipped":0,"pct":100},"functions":{"total":1,"covered":1,"skipped":0,"pct":100},"statements":{"total":4,"covered":4,"skipped":0,"pct":100},"branches":{"total":0,"covered":0,"skipped":0,"pct":100}}
,"C:\\Users\\nn\\Desktop\\code\\nestjs-yalc\\apps\\ferrox-saas-backend\\src\\modules\\founder.controller.ts": {"lines":{"total":3,"covered":3,"skipped":0,"pct":100},"functions":{"total":1,"covered":1,"skipped":0,"pct":100},"statements":{"total":4,"covered":4,"skipped":0,"pct":100},"branches":{"total":0,"covered":0,"skipped":0,"pct":100}}
,"C:\\Users\\nn\\Desktop\\code\\nestjs-yalc\\apps\\ferrox-saas-backend\\src\\modules\\health.controller.ts": {"lines":{"total":3,"covered":3,"skipped":0,"pct":100},"functions":{"total":1,"covered":1,"skipped":0,"pct":100},"statements":{"total":4,"covered":4,"skipped":0,"pct":100},"branches":{"total":0,"covered":0,"skipped":0,"pct":100}}
,"C:\\Users\\nn\\Desktop\\code\\nestjs-yalc\\apps\\ferrox-saas-backend\\src\\modules\\users.controller.ts": {"lines":{"total":3,"covered":3,"skipped":0,"pct":100},"functions":{"total":1,"covered":1,"skipped":0,"pct":100},"statements":{"total":4,"covered":4,"skipped":0,"pct":100},"branches":{"total":0,"covered":0,"skipped":0,"pct":100}}
,"C:\\Users\\nn\\Desktop\\code\\nestjs-yalc\\audit\\src\\index.ts": {"lines":{"total":8,"covered":0,"skipped":0,"pct":0},"functions":{"total":0,"covered":0,"skipped":0,"pct":100},"statements":{"total":8,"covered":0,"skipped":0,"pct":0},"branches":{"total":0,"covered":0,"skipped":0,"pct":100}}
,"C:\\Users\\nn\\Desktop\\code\\nestjs-yalc\\audit\\src\\mutation-journal-cleanup.service.ts": {"lines":{"total":28,"covered":28,"skipped":0,"pct":100},"functions":{"total":9,"covered":5,"skipped":0,"pct":55.55},"statements":{"total":52,"covered":30,"skipped":0,"pct":57.69},"branches":{"total":34,"covered":17,"skipped":0,"pct":50}}
,"C:\\Users\\nn\\Desktop\\code\\nestjs-yalc\\audit\\src\\mutation-journal-query.service.ts": {"lines":{"total":10,"covered":10,"skipped":0,"pct":100},"functions":{"total":5,"covered":3,"skipped":0,"pct":60},"statements":{"total":17,"covered":12,"skipped":0,"pct":70.58},"branches":{"total":12,"covered":6,"skipped":0,"pct":50}}
,"C:\\Users\\nn\\Desktop\\code\\nestjs-yalc\\audit\\src\\mutation-journal.def.ts": {"lines":{"total":5,"covered":5,"skipped":0,"pct":100},"functions":{"total":0,"covered":0,"skipped":0,"pct":100},"statements":{"total":10,"covered":5,"skipped":0,"pct":50},"branches":{"total":0,"covered":0,"skipped":0,"pct":100}}
,"C:\\Users\\nn\\Desktop\\code\\nestjs-yalc\\audit\\src\\mutation-journal.module.ts": {"lines":{"total":16,"covered":16,"skipped":0,"pct":100},"functions":{"total":11,"covered":6,"skipped":0,"pct":54.54},"statements":{"total":26,"covered":18,"skipped":0,"pct":69.23},"branches":{"total":19,"covered":13,"skipped":0,"pct":68.42}}
,"C:\\Users\\nn\\Desktop\\code\\nestjs-yalc\\audit\\src\\mutation-journal.service.ts": {"lines":{"total":57,"covered":57,"skipped":0,"pct":100},"functions":{"total":27,"covered":15,"skipped":0,"pct":55.55},"statements":{"total":105,"covered":59,"skipped":0,"pct":56.19},"branches":{"total":41,"covered":21,"skipped":0,"pct":51.21}}
,"C:\\Users\\nn\\Desktop\\code\\nestjs-yalc\\audit\\src\\sqlite\\sqlite-sql.helper.ts": {"lines":{"total":22,"covered":21,"skipped":0,"pct":95.45},"functions":{"total":9,"covered":5,"skipped":0,"pct":55.55},"statements":{"total":37,"covered":21,"skipped":0,"pct":56.75},"branches":{"total":8,"covered":4,"skipped":0,"pct":50}}
,"C:\\Users\\nn\\Desktop\\code\\nestjs-yalc\\audit\\src\\sqlite\\sqlite-trigger-journal.driver.ts": {"lines":{"total":92,"covered":92,"skipped":0,"pct":100},"functions":{"total":24,"covered":14,"skipped":0,"pct":58.33},"statements":{"total":179,"covered":94,"skipped":0,"pct":52.51},"branches":{"total":90,"covered":45,"skipped":0,"pct":50}}
,"C:\\Users\\nn\\Desktop\\code\\nestjs-yalc\\aws-helpers\\src\\aws-lambda.helpers.ts": {"lines":{"total":5,"covered":5,"skipped":0,"pct":100},"functions":{"total":2,"covered":1,"skipped":0,"pct":50},"statements":{"total":9,"covered":5,"skipped":0,"pct":55.55},"branches":{"total":0,"covered":0,"skipped":0,"pct":100}}
,"C:\\Users\\nn\\Desktop\\code\\nestjs-yalc\\aws-helpers\\src\\aws-s3.helper.ts": {"lines":{"total":9,"covered":9,"skipped":0,"pct":100},"functions":{"total":4,"covered":3,"skipped":0,"pct":75},"statements":{"total":18,"covered":10,"skipped":0,"pct":55.55},"branches":{"total":4,"covered":2,"skipped":0,"pct":50}}
,"C:\\Users\\nn\\Desktop\\code\\nestjs-yalc\\aws-helpers\\src\\aws-sqs.helper.ts": {"lines":{"total":8,"covered":8,"skipped":0,"pct":100},"functions":{"total":4,"covered":3,"skipped":0,"pct":75},"statements":{"total":16,"covered":9,"skipped":0,"pct":56.25},"branches":{"total":4,"covered":2,"skipped":0,"pct":50}}
,"C:\\Users\\nn\\Desktop\\code\\nestjs-yalc\\aws-helpers\\src\\encryption.helper.ts": {"lines":{"total":30,"covered":29,"skipped":0,"pct":96.66},"functions":{"total":8,"covered":4,"skipped":0,"pct":50},"statements":{"total":54,"covered":31,"skipped":0,"pct":57.4},"branches":{"total":24,"covered":14,"skipped":0,"pct":58.33}}
,"C:\\Users\\nn\\Desktop\\code\\nestjs-yalc\\aws-helpers\\src\\index.ts": {"lines":{"total":3,"covered":0,"skipped":0,"pct":0},"functions":{"total":0,"covered":0,"skipped":0,"pct":100},"statements":{"total":3,"covered":0,"skipped":0,"pct":0},"branches":{"total":0,"covered":0,"skipped":0,"pct":100}}
,"C:\\Users\\nn\\Desktop\\code\\nestjs-yalc\\crud-gen\\src\\conditions.error.ts": {"lines":{"total":5,"covered":5,"skipped":0,"pct":100},"functions":{"total":2,"covered":2,"skipped":0,"pct":100},"statements":{"total":7,"covered":7,"skipped":0,"pct":100},"branches":{"total":0,"covered":0,"skipped":0,"pct":100}}
,"C:\\Users\\nn\\Desktop\\code\\nestjs-yalc\\crud-gen\\src\\crud-gen-resource.factory.ts": {"lines":{"total":35,"covered":33,"skipped":0,"pct":94.28},"functions":{"total":17,"covered":9,"skipped":0,"pct":52.94},"statements":{"total":62,"covered":33,"skipped":0,"pct":53.22},"branches":{"total":154,"covered":72,"skipped":0,"pct":46.75}}
,"C:\\Users\\nn\\Desktop\\code\\nestjs-yalc\\crud-gen\\src\\crud-gen-type-checker.utils.ts": {"lines":{"total":37,"covered":37,"skipped":0,"pct":100},"functions":{"total":22,"covered":11,"skipped":0,"pct":50},"statements":{"total":64,"covered":41,"skipped":0,"pct":64.06},"branches":{"total":84,"covered":42,"skipped":0,"pct":50}}
,"C:\\Users\\nn\\Desktop\\code\\nestjs-yalc\\crud-gen\\src\\crud-gen.args.ts": {"lines":{"total":28,"covered":24,"skipped":0,"pct":85.71},"functions":{"total":9,"covered":3,"skipped":0,"pct":33.33},"statements":{"total":45,"covered":28,"skipped":0,"pct":62.22},"branches":{"total":32,"covered":16,"skipped":0,"pct":50}}
,"C:\\Users\\nn\\Desktop\\code\\nestjs-yalc\\crud-gen\\src\\crud-gen.enum.ts": {"lines":{"total":69,"covered":66,"skipped":0,"pct":95.65},"functions":{"total":17,"covered":9,"skipped":0,"pct":52.94},"statements":{"total":97,"covered":67,"skipped":0,"pct":69.07},"branches":{"total":22,"covered":17,"skipped":0,"pct":77.27}}
,"C:\\Users\\nn\\Desktop\\code\\nestjs-yalc\\crud-gen\\src\\crud-gen.error.ts": {"lines":{"total":23,"covered":23,"skipped":0,"pct":100},"functions":{"total":17,"covered":10,"skipped":0,"pct":58.82},"statements":{"total":43,"covered":33,"skipped":0,"pct":76.74},"branches":{"total":8,"covered":4,"skipped":0,"pct":50}}
,"C:\\Users\\nn\\Desktop\\code\\nestjs-yalc\\crud-gen\\src\\crud-gen.helpers.ts": {"lines":{"total":236,"covered":236,"skipped":0,"pct":100},"functions":{"total":55,"covered":37,"skipped":0,"pct":67.27},"statements":{"total":448,"covered":251,"skipped":0,"pct":56.02},"branches":{"total":361,"covered":169,"skipped":0,"pct":46.81}}
,"C:\\Users\\nn\\Desktop\\code\\nestjs-yalc\\crud-gen\\src\\entity.error.ts": {"lines":{"total":19,"covered":17,"skipped":0,"pct":89.47},"functions":{"total":10,"covered":5,"skipped":0,"pct":50},"statements":{"total":32,"covered":21,"skipped":0,"pct":65.62},"branches":{"total":6,"covered":2,"skipped":0,"pct":33.33}}
,"C:\\Users\\nn\\Desktop\\code\\nestjs-yalc\\crud-gen\\src\\event.enum.ts": {"lines":{"total":3,"covered":3,"skipped":0,"pct":100},"functions":{"total":2,"covered":1,"skipped":0,"pct":50},"statements":{"total":5,"covered":3,"skipped":0,"pct":60},"branches":{"total":2,"covered":2,"skipped":0,"pct":100}}
,"C:\\Users\\nn\\Desktop\\code\\nestjs-yalc\\crud-gen\\src\\filter.scalar.ts": {"lines":{"total":36,"covered":36,"skipped":0,"pct":100},"functions":{"total":9,"covered":6,"skipped":0,"pct":66.66},"statements":{"total":71,"covered":40,"skipped":0,"pct":56.33},"branches":{"total":50,"covered":25,"skipped":0,"pct":50}}
,"C:\\Users\\nn\\Desktop\\code\\nestjs-yalc\\crud-gen\\src\\index.ts": {"lines":{"total":37,"covered":37,"skipped":0,"pct":100},"functions":{"total":12,"covered":0,"skipped":0,"pct":0},"statements":{"total":37,"covered":37,"skipped":0,"pct":100},"branches":{"total":0,"covered":0,"skipped":0,"pct":100}}
,"C:\\Users\\nn\\Desktop\\code\\nestjs-yalc\\crud-gen\\src\\missing-arguments.error.ts": {"lines":{"total":6,"covered":6,"skipped":0,"pct":100},"functions":{"total":2,"covered":2,"skipped":0,"pct":100},"statements":{"total":10,"covered":8,"skipped":0,"pct":80},"branches":{"total":4,"covered":2,"skipped":0,"pct":50}}
,"C:\\Users\\nn\\Desktop\\code\\nestjs-yalc\\crud-gen\\src\\object.decorator.ts": {"lines":{"total":63,"covered":59,"skipped":0,"pct":93.65},"functions":{"total":16,"covered":13,"skipped":0,"pct":81.25},"statements":{"total":136,"covered":68,"skipped":0,"pct":50},"branches":{"total":104,"covered":45,"skipped":0,"pct":43.26}}
,"C:\\Users\\nn\\Desktop\\code\\nestjs-yalc\\crud-gen\\src\\query-builder.helpers.ts": {"lines":{"total":25,"covered":25,"skipped":0,"pct":100},"functions":{"total":5,"covered":3,"skipped":0,"pct":60},"statements":{"total":44,"covered":26,"skipped":0,"pct":59.09},"branches":{"total":36,"covered":18,"skipped":0,"pct":50}}
,"C:\\Users\\nn\\Desktop\\code\\nestjs-yalc\\crud-gen\\src\\strings.enum.ts": {"lines":{"total":13,"covered":13,"skipped":0,"pct":100},"functions":{"total":4,"covered":2,"skipped":0,"pct":50},"statements":{"total":17,"covered":13,"skipped":0,"pct":76.47},"branches":{"total":4,"covered":4,"skipped":0,"pct":100}}
,"C:\\Users\\nn\\Desktop\\code\\nestjs-yalc\\crud-gen\\src\\transformers.helpers.ts": {"lines":{"total":18,"covered":18,"skipped":0,"pct":100},"functions":{"total":9,"covered":5,"skipped":0,"pct":55.55},"statements":{"total":30,"covered":18,"skipped":0,"pct":60},"branches":{"total":12,"covered":6,"skipped":0,"pct":50}}
,"C:\\Users\\nn\\Desktop\\code\\nestjs-yalc\\crud-gen\\src\\api-graphql\\crud-gen-args-gql.decorator.ts": {"lines":{"total":122,"covered":83,"skipped":0,"pct":68.03},"functions":{"total":31,"covered":13,"skipped":0,"pct":41.93},"statements":{"total":217,"covered":89,"skipped":0,"pct":41.01},"branches":{"total":123,"covered":28,"skipped":0,"pct":22.76}}
,"C:\\Users\\nn\\Desktop\\code\\nestjs-yalc\\crud-gen\\src\\api-graphql\\crud-gen-gql.enum.ts": {"lines":{"total":15,"covered":15,"skipped":0,"pct":100},"functions":{"total":2,"covered":1,"skipped":0,"pct":50},"statements":{"total":26,"covered":15,"skipped":0,"pct":57.69},"branches":{"total":8,"covered":3,"skipped":0,"pct":37.5}}
,"C:\\Users\\nn\\Desktop\\code\\nestjs-yalc\\crud-gen\\src\\api-graphql\\crud-gen-gql.helpers.ts": {"lines":{"total":6,"covered":6,"skipped":0,"pct":100},"functions":{"total":3,"covered":3,"skipped":0,"pct":100},"statements":{"total":12,"covered":7,"skipped":0,"pct":58.33},"branches":{"total":10,"covered":5,"skipped":0,"pct":50}}
,"C:\\Users\\nn\\Desktop\\code\\nestjs-yalc\\crud-gen\\src\\api-graphql\\crud-gen-gql.interceptor.ts": {"lines":{"total":13,"covered":13,"skipped":0,"pct":100},"functions":{"total":5,"covered":3,"skipped":0,"pct":60},"statements":{"total":23,"covered":15,"skipped":0,"pct":65.21},"branches":{"total":22,"covered":10,"skipped":0,"pct":45.45}}
,"C:\\Users\\nn\\Desktop\\code\\nestjs-yalc\\crud-gen\\src\\api-graphql\\crud-gen-gql.interface.ts": {"lines":{"total":4,"covered":4,"skipped":0,"pct":100},"functions":{"total":1,"covered":1,"skipped":0,"pct":100},"statements":{"total":4,"covered":4,"skipped":0,"pct":100},"branches":{"total":2,"covered":2,"skipped":0,"pct":100}}
,"C:\\Users\\nn\\Desktop\\code\\nestjs-yalc\\crud-gen\\src\\api-graphql\\crud-gen-gql.type.ts": {"lines":{"total":18,"covered":16,"skipped":0,"pct":88.88},"functions":{"total":3,"covered":2,"skipped":0,"pct":66.66},"statements":{"total":29,"covered":21,"skipped":0,"pct":72.41},"branches":{"total":4,"covered":2,"skipped":0,"pct":50}}
,"C:\\Users\\nn\\Desktop\\code\\nestjs-yalc\\crud-gen\\src\\api-graphql\\crud-gen.input.ts": {"lines":{"total":120,"covered":79,"skipped":0,"pct":65.83},"functions":{"total":71,"covered":6,"skipped":0,"pct":8.45},"statements":{"total":200,"covered":99,"skipped":0,"pct":49.5},"branches":{"total":28,"covered":9,"skipped":0,"pct":32.14}}
,"C:\\Users\\nn\\Desktop\\code\\nestjs-yalc\\crud-gen\\src\\api-graphql\\generic.resolver.ts": {"lines":{"total":228,"covered":125,"skipped":0,"pct":54.82},"functions":{"total":52,"covered":16,"skipped":0,"pct":30.76},"statements":{"total":401,"covered":128,"skipped":0,"pct":31.92},"branches":{"total":397,"covered":105,"skipped":0,"pct":26.44}}
,"C:\\Users\\nn\\Desktop\\code\\nestjs-yalc\\crud-gen\\src\\api-graphql\\gqlfields.decorator.ts": {"lines":{"total":72,"covered":65,"skipped":0,"pct":90.27},"functions":{"total":7,"covered":6,"skipped":0,"pct":85.71},"statements":{"total":140,"covered":70,"skipped":0,"pct":50},"branches":{"total":101,"covered":36,"skipped":0,"pct":35.64}}
,"C:\\Users\\nn\\Desktop\\code\\nestjs-yalc\\crud-gen\\src\\api-graphql\\gqlmapper.decorator.ts": {"lines":{"total":25,"covered":25,"skipped":0,"pct":100},"functions":{"total":4,"covered":4,"skipped":0,"pct":100},"statements":{"total":48,"covered":28,"skipped":0,"pct":58.33},"branches":{"total":24,"covered":13,"skipped":0,"pct":54.16}}
,"C:\\Users\\nn\\Desktop\\code\\nestjs-yalc\\crud-gen\\src\\api-rest\\crud-gen-args-rest.decorator.ts": {"lines":{"total":78,"covered":72,"skipped":0,"pct":92.3},"functions":{"total":17,"covered":11,"skipped":0,"pct":64.7},"statements":{"total":166,"covered":85,"skipped":0,"pct":51.2},"branches":{"total":110,"covered":44,"skipped":0,"pct":40}}
,"C:\\Users\\nn\\Desktop\\code\\nestjs-yalc\\crud-gen\\src\\api-rest\\crud-gen-rest.controller.factory.ts": {"lines":{"total":80,"covered":77,"skipped":0,"pct":96.25},"functions":{"total":25,"covered":15,"skipped":0,"pct":60},"statements":{"total":143,"covered":78,"skipped":0,"pct":54.54},"branches":{"total":127,"covered":52,"skipped":0,"pct":40.94}}
,"C:\\Users\\nn\\Desktop\\code\\nestjs-yalc\\crud-gen\\src\\api-rest\\crud-gen-rest.dto.ts": {"lines":{"total":48,"covered":48,"skipped":0,"pct":100},"functions":{"total":13,"covered":9,"skipped":0,"pct":69.23},"statements":{"total":83,"covered":58,"skipped":0,"pct":69.87},"branches":{"total":22,"covered":11,"skipped":0,"pct":50}}
,"C:\\Users\\nn\\Desktop\\code\\nestjs-yalc\\crud-gen\\src\\api-rest\\crud-gen-rest.interceptor.ts": {"lines":{"total":53,"covered":46,"skipped":0,"pct":86.79},"functions":{"total":27,"covered":18,"skipped":0,"pct":66.66},"statements":{"total":92,"covered":50,"skipped":0,"pct":54.34},"branches":{"total":64,"covered":19,"skipped":0,"pct":29.68}}
,"C:\\Users\\nn\\Desktop\\code\\nestjs-yalc\\crud-gen\\src\\api-rest\\odata-query.interface.ts": {"lines":{"total":49,"covered":47,"skipped":0,"pct":95.91},"functions":{"total":7,"covered":6,"skipped":0,"pct":85.71},"statements":{"total":98,"covered":48,"skipped":0,"pct":48.97},"branches":{"total":84,"covered":36,"skipped":0,"pct":42.85}}
,"C:\\Users\\nn\\Desktop\\code\\nestjs-yalc\\crud-gen\\src\\model-object\\model-object-rest.interceptor.ts": {"lines":{"total":13,"covered":12,"skipped":0,"pct":92.3},"functions":{"total":5,"covered":3,"skipped":0,"pct":60},"statements":{"total":21,"covered":13,"skipped":0,"pct":61.9},"branches":{"total":4,"covered":1,"skipped":0,"pct":25}}
,"C:\\Users\\nn\\Desktop\\code\\nestjs-yalc\\crud-gen\\src\\model-object\\model-object.helper.ts": {"lines":{"total":26,"covered":25,"skipped":0,"pct":96.15},"functions":{"total":4,"covered":2,"skipped":0,"pct":50},"statements":{"total":49,"covered":26,"skipped":0,"pct":53.06},"branches":{"total":28,"covered":12,"skipped":0,"pct":42.85}}
,"C:\\Users\\nn\\Desktop\\code\\nestjs-yalc\\crud-gen\\src\\projection\\projection-dialect.ts": {"lines":{"total":142,"covered":133,"skipped":0,"pct":93.66},"functions":{"total":85,"covered":44,"skipped":0,"pct":51.76},"statements":{"total":281,"covered":142,"skipped":0,"pct":50.53},"branches":{"total":122,"covered":52,"skipped":0,"pct":42.62}}
,"C:\\Users\\nn\\Desktop\\code\\nestjs-yalc\\crud-gen\\src\\projection\\projection-graphql.ts": {"lines":{"total":50,"covered":48,"skipped":0,"pct":96},"functions":{"total":14,"covered":8,"skipped":0,"pct":57.14},"statements":{"total":90,"covered":49,"skipped":0,"pct":54.44},"branches":{"total":41,"covered":20,"skipped":0,"pct":48.78}}
,"C:\\Users\\nn\\Desktop\\code\\nestjs-yalc\\crud-gen\\src\\projection\\projection-resource.ts": {"lines":{"total":307,"covered":284,"skipped":0,"pct":92.5},"functions":{"total":69,"covered":42,"skipped":0,"pct":60.86},"statements":{"total":596,"covered":288,"skipped":0,"pct":48.32},"branches":{"total":571,"covered":259,"skipped":0,"pct":45.35}}
,"C:\\Users\\nn\\Desktop\\code\\nestjs-yalc\\crud-gen\\src\\projection\\projection-schema.ts": {"lines":{"total":11,"covered":11,"skipped":0,"pct":100},"functions":{"total":4,"covered":2,"skipped":0,"pct":50},"statements":{"total":26,"covered":13,"skipped":0,"pct":50},"branches":{"total":26,"covered":12,"skipped":0,"pct":46.15}}
,"C:\\Users\\nn\\Desktop\\code\\nestjs-yalc\\crud-gen\\src\\projection\\projection.service.ts": {"lines":{"total":166,"covered":157,"skipped":0,"pct":94.57},"functions":{"total":54,"covered":32,"skipped":0,"pct":59.25},"statements":{"total":341,"covered":172,"skipped":0,"pct":50.43},"branches":{"total":347,"covered":156,"skipped":0,"pct":44.95}}
,"C:\\Users\\nn\\Desktop\\code\\nestjs-yalc\\crud-gen\\src\\typeorm\\crud-gen-args.helpers.ts": {"lines":{"total":162,"covered":158,"skipped":0,"pct":97.53},"functions":{"total":32,"covered":19,"skipped":0,"pct":59.37},"statements":{"total":298,"covered":161,"skipped":0,"pct":54.02},"branches":{"total":260,"covered":126,"skipped":0,"pct":48.46}}
,"C:\\Users\\nn\\Desktop\\code\\nestjs-yalc\\crud-gen\\src\\typeorm\\generic.repository.ts": {"lines":{"total":111,"covered":108,"skipped":0,"pct":97.29},"functions":{"total":39,"covered":23,"skipped":0,"pct":58.97},"statements":{"total":206,"covered":112,"skipped":0,"pct":54.36},"branches":{"total":116,"covered":59,"skipped":0,"pct":50.86}}
,"C:\\Users\\nn\\Desktop\\code\\nestjs-yalc\\crud-gen\\src\\typeorm\\generic.service.ts": {"lines":{"total":170,"covered":157,"skipped":0,"pct":92.35},"functions":{"total":56,"covered":29,"skipped":0,"pct":51.78},"statements":{"total":325,"covered":160,"skipped":0,"pct":49.23},"branches":{"total":264,"covered":117,"skipped":0,"pct":44.31}}
,"C:\\Users\\nn\\Desktop\\code\\nestjs-yalc\\data-loader\\src\\dataloader.helper.ts": {"lines":{"total":80,"covered":79,"skipped":0,"pct":98.75},"functions":{"total":28,"covered":17,"skipped":0,"pct":60.71},"statements":{"total":146,"covered":83,"skipped":0,"pct":56.84},"branches":{"total":98,"covered":52,"skipped":0,"pct":53.06}}
,"C:\\Users\\nn\\Desktop\\code\\nestjs-yalc\\data-loader\\src\\index.ts": {"lines":{"total":1,"covered":1,"skipped":0,"pct":100},"functions":{"total":0,"covered":0,"skipped":0,"pct":100},"statements":{"total":1,"covered":1,"skipped":0,"pct":100},"branches":{"total":0,"covered":0,"skipped":0,"pct":100}}
,"C:\\Users\\nn\\Desktop\\code\\nestjs-yalc\\database\\src\\conn.helper.ts": {"lines":{"total":8,"covered":8,"skipped":0,"pct":100},"functions":{"total":6,"covered":3,"skipped":0,"pct":50},"statements":{"total":13,"covered":8,"skipped":0,"pct":61.53},"branches":{"total":0,"covered":0,"skipped":0,"pct":100}}
,"C:\\Users\\nn\\Desktop\\code\\nestjs-yalc\\database\\src\\db-config-object.helper.ts": {"lines":{"total":51,"covered":51,"skipped":0,"pct":100},"functions":{"total":16,"covered":8,"skipped":0,"pct":50},"statements":{"total":93,"covered":52,"skipped":0,"pct":55.91},"branches":{"total":96,"covered":48,"skipped":0,"pct":50}}
,"C:\\Users\\nn\\Desktop\\code\\nestjs-yalc\\database\\src\\db-ops.service.ts": {"lines":{"total":80,"covered":0,"skipped":0,"pct":0},"functions":{"total":12,"covered":0,"skipped":0,"pct":0},"statements":{"total":86,"covered":0,"skipped":0,"pct":0},"branches":{"total":47,"covered":0,"skipped":0,"pct":0}}
,"C:\\Users\\nn\\Desktop\\code\\nestjs-yalc\\database\\src\\json.entity.ts": {"lines":{"total":12,"covered":11,"skipped":0,"pct":91.66},"functions":{"total":6,"covered":4,"skipped":0,"pct":66.66},"statements":{"total":23,"covered":15,"skipped":0,"pct":65.21},"branches":{"total":8,"covered":4,"skipped":0,"pct":50}}
,"C:\\Users\\nn\\Desktop\\code\\nestjs-yalc\\database\\src\\json.helpers.ts": {"lines":{"total":11,"covered":10,"skipped":0,"pct":90.9},"functions":{"total":5,"covered":3,"skipped":0,"pct":60},"statements":{"total":18,"covered":10,"skipped":0,"pct":55.55},"branches":{"total":4,"covered":2,"skipped":0,"pct":50}}
,"C:\\Users\\nn\\Desktop\\code\\nestjs-yalc\\database\\src\\query-builder.helper.ts": {"lines":{"total":92,"covered":92,"skipped":0,"pct":100},"functions":{"total":27,"covered":18,"skipped":0,"pct":66.66},"statements":{"total":176,"covered":93,"skipped":0,"pct":52.84},"branches":{"total":130,"covered":67,"skipped":0,"pct":51.53}}
,"C:\\Users\\nn\\Desktop\\code\\nestjs-yalc\\database\\src\\repository.helper.ts": {"lines":{"total":17,"covered":0,"skipped":0,"pct":0},"functions":{"total":2,"covered":0,"skipped":0,"pct":0},"statements":{"total":18,"covered":0,"skipped":0,"pct":0},"branches":{"total":12,"covered":0,"skipped":0,"pct":0}}
,"C:\\Users\\nn\\Desktop\\code\\nestjs-yalc\\database\\src\\seed.service.ts": {"lines":{"total":60,"covered":0,"skipped":0,"pct":0},"functions":{"total":13,"covered":0,"skipped":0,"pct":0},"statements":{"total":70,"covered":0,"skipped":0,"pct":0},"branches":{"total":24,"covered":0,"skipped":0,"pct":0}}
,"C:\\Users\\nn\\Desktop\\code\\nestjs-yalc\\database\\src\\timestamp.entity.ts": {"lines":{"total":9,"covered":8,"skipped":0,"pct":88.88},"functions":{"total":1,"covered":1,"skipped":0,"pct":100},"statements":{"total":13,"covered":10,"skipped":0,"pct":76.92},"branches":{"total":0,"covered":0,"skipped":0,"pct":100}}
,"C:\\Users\\nn\\Desktop\\code\\nestjs-yalc\\errors\\src\\default.error.ts": {"lines":{"total":110,"covered":109,"skipped":0,"pct":99.09},"functions":{"total":30,"covered":18,"skipped":0,"pct":60},"statements":{"total":212,"covered":117,"skipped":0,"pct":55.18},"branches":{"total":161,"covered":83,"skipped":0,"pct":51.55}}
,"C:\\Users\\nn\\Desktop\\code\\nestjs-yalc\\errors\\src\\error.class.ts": {"lines":{"total":68,"covered":52,"skipped":0,"pct":76.47},"functions":{"total":22,"covered":6,"skipped":0,"pct":27.27},"statements":{"total":68,"covered":52,"skipped":0,"pct":76.47},"branches":{"total":12,"covered":9,"skipped":0,"pct":75}}
,"C:\\Users\\nn\\Desktop\\code\\nestjs-yalc\\errors\\src\\error.enum.ts": {"lines":{"total":32,"covered":32,"skipped":0,"pct":100},"functions":{"total":6,"covered":4,"skipped":0,"pct":66.66},"statements":{"total":40,"covered":33,"skipped":0,"pct":82.5},"branches":{"total":8,"covered":6,"skipped":0,"pct":75}}
,"C:\\Users\\nn\\Desktop\\code\\nestjs-yalc\\errors\\src\\error.helper.ts": {"lines":{"total":12,"covered":12,"skipped":0,"pct":100},"functions":{"total":2,"covered":1,"skipped":0,"pct":50},"statements":{"total":19,"covered":12,"skipped":0,"pct":63.15},"branches":{"total":16,"covered":8,"skipped":0,"pct":50}}
,"C:\\Users\\nn\\Desktop\\code\\nestjs-yalc\\errors\\src\\http-status-code-to-errors.ts": {"lines":{"total":4,"covered":3,"skipped":0,"pct":75},"functions":{"total":0,"covered":0,"skipped":0,"pct":100},"statements":{"total":4,"covered":3,"skipped":0,"pct":75},"branches":{"total":0,"covered":0,"skipped":0,"pct":100}}
,"C:\\Users\\nn\\Desktop\\code\\nestjs-yalc\\errors\\src\\index.ts": {"lines":{"total":5,"covered":5,"skipped":0,"pct":100},"functions":{"total":1,"covered":1,"skipped":0,"pct":100},"statements":{"total":6,"covered":6,"skipped":0,"pct":100},"branches":{"total":0,"covered":0,"skipped":0,"pct":100}}
,"C:\\Users\\nn\\Desktop\\code\\nestjs-yalc\\errors\\src\\result.error.ts": {"lines":{"total":10,"covered":10,"skipped":0,"pct":100},"functions":{"total":3,"covered":2,"skipped":0,"pct":66.66},"statements":{"total":20,"covered":12,"skipped":0,"pct":60},"branches":{"total":2,"covered":2,"skipped":0,"pct":100}}
,"C:\\Users\\nn\\Desktop\\code\\nestjs-yalc\\errors\\src\\filters\\database-exception.filter.ts": {"lines":{"total":15,"covered":15,"skipped":0,"pct":100},"functions":{"total":4,"covered":2,"skipped":0,"pct":50},"statements":{"total":27,"covered":17,"skipped":0,"pct":62.96},"branches":{"total":6,"covered":2,"skipped":0,"pct":33.33}}
,"C:\\Users\\nn\\Desktop\\code\\nestjs-yalc\\errors\\src\\filters\\http-exception.filter.ts": {"lines":{"total":38,"covered":38,"skipped":0,"pct":100},"functions":{"total":3,"covered":2,"skipped":0,"pct":66.66},"statements":{"total":69,"covered":41,"skipped":0,"pct":59.42},"branches":{"total":43,"covered":19,"skipped":0,"pct":44.18}}
,"C:\\Users\\nn\\Desktop\\code\\nestjs-yalc\\errors\\src\\filters\\index.ts": {"lines":{"total":1,"covered":0,"skipped":0,"pct":0},"functions":{"total":1,"covered":0,"skipped":0,"pct":0},"statements":{"total":2,"covered":0,"skipped":0,"pct":0},"branches":{"total":0,"covered":0,"skipped":0,"pct":100}}
,"C:\\Users\\nn\\Desktop\\code\\nestjs-yalc\\errors\\src\\filters\\system-exception.filter.ts": {"lines":{"total":6,"covered":6,"skipped":0,"pct":100},"functions":{"total":4,"covered":2,"skipped":0,"pct":50},"statements":{"total":10,"covered":8,"skipped":0,"pct":80},"branches":{"total":0,"covered":0,"skipped":0,"pct":100}}
,"C:\\Users\\nn\\Desktop\\code\\nestjs-yalc\\errors\\src\\filters\\validation-exception.filter.ts": {"lines":{"total":10,"covered":10,"skipped":0,"pct":100},"functions":{"total":4,"covered":2,"skipped":0,"pct":50},"statements":{"total":16,"covered":12,"skipped":0,"pct":75},"branches":{"total":6,"covered":2,"skipped":0,"pct":33.33}}
,"C:\\Users\\nn\\Desktop\\code\\nestjs-yalc\\event-manager\\src\\emitter.ts": {"lines":{"total":20,"covered":20,"skipped":0,"pct":100},"functions":{"total":9,"covered":6,"skipped":0,"pct":66.66},"statements":{"total":38,"covered":23,"skipped":0,"pct":60.52},"branches":{"total":20,"covered":10,"skipped":0,"pct":50}}
,"C:\\Users\\nn\\Desktop\\code\\nestjs-yalc\\event-manager\\src\\event-name-builder.ts": {"lines":{"total":13,"covered":13,"skipped":0,"pct":100},"functions":{"total":2,"covered":1,"skipped":0,"pct":50},"statements":{"total":25,"covered":14,"skipped":0,"pct":56},"branches":{"total":8,"covered":4,"skipped":0,"pct":50}}
,"C:\\Users\\nn\\Desktop\\code\\nestjs-yalc\\event-manager\\src\\event.helper.ts": {"lines":{"total":33,"covered":33,"skipped":0,"pct":100},"functions":{"total":6,"covered":3,"skipped":0,"pct":50},"statements":{"total":59,"covered":33,"skipped":0,"pct":55.93},"branches":{"total":38,"covered":20,"skipped":0,"pct":52.63}}
,"C:\\Users\\nn\\Desktop\\code\\nestjs-yalc\\event-manager\\src\\event.module.ts": {"lines":{"total":31,"covered":31,"skipped":0,"pct":100},"functions":{"total":6,"covered":4,"skipped":0,"pct":66.66},"statements":{"total":55,"covered":33,"skipped":0,"pct":60},"branches":{"total":68,"covered":34,"skipped":0,"pct":50}}
,"C:\\Users\\nn\\Desktop\\code\\nestjs-yalc\\event-manager\\src\\event.service.ts": {"lines":{"total":224,"covered":224,"skipped":0,"pct":100},"functions":{"total":157,"covered":81,"skipped":0,"pct":51.59},"statements":{"total":401,"covered":227,"skipped":0,"pct":56.6},"branches":{"total":86,"covered":43,"skipped":0,"pct":50}}
,"C:\\Users\\nn\\Desktop\\code\\nestjs-yalc\\event-manager\\src\\event.ts": {"lines":{"total":110,"covered":110,"skipped":0,"pct":100},"functions":{"total":33,"covered":17,"skipped":0,"pct":51.51},"statements":{"total":198,"covered":113,"skipped":0,"pct":57.07},"branches":{"total":168,"covered":84,"skipped":0,"pct":50}}
,"C:\\Users\\nn\\Desktop\\code\\nestjs-yalc\\event-manager\\src\\global-emitter.ts": {"lines":{"total":10,"covered":10,"skipped":0,"pct":100},"functions":{"total":6,"covered":3,"skipped":0,"pct":50},"statements":{"total":20,"covered":12,"skipped":0,"pct":60},"branches":{"total":4,"covered":2,"skipped":0,"pct":50}}
,"C:\\Users\\nn\\Desktop\\code\\nestjs-yalc\\event-manager\\src\\index.ts": {"lines":{"total":6,"covered":6,"skipped":0,"pct":100},"functions":{"total":0,"covered":0,"skipped":0,"pct":100},"statements":{"total":6,"covered":6,"skipped":0,"pct":100},"branches":{"total":0,"covered":0,"skipped":0,"pct":100}}
,"C:\\Users\\nn\\Desktop\\code\\nestjs-yalc\\examples\\omnikernel\\module\\src\\index.ts": {"lines":{"total":49,"covered":49,"skipped":0,"pct":100},"functions":{"total":0,"covered":0,"skipped":0,"pct":100},"statements":{"total":49,"covered":49,"skipped":0,"pct":100},"branches":{"total":0,"covered":0,"skipped":0,"pct":100}}
,"C:\\Users\\nn\\Desktop\\code\\nestjs-yalc\\examples\\omnikernel\\module\\src\\omni-collection-kind.enum.ts": {"lines":{"total":5,"covered":5,"skipped":0,"pct":100},"functions":{"total":2,"covered":1,"skipped":0,"pct":50},"statements":{"total":8,"covered":5,"skipped":0,"pct":62.5},"branches":{"total":2,"covered":2,"skipped":0,"pct":100}}
,"C:\\Users\\nn\\Desktop\\code\\nestjs-yalc\\examples\\omnikernel\\module\\src\\omni-collection.backend.ts": {"lines":{"total":6,"covered":6,"skipped":0,"pct":100},"functions":{"total":2,"covered":2,"skipped":0,"pct":100},"statements":{"total":10,"covered":7,"skipped":0,"pct":70},"branches":{"total":0,"covered":0,"skipped":0,"pct":100}}
,"C:\\Users\\nn\\Desktop\\code\\nestjs-yalc\\examples\\omnikernel\\module\\src\\omni-collection.dto.ts": {"lines":{"total":37,"covered":33,"skipped":0,"pct":89.18},"functions":{"total":9,"covered":1,"skipped":0,"pct":11.11},"statements":{"total":50,"covered":41,"skipped":0,"pct":82},"branches":{"total":4,"covered":2,"skipped":0,"pct":50}}
,"C:\\Users\\nn\\Desktop\\code\\nestjs-yalc\\examples\\omnikernel\\module\\src\\omni-collection.entity.ts": {"lines":{"total":8,"covered":8,"skipped":0,"pct":100},"functions":{"total":1,"covered":1,"skipped":0,"pct":100},"statements":{"total":11,"covered":10,"skipped":0,"pct":90.9},"branches":{"total":0,"covered":0,"skipped":0,"pct":100}}
,"C:\\Users\\nn\\Desktop\\code\\nestjs-yalc\\examples\\omnikernel\\module\\src\\omni-collection.service.ts": {"lines":{"total":7,"covered":7,"skipped":0,"pct":100},"functions":{"total":7,"covered":4,"skipped":0,"pct":57.14},"statements":{"total":12,"covered":8,"skipped":0,"pct":66.66},"branches":{"total":3,"covered":1,"skipped":0,"pct":33.33}}
,"C:\\Users\\nn\\Desktop\\code\\nestjs-yalc\\examples\\omnikernel\\module\\src\\omni-document-kind.enum.ts": {"lines":{"total":7,"covered":7,"skipped":0,"pct":100},"functions":{"total":2,"covered":1,"skipped":0,"pct":50},"statements":{"total":10,"covered":7,"skipped":0,"pct":70},"branches":{"total":2,"covered":2,"skipped":0,"pct":100}}
,"C:\\Users\\nn\\Desktop\\code\\nestjs-yalc\\examples\\omnikernel\\module\\src\\omni-document.backend.ts": {"lines":{"total":6,"covered":6,"skipped":0,"pct":100},"functions":{"total":2,"covered":2,"skipped":0,"pct":100},"statements":{"total":10,"covered":7,"skipped":0,"pct":70},"branches":{"total":0,"covered":0,"skipped":0,"pct":100}}
,"C:\\Users\\nn\\Desktop\\code\\nestjs-yalc\\examples\\omnikernel\\module\\src\\omni-document.dto.ts": {"lines":{"total":40,"covered":36,"skipped":0,"pct":90},"functions":{"total":9,"covered":1,"skipped":0,"pct":11.11},"statements":{"total":53,"covered":44,"skipped":0,"pct":83.01},"branches":{"total":4,"covered":2,"skipped":0,"pct":50}}
,"C:\\Users\\nn\\Desktop\\code\\nestjs-yalc\\examples\\omnikernel\\module\\src\\omni-document.entity.ts": {"lines":{"total":11,"covered":11,"skipped":0,"pct":100},"functions":{"total":1,"covered":1,"skipped":0,"pct":100},"statements":{"total":14,"covered":13,"skipped":0,"pct":92.85},"branches":{"total":0,"covered":0,"skipped":0,"pct":100}}
,"C:\\Users\\nn\\Desktop\\code\\nestjs-yalc\\examples\\omnikernel\\module\\src\\omni-document.service.ts": {"lines":{"total":7,"covered":7,"skipped":0,"pct":100},"functions":{"total":7,"covered":4,"skipped":0,"pct":57.14},"statements":{"total":12,"covered":8,"skipped":0,"pct":66.66},"branches":{"total":3,"covered":1,"skipped":0,"pct":33.33}}
,"C:\\Users\\nn\\Desktop\\code\\nestjs-yalc\\examples\\omnikernel\\module\\src\\omni-dto.helpers.ts": {"lines":{"total":5,"covered":5,"skipped":0,"pct":100},"functions":{"total":2,"covered":1,"skipped":0,"pct":50},"statements":{"total":8,"covered":5,"skipped":0,"pct":62.5},"branches":{"total":0,"covered":0,"skipped":0,"pct":100}}
,"C:\\Users\\nn\\Desktop\\code\\nestjs-yalc\\examples\\omnikernel\\module\\src\\omni-extension-projection.definition.ts": {"lines":{"total":66,"covered":60,"skipped":0,"pct":90.9},"functions":{"total":19,"covered":12,"skipped":0,"pct":63.15},"statements":{"total":123,"covered":64,"skipped":0,"pct":52.03},"branches":{"total":84,"covered":37,"skipped":0,"pct":44.04}}
,"C:\\Users\\nn\\Desktop\\code\\nestjs-yalc\\examples\\omnikernel\\module\\src\\omni-extension-projection.resource.ts": {"lines":{"total":26,"covered":24,"skipped":0,"pct":92.3},"functions":{"total":11,"covered":7,"skipped":0,"pct":63.63},"statements":{"total":39,"covered":24,"skipped":0,"pct":61.53},"branches":{"total":34,"covered":14,"skipped":0,"pct":41.17}}
,"C:\\Users\\nn\\Desktop\\code\\nestjs-yalc\\examples\\omnikernel\\module\\src\\omni-extension-projection.service.ts": {"lines":{"total":124,"covered":116,"skipped":0,"pct":93.54},"functions":{"total":46,"covered":25,"skipped":0,"pct":54.34},"statements":{"total":249,"covered":120,"skipped":0,"pct":48.19},"branches":{"total":174,"covered":64,"skipped":0,"pct":36.78}}
,"C:\\Users\\nn\\Desktop\\code\\nestjs-yalc\\examples\\omnikernel\\module\\src\\omni-external-ref-binding.validator.ts": {"lines":{"total":14,"covered":12,"skipped":0,"pct":85.71},"functions":{"total":3,"covered":2,"skipped":0,"pct":66.66},"statements":{"total":23,"covered":13,"skipped":0,"pct":56.52},"branches":{"total":16,"covered":6,"skipped":0,"pct":37.5}}
,"C:\\Users\\nn\\Desktop\\code\\nestjs-yalc\\examples\\omnikernel\\module\\src\\omni-external-ref-internal-type.enum.ts": {"lines":{"total":6,"covered":6,"skipped":0,"pct":100},"functions":{"total":2,"covered":1,"skipped":0,"pct":50},"statements":{"total":9,"covered":6,"skipped":0,"pct":66.66},"branches":{"total":2,"covered":2,"skipped":0,"pct":100}}
,"C:\\Users\\nn\\Desktop\\code\\nestjs-yalc\\examples\\omnikernel\\module\\src\\omni-external-ref.backend.ts": {"lines":{"total":9,"covered":9,"skipped":0,"pct":100},"functions":{"total":2,"covered":2,"skipped":0,"pct":100},"statements":{"total":12,"covered":10,"skipped":0,"pct":83.33},"branches":{"total":0,"covered":0,"skipped":0,"pct":100}}
,"C:\\Users\\nn\\Desktop\\code\\nestjs-yalc\\examples\\omnikernel\\module\\src\\omni-external-ref.dto.ts": {"lines":{"total":27,"covered":27,"skipped":0,"pct":100},"functions":{"total":1,"covered":1,"skipped":0,"pct":100},"statements":{"total":38,"covered":35,"skipped":0,"pct":92.1},"branches":{"total":4,"covered":2,"skipped":0,"pct":50}}
,"C:\\Users\\nn\\Desktop\\code\\nestjs-yalc\\examples\\omnikernel\\module\\src\\omni-external-ref.service.ts": {"lines":{"total":43,"covered":39,"skipped":0,"pct":90.69},"functions":{"total":23,"covered":11,"skipped":0,"pct":47.82},"statements":{"total":82,"covered":40,"skipped":0,"pct":48.78},"branches":{"total":102,"covered":50,"skipped":0,"pct":49.01}}
,"C:\\Users\\nn\\Desktop\\code\\nestjs-yalc\\examples\\omnikernel\\module\\src\\omni-migration.ts": {"lines":{"total":101,"covered":88,"skipped":0,"pct":87.12},"functions":{"total":43,"covered":27,"skipped":0,"pct":62.79},"statements":{"total":195,"covered":92,"skipped":0,"pct":47.17},"branches":{"total":119,"covered":45,"skipped":0,"pct":37.81}}
,"C:\\Users\\nn\\Desktop\\code\\nestjs-yalc\\examples\\omnikernel\\module\\src\\omni-named.backend.ts": {"lines":{"total":6,"covered":6,"skipped":0,"pct":100},"functions":{"total":2,"covered":2,"skipped":0,"pct":100},"statements":{"total":10,"covered":7,"skipped":0,"pct":70},"branches":{"total":0,"covered":0,"skipped":0,"pct":100}}
,"C:\\Users\\nn\\Desktop\\code\\nestjs-yalc\\examples\\omnikernel\\module\\src\\omni-named.dto.ts": {"lines":{"total":19,"covered":19,"skipped":0,"pct":100},"functions":{"total":1,"covered":1,"skipped":0,"pct":100},"statements":{"total":30,"covered":27,"skipped":0,"pct":90},"branches":{"total":4,"covered":2,"skipped":0,"pct":50}}
,"C:\\Users\\nn\\Desktop\\code\\nestjs-yalc\\examples\\omnikernel\\module\\src\\omni-projection.catalog.ts": {"lines":{"total":86,"covered":74,"skipped":0,"pct":86.04},"functions":{"total":41,"covered":21,"skipped":0,"pct":51.21},"statements":{"total":164,"covered":77,"skipped":0,"pct":46.95},"branches":{"total":107,"covered":34,"skipped":0,"pct":31.77}}
,"C:\\Users\\nn\\Desktop\\code\\nestjs-yalc\\examples\\omnikernel\\module\\src\\omni-record-status.enum.ts": {"lines":{"total":6,"covered":6,"skipped":0,"pct":100},"functions":{"total":2,"covered":1,"skipped":0,"pct":50},"statements":{"total":9,"covered":6,"skipped":0,"pct":66.66},"branches":{"total":2,"covered":2,"skipped":0,"pct":100}}
,"C:\\Users\\nn\\Desktop\\code\\nestjs-yalc\\examples\\omnikernel\\module\\src\\omni-record.backend.ts": {"lines":{"total":6,"covered":6,"skipped":0,"pct":100},"functions":{"total":2,"covered":2,"skipped":0,"pct":100},"statements":{"total":9,"covered":7,"skipped":0,"pct":77.77},"branches":{"total":1,"covered":1,"skipped":0,"pct":100}}
,"C:\\Users\\nn\\Desktop\\code\\nestjs-yalc\\examples\\omnikernel\\module\\src\\omni-record.dto.ts": {"lines":{"total":34,"covered":34,"skipped":0,"pct":100},"functions":{"total":9,"covered":5,"skipped":0,"pct":55.55},"statements":{"total":47,"covered":42,"skipped":0,"pct":89.36},"branches":{"total":4,"covered":2,"skipped":0,"pct":50}}
,"C:\\Users\\nn\\Desktop\\code\\nestjs-yalc\\examples\\omnikernel\\module\\src\\omni-record.service.ts": {"lines":{"total":19,"covered":15,"skipped":0,"pct":78.94},"functions":{"total":13,"covered":6,"skipped":0,"pct":46.15},"statements":{"total":38,"covered":17,"skipped":0,"pct":44.73},"branches":{"total":20,"covered":7,"skipped":0,"pct":35}}
,"C:\\Users\\nn\\Desktop\\code\\nestjs-yalc\\examples\\omnikernel\\module\\src\\omni-relation-kind.contract.ts": {"lines":{"total":13,"covered":13,"skipped":0,"pct":100},"functions":{"total":6,"covered":3,"skipped":0,"pct":50},"statements":{"total":24,"covered":13,"skipped":0,"pct":54.16},"branches":{"total":17,"covered":8,"skipped":0,"pct":47.05}}
,"C:\\Users\\nn\\Desktop\\code\\nestjs-yalc\\examples\\omnikernel\\module\\src\\omni-relation-kind.enum.ts": {"lines":{"total":7,"covered":7,"skipped":0,"pct":100},"functions":{"total":2,"covered":1,"skipped":0,"pct":50},"statements":{"total":10,"covered":7,"skipped":0,"pct":70},"branches":{"total":2,"covered":2,"skipped":0,"pct":100}}
,"C:\\Users\\nn\\Desktop\\code\\nestjs-yalc\\examples\\omnikernel\\module\\src\\omni-relation-projection.definition.ts": {"lines":{"total":43,"covered":34,"skipped":0,"pct":79.06},"functions":{"total":11,"covered":6,"skipped":0,"pct":54.54},"statements":{"total":82,"covered":35,"skipped":0,"pct":42.68},"branches":{"total":106,"covered":41,"skipped":0,"pct":38.67}}
,"C:\\Users\\nn\\Desktop\\code\\nestjs-yalc\\examples\\omnikernel\\module\\src\\omni-relation-projection.resource.ts": {"lines":{"total":75,"covered":73,"skipped":0,"pct":97.33},"functions":{"total":16,"covered":9,"skipped":0,"pct":56.25},"statements":{"total":131,"covered":74,"skipped":0,"pct":56.48},"branches":{"total":50,"covered":19,"skipped":0,"pct":38}}
,"C:\\Users\\nn\\Desktop\\code\\nestjs-yalc\\examples\\omnikernel\\module\\src\\omni-relation-projection.service.ts": {"lines":{"total":161,"covered":145,"skipped":0,"pct":90.06},"functions":{"total":60,"covered":30,"skipped":0,"pct":50},"statements":{"total":327,"covered":154,"skipped":0,"pct":47.09},"branches":{"total":261,"covered":108,"skipped":0,"pct":41.37}}
,"C:\\Users\\nn\\Desktop\\code\\nestjs-yalc\\examples\\omnikernel\\module\\src\\omni-relation-semantics.ts": {"lines":{"total":20,"covered":18,"skipped":0,"pct":90},"functions":{"total":5,"covered":5,"skipped":0,"pct":100},"statements":{"total":36,"covered":23,"skipped":0,"pct":63.88},"branches":{"total":26,"covered":12,"skipped":0,"pct":46.15}}
,"C:\\Users\\nn\\Desktop\\code\\nestjs-yalc\\examples\\omnikernel\\module\\src\\omni-relation-status.enum.ts": {"lines":{"total":6,"covered":6,"skipped":0,"pct":100},"functions":{"total":2,"covered":1,"skipped":0,"pct":50},"statements":{"total":9,"covered":6,"skipped":0,"pct":66.66},"branches":{"total":2,"covered":2,"skipped":0,"pct":100}}
,"C:\\Users\\nn\\Desktop\\code\\nestjs-yalc\\examples\\omnikernel\\module\\src\\omni-relation.backend.ts": {"lines":{"total":9,"covered":9,"skipped":0,"pct":100},"functions":{"total":2,"covered":2,"skipped":0,"pct":100},"statements":{"total":12,"covered":10,"skipped":0,"pct":83.33},"branches":{"total":0,"covered":0,"skipped":0,"pct":100}}
,"C:\\Users\\nn\\Desktop\\code\\nestjs-yalc\\examples\\omnikernel\\module\\src\\omni-relation.dto.ts": {"lines":{"total":34,"covered":32,"skipped":0,"pct":94.11},"functions":{"total":9,"covered":3,"skipped":0,"pct":33.33},"statements":{"total":49,"covered":40,"skipped":0,"pct":81.63},"branches":{"total":4,"covered":2,"skipped":0,"pct":50}}
,"C:\\Users\\nn\\Desktop\\code\\nestjs-yalc\\examples\\omnikernel\\module\\src\\omni-relation.service.ts": {"lines":{"total":36,"covered":35,"skipped":0,"pct":97.22},"functions":{"total":13,"covered":8,"skipped":0,"pct":61.53},"statements":{"total":69,"covered":39,"skipped":0,"pct":56.52},"branches":{"total":39,"covered":18,"skipped":0,"pct":46.15}}
,"C:\\Users\\nn\\Desktop\\code\\nestjs-yalc\\examples\\omnikernel\\module\\src\\omni-scope.ts": {"lines":{"total":29,"covered":27,"skipped":0,"pct":93.1},"functions":{"total":8,"covered":5,"skipped":0,"pct":62.5},"statements":{"total":54,"covered":29,"skipped":0,"pct":53.7},"branches":{"total":76,"covered":38,"skipped":0,"pct":50}}
,"C:\\Users\\nn\\Desktop\\code\\nestjs-yalc\\examples\\omnikernel\\module\\src\\omni-scoped.backend.ts": {"lines":{"total":21,"covered":20,"skipped":0,"pct":95.23},"functions":{"total":7,"covered":4,"skipped":0,"pct":57.14},"statements":{"total":30,"covered":20,"skipped":0,"pct":66.66},"branches":{"total":14,"covered":8,"skipped":0,"pct":57.14}}
,"C:\\Users\\nn\\Desktop\\code\\nestjs-yalc\\examples\\omnikernel\\module\\src\\omni-scoped.repository.ts": {"lines":{"total":8,"covered":8,"skipped":0,"pct":100},"functions":{"total":7,"covered":4,"skipped":0,"pct":57.14},"statements":{"total":14,"covered":9,"skipped":0,"pct":64.28},"branches":{"total":6,"covered":2,"skipped":0,"pct":33.33}}
,"C:\\Users\\nn\\Desktop\\code\\nestjs-yalc\\examples\\omnikernel\\module\\src\\omni-scoped.service.ts": {"lines":{"total":78,"covered":72,"skipped":0,"pct":92.3},"functions":{"total":36,"covered":18,"skipped":0,"pct":50},"statements":{"total":163,"covered":78,"skipped":0,"pct":47.85},"branches":{"total":145,"covered":70,"skipped":0,"pct":48.27}}
,"C:\\Users\\nn\\Desktop\\code\\nestjs-yalc\\examples\\omnikernel\\module\\src\\omnikernel.diagnostics.ts": {"lines":{"total":15,"covered":15,"skipped":0,"pct":100},"functions":{"total":8,"covered":5,"skipped":0,"pct":62.5},"statements":{"total":30,"covered":16,"skipped":0,"pct":53.33},"branches":{"total":12,"covered":6,"skipped":0,"pct":50}}
,"C:\\Users\\nn\\Desktop\\code\\nestjs-yalc\\examples\\omnikernel\\module\\src\\omnikernel.module.ts": {"lines":{"total":29,"covered":29,"skipped":0,"pct":100},"functions":{"total":2,"covered":1,"skipped":0,"pct":50},"statements":{"total":36,"covered":31,"skipped":0,"pct":86.11},"branches":{"total":0,"covered":0,"skipped":0,"pct":100}}
,"C:\\Users\\nn\\Desktop\\code\\nestjs-yalc\\examples\\omnikernel\\module\\src\\omnikernel.query.service.ts": {"lines":{"total":25,"covered":23,"skipped":0,"pct":92},"functions":{"total":13,"covered":8,"skipped":0,"pct":61.53},"statements":{"total":37,"covered":26,"skipped":0,"pct":70.27},"branches":{"total":9,"covered":4,"skipped":0,"pct":44.44}}
,"C:\\Users\\nn\\Desktop\\code\\nestjs-yalc\\examples\\omnikernel\\module\\src\\base\\omni-base.entity.ts": {"lines":{"total":9,"covered":9,"skipped":0,"pct":100},"functions":{"total":1,"covered":1,"skipped":0,"pct":100},"statements":{"total":13,"covered":12,"skipped":0,"pct":92.3},"branches":{"total":0,"covered":0,"skipped":0,"pct":100}}
,"C:\\Users\\nn\\Desktop\\code\\nestjs-yalc\\examples\\omnikernel\\module\\src\\base\\omni-external-ref.entity.ts": {"lines":{"total":14,"covered":14,"skipped":0,"pct":100},"functions":{"total":0,"covered":0,"skipped":0,"pct":100},"statements":{"total":16,"covered":16,"skipped":0,"pct":100},"branches":{"total":0,"covered":0,"skipped":0,"pct":100}}
,"C:\\Users\\nn\\Desktop\\code\\nestjs-yalc\\examples\\omnikernel\\module\\src\\base\\omni-named.entity.ts": {"lines":{"total":7,"covered":7,"skipped":0,"pct":100},"functions":{"total":0,"covered":0,"skipped":0,"pct":100},"statements":{"total":9,"covered":9,"skipped":0,"pct":100},"branches":{"total":0,"covered":0,"skipped":0,"pct":100}}
,"C:\\Users\\nn\\Desktop\\code\\nestjs-yalc\\examples\\omnikernel\\module\\src\\base\\omni-record.entity.ts": {"lines":{"total":15,"covered":15,"skipped":0,"pct":100},"functions":{"total":6,"covered":4,"skipped":0,"pct":66.66},"statements":{"total":21,"covered":19,"skipped":0,"pct":90.47},"branches":{"total":0,"covered":0,"skipped":0,"pct":100}}
,"C:\\Users\\nn\\Desktop\\code\\nestjs-yalc\\examples\\omnikernel\\module\\src\\base\\omni-relation.entity.ts": {"lines":{"total":17,"covered":17,"skipped":0,"pct":100},"functions":{"total":6,"covered":4,"skipped":0,"pct":66.66},"statements":{"total":23,"covered":21,"skipped":0,"pct":91.3},"branches":{"total":0,"covered":0,"skipped":0,"pct":100}}
,"C:\\Users\\nn\\Desktop\\code\\nestjs-yalc\\ferrox-node\\src\\index.ts": {"lines":{"total":20,"covered":20,"skipped":0,"pct":100},"functions":{"total":0,"covered":0,"skipped":0,"pct":100},"statements":{"total":20,"covered":20,"skipped":0,"pct":100},"branches":{"total":0,"covered":0,"skipped":0,"pct":100}}
,"C:\\Users\\nn\\Desktop\\code\\nestjs-yalc\\ferrox-node\\src\\auth\\paseto-auth.service.ts": {"lines":{"total":32,"covered":29,"skipped":0,"pct":90.62},"functions":{"total":3,"covered":3,"skipped":0,"pct":100},"statements":{"total":33,"covered":30,"skipped":0,"pct":90.9},"branches":{"total":11,"covered":6,"skipped":0,"pct":54.54}}
,"C:\\Users\\nn\\Desktop\\code\\nestjs-yalc\\ferrox-node\\src\\auth\\totp-auth.service.ts": {"lines":{"total":24,"covered":7,"skipped":0,"pct":29.16},"functions":{"total":4,"covered":2,"skipped":0,"pct":50},"statements":{"total":27,"covered":8,"skipped":0,"pct":29.62},"branches":{"total":4,"covered":0,"skipped":0,"pct":0}}
,"C:\\Users\\nn\\Desktop\\code\\nestjs-yalc\\ferrox-node\\src\\config\\config-engine.ts": {"lines":{"total":14,"covered":8,"skipped":0,"pct":57.14},"functions":{"total":3,"covered":2,"skipped":0,"pct":66.66},"statements":{"total":18,"covered":9,"skipped":0,"pct":50},"branches":{"total":11,"covered":2,"skipped":0,"pct":18.18}}
,"C:\\Users\\nn\\Desktop\\code\\nestjs-yalc\\ferrox-node\\src\\core\\ferrox-app.ts": {"lines":{"total":39,"covered":20,"skipped":0,"pct":51.28},"functions":{"total":7,"covered":2,"skipped":0,"pct":28.57},"statements":{"total":44,"covered":21,"skipped":0,"pct":47.72},"branches":{"total":17,"covered":8,"skipped":0,"pct":47.05}}
,"C:\\Users\\nn\\Desktop\\code\\nestjs-yalc\\ferrox-node\\src\\cqrs\\cqrs-saga.ts": {"lines":{"total":32,"covered":18,"skipped":0,"pct":56.25},"functions":{"total":7,"covered":4,"skipped":0,"pct":57.14},"statements":{"total":36,"covered":21,"skipped":0,"pct":58.33},"branches":{"total":4,"covered":1,"skipped":0,"pct":25}}
,"C:\\Users\\nn\\Desktop\\code\\nestjs-yalc\\ferrox-node\\src\\datagrid\\datagrid-crud.ts": {"lines":{"total":29,"covered":14,"skipped":0,"pct":48.27},"functions":{"total":8,"covered":2,"skipped":0,"pct":25},"statements":{"total":35,"covered":16,"skipped":0,"pct":45.71},"branches":{"total":16,"covered":4,"skipped":0,"pct":25}}
,"C:\\Users\\nn\\Desktop\\code\\nestjs-yalc\\ferrox-node\\src\\guards\\mandatory-compliance.guard.ts": {"lines":{"total":13,"covered":11,"skipped":0,"pct":84.61},"functions":{"total":1,"covered":1,"skipped":0,"pct":100},"statements":{"total":14,"covered":12,"skipped":0,"pct":85.71},"branches":{"total":6,"covered":4,"skipped":0,"pct":66.66}}
,"C:\\Users\\nn\\Desktop\\code\\nestjs-yalc\\ferrox-node\\src\\guards\\rbac.guard.ts": {"lines":{"total":20,"covered":1,"skipped":0,"pct":5},"functions":{"total":3,"covered":0,"skipped":0,"pct":0},"statements":{"total":22,"covered":1,"skipped":0,"pct":4.54},"branches":{"total":11,"covered":0,"skipped":0,"pct":0}}
,"C:\\Users\\nn\\Desktop\\code\\nestjs-yalc\\ferrox-node\\src\\i18n\\i18n-engine.ts": {"lines":{"total":13,"covered":13,"skipped":0,"pct":100},"functions":{"total":3,"covered":3,"skipped":0,"pct":100},"statements":{"total":14,"covered":14,"skipped":0,"pct":100},"branches":{"total":9,"covered":4,"skipped":0,"pct":44.44}}
,"C:\\Users\\nn\\Desktop\\code\\nestjs-yalc\\ferrox-node\\src\\jobs\\jobs-scheduler-sse.ts": {"lines":{"total":37,"covered":18,"skipped":0,"pct":48.64},"functions":{"total":10,"covered":5,"skipped":0,"pct":50},"statements":{"total":43,"covered":21,"skipped":0,"pct":48.83},"branches":{"total":8,"covered":2,"skipped":0,"pct":25}}
,"C:\\Users\\nn\\Desktop\\code\\nestjs-yalc\\ferrox-node\\src\\kernel\\kernel-sandbox.ts": {"lines":{"total":6,"covered":6,"skipped":0,"pct":100},"functions":{"total":3,"covered":3,"skipped":0,"pct":100},"statements":{"total":7,"covered":7,"skipped":0,"pct":100},"branches":{"total":1,"covered":1,"skipped":0,"pct":100}}
,"C:\\Users\\nn\\Desktop\\code\\nestjs-yalc\\ferrox-node\\src\\resilience\\resilience.ts": {"lines":{"total":51,"covered":35,"skipped":0,"pct":68.62},"functions":{"total":10,"covered":7,"skipped":0,"pct":70},"statements":{"total":56,"covered":38,"skipped":0,"pct":67.85},"branches":{"total":21,"covered":5,"skipped":0,"pct":23.8}}
,"C:\\Users\\nn\\Desktop\\code\\nestjs-yalc\\ferrox-node\\src\\routing\\decorators.ts": {"lines":{"total":42,"covered":26,"skipped":0,"pct":61.9},"functions":{"total":12,"covered":7,"skipped":0,"pct":58.33},"statements":{"total":47,"covered":28,"skipped":0,"pct":59.57},"branches":{"total":26,"covered":8,"skipped":0,"pct":30.76}}
,"C:\\Users\\nn\\Desktop\\code\\nestjs-yalc\\ferrox-node\\src\\security\\sentinel-integration.ts": {"lines":{"total":11,"covered":9,"skipped":0,"pct":81.81},"functions":{"total":3,"covered":1,"skipped":0,"pct":33.33},"statements":{"total":12,"covered":10,"skipped":0,"pct":83.33},"branches":{"total":1,"covered":1,"skipped":0,"pct":100}}
,"C:\\Users\\nn\\Desktop\\code\\nestjs-yalc\\ferrox-node\\src\\selftest\\selftest-engine.ts": {"lines":{"total":6,"covered":6,"skipped":0,"pct":100},"functions":{"total":3,"covered":3,"skipped":0,"pct":100},"statements":{"total":8,"covered":8,"skipped":0,"pct":100},"branches":{"total":0,"covered":0,"skipped":0,"pct":100}}
,"C:\\Users\\nn\\Desktop\\code\\nestjs-yalc\\ferrox-node\\src\\storage\\storage-engine.ts": {"lines":{"total":16,"covered":12,"skipped":0,"pct":75},"functions":{"total":9,"covered":5,"skipped":0,"pct":55.55},"statements":{"total":19,"covered":13,"skipped":0,"pct":68.42},"branches":{"total":7,"covered":4,"skipped":0,"pct":57.14}}
,"C:\\Users\\nn\\Desktop\\code\\nestjs-yalc\\ferrox-node\\src\\tracing\\tracing-logger.ts": {"lines":{"total":17,"covered":10,"skipped":0,"pct":58.82},"functions":{"total":8,"covered":4,"skipped":0,"pct":50},"statements":{"total":19,"covered":12,"skipped":0,"pct":63.15},"branches":{"total":12,"covered":5,"skipped":0,"pct":41.66}}
,"C:\\Users\\nn\\Desktop\\code\\nestjs-yalc\\ferrox-node\\src\\transports\\http-adapters.ts": {"lines":{"total":81,"covered":9,"skipped":0,"pct":11.11},"functions":{"total":26,"covered":2,"skipped":0,"pct":7.69},"statements":{"total":91,"covered":11,"skipped":0,"pct":12.08},"branches":{"total":56,"covered":0,"skipped":0,"pct":0}}
,"C:\\Users\\nn\\Desktop\\code\\nestjs-yalc\\ferrox-node\\src\\transports\\websocket-kafka.ts": {"lines":{"total":18,"covered":14,"skipped":0,"pct":77.77},"functions":{"total":5,"covered":4,"skipped":0,"pct":80},"statements":{"total":20,"covered":16,"skipped":0,"pct":80},"branches":{"total":8,"covered":2,"skipped":0,"pct":25}}
,"C:\\Users\\nn\\Desktop\\code\\nestjs-yalc\\field-middleware\\src\\class-transformer.helper.ts": {"lines":{"total":35,"covered":35,"skipped":0,"pct":100},"functions":{"total":21,"covered":13,"skipped":0,"pct":61.9},"statements":{"total":71,"covered":40,"skipped":0,"pct":56.33},"branches":{"total":47,"covered":25,"skipped":0,"pct":53.19}}
,"C:\\Users\\nn\\Desktop\\code\\nestjs-yalc\\field-middleware\\src\\decimal-middleware.helper.ts": {"lines":{"total":2,"covered":2,"skipped":0,"pct":100},"functions":{"total":2,"covered":1,"skipped":0,"pct":50},"statements":{"total":5,"covered":3,"skipped":0,"pct":60},"branches":{"total":0,"covered":0,"skipped":0,"pct":100}}
,"C:\\Users\\nn\\Desktop\\code\\nestjs-yalc\\field-middleware\\src\\field-error.enum.ts": {"lines":{"total":2,"covered":2,"skipped":0,"pct":100},"functions":{"total":2,"covered":1,"skipped":0,"pct":50},"statements":{"total":4,"covered":2,"skipped":0,"pct":50},"branches":{"total":2,"covered":2,"skipped":0,"pct":100}}
,"C:\\Users\\nn\\Desktop\\code\\nestjs-yalc\\field-middleware\\src\\fields-error.enum.ts": {"lines":{"total":2,"covered":2,"skipped":0,"pct":100},"functions":{"total":2,"covered":1,"skipped":0,"pct":50},"statements":{"total":4,"covered":2,"skipped":0,"pct":50},"branches":{"total":2,"covered":2,"skipped":0,"pct":100}}
,"C:\\Users\\nn\\Desktop\\code\\nestjs-yalc\\field-middleware\\src\\index.ts": {"lines":{"total":9,"covered":0,"skipped":0,"pct":0},"functions":{"total":0,"covered":0,"skipped":0,"pct":100},"statements":{"total":9,"covered":0,"skipped":0,"pct":0},"branches":{"total":0,"covered":0,"skipped":0,"pct":100}}
,"C:\\Users\\nn\\Desktop\\code\\nestjs-yalc\\field-middleware\\src\\nullable-timestamp-middleware.helper.ts": {"lines":{"total":3,"covered":3,"skipped":0,"pct":100},"functions":{"total":2,"covered":1,"skipped":0,"pct":50},"statements":{"total":7,"covered":4,"skipped":0,"pct":57.14},"branches":{"total":8,"covered":4,"skipped":0,"pct":50}}
,"C:\\Users\\nn\\Desktop\\code\\nestjs-yalc\\field-middleware\\src\\string-format.enum.ts": {"lines":{"total":2,"covered":2,"skipped":0,"pct":100},"functions":{"total":2,"covered":1,"skipped":0,"pct":50},"statements":{"total":4,"covered":2,"skipped":0,"pct":50},"branches":{"total":2,"covered":2,"skipped":0,"pct":100}}
,"C:\\Users\\nn\\Desktop\\code\\nestjs-yalc\\field-middleware\\src\\transformer.helper.ts": {"lines":{"total":14,"covered":14,"skipped":0,"pct":100},"functions":{"total":6,"covered":6,"skipped":0,"pct":100},"statements":{"total":28,"covered":16,"skipped":0,"pct":57.14},"branches":{"total":8,"covered":4,"skipped":0,"pct":50}}
,"C:\\Users\\nn\\Desktop\\code\\nestjs-yalc\\field-middleware\\src\\typeorm-transformer.helper.ts": {"lines":{"total":14,"covered":14,"skipped":0,"pct":100},"functions":{"total":7,"covered":6,"skipped":0,"pct":85.71},"statements":{"total":28,"covered":16,"skipped":0,"pct":57.14},"branches":{"total":8,"covered":4,"skipped":0,"pct":50}}
,"C:\\Users\\nn\\Desktop\\code\\nestjs-yalc\\field-middleware\\src\\validator.decorator.ts": {"lines":{"total":16,"covered":16,"skipped":0,"pct":100},"functions":{"total":13,"covered":8,"skipped":0,"pct":61.53},"statements":{"total":29,"covered":18,"skipped":0,"pct":62.06},"branches":{"total":7,"covered":4,"skipped":0,"pct":57.14}}
,"C:\\Users\\nn\\Desktop\\code\\nestjs-yalc\\field-middleware\\src\\validator.helper.ts": {"lines":{"total":29,"covered":29,"skipped":0,"pct":100},"functions":{"total":14,"covered":7,"skipped":0,"pct":50},"statements":{"total":49,"covered":29,"skipped":0,"pct":59.18},"branches":{"total":28,"covered":14,"skipped":0,"pct":50}}
,"C:\\Users\\nn\\Desktop\\code\\nestjs-yalc\\field-middleware\\src\\validator.interface.ts": {"lines":{"total":3,"covered":3,"skipped":0,"pct":100},"functions":{"total":2,"covered":1,"skipped":0,"pct":50},"statements":{"total":5,"covered":3,"skipped":0,"pct":60},"branches":{"total":2,"covered":2,"skipped":0,"pct":100}}
,"C:\\Users\\nn\\Desktop\\code\\nestjs-yalc\\graphql\\src\\index.ts": {"lines":{"total":1,"covered":0,"skipped":0,"pct":0},"functions":{"total":0,"covered":0,"skipped":0,"pct":100},"statements":{"total":1,"covered":0,"skipped":0,"pct":0},"branches":{"total":0,"covered":0,"skipped":0,"pct":100}}
,"C:\\Users\\nn\\Desktop\\code\\nestjs-yalc\\graphql\\src\\sofa.helper.ts": {"lines":{"total":3,"covered":0,"skipped":0,"pct":0},"functions":{"total":1,"covered":0,"skipped":0,"pct":0},"statements":{"total":6,"covered":0,"skipped":0,"pct":0},"branches":{"total":0,"covered":0,"skipped":0,"pct":100}}
,"C:\\Users\\nn\\Desktop\\code\\nestjs-yalc\\graphql\\src\\decorators\\gqlrequest.decorator.ts": {"lines":{"total":6,"covered":4,"skipped":0,"pct":66.66},"functions":{"total":1,"covered":0,"skipped":0,"pct":0},"statements":{"total":11,"covered":5,"skipped":0,"pct":45.45},"branches":{"total":0,"covered":0,"skipped":0,"pct":100}}
,"C:\\Users\\nn\\Desktop\\code\\nestjs-yalc\\graphql\\src\\plugins\\gql-ast.helper.ts": {"lines":{"total":3,"covered":3,"skipped":0,"pct":100},"functions":{"total":4,"covered":2,"skipped":0,"pct":50},"statements":{"total":6,"covered":4,"skipped":0,"pct":66.66},"branches":{"total":0,"covered":0,"skipped":0,"pct":100}}
,"C:\\Users\\nn\\Desktop\\code\\nestjs-yalc\\graphql\\src\\plugins\\gql-complexity.helper.ts": {"lines":{"total":47,"covered":47,"skipped":0,"pct":100},"functions":{"total":12,"covered":7,"skipped":0,"pct":58.33},"statements":{"total":89,"covered":50,"skipped":0,"pct":56.17},"branches":{"total":56,"covered":29,"skipped":0,"pct":51.78}}
[...]
,"C:\\Users\\nn\\Desktop\\code\\nestjs-yalc\\kafka\\src\\plugin\\avro-deserializer.ts": {"lines":{"total":8,"covered":7,"skipped":0,"pct":87.5},"functions":{"total":2,"covered":2,"skipped":0,"pct":100},"statements":{"total":9,"covered":8,"skipped":0,"pct":88.88},"branches":{"total":4,"covered":4,"skipped":0,"pct":100}}
,"C:\\Users\\nn\\Desktop\\code\\nestjs-yalc\\kafka\\src\\plugin\\index.ts": {"lines":{"total":2,"covered":2,"skipped":0,"pct":100},"functions":{"total":1,"covered":1,"skipped":0,"pct":100},"statements":{"total":2,"covered":2,"skipped":0,"pct":100},"branches":{"total":0,"covered":0,"skipped":0,"pct":100}}
,"C:\\Users\\nn\\Desktop\\code\\nestjs-yalc\\logger\\src\\index.ts": {"lines":{"total":10,"covered":10,"skipped":0,"pct":100},"functions":{"total":0,"covered":0,"skipped":0,"pct":100},"statements":{"total":10,"covered":10,"skipped":0,"pct":100},"branches":{"total":0,"covered":0,"skipped":0,"pct":100}}
,"C:\\Users\\nn\\Desktop\\code\\nestjs-yalc\\logger\\src\\logger-abstract.service.ts": {"lines":{"total":48,"covered":48,"skipped":0,"pct":100},"functions":{"total":21,"covered":14,"skipped":0,"pct":66.66},"statements":{"total":92,"covered":51,"skipped":0,"pct":55.43},"branches":{"total":81,"covered":42,"skipped":0,"pct":51.85}}
,"C:\\Users\\nn\\Desktop\\code\\nestjs-yalc\\logger\\src\\logger-console.service.ts": {"lines":{"total":12,"covered":12,"skipped":0,"pct":100},"functions":{"total":8,"covered":8,"skipped":0,"pct":100},"statements":{"total":22,"covered":13,"skipped":0,"pct":59.09},"branches":{"total":21,"covered":11,"skipped":0,"pct":52.38}}
,"C:\\Users\\nn\\Desktop\\code\\nestjs-yalc\\logger\\src\\logger-nest.service.ts": {"lines":{"total":29,"covered":29,"skipped":0,"pct":100},"functions":{"total":17,"covered":9,"skipped":0,"pct":52.94},"statements":{"total":53,"covered":30,"skipped":0,"pct":56.6},"branches":{"total":32,"covered":22,"skipped":0,"pct":68.75}}
,"C:\\Users\\nn\\Desktop\\code\\nestjs-yalc\\logger\\src\\logger-pino.service.ts": {"lines":{"total":30,"covered":30,"skipped":0,"pct":100},"functions":{"total":18,"covered":14,"skipped":0,"pct":77.77},"statements":{"total":50,"covered":31,"skipped":0,"pct":62},"branches":{"total":29,"covered":15,"skipped":0,"pct":51.72}}
,"C:\\Users\\nn\\Desktop\\code\\nestjs-yalc\\logger\\src\\logger.enum.ts": {"lines":{"total":14,"covered":14,"skipped":0,"pct":100},"functions":{"total":6,"covered":3,"skipped":0,"pct":50},"statements":{"total":22,"covered":14,"skipped":0,"pct":63.63},"branches":{"total":6,"covered":6,"skipped":0,"pct":100}}
,"C:\\Users\\nn\\Desktop\\code\\nestjs-yalc\\logger\\src\\logger.event.ts": {"lines":{"total":10,"covered":10,"skipped":0,"pct":100},"functions":{"total":2,"covered":1,"skipped":0,"pct":50},"statements":{"total":12,"covered":10,"skipped":0,"pct":83.33},"branches":{"total":2,"covered":2,"skipped":0,"pct":100}}
,"C:\\Users\\nn\\Desktop\\code\\nestjs-yalc\\logger\\src\\logger.factory.ts": {"lines":{"total":21,"covered":20,"skipped":0,"pct":95.23},"functions":{"total":2,"covered":2,"skipped":0,"pct":100},"statements":{"total":32,"covered":20,"skipped":0,"pct":62.5},"branches":{"total":13,"covered":7,"skipped":0,"pct":53.84}}
,"C:\\Users\\nn\\Desktop\\code\\nestjs-yalc\\logger\\src\\logger.helper.ts": {"lines":{"total":17,"covered":17,"skipped":0,"pct":100},"functions":{"total":4,"covered":3,"skipped":0,"pct":75},"statements":{"total":36,"covered":22,"skipped":0,"pct":61.11},"branches":{"total":37,"covered":18,"skipped":0,"pct":48.64}}
,"C:\\Users\\nn\\Desktop\\code\\nestjs-yalc\\logger\\src\\logger.service.ts": {"lines":{"total":9,"covered":9,"skipped":0,"pct":100},"functions":{"total":2,"covered":2,"skipped":0,"pct":100},"statements":{"total":14,"covered":10,"skipped":0,"pct":71.42},"branches":{"total":17,"covered":8,"skipped":0,"pct":47.05}}
,"C:\\Users\\nn\\Desktop\\code\\nestjs-yalc\\logger\\src\\typeorm-logger.ts": {"lines":{"total":24,"covered":24,"skipped":0,"pct":100},"functions":{"total":14,"covered":7,"skipped":0,"pct":50},"statements":{"total":49,"covered":31,"skipped":0,"pct":63.26},"branches":{"total":34,"covered":17,"skipped":0,"pct":50}}
,"C:\\Users\\nn\\Desktop\\code\\nestjs-yalc\\observability\\src\\index.ts": {"lines":{"total":9,"covered":0,"skipped":0,"pct":0},"functions":{"total":0,"covered":0,"skipped":0,"pct":100},"statements":{"total":9,"covered":0,"skipped":0,"pct":0},"branches":{"total":0,"covered":0,"skipped":0,"pct":100}}
,"C:\\Users\\nn\\Desktop\\code\\nestjs-yalc\\observability\\src\\observability-options.ts": {"lines":{"total":8,"covered":8,"skipped":0,"pct":100},"functions":{"total":9,"covered":5,"skipped":0,"pct":55.55},"statements":{"total":14,"covered":8,"skipped":0,"pct":57.14},"branches":{"total":56,"covered":25,"skipped":0,"pct":44.64}}
,"C:\\Users\\nn\\Desktop\\code\\nestjs-yalc\\observability\\src\\observability.module.ts": {"lines":{"total":12,"covered":11,"skipped":0,"pct":91.66},"functions":{"total":6,"covered":2,"skipped":0,"pct":33.33},"statements":{"total":19,"covered":15,"skipped":0,"pct":78.94},"branches":{"total":4,"covered":2,"skipped":0,"pct":50}}
,"C:\\Users\\nn\\Desktop\\code\\nestjs-yalc\\observability\\src\\open-telemetry-sdk.service.ts": {"lines":{"total":27,"covered":24,"skipped":0,"pct":88.88},"functions":{"total":11,"covered":6,"skipped":0,"pct":54.54},"statements":{"total":48,"covered":28,"skipped":0,"pct":58.33},"branches":{"total":12,"covered":4,"skipped":0,"pct":33.33}}
,"C:\\Users\\nn\\Desktop\\code\\nestjs-yalc\\observability\\src\\telemetry.service.ts": {"lines":{"total":103,"covered":87,"skipped":0,"pct":84.46},"functions":{"total":48,"covered":26,"skipped":0,"pct":54.16},"statements":{"total":209,"covered":91,"skipped":0,"pct":43.54},"branches":{"total":124,"covered":51,"skipped":0,"pct":41.12}}
,"C:\\Users\\nn\\Desktop\\code\\nestjs-yalc\\observability\\src\\tokens.ts": {"lines":{"total":1,"covered":1,"skipped":0,"pct":100},"functions":{"total":0,"covered":0,"skipped":0,"pct":100},"statements":{"total":2,"covered":1,"skipped":0,"pct":50},"branches":{"total":0,"covered":0,"skipped":0,"pct":100}}
,"C:\\Users\\nn\\Desktop\\code\\nestjs-yalc\\observability\\src\\decorators\\observed.decorator.ts": {"lines":{"total":12,"covered":12,"skipped":0,"pct":100},"functions":{"total":8,"covered":5,"skipped":0,"pct":62.5},"statements":{"total":23,"covered":13,"skipped":0,"pct":56.52},"branches":{"total":10,"covered":6,"skipped":0,"pct":60}}
,"C:\\Users\\nn\\Desktop\\code\\nestjs-yalc\\observability\\src\\event-manager\\opentelemetry-event-manager.plugin.ts": {"lines":{"total":29,"covered":27,"skipped":0,"pct":93.1},"functions":{"total":18,"covered":11,"skipped":0,"pct":61.11},"statements":{"total":58,"covered":32,"skipped":0,"pct":55.17},"branches":{"total":30,"covered":13,"skipped":0,"pct":43.33}}
,"C:\\Users\\nn\\Desktop\\code\\nestjs-yalc\\observability\\src\\strategies\\telemetry-call.strategy.ts": {"lines":{"total":10,"covered":9,"skipped":0,"pct":90},"functions":{"total":17,"covered":9,"skipped":0,"pct":52.94},"statements":{"total":23,"covered":13,"skipped":0,"pct":56.52},"branches":{"total":0,"covered":0,"skipped":0,"pct":100}}
,"C:\\Users\\nn\\Desktop\\code\\nestjs-yalc\\observability\\src\\strategies\\telemetry-event.strategy.ts": {"lines":{"total":12,"covered":12,"skipped":0,"pct":100},"functions":{"total":13,"covered":7,"skipped":0,"pct":53.84},"statements":{"total":21,"covered":13,"skipped":0,"pct":61.9},"branches":{"total":4,"covered":1,"skipped":0,"pct":25}}
,"C:\\Users\\nn\\Desktop\\code\\nestjs-yalc\\sentinel\\src\\sentinel.guard.ts": {"lines":{"total":10,"covered":0,"skipped":0,"pct":0},"functions":{"total":1,"covered":0,"skipped":0,"pct":0},"statements":{"total":10,"covered":0,"skipped":0,"pct":0},"branches":{"total":8,"covered":0,"skipped":0,"pct":0}}
,"C:\\Users\\nn\\Desktop\\code\\nestjs-yalc\\sentinel\\src\\sentinel.interceptor.ts": {"lines":{"total":9,"covered":0,"skipped":0,"pct":0},"functions":{"total":3,"covered":0,"skipped":0,"pct":0},"statements":{"total":9,"covered":0,"skipped":0,"pct":0},"branches":{"total":9,"covered":0,"skipped":0,"pct":0}}
,"C:\\Users\\nn\\Desktop\\code\\nestjs-yalc\\sentinel\\src\\sentinel.module.ts": {"lines":{"total":1,"covered":0,"skipped":0,"pct":0},"functions":{"total":1,"covered":0,"skipped":0,"pct":0},"statements":{"total":1,"covered":0,"skipped":0,"pct":0},"branches":{"total":3,"covered":0,"skipped":0,"pct":0}}
,"C:\\Users\\nn\\Desktop\\code\\nestjs-yalc\\sentinel\\src\\algorithms\\ai-guardrails.ts": {"lines":{"total":19,"covered":15,"skipped":0,"pct":78.94},"functions":{"total":1,"covered":1,"skipped":0,"pct":100},"statements":{"total":20,"covered":16,"skipped":0,"pct":80},"branches":{"total":8,"covered":3,"skipped":0,"pct":37.5}}
,"C:\\Users\\nn\\Desktop\\code\\nestjs-yalc\\sentinel\\src\\algorithms\\lsass-guard.ts": {"lines":{"total":9,"covered":8,"skipped":0,"pct":88.88},"functions":{"total":1,"covered":1,"skipped":0,"pct":100},"statements":{"total":10,"covered":9,"skipped":0,"pct":90},"branches":{"total":10,"covered":5,"skipped":0,"pct":50}}
,"C:\\Users\\nn\\Desktop\\code\\nestjs-yalc\\sentinel\\src\\algorithms\\markov-sequence.ts": {"lines":{"total":24,"covered":23,"skipped":0,"pct":95.83},"functions":{"total":2,"covered":2,"skipped":0,"pct":100},"statements":{"total":27,"covered":26,"skipped":0,"pct":96.29},"branches":{"total":14,"covered":9,"skipped":0,"pct":64.28}}
,"C:\\Users\\nn\\Desktop\\code\\nestjs-yalc\\sentinel\\src\\algorithms\\polymorphic-routes.ts": {"lines":{"total":28,"covered":28,"skipped":0,"pct":100},"functions":{"total":3,"covered":3,"skipped":0,"pct":100},"statements":{"total":29,"covered":29,"skipped":0,"pct":100},"branches":{"total":5,"covered":3,"skipped":0,"pct":60}}
,"C:\\Users\\nn\\Desktop\\code\\nestjs-yalc\\sentinel\\src\\algorithms\\rag-groundedness.ts": {"lines":{"total":27,"covered":23,"skipped":0,"pct":85.18},"functions":{"total":6,"covered":6,"skipped":0,"pct":100},"statements":{"total":29,"covered":25,"skipped":0,"pct":86.2},"branches":{"total":7,"covered":3,"skipped":0,"pct":42.85}}
,"C:\\Users\\nn\\Desktop\\code\\nestjs-yalc\\sentinel\\src\\algorithms\\sbom-verifier.ts": {"lines":{"total":20,"covered":6,"skipped":0,"pct":30},"functions":{"total":2,"covered":1,"skipped":0,"pct":50},"statements":{"total":21,"covered":7,"skipped":0,"pct":33.33},"branches":{"total":10,"covered":1,"skipped":0,"pct":10}}
,"C:\\Users\\nn\\Desktop\\code\\nestjs-yalc\\sentinel\\src\\algorithms\\shannon-entropy.ts": {"lines":{"total":15,"covered":14,"skipped":0,"pct":93.33},"functions":{"total":1,"covered":1,"skipped":0,"pct":100},"statements":{"total":18,"covered":17,"skipped":0,"pct":94.44},"branches":{"total":8,"covered":5,"skipped":0,"pct":62.5}}
,"C:\\Users\\nn\\Desktop\\code\\nestjs-yalc\\utils\\src\\class.helper.ts": {"lines":{"total":6,"covered":6,"skipped":0,"pct":100},"functions":{"total":6,"covered":3,"skipped":0,"pct":50},"statements":{"total":9,"covered":6,"skipped":0,"pct":66.66},"branches":{"total":24,"covered":11,"skipped":0,"pct":45.83}}
,"C:\\Users\\nn\\Desktop\\code\\nestjs-yalc\\utils\\src\\command.helper.ts": {"lines":{"total":6,"covered":6,"skipped":0,"pct":100},"functions":{"total":3,"covered":2,"skipped":0,"pct":66.66},"statements":{"total":13,"covered":7,"skipped":0,"pct":53.84},"branches":{"total":0,"covered":0,"skipped":0,"pct":100}}
,"C:\\Users\\nn\\Desktop\\code\\nestjs-yalc\\utils\\src\\config-manager.helper.ts": {"lines":{"total":34,"covered":34,"skipped":0,"pct":100},"functions":{"total":10,"covered":9,"skipped":0,"pct":90},"statements":{"total":68,"covered":35,"skipped":0,"pct":51.47},"branches":{"total":21,"covered":11,"skipped":0,"pct":52.38}}
,"C:\\Users\\nn\\Desktop\\code\\nestjs-yalc\\utils\\src\\custom-validator.ts": {"lines":{"total":4,"covered":4,"skipped":0,"pct":100},"functions":{"total":3,"covered":2,"skipped":0,"pct":66.66},"statements":{"total":8,"covered":5,"skipped":0,"pct":62.5},"branches":{"total":0,"covered":0,"skipped":0,"pct":100}}
,"C:\\Users\\nn\\Desktop\\code\\nestjs-yalc\\utils\\src\\data-structure.helper.ts": {"lines":{"total":6,"covered":6,"skipped":0,"pct":100},"functions":{"total":2,"covered":2,"skipped":0,"pct":100},"statements":{"total":13,"covered":7,"skipped":0,"pct":53.84},"branches":{"total":0,"covered":0,"skipped":0,"pct":100}}
,"C:\\Users\\nn\\Desktop\\code\\nestjs-yalc\\utils\\src\\date.helper.ts": {"lines":{"total":23,"covered":23,"skipped":0,"pct":100},"functions":{"total":14,"covered":7,"skipped":0,"pct":50},"statements":{"total":44,"covered":24,"skipped":0,"pct":54.54},"branches":{"total":4,"covered":4,"skipped":0,"pct":100}}
,"C:\\Users\\nn\\Desktop\\code\\nestjs-yalc\\utils\\src\\encryption.helper.ts": {"lines":{"total":16,"covered":16,"skipped":0,"pct":100},"functions":{"total":2,"covered":2,"skipped":0,"pct":100},"statements":{"total":30,"covered":18,"skipped":0,"pct":60},"branches":{"total":4,"covered":2,"skipped":0,"pct":50}}
,"C:\\Users\\nn\\Desktop\\code\\nestjs-yalc\\utils\\src\\enum.helper.ts": {"lines":{"total":10,"covered":10,"skipped":0,"pct":100},"functions":{"total":5,"covered":5,"skipped":0,"pct":100},"statements":{"total":29,"covered":16,"skipped":0,"pct":55.17},"branches":{"total":8,"covered":4,"skipped":0,"pct":50}}
,"C:\\Users\\nn\\Desktop\\code\\nestjs-yalc\\utils\\src\\env.helper.ts": {"lines":{"total":11,"covered":11,"skipped":0,"pct":100},"functions":{"total":7,"covered":5,"skipped":0,"pct":71.42},"statements":{"total":24,"covered":14,"skipped":0,"pct":58.33},"branches":{"total":25,"covered":13,"skipped":0,"pct":52}}
,"C:\\Users\\nn\\Desktop\\code\\nestjs-yalc\\utils\\src\\error.helper.ts": {"lines":{"total":4,"covered":4,"skipped":0,"pct":100},"functions":{"total":2,"covered":1,"skipped":0,"pct":50},"statements":{"total":7,"covered":4,"skipped":0,"pct":57.14},"branches":{"total":4,"covered":2,"skipped":0,"pct":50}}
,"C:\\Users\\nn\\Desktop\\code\\nestjs-yalc\\utils\\src\\faker-helper.ts": {"lines":{"total":38,"covered":38,"skipped":0,"pct":100},"functions":{"total":11,"covered":7,"skipped":0,"pct":63.63},"statements":{"total":74,"covered":40,"skipped":0,"pct":54.05},"branches":{"total":22,"covered":11,"skipped":0,"pct":50}}
,"C:\\Users\\nn\\Desktop\\code\\nestjs-yalc\\utils\\src\\files.helper.ts": {"lines":{"total":6,"covered":6,"skipped":0,"pct":100},"functions":{"total":4,"covered":2,"skipped":0,"pct":50},"statements":{"total":8,"covered":6,"skipped":0,"pct":75},"branches":{"total":0,"covered":0,"skipped":0,"pct":100}}
,"C:\\Users\\nn\\Desktop\\code\\nestjs-yalc\\utils\\src\\http.helper.ts": {"lines":{"total":7,"covered":7,"skipped":0,"pct":100},"functions":{"total":1,"covered":1,"skipped":0,"pct":100},"statements":{"total":13,"covered":8,"skipped":0,"pct":61.53},"branches":{"total":5,"covered":3,"skipped":0,"pct":60}}
,"C:\\Users\\nn\\Desktop\\code\\nestjs-yalc\\utils\\src\\index.ts": {"lines":{"total":21,"covered":21,"skipped":0,"pct":100},"functions":{"total":0,"covered":0,"skipped":0,"pct":100},"statements":{"total":21,"covered":21,"skipped":0,"pct":100},"branches":{"total":0,"covered":0,"skipped":0,"pct":100}}
,"C:\\Users\\nn\\Desktop\\code\\nestjs-yalc\\utils\\src\\interval.helper.ts": {"lines":{"total":4,"covered":4,"skipped":0,"pct":100},"functions":{"total":6,"covered":3,"skipped":0,"pct":50},"statements":{"total":8,"covered":5,"skipped":0,"pct":62.5},"branches":{"total":0,"covered":0,"skipped":0,"pct":100}}
,"C:\\Users\\nn\\Desktop\\code\\nestjs-yalc\\utils\\src\\math.helper.ts": {"lines":{"total":3,"covered":3,"skipped":0,"pct":100},"functions":{"total":2,"covered":1,"skipped":0,"pct":50},"statements":{"total":5,"covered":3,"skipped":0,"pct":60},"branches":{"total":0,"covered":0,"skipped":0,"pct":100}}
,"C:\\Users\\nn\\Desktop\\code\\nestjs-yalc\\utils\\src\\nest.decorator.ts": {"lines":{"total":4,"covered":0,"skipped":0,"pct":0},"functions":{"total":1,"covered":0,"skipped":0,"pct":0},"statements":{"total":8,"covered":0,"skipped":0,"pct":0},"branches":{"total":0,"covered":0,"skipped":0,"pct":100}}
,"C:\\Users\\nn\\Desktop\\code\\nestjs-yalc\\utils\\src\\object-mapper.helper.ts": {"lines":{"total":26,"covered":26,"skipped":0,"pct":100},"functions":{"total":5,"covered":3,"skipped":0,"pct":60},"statements":{"total":55,"covered":29,"skipped":0,"pct":52.72},"branches":{"total":37,"covered":19,"skipped":0,"pct":51.35}}
,"C:\\Users\\nn\\Desktop\\code\\nestjs-yalc\\utils\\src\\object-mapper.interceptor.ts": {"lines":{"total":14,"covered":13,"skipped":0,"pct":92.85},"functions":{"total":6,"covered":4,"skipped":0,"pct":66.66},"statements":{"total":25,"covered":15,"skipped":0,"pct":60},"branches":{"total":17,"covered":9,"skipped":0,"pct":52.94}}
,"C:\\Users\\nn\\Desktop\\code\\nestjs-yalc\\utils\\src\\object.helper.ts": {"lines":{"total":51,"covered":51,"skipped":0,"pct":100},"functions":{"total":14,"covered":10,"skipped":0,"pct":71.42},"statements":{"total":104,"covered":59,"skipped":0,"pct":56.73},"branches":{"total":62,"covered":31,"skipped":0,"pct":50}}
,"C:\\Users\\nn\\Desktop\\code\\nestjs-yalc\\utils\\src\\plugin.helper.ts": {"lines":{"total":9,"covered":9,"skipped":0,"pct":100},"functions":{"total":10,"covered":6,"skipped":0,"pct":60},"statements":{"total":17,"covered":10,"skipped":0,"pct":58.82},"branches":{"total":1,"covered":1,"skipped":0,"pct":100}}
,"C:\\Users\\nn\\Desktop\\code\\nestjs-yalc\\utils\\src\\promise.helper.ts": {"lines":{"total":15,"covered":15,"skipped":0,"pct":100},"functions":{"total":17,"covered":10,"skipped":0,"pct":58.82},"statements":{"total":32,"covered":18,"skipped":0,"pct":56.25},"branches":{"total":8,"covered":4,"skipped":0,"pct":50}}
,"C:\\Users\\nn\\Desktop\\code\\nestjs-yalc\\utils\\src\\returnValue.ts": {"lines":{"total":7,"covered":7,"skipped":0,"pct":100},"functions":{"total":10,"covered":6,"skipped":0,"pct":60},"statements":{"total":17,"covered":11,"skipped":0,"pct":64.7},"branches":{"total":0,"covered":0,"skipped":0,"pct":100}}
,"C:\\Users\\nn\\Desktop\\code\\nestjs-yalc\\utils\\src\\rxjs.helper.ts": {"lines":{"total":20,"covered":20,"skipped":0,"pct":100},"functions":{"total":9,"covered":6,"skipped":0,"pct":66.66},"statements":{"total":34,"covered":20,"skipped":0,"pct":58.82},"branches":{"total":24,"covered":12,"skipped":0,"pct":50}}
,"C:\\Users\\nn\\Desktop\\code\\nestjs-yalc\\utils\\src\\simple-mapper.interceptor.ts": {"lines":{"total":11,"covered":10,"skipped":0,"pct":90.9},"functions":{"total":6,"covered":4,"skipped":0,"pct":66.66},"statements":{"total":18,"covered":11,"skipped":0,"pct":61.11},"branches":{"total":12,"covered":6,"skipped":0,"pct":50}}
,"C:\\Users\\nn\\Desktop\\code\\nestjs-yalc\\utils\\src\\validator-helper.ts": {"lines":{"total":11,"covered":11,"skipped":0,"pct":100},"functions":{"total":4,"covered":2,"skipped":0,"pct":50},"statements":{"total":18,"covered":11,"skipped":0,"pct":61.11},"branches":{"total":16,"covered":8,"skipped":0,"pct":50}}
,"C:\\Users\\nn\\Desktop\\code\\nestjs-yalc\\utils\\src\\zlib.helper.ts": {"lines":{"total":11,"covered":11,"skipped":0,"pct":100},"functions":{"total":2,"covered":2,"skipped":0,"pct":100},"statements":{"total":23,"covered":13,"skipped":0,"pct":56.52},"branches":{"total":0,"covered":0,"skipped":0,"pct":100}}
,"C:\\Users\\nn\\Desktop\\code\\nestjs-yalc\\utils\\src\\nestjs\\nest.decorator.ts": {"lines":{"total":4,"covered":4,"skipped":0,"pct":100},"functions":{"total":1,"covered":1,"skipped":0,"pct":100},"statements":{"total":8,"covered":5,"skipped":0,"pct":62.5},"branches":{"total":0,"covered":0,"skipped":0,"pct":100}}
,"C:\\Users\\nn\\Desktop\\code\\nestjs-yalc\\utils\\src\\nestjs\\nest.helper.ts": {"lines":{"total":2,"covered":2,"skipped":0,"pct":100},"functions":{"total":2,"covered":1,"skipped":0,"pct":50},"statements":{"total":3,"covered":2,"skipped":0,"pct":66.66},"branches":{"total":6,"covered":3,"skipped":0,"pct":50}}
}
