{"total": {"lines":{"total":2664,"covered":0,"skipped":0,"pct":0},"statements":{"total":2837,"covered":0,"skipped":0,"pct":0},"functions":{"total":483,"covered":0,"skipped":0,"pct":0},"branches":{"total":1948,"covered":0,"skipped":0,"pct":0},"branchesTrue":{"total":0,"covered":0,"skipped":0,"pct":100}}
,"C:\\Users\\nn\\Desktop\\code\\nestjs-yalc\\crud-gen\\src\\conditions.error.ts": {"lines":{"total":3,"covered":0,"skipped":0,"pct":0},"functions":{"total":0,"covered":0,"skipped":0,"pct":100},"statements":{"total":3,"covered":0,"skipped":0,"pct":0},"branches":{"total":0,"covered":0,"skipped":0,"pct":100}}
,"C:\\Users\\nn\\Desktop\\code\\nestjs-yalc\\crud-gen\\src\\crud-gen-resource.factory.ts": {"lines":{"total":35,"covered":0,"skipped":0,"pct":0},"functions":{"total":9,"covered":0,"skipped":0,"pct":0},"statements":{"total":35,"covered":0,"skipped":0,"pct":0},"branches":{"total":80,"covered":0,"skipped":0,"pct":0}}
,"C:\\Users\\nn\\Desktop\\code\\nestjs-yalc\\crud-gen\\src\\crud-gen-type-checker.utils.ts": {"lines":{"total":37,"covered":0,"skipped":0,"pct":0},"functions":{"total":11,"covered":0,"skipped":0,"pct":0},"statements":{"total":41,"covered":0,"skipped":0,"pct":0},"branches":{"total":42,"covered":0,"skipped":0,"pct":0}}
,"C:\\Users\\nn\\Desktop\\code\\nestjs-yalc\\crud-gen\\src\\crud-gen.args.ts": {"lines":{"total":26,"covered":0,"skipped":0,"pct":0},"functions":{"total":5,"covered":0,"skipped":0,"pct":0},"statements":{"total":30,"covered":0,"skipped":0,"pct":0},"branches":{"total":16,"covered":0,"skipped":0,"pct":0}}
,"C:\\Users\\nn\\Desktop\\code\\nestjs-yalc\\crud-gen\\src\\crud-gen.enum.ts": {"lines":{"total":66,"covered":0,"skipped":0,"pct":0},"functions":{"total":9,"covered":0,"skipped":0,"pct":0},"statements":{"total":67,"covered":0,"skipped":0,"pct":0},"branches":{"total":18,"covered":0,"skipped":0,"pct":0}}
,"C:\\Users\\nn\\Desktop\\code\\nestjs-yalc\\crud-gen\\src\\crud-gen.error.ts": {"lines":{"total":23,"covered":0,"skipped":0,"pct":0},"functions":{"total":10,"covered":0,"skipped":0,"pct":0},"statements":{"total":23,"covered":0,"skipped":0,"pct":0},"branches":{"total":4,"covered":0,"skipped":0,"pct":0}}
,"C:\\Users\\nn\\Desktop\\code\\nestjs-yalc\\crud-gen\\src\\crud-gen.helpers.ts": {"lines":{"total":236,"covered":0,"skipped":0,"pct":0},"functions":{"total":37,"covered":0,"skipped":0,"pct":0},"statements":{"total":251,"covered":0,"skipped":0,"pct":0},"branches":{"total":181,"covered":0,"skipped":0,"pct":0}}
,"C:\\Users\\nn\\Desktop\\code\\nestjs-yalc\\crud-gen\\src\\entity.error.ts": {"lines":{"total":19,"covered":0,"skipped":0,"pct":0},"functions":{"total":7,"covered":0,"skipped":0,"pct":0},"statements":{"total":19,"covered":0,"skipped":0,"pct":0},"branches":{"total":4,"covered":0,"skipped":0,"pct":0}}
,"C:\\Users\\nn\\Desktop\\code\\nestjs-yalc\\crud-gen\\src\\event.enum.ts": {"lines":{"total":3,"covered":0,"skipped":0,"pct":0},"functions":{"total":1,"covered":0,"skipped":0,"pct":0},"statements":{"total":3,"covered":0,"skipped":0,"pct":0},"branches":{"total":2,"covered":0,"skipped":0,"pct":0}}
,"C:\\Users\\nn\\Desktop\\code\\nestjs-yalc\\crud-gen\\src\\filter.scalar.ts": {"lines":{"total":36,"covered":0,"skipped":0,"pct":0},"functions":{"total":6,"covered":0,"skipped":0,"pct":0},"statements":{"total":40,"covered":0,"skipped":0,"pct":0},"branches":{"total":25,"covered":0,"skipped":0,"pct":0}}
,"C:\\Users\\nn\\Desktop\\code\\nestjs-yalc\\crud-gen\\src\\index.ts": {"lines":{"total":37,"covered":0,"skipped":0,"pct":0},"functions":{"total":12,"covered":0,"skipped":0,"pct":0},"statements":{"total":37,"covered":0,"skipped":0,"pct":0},"branches":{"total":0,"covered":0,"skipped":0,"pct":100}}
,"C:\\Users\\nn\\Desktop\\code\\nestjs-yalc\\crud-gen\\src\\missing-arguments.error.ts": {"lines":{"total":6,"covered":0,"skipped":0,"pct":0},"functions":{"total":2,"covered":0,"skipped":0,"pct":0},"statements":{"total":6,"covered":0,"skipped":0,"pct":0},"branches":{"total":2,"covered":0,"skipped":0,"pct":0}}
,"C:\\Users\\nn\\Desktop\\code\\nestjs-yalc\\crud-gen\\src\\object.decorator.ts": {"lines":{"total":61,"covered":0,"skipped":0,"pct":0},"functions":{"total":13,"covered":0,"skipped":0,"pct":0},"statements":{"total":76,"covered":0,"skipped":0,"pct":0},"branches":{"total":53,"covered":0,"skipped":0,"pct":0}}
,"C:\\Users\\nn\\Desktop\\code\\nestjs-yalc\\crud-gen\\src\\query-builder.helpers.ts": {"lines":{"total":25,"covered":0,"skipped":0,"pct":0},"functions":{"total":3,"covered":0,"skipped":0,"pct":0},"statements":{"total":25,"covered":0,"skipped":0,"pct":0},"branches":{"total":18,"covered":0,"skipped":0,"pct":0}}
,"C:\\Users\\nn\\Desktop\\code\\nestjs-yalc\\crud-gen\\src\\strings.enum.ts": {"lines":{"total":13,"covered":0,"skipped":0,"pct":0},"functions":{"total":2,"covered":0,"skipped":0,"pct":0},"statements":{"total":13,"covered":0,"skipped":0,"pct":0},"branches":{"total":4,"covered":0,"skipped":0,"pct":0}}
,"C:\\Users\\nn\\Desktop\\code\\nestjs-yalc\\crud-gen\\src\\transformers.helpers.ts": {"lines":{"total":18,"covered":0,"skipped":0,"pct":0},"functions":{"total":5,"covered":0,"skipped":0,"pct":0},"statements":{"total":18,"covered":0,"skipped":0,"pct":0},"branches":{"total":6,"covered":0,"skipped":0,"pct":0}}
,"C:\\Users\\nn\\Desktop\\code\\nestjs-yalc\\crud-gen\\src\\api-graphql\\crud-gen-args-gql.decorator.ts": {"lines":{"total":120,"covered":0,"skipped":0,"pct":0},"functions":{"total":25,"covered":0,"skipped":0,"pct":0},"statements":{"total":128,"covered":0,"skipped":0,"pct":0},"branches":{"total":64,"covered":0,"skipped":0,"pct":0}}
,"C:\\Users\\nn\\Desktop\\code\\nestjs-yalc\\crud-gen\\src\\api-graphql\\crud-gen-gql.enum.ts": {"lines":{"total":15,"covered":0,"skipped":0,"pct":0},"functions":{"total":1,"covered":0,"skipped":0,"pct":0},"statements":{"total":15,"covered":0,"skipped":0,"pct":0},"branches":{"total":4,"covered":0,"skipped":0,"pct":0}}
,"C:\\Users\\nn\\Desktop\\code\\nestjs-yalc\\crud-gen\\src\\api-graphql\\crud-gen-gql.helpers.ts": {"lines":{"total":6,"covered":0,"skipped":0,"pct":0},"functions":{"total":3,"covered":0,"skipped":0,"pct":0},"statements":{"total":7,"covered":0,"skipped":0,"pct":0},"branches":{"total":5,"covered":0,"skipped":0,"pct":0}}
,"C:\\Users\\nn\\Desktop\\code\\nestjs-yalc\\crud-gen\\src\\api-graphql\\crud-gen-gql.interceptor.ts": {"lines":{"total":13,"covered":0,"skipped":0,"pct":0},"functions":{"total":3,"covered":0,"skipped":0,"pct":0},"statements":{"total":15,"covered":0,"skipped":0,"pct":0},"branches":{"total":11,"covered":0,"skipped":0,"pct":0}}
,"C:\\Users\\nn\\Desktop\\code\\nestjs-yalc\\crud-gen\\src\\api-graphql\\crud-gen-gql.type.ts": {"lines":{"total":16,"covered":0,"skipped":0,"pct":0},"functions":{"total":2,"covered":0,"skipped":0,"pct":0},"statements":{"total":21,"covered":0,"skipped":0,"pct":0},"branches":{"total":2,"covered":0,"skipped":0,"pct":0}}
,"C:\\Users\\nn\\Desktop\\code\\nestjs-yalc\\crud-gen\\src\\api-graphql\\crud-gen.input.ts": {"lines":{"total":78,"covered":0,"skipped":0,"pct":0},"functions":{"total":5,"covered":0,"skipped":0,"pct":0},"statements":{"total":98,"covered":0,"skipped":0,"pct":0},"branches":{"total":10,"covered":0,"skipped":0,"pct":0}}
,"C:\\Users\\nn\\Desktop\\code\\nestjs-yalc\\crud-gen\\src\\api-graphql\\generic.resolver.ts": {"lines":{"total":225,"covered":0,"skipped":0,"pct":0},"functions":{"total":27,"covered":0,"skipped":0,"pct":0},"statements":{"total":231,"covered":0,"skipped":0,"pct":0},"branches":{"total":201,"covered":0,"skipped":0,"pct":0}}
,"C:\\Users\\nn\\Desktop\\code\\nestjs-yalc\\crud-gen\\src\\api-graphql\\gqlfields.decorator.ts": {"lines":{"total":72,"covered":0,"skipped":0,"pct":0},"functions":{"total":7,"covered":0,"skipped":0,"pct":0},"statements":{"total":77,"covered":0,"skipped":0,"pct":0},"branches":{"total":53,"covered":0,"skipped":0,"pct":0}}
,"C:\\Users\\nn\\Desktop\\code\\nestjs-yalc\\crud-gen\\src\\api-graphql\\gqlmapper.decorator.ts": {"lines":{"total":25,"covered":0,"skipped":0,"pct":0},"functions":{"total":4,"covered":0,"skipped":0,"pct":0},"statements":{"total":28,"covered":0,"skipped":0,"pct":0},"branches":{"total":13,"covered":0,"skipped":0,"pct":0}}
,"C:\\Users\\nn\\Desktop\\code\\nestjs-yalc\\crud-gen\\src\\api-rest\\crud-gen-args-rest.decorator.ts": {"lines":{"total":77,"covered":0,"skipped":0,"pct":0},"functions":{"total":12,"covered":0,"skipped":0,"pct":0},"statements":{"total":91,"covered":0,"skipped":0,"pct":0},"branches":{"total":55,"covered":0,"skipped":0,"pct":0}}
,"C:\\Users\\nn\\Desktop\\code\\nestjs-yalc\\crud-gen\\src\\api-rest\\crud-gen-rest.controller.factory.ts": {"lines":{"total":80,"covered":0,"skipped":0,"pct":0},"functions":{"total":15,"covered":0,"skipped":0,"pct":0},"statements":{"total":81,"covered":0,"skipped":0,"pct":0},"branches":{"total":67,"covered":0,"skipped":0,"pct":0}}
,"C:\\Users\\nn\\Desktop\\code\\nestjs-yalc\\crud-gen\\src\\api-rest\\crud-gen-rest.dto.ts": {"lines":{"total":44,"covered":0,"skipped":0,"pct":0},"functions":{"total":9,"covered":0,"skipped":0,"pct":0},"statements":{"total":51,"covered":0,"skipped":0,"pct":0},"branches":{"total":11,"covered":0,"skipped":0,"pct":0}}
,"C:\\Users\\nn\\Desktop\\code\\nestjs-yalc\\crud-gen\\src\\api-rest\\crud-gen-rest.interceptor.ts": {"lines":{"total":50,"covered":0,"skipped":0,"pct":0},"functions":{"total":18,"covered":0,"skipped":0,"pct":0},"statements":{"total":54,"covered":0,"skipped":0,"pct":0},"branches":{"total":33,"covered":0,"skipped":0,"pct":0}}
,"C:\\Users\\nn\\Desktop\\code\\nestjs-yalc\\crud-gen\\src\\api-rest\\odata-query.interface.ts": {"lines":{"total":49,"covered":0,"skipped":0,"pct":0},"functions":{"total":6,"covered":0,"skipped":0,"pct":0},"statements":{"total":50,"covered":0,"skipped":0,"pct":0},"branches":{"total":42,"covered":0,"skipped":0,"pct":0}}
,"C:\\Users\\nn\\Desktop\\code\\nestjs-yalc\\crud-gen\\src\\model-object\\model-object-rest.interceptor.ts": {"lines":{"total":12,"covered":0,"skipped":0,"pct":0},"functions":{"total":3,"covered":0,"skipped":0,"pct":0},"statements":{"total":13,"covered":0,"skipped":0,"pct":0},"branches":{"total":2,"covered":0,"skipped":0,"pct":0}}
,"C:\\Users\\nn\\Desktop\\code\\nestjs-yalc\\crud-gen\\src\\model-object\\model-object.helper.ts": {"lines":{"total":26,"covered":0,"skipped":0,"pct":0},"functions":{"total":2,"covered":0,"skipped":0,"pct":0},"statements":{"total":27,"covered":0,"skipped":0,"pct":0},"branches":{"total":14,"covered":0,"skipped":0,"pct":0}}
,"C:\\Users\\nn\\Desktop\\code\\nestjs-yalc\\crud-gen\\src\\projection\\projection-dialect.ts": {"lines":{"total":139,"covered":0,"skipped":0,"pct":0},"functions":{"total":49,"covered":0,"skipped":0,"pct":0},"statements":{"total":150,"covered":0,"skipped":0,"pct":0},"branches":{"total":66,"covered":0,"skipped":0,"pct":0}}
,"C:\\Users\\nn\\Desktop\\code\\nestjs-yalc\\crud-gen\\src\\projection\\projection-graphql.ts": {"lines":{"total":50,"covered":0,"skipped":0,"pct":0},"functions":{"total":9,"covered":0,"skipped":0,"pct":0},"statements":{"total":51,"covered":0,"skipped":0,"pct":0},"branches":{"total":21,"covered":0,"skipped":0,"pct":0}}
,"C:\\Users\\nn\\Desktop\\code\\nestjs-yalc\\crud-gen\\src\\projection\\projection-resource.ts": {"lines":{"total":306,"covered":0,"skipped":0,"pct":0},"functions":{"total":42,"covered":0,"skipped":0,"pct":0},"statements":{"total":314,"covered":0,"skipped":0,"pct":0},"branches":{"total":293,"covered":0,"skipped":0,"pct":0}}
,"C:\\Users\\nn\\Desktop\\code\\nestjs-yalc\\crud-gen\\src\\projection\\projection-schema.ts": {"lines":{"total":11,"covered":0,"skipped":0,"pct":0},"functions":{"total":2,"covered":0,"skipped":0,"pct":0},"statements":{"total":14,"covered":0,"skipped":0,"pct":0},"branches":{"total":15,"covered":0,"skipped":0,"pct":0}}
,"C:\\Users\\nn\\Desktop\\code\\nestjs-yalc\\crud-gen\\src\\projection\\projection.service.ts": {"lines":{"total":166,"covered":0,"skipped":0,"pct":0},"functions":{"total":32,"covered":0,"skipped":0,"pct":0},"statements":{"total":180,"covered":0,"skipped":0,"pct":0},"branches":{"total":183,"covered":0,"skipped":0,"pct":0}}
,"C:\\Users\\nn\\Desktop\\code\\nestjs-yalc\\crud-gen\\src\\typeorm\\crud-gen-args.helpers.ts": {"lines":{"total":162,"covered":0,"skipped":0,"pct":0},"functions":{"total":19,"covered":0,"skipped":0,"pct":0},"statements":{"total":165,"covered":0,"skipped":0,"pct":0},"branches":{"total":133,"covered":0,"skipped":0,"pct":0}}
,"C:\\Users\\nn\\Desktop\\code\\nestjs-yalc\\crud-gen\\src\\typeorm\\generic.repository.ts": {"lines":{"total":108,"covered":0,"skipped":0,"pct":0},"functions":{"total":25,"covered":0,"skipped":0,"pct":0},"statements":{"total":112,"covered":0,"skipped":0,"pct":0},"branches":{"total":60,"covered":0,"skipped":0,"pct":0}}
,"C:\\Users\\nn\\Desktop\\code\\nestjs-yalc\\crud-gen\\src\\typeorm\\generic.service.ts": {"lines":{"total":170,"covered":0,"skipped":0,"pct":0},"functions":{"total":31,"covered":0,"skipped":0,"pct":0},"statements":{"total":177,"covered":0,"skipped":0,"pct":0},"branches":{"total":135,"covered":0,"skipped":0,"pct":0}}
}
