{"C:\\Users\\nn\\Desktop\\code\\nestjs-yalc\\crud-gen\\src\\conditions.error.ts": {"path":"C:\\Users\\nn\\Desktop\\code\\nestjs-yalc\\crud-gen\\src\\conditions.error.ts","statementMap":{"0":{"start":{"line":1,"column":0},"end":{"line":1,"column":70}},"1":{"start":{"line":5,"column":0},"end":{"line":5,"column":13}},"2":{"start":{"line":16,"column":0},"end":{"line":16,"column":13}}},"fnMap":{},"branchMap":{},"s":{"0":0,"1":0,"2":0},"f":{},"b":{}}
,"C:\\Users\\nn\\Desktop\\code\\nestjs-yalc\\crud-gen\\src\\crud-gen-resource.factory.ts": {"path":"C:\\Users\\nn\\Desktop\\code\\nestjs-yalc\\crud-gen\\src\\crud-gen-resource.factory.ts","statementMap":{"0":{"start":{"line":155,"column":0},"end":{"line":155,"column":16}},"1":{"start":{"line":2,"column":0},"end":{"line":2,"column":69}},"2":{"start":{"line":4,"column":0},"end":{"line":4,"column":null}},"3":{"start":{"line":10,"column":0},"end":{"line":10,"column":null}},"4":{"start":{"line":53,"column":2},"end":{"line":53,"column":69}},"5":{"start":{"line":59,"column":2},"end":{"line":59,"column":61}},"6":{"start":{"line":65,"column":2},"end":{"line":67,"column":3}},"7":{"start":{"line":66,"column":4},"end":{"line":66,"column":17}},"8":{"start":{"line":69,"column":19},"end":{"line":69,"column":35}},"9":{"start":{"line":71,"column":2},"end":{"line":71,"column":68}},"10":{"start":{"line":77,"column":2},"end":{"line":79,"column":3}},"11":{"start":{"line":78,"column":4},"end":{"line":78,"column":17}},"12":{"start":{"line":81,"column":19},"end":{"line":81,"column":35}},"13":{"start":{"line":83,"column":2},"end":{"line":83,"column":74}},"14":{"start":{"line":89,"column":2},"end":{"line":89,"column":39}},"15":{"start":{"line":95,"column":25},"end":{"line":102,"column":4}},"16":{"start":{"line":96,"column":4},"end":{"line":101,"column":6}},"17":{"start":{"line":104,"column":2},"end":{"line":109,"column":3}},"18":{"start":{"line":105,"column":4},"end":{"line":108,"column":6}},"19":{"start":{"line":111,"column":2},"end":{"line":111,"column":56}},"20":{"start":{"line":120,"column":18},"end":{"line":120,"column":49}},"21":{"start":{"line":121,"column":32},"end":{"line":121,"column":66}},"22":{"start":{"line":123,"column":4},"end":{"line":125,"column":66}},"23":{"start":{"line":127,"column":4},"end":{"line":129,"column":39}},"24":{"start":{"line":131,"column":2},"end":{"line":133,"column":3}},"25":{"start":{"line":132,"column":4},"end":{"line":132,"column":21}},"26":{"start":{"line":136,"column":4},"end":{"line":136,"column":17}},"27":{"start":{"line":138,"column":2},"end":{"line":152,"column":4}},"28":{"start":{"line":163,"column":4},"end":{"line":163,"column":49}},"29":{"start":{"line":166,"column":4},"end":{"line":166,"column":29}},"30":{"start":{"line":169,"column":4},"end":{"line":175,"column":null}},"31":{"start":{"line":179,"column":4},"end":{"line":189,"column":10}},"32":{"start":{"line":192,"column":4},"end":{"line":201,"column":10}},"33":{"start":{"line":204,"column":4},"end":{"line":213,"column":10}},"34":{"start":{"line":215,"column":2},"end":{"line":221,"column":4}}},"fnMap":{"0":{"name":"hasProviderOverride","decl":{"start":{"line":52,"column":9},"end":{"line":52,"column":28}},"loc":{"start":{"line":52,"column":43},"end":{"line":54,"column":1}}},"1":{"name":"isGeneratedGraphqlSurface","decl":{"start":{"line":56,"column":9},"end":{"line":56,"column":34}},"loc":{"start":{"line":57,"column":68},"end":{"line":60,"column":1}}},"2":{"name":"hasGraphqlServiceToken","decl":{"start":{"line":62,"column":9},"end":{"line":62,"column":31}},"loc":{"start":{"line":63,"column":68},"end":{"line":72,"column":1}}},"3":{"name":"hasGraphqlDataLoaderToken","decl":{"start":{"line":74,"column":9},"end":{"line":74,"column":34}},"loc":{"start":{"line":75,"column":68},"end":{"line":84,"column":1}}},"4":{"name":"hasRestServiceToken","decl":{"start":{"line":86,"column":9},"end":{"line":86,"column":28}},"loc":{"start":{"line":87,"column":62},"end":{"line":90,"column":1}}},"5":{"name":"inferPrimaryDatabaseKey","decl":{"start":{"line":92,"column":9},"end":{"line":92,"column":32}},"loc":{"start":{"line":93,"column":32},"end":{"line":112,"column":1}}},"6":{"name":"(anonymous_6)","decl":{"start":{"line":95,"column":65},"end":{"line":95,"column":66}},"loc":{"start":{"line":95,"column":76},"end":{"line":102,"column":3}}},"7":{"name":"normalizeBackendOptions","decl":{"start":{"line":114,"column":9},"end":{"line":114,"column":32}},"loc":{"start":{"line":118,"column":62},"end":{"line":153,"column":1}}},"8":{"name":"CrudGenResourceFactory","decl":{"start":{"line":155,"column":16},"end":{"line":155,"column":38}},"loc":{"start":{"line":160,"column":41},"end":{"line":222,"column":1}}}},"branchMap":{"0":{"loc":{"start":{"line":53,"column":9},"end":{"line":53,"column":68}},"type":"binary-expr","locations":[{"start":{"line":53,"column":9},"end":{"line":53,"column":16}},{"start":{"line":53,"column":20},"end":{"line":53,"column":45}},{"start":{"line":53,"column":49},"end":{"line":53,"column":68}}]},"1":{"loc":{"start":{"line":59,"column":9},"end":{"line":59,"column":60}},"type":"binary-expr","locations":[{"start":{"line":59,"column":9},"end":{"line":59,"column":18}},{"start":{"line":59,"column":22},"end":{"line":59,"column":60}}]},"2":{"loc":{"start":{"line":65,"column":2},"end":{"line":67,"column":3}},"type":"if","locations":[{"start":{"line":65,"column":2},"end":{"line":67,"column":3}},{"start":{},"end":{}}]},"3":{"loc":{"start":{"line":65,"column":6},"end":{"line":65,"column":55}},"type":"binary-expr","locations":[{"start":{"line":65,"column":6},"end":{"line":65,"column":14}},{"start":{"line":65,"column":18},"end":{"line":65,"column":55}}]},"4":{"loc":{"start":{"line":71,"column":12},"end":{"line":71,"column":66}},"type":"binary-expr","locations":[{"start":{"line":71,"column":12},"end":{"line":71,"column":32}},{"start":{"line":71,"column":36},"end":{"line":71,"column":66}}]},"5":{"loc":{"start":{"line":77,"column":2},"end":{"line":79,"column":3}},"type":"if","locations":[{"start":{"line":77,"column":2},"end":{"line":79,"column":3}},{"start":{},"end":{}}]},"6":{"loc":{"start":{"line":77,"column":6},"end":{"line":77,"column":55}},"type":"binary-expr","locations":[{"start":{"line":77,"column":6},"end":{"line":77,"column":14}},{"start":{"line":77,"column":18},"end":{"line":77,"column":55}}]},"7":{"loc":{"start":{"line":83,"column":12},"end":{"line":83,"column":72}},"type":"binary-expr","locations":[{"start":{"line":83,"column":12},"end":{"line":83,"column":35}},{"start":{"line":83,"column":39},"end":{"line":83,"column":72}}]},"8":{"loc":{"start":{"line":89,"column":9},"end":{"line":89,"column":38}},"type":"binary-expr","locations":[{"start":{"line":89,"column":9},"end":{"line":89,"column":15}},{"start":{"line":89,"column":19},"end":{"line":89,"column":38}}]},"9":{"loc":{"start":{"line":97,"column":6},"end":{"line":100,"column":28}},"type":"binary-expr","locations":[{"start":{"line":97,"column":6},"end":{"line":97,"column":41}},{"start":{"line":98,"column":7},"end":{"line":98,"column":36}},{"start":{"line":99,"column":8},"end":{"line":99,"column":54}},{"start":{"line":100,"column":6},"end":{"line":100,"column":28}}]},"10":{"loc":{"start":{"line":104,"column":2},"end":{"line":109,"column":3}},"type":"if","locations":[{"start":{"line":104,"column":2},"end":{"line":109,"column":3}},{"start":{},"end":{}}]},"11":{"loc":{"start":{"line":120,"column":18},"end":{"line":120,"column":49}},"type":"cond-expr","locations":[{"start":{"line":120,"column":37},"end":{"line":120,"column":39}},{"start":{"line":120,"column":42},"end":{"line":120,"column":49}}]},"12":{"loc":{"start":{"line":123,"column":4},"end":{"line":125,"column":66}},"type":"binary-expr","locations":[{"start":{"line":123,"column":4},"end":{"line":123,"column":21}},{"start":{"line":124,"column":6},"end":{"line":124,"column":12}},{"start":{"line":124,"column":16},"end":{"line":124,"column":42}},{"start":{"line":125,"column":7},"end":{"line":125,"column":28}},{"start":{"line":125,"column":32},"end":{"line":125,"column":64}}]},"13":{"loc":{"start":{"line":127,"column":4},"end":{"line":129,"column":39}},"type":"binary-expr","locations":[{"start":{"line":127,"column":4},"end":{"line":127,"column":24}},{"start":{"line":128,"column":4},"end":{"line":128,"column":25}},{"start":{"line":129,"column":4},"end":{"line":129,"column":39}}]},"14":{"loc":{"start":{"line":131,"column":2},"end":{"line":133,"column":3}},"type":"if","locations":[{"start":{"line":131,"column":2},"end":{"line":133,"column":3}},{"start":{},"end":{}}]},"15":{"loc":{"start":{"line":131,"column":6},"end":{"line":131,"column":65}},"type":"binary-expr","locations":[{"start":{"line":131,"column":6},"end":{"line":131,"column":14}},{"start":{"line":131,"column":18},"end":{"line":131,"column":38}},{"start":{"line":131,"column":42},"end":{"line":131,"column":65}}]},"16":{"loc":{"start":{"line":136,"column":4},"end":{"line":136,"column":17}},"type":"binary-expr","locations":[{"start":{"line":136,"column":4},"end":{"line":136,"column":11}},{"start":{"line":136,"column":15},"end":{"line":136,"column":17}}]},"17":{"loc":{"start":{"line":141,"column":6},"end":{"line":144,"column":20}},"type":"binary-expr","locations":[{"start":{"line":141,"column":6},"end":{"line":141,"column":13}},{"start":{"line":142,"column":7},"end":{"line":144,"column":19}}]},"18":{"loc":{"start":{"line":142,"column":7},"end":{"line":144,"column":19}},"type":"cond-expr","locations":[{"start":{"line":143,"column":10},"end":{"line":143,"column":53}},{"start":{"line":144,"column":10},"end":{"line":144,"column":19}}]},"19":{"loc":{"start":{"line":143,"column":26},"end":{"line":143,"column":51}},"type":"binary-expr","locations":[{"start":{"line":143,"column":26},"end":{"line":143,"column":38}},{"start":{"line":143,"column":42},"end":{"line":143,"column":51}}]},"20":{"loc":{"start":{"line":146,"column":6},"end":{"line":151,"column":22}},"type":"binary-expr","locations":[{"start":{"line":146,"column":6},"end":{"line":146,"column":16}},{"start":{"line":147,"column":7},"end":{"line":151,"column":21}}]},"21":{"loc":{"start":{"line":147,"column":7},"end":{"line":151,"column":21}},"type":"cond-expr","locations":[{"start":{"line":148,"column":10},"end":{"line":148,"column":78}},{"start":{"line":149,"column":10},"end":{"line":151,"column":21}}]},"22":{"loc":{"start":{"line":148,"column":25},"end":{"line":148,"column":76}},"type":"binary-expr","locations":[{"start":{"line":148,"column":25},"end":{"line":148,"column":36}},{"start":{"line":148,"column":40},"end":{"line":148,"column":76}}]},"23":{"loc":{"start":{"line":149,"column":10},"end":{"line":151,"column":21}},"type":"cond-expr","locations":[{"start":{"line":150,"column":12},"end":{"line":150,"column":27}},{"start":{"line":151,"column":12},"end":{"line":151,"column":21}}]},"24":{"loc":{"start":{"line":163,"column":4},"end":{"line":163,"column":49}},"type":"cond-expr","locations":[{"start":{"line":163,"column":23},"end":{"line":163,"column":39}},{"start":{"line":163,"column":42},"end":{"line":163,"column":49}}]},"25":{"loc":{"start":{"line":166,"column":4},"end":{"line":166,"column":29}},"type":"cond-expr","locations":[{"start":{"line":166,"column":20},"end":{"line":166,"column":22}},{"start":{"line":166,"column":25},"end":{"line":166,"column":29}}]},"26":{"loc":{"start":{"line":169,"column":4},"end":{"line":175,"column":null}},"type":"cond-expr","locations":[{"start":{"line":170,"column":8},"end":{"line":170,"column":13}},{"start":{"line":171,"column":8},"end":{"line":175,"column":null}}]},"27":{"loc":{"start":{"line":173,"column":10},"end":{"line":173,"column":43}},"type":"cond-expr","locations":[{"start":{"line":173,"column":29},"end":{"line":173,"column":33}},{"start":{"line":173,"column":36},"end":{"line":173,"column":43}}]},"28":{"loc":{"start":{"line":179,"column":4},"end":{"line":189,"column":10}},"type":"cond-expr","locations":[{"start":{"line":180,"column":8},"end":{"line":185,"column":null}},{"start":{"line":186,"column":8},"end":{"line":189,"column":10}}]},"29":{"loc":{"start":{"line":192,"column":4},"end":{"line":201,"column":10}},"type":"cond-expr","locations":[{"start":{"line":193,"column":8},"end":{"line":193,"column":25}},{"start":{"line":194,"column":8},"end":{"line":201,"column":10}}]},"30":{"loc":{"start":{"line":192,"column":4},"end":{"line":192,"column":60}},"type":"binary-expr","locations":[{"start":{"line":192,"column":4},"end":{"line":192,"column":28}},{"start":{"line":192,"column":32},"end":{"line":192,"column":60}}]},"31":{"loc":{"start":{"line":198,"column":12},"end":{"line":198,"column":72}},"type":"binary-expr","locations":[{"start":{"line":198,"column":12},"end":{"line":198,"column":39}},{"start":{"line":198,"column":43},"end":{"line":198,"column":72}}]},"32":{"loc":{"start":{"line":200,"column":12},"end":{"line":200,"column":78}},"type":"binary-expr","locations":[{"start":{"line":200,"column":12},"end":{"line":200,"column":42}},{"start":{"line":200,"column":46},"end":{"line":200,"column":78}}]},"33":{"loc":{"start":{"line":204,"column":4},"end":{"line":213,"column":10}},"type":"cond-expr","locations":[{"start":{"line":205,"column":8},"end":{"line":205,"column":10}},{"start":{"line":206,"column":8},"end":{"line":213,"column":10}}]},"34":{"loc":{"start":{"line":204,"column":4},"end":{"line":204,"column":54}},"type":"binary-expr","locations":[{"start":{"line":204,"column":4},"end":{"line":204,"column":25}},{"start":{"line":204,"column":29},"end":{"line":204,"column":54}}]},"35":{"loc":{"start":{"line":211,"column":14},"end":{"line":211,"column":71}},"type":"binary-expr","locations":[{"start":{"line":211,"column":14},"end":{"line":211,"column":38}},{"start":{"line":211,"column":42},"end":{"line":211,"column":71}}]}},"s":{"0":0,"1":0,"2":0,"3":0,"4":0,"5":0,"6":0,"7":0,"8":0,"9":0,"10":0,"11":0,"12":0,"13":0,"14":0,"15":0,"16":0,"17":0,"18":0,"19":0,"20":0,"21":0,"22":0,"23":0,"24":0,"25":0,"26":0,"27":0,"28":0,"29":0,"30":0,"31":0,"32":0,"33":0,"34":0},"f":{"0":0,"1":0,"2":0,"3":0,"4":0,"5":0,"6":0,"7":0,"8":0},"b":{"0":[0,0,0],"1":[0,0],"2":[0,0],"3":[0,0],"4":[0,0],"5":[0,0],"6":[0,0],"7":[0,0],"8":[0,0],"9":[0,0,0,0],"10":[0,0],"11":[0,0],"12":[0,0,0,0,0],"13":[0,0,0],"14":[0,0],"15":[0,0,0],"16":[0,0],"17":[0,0],"18":[0,0],"19":[0,0],"20":[0,0],"21":[0,0],"22":[0,0],"23":[0,0],"24":[0,0],"25":[0,0],"26":[0,0],"27":[0,0],"28":[0,0],"29":[0,0],"30":[0,0],"31":[0,0],"32":[0,0],"33":[0,0],"34":[0,0],"35":[0,0]}}
,"C:\\Users\\nn\\Desktop\\code\\nestjs-yalc\\crud-gen\\src\\crud-gen-type-checker.utils.ts": {"path":"C:\\Users\\nn\\Desktop\\code\\nestjs-yalc\\crud-gen\\src\\crud-gen-type-checker.utils.ts","statementMap":{"0":{"start":{"line":19,"column":0},"end":{"line":19,"column":16}},"1":{"start":{"line":30,"column":0},"end":{"line":30,"column":16}},"2":{"start":{"line":45,"column":0},"end":{"line":45,"column":16}},"3":{"start":{"line":60,"column":0},"end":{"line":60,"column":16}},"4":{"start":{"line":75,"column":0},"end":{"line":75,"column":16}},"5":{"start":{"line":83,"column":0},"end":{"line":83,"column":16}},"6":{"start":{"line":98,"column":0},"end":{"line":98,"column":16}},"7":{"start":{"line":115,"column":0},"end":{"line":115,"column":16}},"8":{"start":{"line":127,"column":0},"end":{"line":127,"column":16}},"9":{"start":{"line":136,"column":0},"end":{"line":136,"column":16}},"10":{"start":{"line":149,"column":0},"end":{"line":149,"column":16}},"11":{"start":{"line":2,"column":0},"end":{"line":2,"column":75}},"12":{"start":{"line":27,"column":2},"end":{"line":27,"column":80}},"13":{"start":{"line":38,"column":17},"end":{"line":38,"column":38}},"14":{"start":{"line":39,"column":2},"end":{"line":42,"column":4}},"15":{"start":{"line":48,"column":2},"end":{"line":48,"column":28}},"16":{"start":{"line":48,"column":15},"end":{"line":48,"column":28}},"17":{"start":{"line":50,"column":2},"end":{"line":57,"column":3}},"18":{"start":{"line":51,"column":4},"end":{"line":54,"column":6}},"19":{"start":{"line":56,"column":4},"end":{"line":56,"column":49}},"20":{"start":{"line":63,"column":2},"end":{"line":63,"column":28}},"21":{"start":{"line":63,"column":15},"end":{"line":63,"column":28}},"22":{"start":{"line":65,"column":2},"end":{"line":72,"column":3}},"23":{"start":{"line":66,"column":4},"end":{"line":69,"column":6}},"24":{"start":{"line":71,"column":4},"end":{"line":71,"column":51}},"25":{"start":{"line":78,"column":2},"end":{"line":78,"column":28}},"26":{"start":{"line":78,"column":15},"end":{"line":78,"column":28}},"27":{"start":{"line":80,"column":2},"end":{"line":80,"column":46}},"28":{"start":{"line":86,"column":2},"end":{"line":86,"column":28}},"29":{"start":{"line":86,"column":15},"end":{"line":86,"column":28}},"30":{"start":{"line":88,"column":2},"end":{"line":95,"column":3}},"31":{"start":{"line":89,"column":4},"end":{"line":92,"column":6}},"32":{"start":{"line":94,"column":4},"end":{"line":94,"column":49}},"33":{"start":{"line":106,"column":17},"end":{"line":106,"column":30}},"34":{"start":{"line":107,"column":2},"end":{"line":112,"column":4}},"35":{"start":{"line":118,"column":17},"end":{"line":118,"column":46}},"36":{"start":{"line":119,"column":2},"end":{"line":124,"column":4}},"37":{"start":{"line":130,"column":2},"end":{"line":133,"column":4}},"38":{"start":{"line":139,"column":17},"end":{"line":139,"column":42}},"39":{"start":{"line":140,"column":2},"end":{"line":146,"column":4}},"40":{"start":{"line":150,"column":2},"end":{"line":152,"column":4}}},"fnMap":{"0":{"name":"isFilterInputStrict","decl":{"start":{"line":19,"column":16},"end":{"line":19,"column":35}},"loc":{"start":{"line":25,"column":29},"end":{"line":28,"column":1}}},"1":{"name":"isFilterModel","decl":{"start":{"line":30,"column":16},"end":{"line":30,"column":29}},"loc":{"start":{"line":36,"column":15},"end":{"line":43,"column":1}}},"2":{"name":"isTextFilterModel","decl":{"start":{"line":45,"column":16},"end":{"line":45,"column":33}},"loc":{"start":{"line":46,"column":44},"end":{"line":58,"column":1}}},"3":{"name":"isNumberFilterModel","decl":{"start":{"line":60,"column":16},"end":{"line":60,"column":35}},"loc":{"start":{"line":61,"column":44},"end":{"line":73,"column":1}}},"4":{"name":"isSetFilterModel","decl":{"start":{"line":75,"column":16},"end":{"line":75,"column":32}},"loc":{"start":{"line":76,"column":21},"end":{"line":81,"column":1}}},"5":{"name":"isDateFilterModel","decl":{"start":{"line":83,"column":16},"end":{"line":83,"column":33}},"loc":{"start":{"line":84,"column":44},"end":{"line":96,"column":1}}},"6":{"name":"isCombinedFilterModel","decl":{"start":{"line":98,"column":16},"end":{"line":98,"column":37}},"loc":{"start":{"line":104,"column":15},"end":{"line":113,"column":1}}},"7":{"name":"isCombinedWhereModel","decl":{"start":{"line":115,"column":16},"end":{"line":115,"column":36}},"loc":{"start":{"line":116,"column":29},"end":{"line":125,"column":1}}},"8":{"name":"isMulticolumnJoinOptions","decl":{"start":{"line":127,"column":16},"end":{"line":127,"column":40}},"loc":{"start":{"line":128,"column":13},"end":{"line":134,"column":1}}},"9":{"name":"isFindOperator","decl":{"start":{"line":136,"column":16},"end":{"line":136,"column":30}},"loc":{"start":{"line":137,"column":13},"end":{"line":147,"column":1}}},"10":{"name":"isOperator","decl":{"start":{"line":149,"column":16},"end":{"line":149,"column":26}},"loc":{"start":{"line":149,"column":35},"end":{"line":153,"column":1}}}},"branchMap":{"0":{"loc":{"start":{"line":27,"column":9},"end":{"line":27,"column":79}},"type":"binary-expr","locations":[{"start":{"line":27,"column":9},"end":{"line":27,"column":49}},{"start":{"line":27,"column":53},"end":{"line":27,"column":79}}]},"1":{"loc":{"start":{"line":40,"column":4},"end":{"line":41,"column":67}},"type":"binary-expr","locations":[{"start":{"line":40,"column":4},"end":{"line":40,"column":28}},{"start":{"line":41,"column":5},"end":{"line":41,"column":31}},{"start":{"line":41,"column":35},"end":{"line":41,"column":66}}]},"2":{"loc":{"start":{"line":48,"column":2},"end":{"line":48,"column":28}},"type":"if","locations":[{"start":{"line":48,"column":2},"end":{"line":48,"column":28}},{"start":{},"end":{}}]},"3":{"loc":{"start":{"line":50,"column":2},"end":{"line":57,"column":3}},"type":"if","locations":[{"start":{"line":50,"column":2},"end":{"line":57,"column":3}},{"start":{"line":55,"column":9},"end":{"line":57,"column":3}}]},"4":{"loc":{"start":{"line":52,"column":6},"end":{"line":53,"column":42}},"type":"binary-expr","locations":[{"start":{"line":52,"column":6},"end":{"line":52,"column":42}},{"start":{"line":53,"column":6},"end":{"line":53,"column":42}}]},"5":{"loc":{"start":{"line":63,"column":2},"end":{"line":63,"column":28}},"type":"if","locations":[{"start":{"line":63,"column":2},"end":{"line":63,"column":28}},{"start":{},"end":{}}]},"6":{"loc":{"start":{"line":65,"column":2},"end":{"line":72,"column":3}},"type":"if","locations":[{"start":{"line":65,"column":2},"end":{"line":72,"column":3}},{"start":{"line":70,"column":9},"end":{"line":72,"column":3}}]},"7":{"loc":{"start":{"line":67,"column":6},"end":{"line":68,"column":44}},"type":"binary-expr","locations":[{"start":{"line":67,"column":6},"end":{"line":67,"column":44}},{"start":{"line":68,"column":6},"end":{"line":68,"column":44}}]},"8":{"loc":{"start":{"line":78,"column":2},"end":{"line":78,"column":28}},"type":"if","locations":[{"start":{"line":78,"column":2},"end":{"line":78,"column":28}},{"start":{},"end":{}}]},"9":{"loc":{"start":{"line":86,"column":2},"end":{"line":86,"column":28}},"type":"if","locations":[{"start":{"line":86,"column":2},"end":{"line":86,"column":28}},{"start":{},"end":{}}]},"10":{"loc":{"start":{"line":88,"column":2},"end":{"line":95,"column":3}},"type":"if","locations":[{"start":{"line":88,"column":2},"end":{"line":95,"column":3}},{"start":{"line":93,"column":9},"end":{"line":95,"column":3}}]},"11":{"loc":{"start":{"line":90,"column":6},"end":{"line":91,"column":42}},"type":"binary-expr","locations":[{"start":{"line":90,"column":6},"end":{"line":90,"column":42}},{"start":{"line":91,"column":6},"end":{"line":91,"column":42}}]},"12":{"loc":{"start":{"line":108,"column":4},"end":{"line":111,"column":35}},"type":"binary-expr","locations":[{"start":{"line":108,"column":4},"end":{"line":108,"column":10}},{"start":{"line":109,"column":4},"end":{"line":109,"column":33}},{"start":{"line":110,"column":4},"end":{"line":110,"column":35}},{"start":{"line":111,"column":4},"end":{"line":111,"column":35}}]},"13":{"loc":{"start":{"line":120,"column":4},"end":{"line":123,"column":33}},"type":"binary-expr","locations":[{"start":{"line":120,"column":4},"end":{"line":120,"column":10}},{"start":{"line":121,"column":4},"end":{"line":121,"column":33}},{"start":{"line":122,"column":4},"end":{"line":122,"column":33}},{"start":{"line":123,"column":4},"end":{"line":123,"column":33}}]},"14":{"loc":{"start":{"line":131,"column":4},"end":{"line":132,"column":75}},"type":"binary-expr","locations":[{"start":{"line":131,"column":4},"end":{"line":131,"column":10}},{"start":{"line":132,"column":30},"end":{"line":132,"column":75}}]},"15":{"loc":{"start":{"line":141,"column":4},"end":{"line":145,"column":72}},"type":"binary-expr","locations":[{"start":{"line":141,"column":4},"end":{"line":141,"column":10}},{"start":{"line":142,"column":4},"end":{"line":142,"column":29}},{"start":{"line":143,"column":5},"end":{"line":143,"column":31}},{"start":{"line":144,"column":6},"end":{"line":144,"column":32}},{"start":{"line":145,"column":6},"end":{"line":145,"column":71}}]},"16":{"loc":{"start":{"line":151,"column":4},"end":{"line":151,"column":53}},"type":"cond-expr","locations":[{"start":{"line":151,"column":30},"end":{"line":151,"column":47}},{"start":{"line":151,"column":50},"end":{"line":151,"column":53}}]}},"s":{"0":0,"1":0,"2":0,"3":0,"4":0,"5":0,"6":0,"7":0,"8":0,"9":0,"10":0,"11":0,"12":0,"13":0,"14":0,"15":0,"16":0,"17":0,"18":0,"19":0,"20":0,"21":0,"22":0,"23":0,"24":0,"25":0,"26":0,"27":0,"28":0,"29":0,"30":0,"31":0,"32":0,"33":0,"34":0,"35":0,"36":0,"37":0,"38":0,"39":0,"40":0},"f":{"0":0,"1":0,"2":0,"3":0,"4":0,"5":0,"6":0,"7":0,"8":0,"9":0,"10":0},"b":{"0":[0,0],"1":[0,0,0],"2":[0,0],"3":[0,0],"4":[0,0],"5":[0,0],"6":[0,0],"7":[0,0],"8":[0,0],"9":[0,0],"10":[0,0],"11":[0,0],"12":[0,0,0,0],"13":[0,0,0,0],"14":[0,0],"15":[0,0,0,0,0],"16":[0,0]}}
,"C:\\Users\\nn\\Desktop\\code\\nestjs-yalc\\crud-gen\\src\\crud-gen.args.ts": {"path":"C:\\Users\\nn\\Desktop\\code\\nestjs-yalc\\crud-gen\\src\\crud-gen.args.ts","statementMap":{"0":{"start":{"line":14,"column":0},"end":{"line":14,"column":16}},"1":{"start":{"line":52,"column":0},"end":{"line":52,"column":16}},"2":{"start":{"line":1,"column":0},"end":{"line":1,"column":50}},"3":{"start":{"line":2,"column":0},"end":{"line":2,"column":null}},"4":{"start":{"line":7,"column":0},"end":{"line":7,"column":50}},"5":{"start":{"line":8,"column":0},"end":{"line":8,"column":60}},"6":{"start":{"line":10,"column":0},"end":{"line":10,"column":54}},"7":{"start":{"line":13,"column":13},"end":{"line":13,"column":37}},"8":{"start":{"line":18,"column":19},"end":{"line":18,"column":78}},"9":{"start":{"line":19,"column":21},"end":{"line":21,"column":18}},"10":{"start":{"line":24,"column":2},"end":{"line":46,"column":null}},"11":{"start":{"line":29,"column":4},"end":{"line":29,"column":77}},"12":{"start":{"line":35,"column":4},"end":{"line":35,"column":71}},"13":{"start":{"line":29,"column":4},"end":{"line":29,"column":null}},"14":{"start":{"line":25,"column":17},"end":{"line":25,"column":23}},"15":{"start":{"line":35,"column":4},"end":{"line":35,"column":null}},"16":{"start":{"line":31,"column":17},"end":{"line":31,"column":23}},"17":{"start":{"line":40,"column":4},"end":{"line":40,"column":null}},"18":{"start":{"line":45,"column":4},"end":{"line":45,"column":null}},"19":{"start":{"line":24,"column":8},"end":{"line":46,"column":null}},"20":{"start":{"line":48,"column":2},"end":{"line":48,"column":44}},"21":{"start":{"line":49,"column":2},"end":{"line":49,"column":36}},"22":{"start":{"line":56,"column":19},"end":{"line":56,"column":78}},"23":{"start":{"line":57,"column":21},"end":{"line":59,"column":18}},"24":{"start":{"line":62,"column":2},"end":{"line":73,"column":null}},"25":{"start":{"line":67,"column":4},"end":{"line":67,"column":null}},"26":{"start":{"line":72,"column":4},"end":{"line":72,"column":null}},"27":{"start":{"line":62,"column":8},"end":{"line":73,"column":null}},"28":{"start":{"line":75,"column":2},"end":{"line":75,"column":44}},"29":{"start":{"line":76,"column":2},"end":{"line":76,"column":36}}},"fnMap":{"0":{"name":"crudGenParamsFactory","decl":{"start":{"line":14,"column":16},"end":{"line":14,"column":36}},"loc":{"start":{"line":16,"column":25},"end":{"line":50,"column":1}}},"1":{"name":"(anonymous_1)","decl":{"start":{"line":24,"column":2},"end":{"line":24,"column":8}},"loc":{"start":{"line":24,"column":2},"end":{"line":46,"column":3}}},"2":{"name":"(anonymous_2)","decl":{"start":{"line":25,"column":11},"end":{"line":25,"column":14}},"loc":{"start":{"line":25,"column":17},"end":{"line":25,"column":23}}},"3":{"name":"(anonymous_3)","decl":{"start":{"line":31,"column":11},"end":{"line":31,"column":14}},"loc":{"start":{"line":31,"column":17},"end":{"line":31,"column":23}}},"4":{"name":"crudGenParamsNoPaginationFactory","decl":{"start":{"line":52,"column":16},"end":{"line":52,"column":48}},"loc":{"start":{"line":54,"column":25},"end":{"line":77,"column":1}}}},"branchMap":{"0":{"loc":{"start":{"line":18,"column":19},"end":{"line":18,"column":78}},"type":"cond-expr","locations":[{"start":{"line":18,"column":33},"end":{"line":18,"column":64}},{"start":{"line":18,"column":67},"end":{"line":18,"column":78}}]},"1":{"loc":{"start":{"line":19,"column":21},"end":{"line":21,"column":18}},"type":"cond-expr","locations":[{"start":{"line":20,"column":6},"end":{"line":20,"column":47}},{"start":{"line":21,"column":6},"end":{"line":21,"column":18}}]},"2":{"loc":{"start":{"line":29,"column":23},"end":{"line":29,"column":76}},"type":"binary-expr","locations":[{"start":{"line":29,"column":23},"end":{"line":29,"column":46}},{"start":{"line":29,"column":50},"end":{"line":29,"column":76}}]},"3":{"loc":{"start":{"line":35,"column":21},"end":{"line":35,"column":70}},"type":"binary-expr","locations":[{"start":{"line":35,"column":21},"end":{"line":35,"column":42}},{"start":{"line":35,"column":46},"end":{"line":35,"column":70}}]},"4":{"loc":{"start":{"line":27,"column":20},"end":{"line":27,"column":73}},"type":"binary-expr","locations":[{"start":{"line":27,"column":20},"end":{"line":27,"column":43}},{"start":{"line":27,"column":47},"end":{"line":27,"column":73}}]},"5":{"loc":{"start":{"line":33,"column":20},"end":{"line":33,"column":69}},"type":"binary-expr","locations":[{"start":{"line":33,"column":20},"end":{"line":33,"column":41}},{"start":{"line":33,"column":45},"end":{"line":33,"column":69}}]},"6":{"loc":{"start":{"line":56,"column":19},"end":{"line":56,"column":78}},"type":"cond-expr","locations":[{"start":{"line":56,"column":33},"end":{"line":56,"column":64}},{"start":{"line":56,"column":67},"end":{"line":56,"column":78}}]},"7":{"loc":{"start":{"line":57,"column":21},"end":{"line":59,"column":18}},"type":"cond-expr","locations":[{"start":{"line":58,"column":6},"end":{"line":58,"column":47}},{"start":{"line":59,"column":6},"end":{"line":59,"column":18}}]}},"s":{"0":0,"1":0,"2":0,"3":0,"4":0,"5":0,"6":0,"7":0,"8":0,"9":0,"10":0,"11":0,"12":0,"13":0,"14":0,"15":0,"16":0,"17":0,"18":0,"19":0,"20":0,"21":0,"22":0,"23":0,"24":0,"25":0,"26":0,"27":0,"28":0,"29":0},"f":{"0":0,"1":0,"2":0,"3":0,"4":0},"b":{"0":[0,0],"1":[0,0],"2":[0,0],"3":[0,0],"4":[0,0],"5":[0,0],"6":[0,0],"7":[0,0]}}
,"C:\\Users\\nn\\Desktop\\code\\nestjs-yalc\\crud-gen\\src\\crud-gen.enum.ts": {"path":"C:\\Users\\nn\\Desktop\\code\\nestjs-yalc\\crud-gen\\src\\crud-gen.enum.ts","statementMap":{"0":{"start":{"line":87,"column":0},"end":{"line":87,"column":16}},"1":{"start":{"line":2,"column":0},"end":{"line":2,"column":61}},"2":{"start":{"line":3,"column":0},"end":{"line":3,"column":64}},"3":{"start":{"line":5,"column":0},"end":{"line":5,"column":null}},"4":{"start":{"line":6,"column":2},"end":{"line":6,"column":null}},"5":{"start":{"line":7,"column":2},"end":{"line":7,"column":null}},"6":{"start":{"line":8,"column":2},"end":{"line":8,"column":null}},"7":{"start":{"line":9,"column":2},"end":{"line":9,"column":null}},"8":{"start":{"line":10,"column":2},"end":{"line":10,"column":null}},"9":{"start":{"line":11,"column":2},"end":{"line":11,"column":null}},"10":{"start":{"line":12,"column":2},"end":{"line":12,"column":null}},"11":{"start":{"line":13,"column":2},"end":{"line":13,"column":null}},"12":{"start":{"line":14,"column":2},"end":{"line":14,"column":null}},"13":{"start":{"line":15,"column":2},"end":{"line":15,"column":null}},"14":{"start":{"line":16,"column":2},"end":{"line":16,"column":null}},"15":{"start":{"line":17,"column":2},"end":{"line":17,"column":null}},"16":{"start":{"line":18,"column":2},"end":{"line":18,"column":null}},"17":{"start":{"line":19,"column":2},"end":{"line":19,"column":null}},"18":{"start":{"line":20,"column":2},"end":{"line":20,"column":null}},"19":{"start":{"line":21,"column":2},"end":{"line":21,"column":null}},"20":{"start":{"line":22,"column":2},"end":{"line":22,"column":null}},"21":{"start":{"line":23,"column":2},"end":{"line":23,"column":null}},"22":{"start":{"line":24,"column":2},"end":{"line":24,"column":null}},"23":{"start":{"line":25,"column":2},"end":{"line":25,"column":null}},"24":{"start":{"line":26,"column":2},"end":{"line":26,"column":null}},"25":{"start":{"line":27,"column":2},"end":{"line":27,"column":null}},"26":{"start":{"line":28,"column":2},"end":{"line":28,"column":null}},"27":{"start":{"line":29,"column":2},"end":{"line":29,"column":null}},"28":{"start":{"line":31,"column":2},"end":{"line":31,"column":null}},"29":{"start":{"line":32,"column":2},"end":{"line":32,"column":null}},"30":{"start":{"line":33,"column":2},"end":{"line":33,"column":null}},"31":{"start":{"line":34,"column":2},"end":{"line":34,"column":null}},"32":{"start":{"line":37,"column":2},"end":{"line":37,"column":null}},"33":{"start":{"line":40,"column":0},"end":{"line":40,"column":null}},"34":{"start":{"line":41,"column":2},"end":{"line":41,"column":null}},"35":{"start":{"line":42,"column":2},"end":{"line":42,"column":null}},"36":{"start":{"line":43,"column":2},"end":{"line":43,"column":null}},"37":{"start":{"line":44,"column":2},"end":{"line":44,"column":null}},"38":{"start":{"line":45,"column":2},"end":{"line":45,"column":null}},"39":{"start":{"line":48,"column":0},"end":{"line":48,"column":null}},"40":{"start":{"line":49,"column":2},"end":{"line":49,"column":null}},"41":{"start":{"line":50,"column":2},"end":{"line":50,"column":null}},"42":{"start":{"line":53,"column":0},"end":{"line":53,"column":null}},"43":{"start":{"line":54,"column":2},"end":{"line":54,"column":null}},"44":{"start":{"line":55,"column":2},"end":{"line":55,"column":null}},"45":{"start":{"line":58,"column":0},"end":{"line":58,"column":null}},"46":{"start":{"line":59,"column":2},"end":{"line":59,"column":null}},"47":{"start":{"line":60,"column":2},"end":{"line":60,"column":null}},"48":{"start":{"line":61,"column":2},"end":{"line":61,"column":null}},"49":{"start":{"line":64,"column":0},"end":{"line":64,"column":null}},"50":{"start":{"line":68,"column":2},"end":{"line":68,"column":null}},"51":{"start":{"line":72,"column":2},"end":{"line":72,"column":null}},"52":{"start":{"line":77,"column":2},"end":{"line":77,"column":null}},"53":{"start":{"line":80,"column":0},"end":{"line":80,"column":null}},"54":{"start":{"line":81,"column":2},"end":{"line":81,"column":null}},"55":{"start":{"line":82,"column":2},"end":{"line":82,"column":null}},"56":{"start":{"line":83,"column":2},"end":{"line":83,"column":null}},"57":{"start":{"line":86,"column":24},"end":{"line":86,"column":37}},"58":{"start":{"line":91,"column":20},"end":{"line":91,"column":79}},"59":{"start":{"line":92,"column":2},"end":{"line":97,"column":6}},"60":{"start":{"line":93,"column":4},"end":{"line":97,"column":6}},"61":{"start":{"line":99,"column":54},"end":{"line":99,"column":56}},"62":{"start":{"line":101,"column":2},"end":{"line":101,"column":69}},"63":{"start":{"line":101,"column":49},"end":{"line":101,"column":66}},"64":{"start":{"line":104,"column":51},"end":{"line":104,"column":68}},"65":{"start":{"line":106,"column":2},"end":{"line":106,"column":45}},"66":{"start":{"line":108,"column":2},"end":{"line":108,"column":56}}},"fnMap":{"0":{"name":"(anonymous_0)","decl":{"start":{"line":5,"column":0},"end":{"line":5,"column":12}},"loc":{"start":{"line":5,"column":26},"end":{"line":38,"column":1}}},"1":{"name":"(anonymous_1)","decl":{"start":{"line":40,"column":0},"end":{"line":40,"column":12}},"loc":{"start":{"line":40,"column":22},"end":{"line":46,"column":1}}},"2":{"name":"(anonymous_2)","decl":{"start":{"line":48,"column":0},"end":{"line":48,"column":12}},"loc":{"start":{"line":48,"column":21},"end":{"line":51,"column":1}}},"3":{"name":"(anonymous_3)","decl":{"start":{"line":53,"column":0},"end":{"line":53,"column":12}},"loc":{"start":{"line":53,"column":25},"end":{"line":56,"column":1}}},"4":{"name":"(anonymous_4)","decl":{"start":{"line":58,"column":0},"end":{"line":58,"column":12}},"loc":{"start":{"line":58,"column":27},"end":{"line":62,"column":1}}},"5":{"name":"(anonymous_5)","decl":{"start":{"line":64,"column":0},"end":{"line":64,"column":12}},"loc":{"start":{"line":64,"column":29},"end":{"line":78,"column":1}}},"6":{"name":"(anonymous_6)","decl":{"start":{"line":80,"column":0},"end":{"line":80,"column":12}},"loc":{"start":{"line":80,"column":28},"end":{"line":84,"column":1}}},"7":{"name":"entityFieldsEnumFactory","decl":{"start":{"line":87,"column":16},"end":{"line":87,"column":39}},"loc":{"start":{"line":88,"column":46},"end":{"line":109,"column":1}}},"8":{"name":"(anonymous_8)","decl":{"start":{"line":101,"column":41},"end":{"line":101,"column":42}},"loc":{"start":{"line":101,"column":49},"end":{"line":101,"column":66}}}},"branchMap":{"0":{"loc":{"start":{"line":5,"column":12},"end":{"line":5,"column":null}},"type":"binary-expr","locations":[{"start":{"line":5,"column":12},"end":{"line":5,"column":26}},{"start":{"line":5,"column":26},"end":{"line":5,"column":null}}]},"1":{"loc":{"start":{"line":40,"column":12},"end":{"line":40,"column":null}},"type":"binary-expr","locations":[{"start":{"line":40,"column":12},"end":{"line":40,"column":22}},{"start":{"line":40,"column":22},"end":{"line":40,"column":null}}]},"2":{"loc":{"start":{"line":48,"column":12},"end":{"line":48,"column":null}},"type":"binary-expr","locations":[{"start":{"line":48,"column":12},"end":{"line":48,"column":21}},{"start":{"line":48,"column":21},"end":{"line":48,"column":null}}]},"3":{"loc":{"start":{"line":53,"column":12},"end":{"line":53,"column":null}},"type":"binary-expr","locations":[{"start":{"line":53,"column":12},"end":{"line":53,"column":25}},{"start":{"line":53,"column":25},"end":{"line":53,"column":null}}]},"4":{"loc":{"start":{"line":58,"column":12},"end":{"line":58,"column":null}},"type":"binary-expr","locations":[{"start":{"line":58,"column":12},"end":{"line":58,"column":27}},{"start":{"line":58,"column":27},"end":{"line":58,"column":null}}]},"5":{"loc":{"start":{"line":64,"column":12},"end":{"line":64,"column":null}},"type":"binary-expr","locations":[{"start":{"line":64,"column":12},"end":{"line":64,"column":29}},{"start":{"line":64,"column":29},"end":{"line":64,"column":null}}]},"6":{"loc":{"start":{"line":80,"column":12},"end":{"line":80,"column":null}},"type":"binary-expr","locations":[{"start":{"line":80,"column":12},"end":{"line":80,"column":28}},{"start":{"line":80,"column":28},"end":{"line":80,"column":null}}]},"7":{"loc":{"start":{"line":91,"column":20},"end":{"line":91,"column":79}},"type":"cond-expr","locations":[{"start":{"line":91,"column":44},"end":{"line":91,"column":65}},{"start":{"line":91,"column":68},"end":{"line":91,"column":79}}]},"8":{"loc":{"start":{"line":92,"column":2},"end":{"line":97,"column":6}},"type":"if","locations":[{"start":{"line":92,"column":2},"end":{"line":97,"column":6}},{"start":{},"end":{}}]}},"s":{"0":0,"1":0,"2":0,"3":0,"4":0,"5":0,"6":0,"7":0,"8":0,"9":0,"10":0,"11":0,"12":0,"13":0,"14":0,"15":0,"16":0,"17":0,"18":0,"19":0,"20":0,"21":0,"22":0,"23":0,"24":0,"25":0,"26":0,"27":0,"28":0,"29":0,"30":0,"31":0,"32":0,"33":0,"34":0,"35":0,"36":0,"37":0,"38":0,"39":0,"40":0,"41":0,"42":0,"43":0,"44":0,"45":0,"46":0,"47":0,"48":0,"49":0,"50":0,"51":0,"52":0,"53":0,"54":0,"55":0,"56":0,"57":0,"58":0,"59":0,"60":0,"61":0,"62":0,"63":0,"64":0,"65":0,"66":0},"f":{"0":0,"1":0,"2":0,"3":0,"4":0,"5":0,"6":0,"7":0,"8":0},"b":{"0":[0,0],"1":[0,0],"2":[0,0],"3":[0,0],"4":[0,0],"5":[0,0],"6":[0,0],"7":[0,0],"8":[0,0]}}
,"C:\\Users\\nn\\Desktop\\code\\nestjs-yalc\\crud-gen\\src\\crud-gen.error.ts": {"path":"C:\\Users\\nn\\Desktop\\code\\nestjs-yalc\\crud-gen\\src\\crud-gen.error.ts","statementMap":{"0":{"start":{"line":1,"column":0},"end":{"line":1,"column":69}},"1":{"start":{"line":2,"column":0},"end":{"line":2,"column":49}},"2":{"start":{"line":9,"column":4},"end":{"line":9,"column":34}},"3":{"start":{"line":7,"column":11},"end":{"line":7,"column":33}},"4":{"start":{"line":4,"column":0},"end":{"line":4,"column":13}},"5":{"start":{"line":15,"column":4},"end":{"line":15,"column":41}},"6":{"start":{"line":13,"column":0},"end":{"line":13,"column":13}},"7":{"start":{"line":21,"column":4},"end":{"line":21,"column":41}},"8":{"start":{"line":19,"column":0},"end":{"line":19,"column":13}},"9":{"start":{"line":27,"column":4},"end":{"line":27,"column":41}},"10":{"start":{"line":25,"column":0},"end":{"line":25,"column":13}},"11":{"start":{"line":33,"column":4},"end":{"line":33,"column":70}},"12":{"start":{"line":31,"column":0},"end":{"line":31,"column":13}},"13":{"start":{"line":39,"column":4},"end":{"line":39,"column":73}},"14":{"start":{"line":37,"column":0},"end":{"line":37,"column":13}},"15":{"start":{"line":45,"column":4},"end":{"line":45,"column":40}},"16":{"start":{"line":43,"column":0},"end":{"line":43,"column":13}},"17":{"start":{"line":51,"column":4},"end":{"line":51,"column":47}},"18":{"start":{"line":49,"column":0},"end":{"line":49,"column":13}},"19":{"start":{"line":57,"column":4},"end":{"line":57,"column":37}},"20":{"start":{"line":55,"column":0},"end":{"line":55,"column":13}},"21":{"start":{"line":63,"column":4},"end":{"line":63,"column":42}},"22":{"start":{"line":61,"column":0},"end":{"line":61,"column":13}}},"fnMap":{"0":{"name":"(anonymous_0)","decl":{"start":{"line":5,"column":2},"end":{"line":5,"column":null}},"loc":{"start":{"line":7,"column":33},"end":{"line":10,"column":3}}},"1":{"name":"(anonymous_1)","decl":{"start":{"line":14,"column":2},"end":{"line":14,"column":null}},"loc":{"start":{"line":14,"column":2},"end":{"line":16,"column":3}}},"2":{"name":"(anonymous_2)","decl":{"start":{"line":20,"column":2},"end":{"line":20,"column":null}},"loc":{"start":{"line":20,"column":2},"end":{"line":22,"column":3}}},"3":{"name":"(anonymous_3)","decl":{"start":{"line":26,"column":2},"end":{"line":26,"column":null}},"loc":{"start":{"line":26,"column":2},"end":{"line":28,"column":3}}},"4":{"name":"(anonymous_4)","decl":{"start":{"line":32,"column":2},"end":{"line":32,"column":14}},"loc":{"start":{"line":32,"column":27},"end":{"line":34,"column":3}}},"5":{"name":"(anonymous_5)","decl":{"start":{"line":38,"column":2},"end":{"line":38,"column":14}},"loc":{"start":{"line":38,"column":27},"end":{"line":40,"column":3}}},"6":{"name":"(anonymous_6)","decl":{"start":{"line":44,"column":2},"end":{"line":44,"column":null}},"loc":{"start":{"line":44,"column":2},"end":{"line":46,"column":3}}},"7":{"name":"(anonymous_7)","decl":{"start":{"line":50,"column":2},"end":{"line":50,"column":null}},"loc":{"start":{"line":50,"column":2},"end":{"line":52,"column":3}}},"8":{"name":"(anonymous_8)","decl":{"start":{"line":56,"column":2},"end":{"line":56,"column":null}},"loc":{"start":{"line":56,"column":2},"end":{"line":58,"column":3}}},"9":{"name":"(anonymous_9)","decl":{"start":{"line":62,"column":2},"end":{"line":62,"column":null}},"loc":{"start":{"line":62,"column":2},"end":{"line":64,"column":3}}}},"branchMap":{"0":{"loc":{"start":{"line":33,"column":44},"end":{"line":33,"column":67}},"type":"cond-expr","locations":[{"start":{"line":33,"column":51},"end":{"line":33,"column":62}},{"start":{"line":33,"column":65},"end":{"line":33,"column":67}}]},"1":{"loc":{"start":{"line":39,"column":47},"end":{"line":39,"column":70}},"type":"cond-expr","locations":[{"start":{"line":39,"column":54},"end":{"line":39,"column":65}},{"start":{"line":39,"column":68},"end":{"line":39,"column":70}}]}},"s":{"0":0,"1":0,"2":0,"3":0,"4":0,"5":0,"6":0,"7":0,"8":0,"9":0,"10":0,"11":0,"12":0,"13":0,"14":0,"15":0,"16":0,"17":0,"18":0,"19":0,"20":0,"21":0,"22":0},"f":{"0":0,"1":0,"2":0,"3":0,"4":0,"5":0,"6":0,"7":0,"8":0,"9":0},"b":{"0":[0,0],"1":[0,0]}}
,"C:\\Users\\nn\\Desktop\\code\\nestjs-yalc\\crud-gen\\src\\crud-gen.helpers.ts": {"path":"C:\\Users\\nn\\Desktop\\code\\nestjs-yalc\\crud-gen\\src\\crud-gen.helpers.ts","statementMap":{"0":{"start":{"line":165,"column":0},"end":{"line":165,"column":16}},"1":{"start":{"line":270,"column":0},"end":{"line":270,"column":16}},"2":{"start":{"line":344,"column":0},"end":{"line":344,"column":16}},"3":{"start":{"line":416,"column":0},"end":{"line":416,"column":16}},"4":{"start":{"line":423,"column":0},"end":{"line":423,"column":16}},"5":{"start":{"line":452,"column":0},"end":{"line":452,"column":16}},"6":{"start":{"line":514,"column":0},"end":{"line":514,"column":16}},"7":{"start":{"line":542,"column":0},"end":{"line":542,"column":16}},"8":{"start":{"line":555,"column":0},"end":{"line":555,"column":16}},"9":{"start":{"line":578,"column":0},"end":{"line":578,"column":16}},"10":{"start":{"line":607,"column":0},"end":{"line":607,"column":16}},"11":{"start":{"line":638,"column":0},"end":{"line":638,"column":16}},"12":{"start":{"line":657,"column":0},"end":{"line":657,"column":16}},"13":{"start":{"line":708,"column":0},"end":{"line":708,"column":16}},"14":{"start":{"line":715,"column":0},"end":{"line":715,"column":16}},"15":{"start":{"line":736,"column":0},"end":{"line":736,"column":16}},"16":{"start":{"line":751,"column":0},"end":{"line":751,"column":16}},"17":{"start":{"line":789,"column":0},"end":{"line":789,"column":16}},"18":{"start":{"line":1,"column":0},"end":{"line":1,"column":null}},"19":{"start":{"line":5,"column":0},"end":{"line":5,"column":83}},"20":{"start":{"line":6,"column":0},"end":{"line":6,"column":null}},"21":{"start":{"line":19,"column":0},"end":{"line":19,"column":null}},"22":{"start":{"line":27,"column":0},"end":{"line":27,"column":null}},"23":{"start":{"line":31,"column":0},"end":{"line":31,"column":null}},"24":{"start":{"line":35,"column":0},"end":{"line":35,"column":59}},"25":{"start":{"line":36,"column":0},"end":{"line":36,"column":null}},"26":{"start":{"line":41,"column":0},"end":{"line":41,"column":null}},"27":{"start":{"line":50,"column":0},"end":{"line":50,"column":null}},"28":{"start":{"line":61,"column":0},"end":{"line":61,"column":null}},"29":{"start":{"line":65,"column":0},"end":{"line":65,"column":null}},"30":{"start":{"line":69,"column":0},"end":{"line":69,"column":null}},"31":{"start":{"line":77,"column":32},"end":{"line":87,"column":1}},"32":{"start":{"line":81,"column":2},"end":{"line":84,"column":3}},"33":{"start":{"line":82,"column":16},"end":{"line":82,"column":37}},"34":{"start":{"line":83,"column":4},"end":{"line":83,"column":40}},"35":{"start":{"line":86,"column":2},"end":{"line":86,"column":13}},"36":{"start":{"line":77,"column":13},"end":{"line":77,"column":32}},"37":{"start":{"line":89,"column":38},"end":{"line":100,"column":1}},"38":{"start":{"line":93,"column":2},"end":{"line":97,"column":3}},"39":{"start":{"line":94,"column":4},"end":{"line":96,"column":5}},"40":{"start":{"line":95,"column":6},"end":{"line":95,"column":44}},"41":{"start":{"line":95,"column":33},"end":{"line":95,"column":44}},"42":{"start":{"line":99,"column":2},"end":{"line":99,"column":13}},"43":{"start":{"line":89,"column":13},"end":{"line":89,"column":38}},"44":{"start":{"line":102,"column":26},"end":{"line":111,"column":1}},"45":{"start":{"line":106,"column":2},"end":{"line":110,"column":3}},"46":{"start":{"line":107,"column":4},"end":{"line":107,"column":47}},"47":{"start":{"line":109,"column":4},"end":{"line":109,"column":17}},"48":{"start":{"line":102,"column":13},"end":{"line":102,"column":26}},"49":{"start":{"line":113,"column":28},"end":{"line":139,"column":1}},"50":{"start":{"line":120,"column":2},"end":{"line":122,"column":3}},"51":{"start":{"line":121,"column":4},"end":{"line":121,"column":40}},"52":{"start":{"line":123,"column":2},"end":{"line":132,"column":3}},"53":{"start":{"line":124,"column":4},"end":{"line":131,"column":5}},"54":{"start":{"line":125,"column":6},"end":{"line":130,"column":8}},"55":{"start":{"line":134,"column":2},"end":{"line":138,"column":3}},"56":{"start":{"line":135,"column":4},"end":{"line":135,"column":17}},"57":{"start":{"line":137,"column":4},"end":{"line":137,"column":40}},"58":{"start":{"line":113,"column":13},"end":{"line":113,"column":28}},"59":{"start":{"line":141,"column":33},"end":{"line":163,"column":1}},"60":{"start":{"line":147,"column":17},"end":{"line":153,"column":18}},"61":{"start":{"line":155,"column":2},"end":{"line":160,"column":3}},"62":{"start":{"line":156,"column":4},"end":{"line":156,"column":35}},"63":{"start":{"line":158,"column":4},"end":{"line":158,"column":28}},"64":{"start":{"line":159,"column":4},"end":{"line":159,"column":35}},"65":{"start":{"line":162,"column":2},"end":{"line":162,"column":15}},"66":{"start":{"line":141,"column":13},"end":{"line":141,"column":33}},"67":{"start":{"line":174,"column":12},"end":{"line":174,"column":14}},"68":{"start":{"line":176,"column":19},"end":{"line":176,"column":66}},"69":{"start":{"line":178,"column":2},"end":{"line":178,"column":33}},"70":{"start":{"line":178,"column":22},"end":{"line":178,"column":33}},"71":{"start":{"line":180,"column":21},"end":{"line":180,"column":44}},"72":{"start":{"line":182,"column":19},"end":{"line":182,"column":43}},"73":{"start":{"line":183,"column":19},"end":{"line":189,"column":3}},"74":{"start":{"line":184,"column":21},"end":{"line":184,"column":67}},"75":{"start":{"line":185,"column":27},"end":{"line":186,"column":null}},"76":{"start":{"line":186,"column":18},"end":{"line":186,"column":47}},"77":{"start":{"line":188,"column":4},"end":{"line":188,"column":59}},"78":{"start":{"line":191,"column":2},"end":{"line":249,"column":3}},"79":{"start":{"line":192,"column":43},"end":{"line":192,"column":67}},"80":{"start":{"line":195,"column":4},"end":{"line":248,"column":5}},"81":{"start":{"line":197,"column":6},"end":{"line":227,"column":7}},"82":{"start":{"line":203,"column":8},"end":{"line":221,"column":26}},"83":{"start":{"line":226,"column":8},"end":{"line":226,"column":54}},"84":{"start":{"line":228,"column":11},"end":{"line":248,"column":5}},"85":{"start":{"line":230,"column":6},"end":{"line":239,"column":23}},"86":{"start":{"line":240,"column":11},"end":{"line":248,"column":5}},"87":{"start":{"line":241,"column":6},"end":{"line":245,"column":36}},"88":{"start":{"line":247,"column":6},"end":{"line":247,"column":77}},"89":{"start":{"line":251,"column":2},"end":{"line":263,"column":3}},"90":{"start":{"line":252,"column":4},"end":{"line":262,"column":7}},"91":{"start":{"line":253,"column":27},"end":{"line":256,"column":null}},"92":{"start":{"line":259,"column":6},"end":{"line":259,"column":32}},"93":{"start":{"line":259,"column":25},"end":{"line":259,"column":32}},"94":{"start":{"line":261,"column":6},"end":{"line":261,"column":46}},"95":{"start":{"line":265,"column":2},"end":{"line":265,"column":52}},"96":{"start":{"line":266,"column":2},"end":{"line":266,"column":47}},"97":{"start":{"line":267,"column":2},"end":{"line":267,"column":13}},"98":{"start":{"line":271,"column":2},"end":{"line":273,"column":3}},"99":{"start":{"line":272,"column":4},"end":{"line":272,"column":20}},"100":{"start":{"line":275,"column":2},"end":{"line":275,"column":13}},"101":{"start":{"line":278,"column":33},"end":{"line":278,"column":46}},"102":{"start":{"line":279,"column":35},"end":{"line":342,"column":1}},"103":{"start":{"line":283,"column":2},"end":{"line":288,"column":3}},"104":{"start":{"line":284,"column":19},"end":{"line":284,"column":55}},"105":{"start":{"line":285,"column":4},"end":{"line":287,"column":5}},"106":{"start":{"line":286,"column":6},"end":{"line":286,"column":20}},"107":{"start":{"line":290,"column":48},"end":{"line":290,"column":61}},"108":{"start":{"line":292,"column":2},"end":{"line":292,"column":29}},"109":{"start":{"line":294,"column":25},"end":{"line":294,"column":62}},"110":{"start":{"line":296,"column":2},"end":{"line":326,"column":3}},"111":{"start":{"line":297,"column":4},"end":{"line":297,"column":46}},"112":{"start":{"line":299,"column":30},"end":{"line":299,"column":70}},"113":{"start":{"line":301,"column":4},"end":{"line":321,"column":5}},"114":{"start":{"line":302,"column":6},"end":{"line":320,"column":7}},"115":{"start":{"line":303,"column":30},"end":{"line":303,"column":61}},"116":{"start":{"line":304,"column":55},"end":{"line":304,"column":68}},"117":{"start":{"line":305,"column":8},"end":{"line":319,"column":9}},"118":{"start":{"line":306,"column":25},"end":{"line":306,"column":65}},"119":{"start":{"line":308,"column":10},"end":{"line":312,"column":12}},"120":{"start":{"line":314,"column":26},"end":{"line":314,"column":51}},"121":{"start":{"line":316,"column":10},"end":{"line":318,"column":11}},"122":{"start":{"line":317,"column":12},"end":{"line":317,"column":70}},"123":{"start":{"line":322,"column":9},"end":{"line":326,"column":3}},"124":{"start":{"line":323,"column":4},"end":{"line":323,"column":31}},"125":{"start":{"line":324,"column":9},"end":{"line":326,"column":3}},"126":{"start":{"line":325,"column":4},"end":{"line":325,"column":55}},"127":{"start":{"line":338,"column":2},"end":{"line":339,"column":54}},"128":{"start":{"line":339,"column":4},"end":{"line":339,"column":54}},"129":{"start":{"line":341,"column":2},"end":{"line":341,"column":21}},"130":{"start":{"line":279,"column":13},"end":{"line":279,"column":35}},"131":{"start":{"line":347,"column":2},"end":{"line":347,"column":34}},"132":{"start":{"line":419,"column":17},"end":{"line":419,"column":46}},"133":{"start":{"line":420,"column":2},"end":{"line":420,"column":27}},"134":{"start":{"line":430,"column":18},"end":{"line":435,"column":4}},"135":{"start":{"line":437,"column":4},"end":{"line":444,"column":25}},"136":{"start":{"line":446,"column":2},"end":{"line":449,"column":4}},"137":{"start":{"line":458,"column":32},"end":{"line":458,"column":34}},"138":{"start":{"line":463,"column":2},"end":{"line":486,"column":3}},"139":{"start":{"line":464,"column":4},"end":{"line":485,"column":5}},"140":{"start":{"line":465,"column":6},"end":{"line":465,"column":64}},"141":{"start":{"line":466,"column":6},"end":{"line":466,"column":39}},"142":{"start":{"line":468,"column":23},"end":{"line":471,"column":null}},"143":{"start":{"line":474,"column":6},"end":{"line":474,"column":56}},"144":{"start":{"line":476,"column":6},"end":{"line":476,"column":31}},"145":{"start":{"line":479,"column":6},"end":{"line":484,"column":7}},"146":{"start":{"line":480,"column":8},"end":{"line":483,"column":11}},"147":{"start":{"line":488,"column":2},"end":{"line":504,"column":3}},"148":{"start":{"line":489,"column":4},"end":{"line":503,"column":5}},"149":{"start":{"line":490,"column":6},"end":{"line":490,"column":70}},"150":{"start":{"line":491,"column":6},"end":{"line":491,"column":42}},"151":{"start":{"line":493,"column":6},"end":{"line":495,"column":8}},"152":{"start":{"line":496,"column":6},"end":{"line":502,"column":8}},"153":{"start":{"line":506,"column":2},"end":{"line":511,"column":4}},"154":{"start":{"line":520,"column":2},"end":{"line":522,"column":3}},"155":{"start":{"line":521,"column":4},"end":{"line":521,"column":46}},"156":{"start":{"line":524,"column":25},"end":{"line":524,"column":null}},"157":{"start":{"line":528,"column":59},"end":{"line":537,"column":4}},"158":{"start":{"line":539,"column":2},"end":{"line":539,"column":67}},"159":{"start":{"line":546,"column":2},"end":{"line":550,"column":3}},"160":{"start":{"line":547,"column":4},"end":{"line":549,"column":34}},"161":{"start":{"line":552,"column":2},"end":{"line":552,"column":72}},"162":{"start":{"line":556,"column":2},"end":{"line":565,"column":3}},"163":{"start":{"line":558,"column":6},"end":{"line":558,"column":20}},"164":{"start":{"line":560,"column":6},"end":{"line":560,"column":18}},"165":{"start":{"line":562,"column":6},"end":{"line":562,"column":20}},"166":{"start":{"line":564,"column":6},"end":{"line":564,"column":19}},"167":{"start":{"line":567,"column":2},"end":{"line":569,"column":4}},"168":{"start":{"line":582,"column":20},"end":{"line":585,"column":null}},"169":{"start":{"line":584,"column":6},"end":{"line":585,"column":77}},"170":{"start":{"line":588,"column":22},"end":{"line":591,"column":null}},"171":{"start":{"line":590,"column":6},"end":{"line":591,"column":77}},"172":{"start":{"line":594,"column":26},"end":{"line":594,"column":71}},"173":{"start":{"line":596,"column":2},"end":{"line":604,"column":6}},"174":{"start":{"line":596,"column":53},"end":{"line":604,"column":4}},"175":{"start":{"line":599,"column":37},"end":{"line":599,"column":70}},"176":{"start":{"line":602,"column":51},"end":{"line":602,"column":75}},"177":{"start":{"line":608,"column":18},"end":{"line":611,"column":null}},"178":{"start":{"line":610,"column":6},"end":{"line":611,"column":77}},"179":{"start":{"line":615,"column":28},"end":{"line":615,"column":66}},"180":{"start":{"line":617,"column":2},"end":{"line":633,"column":3}},"181":{"start":{"line":618,"column":4},"end":{"line":632,"column":5}},"182":{"start":{"line":619,"column":28},"end":{"line":619,"column":59}},"183":{"start":{"line":621,"column":6},"end":{"line":624,"column":7}},"184":{"start":{"line":623,"column":8},"end":{"line":623,"column":17}},"185":{"start":{"line":626,"column":6},"end":{"line":631,"column":9}},"186":{"start":{"line":635,"column":2},"end":{"line":635,"column":17}},"187":{"start":{"line":641,"column":22},"end":{"line":641,"column":54}},"188":{"start":{"line":643,"column":24},"end":{"line":643,"column":68}},"189":{"start":{"line":644,"column":24},"end":{"line":647,"column":4}},"190":{"start":{"line":645,"column":54},"end":{"line":645,"column":73}},"191":{"start":{"line":649,"column":2},"end":{"line":654,"column":26}},"192":{"start":{"line":650,"column":16},"end":{"line":650,"column":71}},"193":{"start":{"line":652,"column":4},"end":{"line":652,"column":57}},"194":{"start":{"line":652,"column":45},"end":{"line":652,"column":57}},"195":{"start":{"line":653,"column":4},"end":{"line":653,"column":13}},"196":{"start":{"line":667,"column":6},"end":{"line":671,"column":4}},"197":{"start":{"line":673,"column":2},"end":{"line":698,"column":5}},"198":{"start":{"line":674,"column":30},"end":{"line":674,"column":41}},"199":{"start":{"line":675,"column":4},"end":{"line":683,"column":5}},"200":{"start":{"line":677,"column":8},"end":{"line":677,"column":80}},"201":{"start":{"line":678,"column":8},"end":{"line":678,"column":14}},"202":{"start":{"line":681,"column":8},"end":{"line":681,"column":79}},"203":{"start":{"line":682,"column":8},"end":{"line":682,"column":14}},"204":{"start":{"line":685,"column":17},"end":{"line":685,"column":47}},"205":{"start":{"line":686,"column":53},"end":{"line":688,"column":21}},"206":{"start":{"line":690,"column":4},"end":{"line":697,"column":5}},"207":{"start":{"line":691,"column":6},"end":{"line":696,"column":8}},"208":{"start":{"line":700,"column":2},"end":{"line":700,"column":37}},"209":{"start":{"line":702,"column":2},"end":{"line":705,"column":4}},"210":{"start":{"line":711,"column":17},"end":{"line":711,"column":43}},"211":{"start":{"line":712,"column":2},"end":{"line":712,"column":30}},"212":{"start":{"line":721,"column":42},"end":{"line":721,"column":55}},"213":{"start":{"line":723,"column":2},"end":{"line":725,"column":3}},"214":{"start":{"line":724,"column":4},"end":{"line":724,"column":30}},"215":{"start":{"line":727,"column":2},"end":{"line":731,"column":3}},"216":{"start":{"line":728,"column":4},"end":{"line":730,"column":6}},"217":{"start":{"line":729,"column":6},"end":{"line":729,"column":53}},"218":{"start":{"line":741,"column":16},"end":{"line":741,"column":18}},"219":{"start":{"line":742,"column":2},"end":{"line":744,"column":3}},"220":{"start":{"line":743,"column":4},"end":{"line":743,"column":27}},"221":{"start":{"line":746,"column":2},"end":{"line":746,"column":39}},"222":{"start":{"line":748,"column":2},"end":{"line":748,"column":19}},"223":{"start":{"line":761,"column":49},"end":{"line":766,"column":4}},"224":{"start":{"line":768,"column":20},"end":{"line":768,"column":22}},"225":{"start":{"line":769,"column":16},"end":{"line":769,"column":18}},"226":{"start":{"line":770,"column":2},"end":{"line":773,"column":3}},"227":{"start":{"line":771,"column":4},"end":{"line":771,"column":31}},"228":{"start":{"line":772,"column":4},"end":{"line":772,"column":27}},"229":{"start":{"line":775,"column":16},"end":{"line":775,"column":44}},"230":{"start":{"line":777,"column":2},"end":{"line":777,"column":30}},"231":{"start":{"line":777,"column":17},"end":{"line":777,"column":30}},"232":{"start":{"line":779,"column":2},"end":{"line":779,"column":87}},"233":{"start":{"line":781,"column":2},"end":{"line":781,"column":19}},"234":{"start":{"line":798,"column":2},"end":{"line":798,"column":53}},"235":{"start":{"line":798,"column":35},"end":{"line":798,"column":53}},"236":{"start":{"line":800,"column":20},"end":{"line":800,"column":36}},"237":{"start":{"line":801,"column":14},"end":{"line":801,"column":65}},"238":{"start":{"line":803,"column":14},"end":{"line":803,"column":24}},"239":{"start":{"line":805,"column":2},"end":{"line":807,"column":3}},"240":{"start":{"line":806,"column":4},"end":{"line":806,"column":42}},"241":{"start":{"line":809,"column":2},"end":{"line":828,"column":3}},"242":{"start":{"line":810,"column":21},"end":{"line":810,"column":54}},"243":{"start":{"line":813,"column":4},"end":{"line":813,"column":30}},"244":{"start":{"line":813,"column":23},"end":{"line":813,"column":30}},"245":{"start":{"line":815,"column":4},"end":{"line":819,"column":6}},"246":{"start":{"line":821,"column":4},"end":{"line":821,"column":43}},"247":{"start":{"line":823,"column":22},"end":{"line":823,"column":46}},"248":{"start":{"line":825,"column":4},"end":{"line":825,"column":54}},"249":{"start":{"line":825,"column":34},"end":{"line":825,"column":54}},"250":{"start":{"line":827,"column":4},"end":{"line":827,"column":35}}},"fnMap":{"0":{"name":"(anonymous_0)","decl":{"start":{"line":77,"column":32},"end":{"line":77,"column":null}},"loc":{"start":{"line":80,"column":12},"end":{"line":87,"column":1}}},"1":{"name":"(anonymous_1)","decl":{"start":{"line":89,"column":38},"end":{"line":89,"column":null}},"loc":{"start":{"line":92,"column":12},"end":{"line":100,"column":1}}},"2":{"name":"(anonymous_2)","decl":{"start":{"line":102,"column":26},"end":{"line":102,"column":null}},"loc":{"start":{"line":105,"column":13},"end":{"line":111,"column":1}}},"3":{"name":"(anonymous_3)","decl":{"start":{"line":113,"column":28},"end":{"line":113,"column":null}},"loc":{"start":{"line":117,"column":21},"end":{"line":139,"column":1}}},"4":{"name":"(anonymous_4)","decl":{"start":{"line":141,"column":33},"end":{"line":141,"column":null}},"loc":{"start":{"line":146,"column":21},"end":{"line":163,"column":1}}},"5":{"name":"whereObjectToSqlString","decl":{"start":{"line":165,"column":16},"end":{"line":165,"column":38}},"loc":{"start":{"line":172,"column":3},"end":{"line":268,"column":1}}},"6":{"name":"(anonymous_6)","decl":{"start":{"line":183,"column":19},"end":{"line":183,"column":20}},"loc":{"start":{"line":183,"column":37},"end":{"line":189,"column":3}}},"7":{"name":"(anonymous_7)","decl":{"start":{"line":186,"column":6},"end":{"line":186,"column":7}},"loc":{"start":{"line":186,"column":18},"end":{"line":186,"column":47}}},"8":{"name":"(anonymous_8)","decl":{"start":{"line":252,"column":35},"end":{"line":252,"column":36}},"loc":{"start":{"line":252,"column":55},"end":{"line":262,"column":5}}},"9":{"name":"getDestinationFieldName","decl":{"start":{"line":270,"column":16},"end":{"line":270,"column":39}},"loc":{"start":{"line":270,"column":65},"end":{"line":276,"column":1}}},"10":{"name":"(anonymous_10)","decl":{"start":{"line":279,"column":35},"end":{"line":279,"column":null}},"loc":{"start":{"line":282,"column":32},"end":{"line":342,"column":1}}},"11":{"name":"isIFieldAndFilterMapper","decl":{"start":{"line":344,"column":16},"end":{"line":344,"column":39}},"loc":{"start":{"line":345,"column":48},"end":{"line":348,"column":1}}},"12":{"name":"isProviderOverride","decl":{"start":{"line":416,"column":16},"end":{"line":416,"column":34}},"loc":{"start":{"line":417,"column":15},"end":{"line":421,"column":1}}},"13":{"name":"CrudGenDependencyFactory","decl":{"start":{"line":423,"column":16},"end":{"line":423,"column":40}},"loc":{"start":{"line":429,"column":43},"end":{"line":450,"column":1}}},"14":{"name":"CrudGenBackendFactory","decl":{"start":{"line":452,"column":16},"end":{"line":452,"column":37}},"loc":{"start":{"line":457,"column":40},"end":{"line":512,"column":1}}},"15":{"name":"CrudGenGraphqlFactory","decl":{"start":{"line":514,"column":16},"end":{"line":514,"column":37}},"loc":{"start":{"line":519,"column":40},"end":{"line":540,"column":1}}},"16":{"name":"getProviderToken","decl":{"start":{"line":542,"column":16},"end":{"line":542,"column":32}},"loc":{"start":{"line":544,"column":59},"end":{"line":553,"column":1}}},"17":{"name":"filterTypeToNativeType","decl":{"start":{"line":555,"column":16},"end":{"line":555,"column":38}},"loc":{"start":{"line":555,"column":55},"end":{"line":570,"column":1}}},"18":{"name":"getEntityRelations","decl":{"start":{"line":578,"column":16},"end":{"line":578,"column":34}},"loc":{"start":{"line":580,"column":22},"end":{"line":605,"column":1}}},"19":{"name":"(anonymous_19)","decl":{"start":{"line":583,"column":4},"end":{"line":583,"column":5}},"loc":{"start":{"line":584,"column":6},"end":{"line":585,"column":77}}},"20":{"name":"(anonymous_20)","decl":{"start":{"line":589,"column":4},"end":{"line":589,"column":5}},"loc":{"start":{"line":590,"column":6},"end":{"line":591,"column":77}}},"21":{"name":"(anonymous_21)","decl":{"start":{"line":596,"column":23},"end":{"line":596,"column":24}},"loc":{"start":{"line":596,"column":53},"end":{"line":604,"column":4}}},"22":{"name":"(anonymous_22)","decl":{"start":{"line":599,"column":6},"end":{"line":599,"column":7}},"loc":{"start":{"line":599,"column":37},"end":{"line":599,"column":70}}},"23":{"name":"(anonymous_23)","decl":{"start":{"line":602,"column":44},"end":{"line":602,"column":45}},"loc":{"start":{"line":602,"column":51},"end":{"line":602,"column":75}}},"24":{"name":"getTypeProperties","decl":{"start":{"line":607,"column":16},"end":{"line":607,"column":33}},"loc":{"start":{"line":607,"column":72},"end":{"line":636,"column":1}}},"25":{"name":"(anonymous_25)","decl":{"start":{"line":609,"column":4},"end":{"line":609,"column":5}},"loc":{"start":{"line":610,"column":6},"end":{"line":611,"column":77}}},"26":{"name":"getMappedTypeProperties","decl":{"start":{"line":638,"column":16},"end":{"line":638,"column":39}},"loc":{"start":{"line":639,"column":32},"end":{"line":655,"column":1}}},"27":{"name":"(anonymous_27)","decl":{"start":{"line":645,"column":42},"end":{"line":645,"column":43}},"loc":{"start":{"line":645,"column":54},"end":{"line":645,"column":73}}},"28":{"name":"(anonymous_28)","decl":{"start":{"line":649,"column":35},"end":{"line":649,"column":36}},"loc":{"start":{"line":649,"column":55},"end":{"line":654,"column":3}}},"29":{"name":"applyJoinArguments","decl":{"start":{"line":657,"column":16},"end":{"line":657,"column":34}},"loc":{"start":{"line":661,"column":53},"end":{"line":706,"column":1}}},"30":{"name":"(anonymous_30)","decl":{"start":{"line":673,"column":28},"end":{"line":673,"column":29}},"loc":{"start":{"line":673,"column":46},"end":{"line":698,"column":3}}},"31":{"name":"isFilterExpressionInput","decl":{"start":{"line":708,"column":16},"end":{"line":708,"column":39}},"loc":{"start":{"line":709,"column":18},"end":{"line":713,"column":1}}},"32":{"name":"traverseFiltersAndApplyFunction","decl":{"start":{"line":715,"column":16},"end":{"line":715,"column":47}},"loc":{"start":{"line":719,"column":66},"end":{"line":732,"column":1}}},"33":{"name":"(anonymous_33)","decl":{"start":{"line":728,"column":31},"end":{"line":728,"column":32}},"loc":{"start":{"line":729,"column":6},"end":{"line":729,"column":53}}},"34":{"name":"formatRawSelectionWithoutAlias","decl":{"start":{"line":736,"column":16},"end":{"line":736,"column":46}},"loc":{"start":{"line":739,"column":13},"end":{"line":749,"column":1}}},"35":{"name":"formatRawSelection","decl":{"start":{"line":751,"column":16},"end":{"line":751,"column":34}},"loc":{"start":{"line":759,"column":8},"end":{"line":782,"column":1}}},"36":{"name":"applySelectOnFind","decl":{"start":{"line":789,"column":16},"end":{"line":789,"column":33}},"loc":{"start":{"line":796,"column":11},"end":{"line":829,"column":1}}}},"branchMap":{"0":{"loc":{"start":{"line":81,"column":2},"end":{"line":84,"column":3}},"type":"if","locations":[{"start":{"line":81,"column":2},"end":{"line":84,"column":3}},{"start":{},"end":{}}]},"1":{"loc":{"start":{"line":82,"column":16},"end":{"line":82,"column":37}},"type":"binary-expr","locations":[{"start":{"line":82,"column":16},"end":{"line":82,"column":30}},{"start":{"line":82,"column":34},"end":{"line":82,"column":37}}]},"2":{"loc":{"start":{"line":93,"column":2},"end":{"line":97,"column":3}},"type":"if","locations":[{"start":{"line":93,"column":2},"end":{"line":97,"column":3}},{"start":{},"end":{}}]},"3":{"loc":{"start":{"line":95,"column":6},"end":{"line":95,"column":44}},"type":"if","locations":[{"start":{"line":95,"column":6},"end":{"line":95,"column":44}},{"start":{},"end":{}}]},"4":{"loc":{"start":{"line":106,"column":2},"end":{"line":110,"column":3}},"type":"if","locations":[{"start":{"line":106,"column":2},"end":{"line":110,"column":3}},{"start":{"line":108,"column":9},"end":{"line":110,"column":3}}]},"5":{"loc":{"start":{"line":106,"column":6},"end":{"line":106,"column":23}},"type":"binary-expr","locations":[{"start":{"line":106,"column":6},"end":{"line":106,"column":10}},{"start":{"line":106,"column":14},"end":{"line":106,"column":23}}]},"6":{"loc":{"start":{"line":107,"column":11},"end":{"line":107,"column":46}},"type":"cond-expr","locations":[{"start":{"line":107,"column":34},"end":{"line":107,"column":38}},{"start":{"line":107,"column":41},"end":{"line":107,"column":46}}]},"7":{"loc":{"start":{"line":120,"column":2},"end":{"line":122,"column":3}},"type":"if","locations":[{"start":{"line":120,"column":2},"end":{"line":122,"column":3}},{"start":{},"end":{}}]},"8":{"loc":{"start":{"line":124,"column":4},"end":{"line":131,"column":5}},"type":"if","locations":[{"start":{"line":124,"column":4},"end":{"line":131,"column":5}},{"start":{},"end":{}}]},"9":{"loc":{"start":{"line":134,"column":2},"end":{"line":138,"column":3}},"type":"if","locations":[{"start":{"line":134,"column":2},"end":{"line":138,"column":3}},{"start":{"line":136,"column":9},"end":{"line":138,"column":3}}]},"10":{"loc":{"start":{"line":147,"column":17},"end":{"line":153,"column":18}},"type":"cond-expr","locations":[{"start":{"line":148,"column":6},"end":{"line":151,"column":null}},{"start":{"line":153,"column":6},"end":{"line":153,"column":18}}]},"11":{"loc":{"start":{"line":155,"column":2},"end":{"line":160,"column":3}},"type":"if","locations":[{"start":{"line":155,"column":2},"end":{"line":160,"column":3}},{"start":{"line":157,"column":9},"end":{"line":160,"column":3}}]},"12":{"loc":{"start":{"line":155,"column":6},"end":{"line":155,"column":28}},"type":"binary-expr","locations":[{"start":{"line":155,"column":6},"end":{"line":155,"column":11}},{"start":{"line":155,"column":15},"end":{"line":155,"column":28}}]},"13":{"loc":{"start":{"line":176,"column":20},"end":{"line":176,"column":51}},"type":"binary-expr","locations":[{"start":{"line":176,"column":20},"end":{"line":176,"column":34}},{"start":{"line":176,"column":38},"end":{"line":176,"column":51}}]},"14":{"loc":{"start":{"line":178,"column":2},"end":{"line":178,"column":33}},"type":"if","locations":[{"start":{"line":178,"column":2},"end":{"line":178,"column":33}},{"start":{},"end":{}}]},"15":{"loc":{"start":{"line":188,"column":20},"end":{"line":188,"column":57}},"type":"binary-expr","locations":[{"start":{"line":188,"column":20},"end":{"line":188,"column":48}},{"start":{"line":188,"column":52},"end":{"line":188,"column":57}}]},"16":{"loc":{"start":{"line":192,"column":43},"end":{"line":192,"column":67}},"type":"binary-expr","locations":[{"start":{"line":192,"column":43},"end":{"line":192,"column":61}},{"start":{"line":192,"column":65},"end":{"line":192,"column":67}}]},"17":{"loc":{"start":{"line":195,"column":4},"end":{"line":248,"column":5}},"type":"if","locations":[{"start":{"line":195,"column":4},"end":{"line":248,"column":5}},{"start":{"line":228,"column":11},"end":{"line":248,"column":5}}]},"18":{"loc":{"start":{"line":197,"column":6},"end":{"line":227,"column":7}},"type":"if","locations":[{"start":{"line":197,"column":6},"end":{"line":227,"column":7}},{"start":{"line":222,"column":13},"end":{"line":227,"column":7}}]},"19":{"loc":{"start":{"line":198,"column":8},"end":{"line":200,"column":49}},"type":"binary-expr","locations":[{"start":{"line":198,"column":8},"end":{"line":198,"column":39}},{"start":{"line":199,"column":8},"end":{"line":199,"column":49}},{"start":{"line":200,"column":8},"end":{"line":200,"column":49}}]},"20":{"loc":{"start":{"line":208,"column":12},"end":{"line":208,"column":36}},"type":"binary-expr","locations":[{"start":{"line":208,"column":12},"end":{"line":208,"column":17}},{"start":{"line":208,"column":21},"end":{"line":208,"column":36}}]},"21":{"loc":{"start":{"line":217,"column":12},"end":{"line":217,"column":36}},"type":"binary-expr","locations":[{"start":{"line":217,"column":12},"end":{"line":217,"column":17}},{"start":{"line":217,"column":21},"end":{"line":217,"column":36}}]},"22":{"loc":{"start":{"line":228,"column":11},"end":{"line":248,"column":5}},"type":"if","locations":[{"start":{"line":228,"column":11},"end":{"line":248,"column":5}},{"start":{"line":240,"column":11},"end":{"line":248,"column":5}}]},"23":{"loc":{"start":{"line":235,"column":10},"end":{"line":235,"column":34}},"type":"binary-expr","locations":[{"start":{"line":235,"column":10},"end":{"line":235,"column":15}},{"start":{"line":235,"column":19},"end":{"line":235,"column":34}}]},"24":{"loc":{"start":{"line":240,"column":11},"end":{"line":248,"column":5}},"type":"if","locations":[{"start":{"line":240,"column":11},"end":{"line":248,"column":5}},{"start":{"line":246,"column":11},"end":{"line":248,"column":5}}]},"25":{"loc":{"start":{"line":243,"column":8},"end":{"line":243,"column":32}},"type":"binary-expr","locations":[{"start":{"line":243,"column":8},"end":{"line":243,"column":13}},{"start":{"line":243,"column":17},"end":{"line":243,"column":32}}]},"26":{"loc":{"start":{"line":251,"column":2},"end":{"line":263,"column":3}},"type":"if","locations":[{"start":{"line":251,"column":2},"end":{"line":263,"column":3}},{"start":{},"end":{}}]},"27":{"loc":{"start":{"line":259,"column":6},"end":{"line":259,"column":32}},"type":"if","locations":[{"start":{"line":259,"column":6},"end":{"line":259,"column":32}},{"start":{},"end":{}}]},"28":{"loc":{"start":{"line":271,"column":2},"end":{"line":273,"column":3}},"type":"if","locations":[{"start":{"line":271,"column":2},"end":{"line":273,"column":3}},{"start":{},"end":{}}]},"29":{"loc":{"start":{"line":283,"column":2},"end":{"line":288,"column":3}},"type":"if","locations":[{"start":{"line":283,"column":2},"end":{"line":288,"column":3}},{"start":{},"end":{}}]},"30":{"loc":{"start":{"line":283,"column":6},"end":{"line":283,"column":85}},"type":"binary-expr","locations":[{"start":{"line":283,"column":7},"end":{"line":283,"column":33}},{"start":{"line":283,"column":37},"end":{"line":283,"column":52}},{"start":{"line":283,"column":57},"end":{"line":283,"column":85}}]},"31":{"loc":{"start":{"line":285,"column":4},"end":{"line":287,"column":5}},"type":"if","locations":[{"start":{"line":285,"column":4},"end":{"line":287,"column":5}},{"start":{},"end":{}}]},"32":{"loc":{"start":{"line":296,"column":2},"end":{"line":326,"column":3}},"type":"if","locations":[{"start":{"line":296,"column":2},"end":{"line":326,"column":3}},{"start":{"line":322,"column":9},"end":{"line":326,"column":3}}]},"33":{"loc":{"start":{"line":301,"column":4},"end":{"line":321,"column":5}},"type":"if","locations":[{"start":{"line":301,"column":4},"end":{"line":321,"column":5}},{"start":{},"end":{}}]},"34":{"loc":{"start":{"line":305,"column":8},"end":{"line":319,"column":9}},"type":"if","locations":[{"start":{"line":305,"column":8},"end":{"line":319,"column":9}},{"start":{},"end":{}}]},"35":{"loc":{"start":{"line":306,"column":25},"end":{"line":306,"column":65}},"type":"cond-expr","locations":[{"start":{"line":306,"column":31},"end":{"line":306,"column":59}},{"start":{"line":306,"column":62},"end":{"line":306,"column":65}}]},"36":{"loc":{"start":{"line":316,"column":10},"end":{"line":318,"column":11}},"type":"if","locations":[{"start":{"line":316,"column":10},"end":{"line":318,"column":11}},{"start":{},"end":{}}]},"37":{"loc":{"start":{"line":322,"column":9},"end":{"line":326,"column":3}},"type":"if","locations":[{"start":{"line":322,"column":9},"end":{"line":326,"column":3}},{"start":{"line":324,"column":9},"end":{"line":326,"column":3}}]},"38":{"loc":{"start":{"line":324,"column":9},"end":{"line":326,"column":3}},"type":"if","locations":[{"start":{"line":324,"column":9},"end":{"line":326,"column":3}},{"start":{},"end":{}}]},"39":{"loc":{"start":{"line":338,"column":2},"end":{"line":339,"column":54}},"type":"if","locations":[{"start":{"line":338,"column":2},"end":{"line":339,"column":54}},{"start":{},"end":{}}]},"40":{"loc":{"start":{"line":338,"column":6},"end":{"line":338,"column":85}},"type":"binary-expr","locations":[{"start":{"line":338,"column":7},"end":{"line":338,"column":33}},{"start":{"line":338,"column":37},"end":{"line":338,"column":52}},{"start":{"line":338,"column":57},"end":{"line":338,"column":85}}]},"41":{"loc":{"start":{"line":437,"column":4},"end":{"line":444,"column":25}},"type":"cond-expr","locations":[{"start":{"line":438,"column":8},"end":{"line":443,"column":10}},{"start":{"line":444,"column":8},"end":{"line":444,"column":25}}]},"42":{"loc":{"start":{"line":440,"column":20},"end":{"line":440,"column":34}},"type":"binary-expr","locations":[{"start":{"line":440,"column":20},"end":{"line":440,"column":28}},{"start":{"line":440,"column":32},"end":{"line":440,"column":34}}]},"43":{"loc":{"start":{"line":463,"column":2},"end":{"line":486,"column":3}},"type":"if","locations":[{"start":{"line":463,"column":2},"end":{"line":486,"column":3}},{"start":{},"end":{}}]},"44":{"loc":{"start":{"line":464,"column":4},"end":{"line":485,"column":5}},"type":"if","locations":[{"start":{"line":464,"column":4},"end":{"line":485,"column":5}},{"start":{"line":467,"column":11},"end":{"line":485,"column":5}}]},"45":{"loc":{"start":{"line":469,"column":8},"end":{"line":469,"column":42}},"type":"binary-expr","locations":[{"start":{"line":469,"column":8},"end":{"line":469,"column":27}},{"start":{"line":469,"column":31},"end":{"line":469,"column":42}}]},"46":{"loc":{"start":{"line":479,"column":6},"end":{"line":484,"column":7}},"type":"if","locations":[{"start":{"line":479,"column":6},"end":{"line":484,"column":7}},{"start":{},"end":{}}]},"47":{"loc":{"start":{"line":488,"column":2},"end":{"line":504,"column":3}},"type":"if","locations":[{"start":{"line":488,"column":2},"end":{"line":504,"column":3}},{"start":{},"end":{}}]},"48":{"loc":{"start":{"line":489,"column":4},"end":{"line":503,"column":5}},"type":"if","locations":[{"start":{"line":489,"column":4},"end":{"line":503,"column":5}},{"start":{"line":492,"column":11},"end":{"line":503,"column":5}}]},"49":{"loc":{"start":{"line":494,"column":8},"end":{"line":494,"column":45}},"type":"binary-expr","locations":[{"start":{"line":494,"column":8},"end":{"line":494,"column":30}},{"start":{"line":494,"column":34},"end":{"line":494,"column":45}}]},"50":{"loc":{"start":{"line":499,"column":10},"end":{"line":499,"column":47}},"type":"binary-expr","locations":[{"start":{"line":499,"column":10},"end":{"line":499,"column":32}},{"start":{"line":499,"column":36},"end":{"line":499,"column":47}}]},"51":{"loc":{"start":{"line":508,"column":16},"end":{"line":508,"column":78}},"type":"binary-expr","locations":[{"start":{"line":508,"column":16},"end":{"line":508,"column":26}},{"start":{"line":508,"column":30},"end":{"line":508,"column":78}}]},"52":{"loc":{"start":{"line":520,"column":2},"end":{"line":522,"column":3}},"type":"if","locations":[{"start":{"line":520,"column":2},"end":{"line":522,"column":3}},{"start":{},"end":{}}]},"53":{"loc":{"start":{"line":533,"column":20},"end":{"line":533,"column":72}},"type":"binary-expr","locations":[{"start":{"line":533,"column":20},"end":{"line":533,"column":56}},{"start":{"line":533,"column":60},"end":{"line":533,"column":72}}]},"54":{"loc":{"start":{"line":535,"column":8},"end":{"line":535,"column":66}},"type":"binary-expr","locations":[{"start":{"line":535,"column":8},"end":{"line":535,"column":47}},{"start":{"line":535,"column":51},"end":{"line":535,"column":66}}]},"55":{"loc":{"start":{"line":546,"column":2},"end":{"line":550,"column":3}},"type":"if","locations":[{"start":{"line":546,"column":2},"end":{"line":550,"column":3}},{"start":{},"end":{}}]},"56":{"loc":{"start":{"line":54
[...]
rt":{"line":270,"column":66},"end":{"line":276,"column":3}}},"15":{"name":"(anonymous_15)","decl":{"start":{"line":282,"column":12},"end":{"line":282,"column":29}},"loc":{"start":{"line":283,"column":52},"end":{"line":286,"column":3}}},"16":{"name":"(anonymous_16)","decl":{"start":{"line":292,"column":12},"end":{"line":292,"column":30}},"loc":{"start":{"line":293,"column":53},"end":{"line":296,"column":3}}},"17":{"name":"(anonymous_17)","decl":{"start":{"line":301,"column":2},"end":{"line":301,"column":15}},"loc":{"start":{"line":301,"column":15},"end":{"line":303,"column":3}}},"18":{"name":"(anonymous_18)","decl":{"start":{"line":308,"column":2},"end":{"line":308,"column":20}},"loc":{"start":{"line":308,"column":20},"end":{"line":310,"column":3}}},"19":{"name":"(anonymous_19)","decl":{"start":{"line":329,"column":2},"end":{"line":329,"column":7}},"loc":{"start":{"line":332,"column":25},"end":{"line":353,"column":3}}},"20":{"name":"(anonymous_20)","decl":{"start":{"line":359,"column":2},"end":{"line":359,"column":7}},"loc":{"start":{"line":367,"column":25},"end":{"line":372,"column":3}}},"21":{"name":"(anonymous_21)","decl":{"start":{"line":407,"column":2},"end":{"line":407,"column":7}},"loc":{"start":{"line":414,"column":5},"end":{"line":432,"column":3}}},"22":{"name":"(anonymous_22)","decl":{"start":{"line":449,"column":2},"end":{"line":449,"column":7}},"loc":{"start":{"line":452,"column":23},"end":{"line":501,"column":3}}},"23":{"name":"(anonymous_23)","decl":{"start":{"line":523,"column":2},"end":{"line":523,"column":7}},"loc":{"start":{"line":527,"column":23},"end":{"line":579,"column":3}}},"24":{"name":"(anonymous_24)","decl":{"start":{"line":588,"column":2},"end":{"line":588,"column":7}},"loc":{"start":{"line":588,"column":59},"end":{"line":598,"column":3}}},"25":{"name":"(anonymous_25)","decl":{"start":{"line":606,"column":2},"end":{"line":606,"column":7}},"loc":{"start":{"line":607,"column":42},"end":{"line":621,"column":3}}},"26":{"name":"(anonymous_26)","decl":{"start":{"line":641,"column":2},"end":{"line":641,"column":7}},"loc":{"start":{"line":645,"column":25},"end":{"line":685,"column":3}}},"27":{"name":"(anonymous_27)","decl":{"start":{"line":687,"column":2},"end":{"line":687,"column":34}},"loc":{"start":{"line":687,"column":34},"end":{"line":711,"column":3}}},"28":{"name":"(anonymous_28)","decl":{"start":{"line":713,"column":2},"end":{"line":713,"column":28}},"loc":{"start":{"line":713,"column":28},"end":{"line":715,"column":3}}},"29":{"name":"(anonymous_29)","decl":{"start":{"line":717,"column":2},"end":{"line":717,"column":34}},"loc":{"start":{"line":717,"column":34},"end":{"line":719,"column":3}}},"30":{"name":"(anonymous_30)","decl":{"start":{"line":727,"column":12},"end":{"line":727,"column":24}},"loc":{"start":{"line":729,"column":71},"end":{"line":773,"column":3}}}},"branchMap":{"0":{"loc":{"start":{"line":50,"column":9},"end":{"line":50,"column":78}},"type":"binary-expr","locations":[{"start":{"line":50,"column":9},"end":{"line":50,"column":16}},{"start":{"line":50,"column":20},"end":{"line":50,"column":45}},{"start":{"line":50,"column":49},"end":{"line":50,"column":78}}]},"1":{"loc":{"start":{"line":54,"column":2},"end":{"line":56,"column":3}},"type":"if","locations":[{"start":{"line":54,"column":2},"end":{"line":56,"column":3}},{"start":{},"end":{}}]},"2":{"loc":{"start":{"line":54,"column":6},"end":{"line":54,"column":41}},"type":"binary-expr","locations":[{"start":{"line":54,"column":6},"end":{"line":54,"column":12}},{"start":{"line":54,"column":16},"end":{"line":54,"column":41}}]},"3":{"loc":{"start":{"line":58,"column":2},"end":{"line":64,"column":3}},"type":"if","locations":[{"start":{"line":58,"column":2},"end":{"line":64,"column":3}},{"start":{},"end":{}}]},"4":{"loc":{"start":{"line":63,"column":11},"end":{"line":63,"column":53}},"type":"cond-expr","locations":[{"start":{"line":63,"column":31},"end":{"line":63,"column":41}},{"start":{"line":63,"column":44},"end":{"line":63,"column":53}}]},"5":{"loc":{"start":{"line":72,"column":2},"end":{"line":78,"column":3}},"type":"if","locations":[{"start":{"line":72,"column":2},"end":{"line":78,"column":3}},{"start":{},"end":{}}]},"6":{"loc":{"start":{"line":73,"column":4},"end":{"line":75,"column":27}},"type":"binary-expr","locations":[{"start":{"line":73,"column":4},"end":{"line":73,"column":26}},{"start":{"line":74,"column":4},"end":{"line":74,"column":35}},{"start":{"line":75,"column":4},"end":{"line":75,"column":27}}]},"7":{"loc":{"start":{"line":91,"column":8},"end":{"line":92,"column":27}},"type":"binary-expr","locations":[{"start":{"line":91,"column":8},"end":{"line":91,"column":66}},{"start":{"line":92,"column":8},"end":{"line":92,"column":27}}]},"8":{"loc":{"start":{"line":97,"column":8},"end":{"line":97,"column":57}},"type":"cond-expr","locations":[{"start":{"line":97,"column":39},"end":{"line":97,"column":52}},{"start":{"line":97,"column":55},"end":{"line":97,"column":57}}]},"9":{"loc":{"start":{"line":99,"column":23},"end":{"line":99,"column":51}},"type":"binary-expr","locations":[{"start":{"line":99,"column":23},"end":{"line":99,"column":45}},{"start":{"line":99,"column":49},"end":{"line":99,"column":51}}]},"10":{"loc":{"start":{"line":103,"column":20},"end":{"line":103,"column":51}},"type":"binary-expr","locations":[{"start":{"line":103,"column":20},"end":{"line":103,"column":34}},{"start":{"line":103,"column":38},"end":{"line":103,"column":51}}]},"11":{"loc":{"start":{"line":105,"column":2},"end":{"line":118,"column":3}},"type":"if","locations":[{"start":{"line":105,"column":2},"end":{"line":118,"column":3}},{"start":{},"end":{}}]},"12":{"loc":{"start":{"line":107,"column":4},"end":{"line":107,"column":55}},"type":"if","locations":[{"start":{"line":107,"column":4},"end":{"line":107,"column":55}},{"start":{},"end":{}}]},"13":{"loc":{"start":{"line":110,"column":6},"end":{"line":114,"column":7}},"type":"if","locations":[{"start":{"line":110,"column":6},"end":{"line":114,"column":7}},{"start":{"line":112,"column":13},"end":{"line":114,"column":7}}]},"14":{"loc":{"start":{"line":117,"column":11},"end":{"line":117,"column":49}},"type":"cond-expr","locations":[{"start":{"line":117,"column":29},"end":{"line":117,"column":37}},{"start":{"line":117,"column":40},"end":{"line":117,"column":49}}]},"15":{"loc":{"start":{"line":123,"column":4},"end":{"line":127,"column":5}},"type":"if","locations":[{"start":{"line":123,"column":4},"end":{"line":127,"column":5}},{"start":{},"end":{}}]},"16":{"loc":{"start":{"line":129,"column":4},"end":{"line":131,"column":5}},"type":"if","locations":[{"start":{"line":129,"column":4},"end":{"line":131,"column":5}},{"start":{},"end":{}}]},"17":{"loc":{"start":{"line":134,"column":9},"end":{"line":134,"column":61}},"type":"cond-expr","locations":[{"start":{"line":134,"column":38},"end":{"line":134,"column":49}},{"start":{"line":134,"column":52},"end":{"line":134,"column":61}}]},"18":{"loc":{"start":{"line":153,"column":23},"end":{"line":153,"column":54}},"type":"binary-expr","locations":[{"start":{"line":153,"column":23},"end":{"line":153,"column":36}},{"start":{"line":153,"column":40},"end":{"line":153,"column":54}}]},"19":{"loc":{"start":{"line":157,"column":6},"end":{"line":159,"column":null}},"type":"binary-expr","locations":[{"start":{"line":157,"column":6},"end":{"line":157,"column":19}},{"start":{"line":158,"column":6},"end":{"line":159,"column":null}}]},"20":{"loc":{"start":{"line":159,"column":8},"end":{"line":159,"column":70}},"type":"cond-expr","locations":[{"start":{"line":159,"column":39},"end":{"line":159,"column":50}},{"start":{"line":159,"column":53},"end":{"line":159,"column":70}}]},"21":{"loc":{"start":{"line":170,"column":8},"end":{"line":170,"column":29}},"type":"binary-expr","locations":[{"start":{"line":170,"column":8},"end":{"line":170,"column":19}},{"start":{"line":170,"column":23},"end":{"line":170,"column":29}}]},"22":{"loc":{"start":{"line":171,"column":8},"end":{"line":171,"column":45}},"type":"binary-expr","locations":[{"start":{"line":171,"column":8},"end":{"line":171,"column":27}},{"start":{"line":171,"column":31},"end":{"line":171,"column":45}}]},"23":{"loc":{"start":{"line":190,"column":4},"end":{"line":192,"column":5}},"type":"if","locations":[{"start":{"line":190,"column":4},"end":{"line":192,"column":5}},{"start":{},"end":{}}]},"24":{"loc":{"start":{"line":220,"column":6},"end":{"line":221,"column":75}},"type":"binary-expr","locations":[{"start":{"line":220,"column":6},"end":{"line":220,"column":21}},{"start":{"line":221,"column":17},"end":{"line":221,"column":75}}]},"25":{"loc":{"start":{"line":233,"column":4},"end":{"line":235,"column":5}},"type":"if","locations":[{"start":{"line":233,"column":4},"end":{"line":235,"column":5}},{"start":{},"end":{}}]},"26":{"loc":{"start":{"line":233,"column":8},"end":{"line":233,"column":61}},"type":"binary-expr","locations":[{"start":{"line":233,"column":8},"end":{"line":233,"column":11}},{"start":{"line":233,"column":15},"end":{"line":233,"column":38}},{"start":{"line":233,"column":42},"end":{"line":233,"column":61}}]},"27":{"loc":{"start":{"line":238,"column":27},"end":{"line":238,"column":71}},"type":"binary-expr","locations":[{"start":{"line":238,"column":27},"end":{"line":238,"column":65}},{"start":{"line":238,"column":69},"end":{"line":238,"column":71}}]},"28":{"loc":{"start":{"line":240,"column":6},"end":{"line":240,"column":67}},"type":"binary-expr","locations":[{"start":{"line":240,"column":6},"end":{"line":240,"column":37}},{"start":{"line":240,"column":42},"end":{"line":240,"column":67}}]},"29":{"loc":{"start":{"line":331,"column":4},"end":{"line":331,"column":21}},"type":"default-arg","locations":[{"start":{"line":331,"column":16},"end":{"line":331,"column":21}}]},"30":{"loc":{"start":{"line":334,"column":4},"end":{"line":334,"column":66}},"type":"if","locations":[{"start":{"line":334,"column":4},"end":{"line":334,"column":66}},{"start":{},"end":{}}]},"31":{"loc":{"start":{"line":345,"column":13},"end":{"line":345,"column":69}},"type":"cond-expr","locations":[{"start":{"line":345,"column":23},"end":{"line":345,"column":57}},{"start":{"line":345,"column":60},"end":{"line":345,"column":69}}]},"32":{"loc":{"start":{"line":350,"column":11},"end":{"line":352,"column":47}},"type":"cond-expr","locations":[{"start":{"line":351,"column":8},"end":{"line":351,"column":55}},{"start":{"line":352,"column":8},"end":{"line":352,"column":47}}]},"33":{"loc":{"start":{"line":417,"column":4},"end":{"line":417,"column":66}},"type":"if","locations":[{"start":{"line":417,"column":4},"end":{"line":417,"column":66}},{"start":{},"end":{}}]},"34":{"loc":{"start":{"line":419,"column":11},"end":{"line":431,"column":10}},"type":"cond-expr","locations":[{"start":{"line":420,"column":8},"end":{"line":425,"column":10}},{"start":{"line":426,"column":8},"end":{"line":431,"column":10}}]},"35":{"loc":{"start":{"line":452,"column":4},"end":{"line":452,"column":23}},"type":"default-arg","locations":[{"start":{"line":452,"column":19},"end":{"line":452,"column":23}}]},"36":{"loc":{"start":{"line":460,"column":4},"end":{"line":464,"column":5}},"type":"if","locations":[{"start":{"line":460,"column":4},"end":{"line":464,"column":5}},{"start":{},"end":{}}]},"37":{"loc":{"start":{"line":477,"column":4},"end":{"line":490,"column":5}},"type":"if","locations":[{"start":{"line":477,"column":4},"end":{"line":490,"column":5}},{"start":{},"end":{}}]},"38":{"loc":{"start":{"line":478,"column":6},"end":{"line":479,"column":50}},"type":"binary-expr","locations":[{"start":{"line":478,"column":6},"end":{"line":478,"column":65}},{"start":{"line":479,"column":6},"end":{"line":479,"column":50}}]},"39":{"loc":{"start":{"line":483,"column":13},"end":{"line":488,"column":null}},"type":"cond-expr","locations":[{"start":{"line":484,"column":10},"end":{"line":484,"column":14}},{"start":{"line":485,"column":10},"end":{"line":488,"column":null}}]},"40":{"loc":{"start":{"line":492,"column":4},"end":{"line":494,"column":5}},"type":"if","locations":[{"start":{"line":492,"column":4},"end":{"line":494,"column":5}},{"start":{},"end":{}}]},"41":{"loc":{"start":{"line":527,"column":4},"end":{"line":527,"column":23}},"type":"default-arg","locations":[{"start":{"line":527,"column":19},"end":{"line":527,"column":23}}]},"42":{"loc":{"start":{"line":537,"column":4},"end":{"line":541,"column":5}},"type":"if","locations":[{"start":{"line":537,"column":4},"end":{"line":541,"column":5}},{"start":{},"end":{}}]},"43":{"loc":{"start":{"line":555,"column":4},"end":{"line":568,"column":5}},"type":"if","locations":[{"start":{"line":555,"column":4},"end":{"line":568,"column":5}},{"start":{},"end":{}}]},"44":{"loc":{"start":{"line":556,"column":6},"end":{"line":557,"column":50}},"type":"binary-expr","locations":[{"start":{"line":556,"column":6},"end":{"line":556,"column":65}},{"start":{"line":557,"column":6},"end":{"line":557,"column":50}}]},"45":{"loc":{"start":{"line":561,"column":13},"end":{"line":566,"column":null}},"type":"cond-expr","locations":[{"start":{"line":562,"column":10},"end":{"line":562,"column":14}},{"start":{"line":563,"column":10},"end":{"line":566,"column":null}}]},"46":{"loc":{"start":{"line":570,"column":4},"end":{"line":572,"column":5}},"type":"if","locations":[{"start":{"line":570,"column":4},"end":{"line":572,"column":5}},{"start":{},"end":{}}]},"47":{"loc":{"start":{"line":597,"column":11},"end":{"line":597,"column":51}},"type":"binary-expr","locations":[{"start":{"line":597,"column":11},"end":{"line":597,"column":28}},{"start":{"line":597,"column":32},"end":{"line":597,"column":51}}]},"48":{"loc":{"start":{"line":614,"column":4},"end":{"line":616,"column":5}},"type":"if","locations":[{"start":{"line":614,"column":4},"end":{"line":616,"column":5}},{"start":{},"end":{}}]},"49":{"loc":{"start":{"line":617,"column":4},"end":{"line":619,"column":5}},"type":"if","locations":[{"start":{"line":617,"column":4},"end":{"line":619,"column":5}},{"start":{},"end":{}}]},"50":{"loc":{"start":{"line":643,"column":4},"end":{"line":643,"column":21}},"type":"default-arg","locations":[{"start":{"line":643,"column":16},"end":{"line":643,"column":21}}]},"51":{"loc":{"start":{"line":648,"column":4},"end":{"line":648,"column":66}},"type":"if","locations":[{"start":{"line":648,"column":4},"end":{"line":648,"column":66}},{"start":{},"end":{}}]},"52":{"loc":{"start":{"line":649,"column":4},"end":{"line":649,"column":53}},"type":"if","locations":[{"start":{"line":649,"column":4},"end":{"line":649,"column":53}},{"start":{},"end":{}}]},"53":{"loc":{"start":{"line":654,"column":4},"end":{"line":667,"column":5}},"type":"if","locations":[{"start":{"line":654,"column":4},"end":{"line":667,"column":5}},{"start":{},"end":{}}]},"54":{"loc":{"start":{"line":655,"column":6},"end":{"line":662,"column":7}},"type":"if","locations":[{"start":{"line":655,"column":6},"end":{"line":662,"column":7}},{"start":{},"end":{}}]},"55":{"loc":{"start":{"line":656,"column":8},"end":{"line":657,"column":50}},"type":"binary-expr","locations":[{"start":{"line":656,"column":8},"end":{"line":656,"column":58}},{"start":{"line":657,"column":8},"end":{"line":657,"column":50}}]},"56":{"loc":{"start":{"line":664,"column":13},"end":{"line":666,"column":43}},"type":"cond-expr","locations":[{"start":{"line":665,"column":10},"end":{"line":665,"column":51}},{"start":{"line":666,"column":10},"end":{"line":666,"column":43}}]},"57":{"loc":{"start":{"line":682,"column":11},"end":{"line":684,"column":47}},"type":"cond-expr","locations":[{"start":{"line":683,"column":8},"end":{"line":683,"column":55}},{"start":{"line":684,"column":8},"end":{"line":684,"column":47}}]},"58":{"loc":{"start":{"line":690,"column":4},"end":{"line":699,"column":5}},"type":"if","locations":[{"start":{"line":690,"column":4},"end":{"line":699,"column":5}},{"start":{},"end":{}}]},"59":{"loc":{"start":{"line":693,"column":6},"end":{"line":698,"column":7}},"type":"if","locations":[{"start":{"line":693,"column":6},"end":{"line":698,"column":7}},{"start":{},"end":{}}]},"60":{"loc":{"start":{"line":693,"column":10},"end":{"line":693,"column":74}},"type":"binary-expr","locations":[{"start":{"line":693,"column":10},"end":{"line":693,"column":30}},{"start":{"line":693,"column":34},"end":{"line":693,"column":74}}]},"61":{"loc":{"start":{"line":702,"column":6},"end":{"line":705,"column":52}},"type":"cond-expr","locations":[{"start":{"line":703,"column":10},"end":{"line":703,"column":45}},{"start":{"line":704,"column":10},"end":{"line":705,"column":52}}]},"62":{"loc":{"start":{"line":704,"column":10},"end":{"line":705,"column":52}},"type":"binary-expr","locations":[{"start":{"line":704,"column":10},"end":{"line":704,"column":60}},{"start":{"line":705,"column":10},"end":{"line":705,"column":52}}]},"63":{"loc":{"start":{"line":733,"column":4},"end":{"line":734,"column":39}},"type":"if","locations":[{"start":{"line":733,"column":4},"end":{"line":734,"column":39}},{"start":{},"end":{}}]},"64":{"loc":{"start":{"line":733,"column":8},"end":{"line":733,"column":53}},"type":"binary-expr","locations":[{"start":{"line":733,"column":8},"end":{"line":733,"column":24}},{"start":{"line":733,"column":28},"end":{"line":733,"column":53}}]},"65":{"loc":{"start":{"line":743,"column":6},"end":{"line":748,"column":7}},"type":"if","locations":[{"start":{"line":743,"column":6},"end":{"line":748,"column":7}},{"start":{},"end":{}}]},"66":{"loc":{"start":{"line":750,"column":6},"end":{"line":755,"column":7}},"type":"if","locations":[{"start":{"line":750,"column":6},"end":{"line":755,"column":7}},{"start":{},"end":{}}]},"67":{"loc":{"start":{"line":757,"column":6},"end":{"line":762,"column":7}},"type":"if","locations":[{"start":{"line":757,"column":6},"end":{"line":762,"column":7}},{"start":{},"end":{}}]}},"s":{"0":0,"1":0,"2":0,"3":0,"4":0,"5":0,"6":0,"7":0,"8":0,"9":0,"10":0,"11":0,"12":0,"13":0,"14":0,"15":0,"16":0,"17":0,"18":0,"19":0,"20":0,"21":0,"22":0,"23":0,"24":0,"25":0,"26":0,"27":0,"28":0,"29":0,"30":0,"31":0,"32":0,"33":0,"34":0,"35":0,"36":0,"37":0,"38":0,"39":0,"40":0,"41":0,"42":0,"43":0,"44":0,"45":0,"46":0,"47":0,"48":0,"49":0,"50":0,"51":0,"52":0,"53":0,"54":0,"55":0,"56":0,"57":0,"58":0,"59":0,"60":0,"61":0,"62":0,"63":0,"64":0,"65":0,"66":0,"67":0,"68":0,"69":0,"70":0,"71":0,"72":0,"73":0,"74":0,"75":0,"76":0,"77":0,"78":0,"79":0,"80":0,"81":0,"82":0,"83":0,"84":0,"85":0,"86":0,"87":0,"88":0,"89":0,"90":0,"91":0,"92":0,"93":0,"94":0,"95":0,"96":0,"97":0,"98":0,"99":0,"100":0,"101":0,"102":0,"103":0,"104":0,"105":0,"106":0,"107":0,"108":0,"109":0,"110":0,"111":0,"112":0,"113":0,"114":0,"115":0,"116":0,"117":0,"118":0,"119":0,"120":0,"121":0,"122":0,"123":0,"124":0,"125":0,"126":0,"127":0,"128":0,"129":0,"130":0,"131":0,"132":0,"133":0,"134":0,"135":0,"136":0,"137":0,"138":0,"139":0,"140":0,"141":0,"142":0,"143":0,"144":0,"145":0,"146":0,"147":0,"148":0,"149":0,"150":0,"151":0,"152":0,"153":0,"154":0,"155":0,"156":0,"157":0,"158":0,"159":0,"160":0,"161":0,"162":0,"163":0,"164":0,"165":0,"166":0,"167":0,"168":0,"169":0,"170":0,"171":0,"172":0,"173":0,"174":0,"175":0,"176":0},"f":{"0":0,"1":0,"2":0,"3":0,"4":0,"5":0,"6":0,"7":0,"8":0,"9":0,"10":0,"11":0,"12":0,"13":0,"14":0,"15":0,"16":0,"17":0,"18":0,"19":0,"20":0,"21":0,"22":0,"23":0,"24":0,"25":0,"26":0,"27":0,"28":0,"29":0,"30":0},"b":{"0":[0,0,0],"1":[0,0],"2":[0,0],"3":[0,0],"4":[0,0],"5":[0,0],"6":[0,0,0],"7":[0,0],"8":[0,0],"9":[0,0],"10":[0,0],"11":[0,0],"12":[0,0],"13":[0,0],"14":[0,0],"15":[0,0],"16":[0,0],"17":[0,0],"18":[0,0],"19":[0,0],"20":[0,0],"21":[0,0],"22":[0,0],"23":[0,0],"24":[0,0],"25":[0,0],"26":[0,0,0],"27":[0,0],"28":[0,0],"29":[0],"30":[0,0],"31":[0,0],"32":[0,0],"33":[0,0],"34":[0,0],"35":[0],"36":[0,0],"37":[0,0],"38":[0,0],"39":[0,0],"40":[0,0],"41":[0],"42":[0,0],"43":[0,0],"44":[0,0],"45":[0,0],"46":[0,0],"47":[0,0],"48":[0,0],"49":[0,0],"50":[0],"51":[0,0],"52":[0,0],"53":[0,0],"54":[0,0],"55":[0,0],"56":[0,0],"57":[0,0],"58":[0,0],"59":[0,0],"60":[0,0],"61":[0,0],"62":[0,0],"63":[0,0],"64":[0,0],"65":[0,0],"66":[0,0],"67":[0,0]}}
}
