TN:
SF:ag-grid\src\ag-grid-args.decorator.ts
FN:85,getTextFilter
FN:104,getNumberFilter
FN:129,getDateFilter
FN:162,filterSwitch
FN:193,getFindOperator
FN:218,convertFilter
FN:250,resolveFilter
FN:268,createWhere
FN:283,(anonymous_9)
FN:336,(anonymous_10)
FN:346,removeSymbolicSelection
FN:360,checkFilterScope
FN:377,(anonymous_13)
FN:381,mapAgGridParams
FN:421,(anonymous_15)
FN:436,(anonymous_16)
FN:459,(anonymous_17)
FN:467,(anonymous_18)
FN:529,(anonymous_19)
FN:550,(anonymous_20)
FN:573,(anonymous_21)
FN:581,(anonymous_22)
FN:584,(anonymous_23)
FN:589,(anonymous_24)
FN:605,(anonymous_25)
FN:618,AgGridArgsSingleDecoratorMapper
FN:651,(anonymous_27)
FN:668,(anonymous_28)
FN:677,(anonymous_29)
FN:684,(anonymous_30)
FN:85,getTextFilter
FN:104,getNumberFilter
FN:129,getDateFilter
FN:162,filterSwitch
FN:193,getFindOperator
FN:218,convertFilter
FN:250,resolveFilter
FN:268,createWhere
FN:346,removeSymbolicSelection
FN:360,checkFilterScope
FN:381,mapAgGridParams
FN:618,AgGridArgsSingleDecoratorMapper
FNF:42
FNH:28
FNDA:48,getTextFilter
FNDA:12,getNumberFilter
FNDA:13,getDateFilter
FNDA:38,filterSwitch
FNDA:53,getFindOperator
FNDA:37,convertFilter
FNDA:27,resolveFilter
FNDA:28,createWhere
FNDA:25,(anonymous_9)
FNDA:1,(anonymous_10)
FNDA:36,removeSymbolicSelection
FNDA:18,checkFilterScope
FNDA:7,(anonymous_13)
FNDA:22,mapAgGridParams
FNDA:20,(anonymous_15)
FNDA:3,(anonymous_16)
FNDA:3,(anonymous_17)
FNDA:4,(anonymous_18)
FNDA:1,(anonymous_19)
FNDA:52,(anonymous_20)
FNDA:0,(anonymous_21)
FNDA:51,(anonymous_22)
FNDA:5,(anonymous_23)
FNDA:48,(anonymous_24)
FNDA:2,(anonymous_25)
FNDA:5,AgGridArgsSingleDecoratorMapper
FNDA:1,(anonymous_27)
FNDA:81,(anonymous_28)
FNDA:0,(anonymous_29)
FNDA:80,(anonymous_30)
FNDA:0,getTextFilter
FNDA:0,getNumberFilter
FNDA:0,getDateFilter
FNDA:0,filterSwitch
FNDA:0,getFindOperator
FNDA:0,convertFilter
FNDA:0,resolveFilter
FNDA:0,createWhere
FNDA:0,removeSymbolicSelection
FNDA:0,checkFilterScope
FNDA:0,mapAgGridParams
FNDA:0,AgGridArgsSingleDecoratorMapper
DA:1,7
DA:2,7
DA:3,7
DA:16,7
DA:18,7
DA:23,7
DA:49,7
DA:56,7
DA:58,7
DA:59,7
DA:61,7
DA:62,7
DA:66,7
DA:74,7
DA:79,7
DA:85,7
DA:86,48
DA:88,8
DA:91,8
DA:93,1
DA:95,1
DA:98,29
DA:100,1
DA:104,7
DA:109,12
DA:111,2
DA:113,2
DA:115,3
DA:117,1
DA:119,1
DA:121,1
DA:123,1
DA:125,1
DA:129,7
DA:134,13
DA:136,2
DA:138,2
DA:140,3
DA:142,1
DA:144,1
DA:146,3
DA:147,3
DA:153,3
DA:158,1
DA:162,7
DA:166,38
DA:167,38
DA:170,38
DA:171,2
DA:174,36
DA:175,3
DA:176,3
DA:177,33
DA:178,3
DA:179,3
DA:181,30
DA:184,36
DA:185,1
DA:188,35
DA:190,35
DA:193,7
DA:199,53
DA:200,1
DA:202,52
DA:204,42
DA:206,4
DA:208,4
DA:210,1
DA:212,1
DA:218,7
DA:221,37
DA:222,3
DA:226,1
DA:228,2
DA:235,34
DA:238,33
DA:243,2
DA:245,31
DA:247,32
DA:250,7
DA:255,27
DA:261,26
DA:263,1
DA:265,26
DA:268,7
DA:274,28
DA:275,1
DA:278,27
DA:280,27
DA:282,27
DA:283,23
DA:284,25
DA:290,25
DA:291,1
DA:296,24
DA:298,24
DA:300,24
DA:301,1
DA:303,23
DA:305,23
DA:307,23
DA:315,25
DA:319,25
DA:320,25
DA:322,23
DA:324,23
DA:327,22
DA:331,1
DA:335,24
DA:336,1
DA:337,1
DA:341,24
DA:343,24
DA:346,7
DA:351,36
DA:352,127
DA:353,1
DA:354,1
DA:357,36
DA:360,7
DA:364,18
DA:365,14
DA:372,2
DA:375,16
DA:376,16
DA:377,10
DA:381,7
DA:388,22
DA:389,22
DA:391,22
DA:392,21
DA:394,21
DA:395,21
DA:398,22
DA:400,22
DA:406,22
DA:410,22
DA:411,6
DA:417,22
DA:419,22
DA:420,22
DA:421,20
DA:422,20
DA:426,20
DA:427,20
DA:428,20
DA:433,22
DA:434,22
DA:436,22
DA:437,3
DA:438,2
DA:440,1
DA:447,22
DA:449,21
DA:451,21
DA:452,21
DA:453,15
DA:454,15
DA:456,3
DA:459,3
DA:462,1
DA:463,2
DA:465,3
DA:467,4
DA:470,1
DA:471,2
DA:477,13
DA:478,13
DA:479,19
DA:482,1
DA:483,1
DA:486,18
DA:487,18
DA:489,18
DA:490,6
DA:493,18
DA:500,13
DA:503,19
DA:517,19
DA:518,1
DA:526,19
DA:529,7
DA:533,1
DA:535,1
DA:542,1
DA:545,7
DA:550,7
DA:551,52
DA:552,52
DA:553,6
DA:554,10
DA:556,6
DA:563,52
DA:564,48
DA:569,48
DA:570,39
DA:573,0
DA:579,52
DA:580,52
DA:581,52
DA:582,51
DA:583,51
DA:584,51
DA:585,51
DA:589,7
DA:590,48
DA:591,48
DA:592,47
DA:597,48
DA:599,48
DA:605,7
DA:606,2
DA:607,2
DA:608,1
DA:613,2
DA:615,2
DA:618,7
DA:623,5
DA:625,5
DA:626,4
DA:627,4
DA:628,2
DA:630,2
DA:631,2
DA:632,2
DA:637,2
DA:638,1
DA:648,5
DA:651,7
DA:655,1
DA:657,1
DA:664,7
DA:668,7
DA:670,81
DA:671,80
DA:673,80
DA:674,73
DA:677,0
DA:683,81
DA:684,81
DA:685,80
DA:686,80
LF:242
LH:240
BRDA:86,0,0,8
BRDA:86,0,1,8
BRDA:86,0,2,1
BRDA:86,0,3,1
BRDA:86,0,4,29
BRDA:86,0,5,29
BRDA:86,0,6,1
BRDA:109,1,0,2
BRDA:109,1,1,2
BRDA:109,1,2,3
BRDA:109,1,3,1
BRDA:109,1,4,1
BRDA:109,1,5,1
BRDA:109,1,6,1
BRDA:109,1,7,1
BRDA:134,2,0,2
BRDA:134,2,1,2
BRDA:134,2,2,3
BRDA:134,2,3,1
BRDA:134,2,4,1
BRDA:134,2,5,3
BRDA:134,2,6,1
BRDA:147,3,0,3
BRDA:147,3,1,1
BRDA:170,4,0,2
BRDA:170,4,1,36
BRDA:174,5,0,3
BRDA:174,5,1,33
BRDA:177,6,0,3
BRDA:177,6,1,30
BRDA:184,7,0,1
BRDA:184,7,1,35
BRDA:188,8,0,35
BRDA:188,8,1,30
BRDA:199,9,0,1
BRDA:199,9,1,52
BRDA:202,10,0,42
BRDA:202,10,1,4
BRDA:202,10,2,4
BRDA:202,10,3,1
BRDA:202,10,4,1
BRDA:221,11,0,3
BRDA:221,11,1,34
BRDA:222,12,0,1
BRDA:222,12,1,2
BRDA:223,13,0,3
BRDA:223,13,1,2
BRDA:235,14,0,1
BRDA:235,14,1,33
BRDA:238,15,0,2
BRDA:238,15,1,31
BRDA:239,16,0,33
BRDA:239,16,1,32
BRDA:239,16,2,2
BRDA:255,17,0,26
BRDA:255,17,1,1
BRDA:256,18,0,27
BRDA:256,18,1,6
BRDA:256,18,2,4
BRDA:256,18,3,2
BRDA:272,19,0,27
BRDA:274,20,0,1
BRDA:274,20,1,27
BRDA:278,21,0,2
BRDA:278,21,1,25
BRDA:282,22,0,23
BRDA:282,22,1,4
BRDA:290,23,0,1
BRDA:290,23,1,24
BRDA:300,24,0,1
BRDA:300,24,1,23
BRDA:300,25,0,24
BRDA:300,25,1,23
BRDA:319,26,0,25
BRDA:319,26,1,24
BRDA:324,27,0,22
BRDA:324,27,1,1
BRDA:324,28,0,23
BRDA:324,28,1,1
BRDA:335,29,0,1
BRDA:335,29,1,23
BRDA:352,30,0,1
BRDA:352,30,1,126
BRDA:365,31,0,2
BRDA:365,31,1,12
BRDA:366,32,0,14
BRDA:366,32,1,10
BRDA:366,32,2,7
BRDA:368,33,0,4
BRDA:368,33,1,3
BRDA:376,34,0,10
BRDA:376,34,1,6
BRDA:389,35,0,22
BRDA:389,35,1,21
BRDA:389,35,2,2
BRDA:391,36,0,21
BRDA:391,36,1,1
BRDA:401,37,0,22
BRDA:401,37,1,1
BRDA:406,38,0,21
BRDA:406,38,1,1
BRDA:410,39,0,6
BRDA:410,39,1,16
BRDA:419,40,0,22
BRDA:419,40,1,3
BRDA:420,41,0,20
BRDA:420,41,1,2
BRDA:427,42,0,20
BRDA:427,42,1,1
BRDA:433,43,0,22
BRDA:433,43,1,6
BRDA:434,44,0,22
BRDA:434,44,1,2
BRDA:437,45,0,2
BRDA:437,45,1,1
BRDA:437,46,0,3
BRDA:437,46,1,3
BRDA:447,47,0,22
BRDA:447,47,1,3
BRDA:452,48,0,15
BRDA:452,48,1,6
BRDA:454,49,0,3
BRDA:454,49,1,3
BRDA:454,49,2,2
BRDA:454,49,3,9
BRDA:456,50,0,1
BRDA:456,50,1,2
BRDA:457,51,0,3
BRDA:457,51,1,3
BRDA:465,52,0,1
BRDA:465,52,1,2
BRDA:479,53,0,1
BRDA:479,53,1,18
BRDA:489,54,0,6
BRDA:489,54,1,12
BRDA:517,55,0,1
BRDA:517,55,1,18
BRDA:517,56,0,19
BRDA:517,56,1,1
BRDA:552,57,0,6
BRDA:552,57,1,46
BRDA:554,58,0,4
BRDA:554,58,1,6
BRDA:557,59,0,6
BRDA:557,59,1,2
BRDA:563,60,0,48
BRDA:563,60,1,4
BRDA:569,61,0,39
BRDA:569,61,1,9
BRDA:579,62,0,52
BRDA:579,62,1,1
BRDA:583,63,0,51
BRDA:583,63,1,39
BRDA:590,64,0,48
BRDA:590,64,1,47
BRDA:591,65,0,47
BRDA:591,65,1,1
BRDA:606,66,0,2
BRDA:606,66,1,1
BRDA:607,67,0,1
BRDA:607,67,1,1
BRDA:625,68,0,4
BRDA:625,68,1,1
BRDA:626,69,0,4
BRDA:626,69,1,3
BRDA:627,70,0,2
BRDA:627,70,1,2
BRDA:637,71,0,1
BRDA:637,71,1,1
BRDA:637,72,0,2
BRDA:637,72,1,2
BRDA:670,73,0,80
BRDA:670,73,1,1
BRDA:673,74,0,73
BRDA:673,74,1,7
BRDA:685,75,0,80
BRDA:685,75,1,73
BRDA:86,76,0,0
BRDA:86,76,1,0
BRDA:86,76,2,0
BRDA:86,76,3,0
BRDA:86,76,4,0
BRDA:86,76,5,0
BRDA:86,76,6,0
BRDA:109,77,0,0
BRDA:109,77,1,0
BRDA:109,77,2,0
BRDA:109,77,3,0
BRDA:109,77,4,0
BRDA:109,77,5,0
BRDA:109,77,6,0
BRDA:109,77,7,0
BRDA:134,78,0,0
BRDA:134,78,1,0
BRDA:134,78,2,0
BRDA:134,78,3,0
BRDA:134,78,4,0
BRDA:134,78,5,0
BRDA:134,78,6,0
BRDA:147,79,0,0
BRDA:147,79,1,0
BRDA:170,80,0,0
BRDA:170,80,1,0
BRDA:174,81,0,0
BRDA:174,81,1,0
BRDA:177,82,0,0
BRDA:177,82,1,0
BRDA:184,83,0,0
BRDA:184,83,1,0
BRDA:188,84,0,0
BRDA:188,84,1,0
BRDA:199,85,0,0
BRDA:199,85,1,0
BRDA:202,86,0,0
BRDA:202,86,1,0
BRDA:202,86,2,0
BRDA:202,86,3,0
BRDA:202,86,4,0
BRDA:221,87,0,0
BRDA:221,87,1,0
BRDA:222,88,0,0
BRDA:222,88,1,0
BRDA:235,89,0,0
BRDA:235,89,1,0
BRDA:238,90,0,0
BRDA:238,90,1,0
BRDA:239,91,0,0
BRDA:239,91,1,0
BRDA:239,91,2,0
BRDA:255,92,0,0
BRDA:255,92,1,0
BRDA:256,93,0,0
BRDA:256,93,1,0
BRDA:256,93,2,0
BRDA:256,93,3,0
BRDA:274,94,0,0
BRDA:274,94,1,0
BRDA:278,95,0,0
BRDA:278,95,1,0
BRDA:282,96,0,0
BRDA:282,96,1,0
BRDA:290,97,0,0
BRDA:290,97,1,0
BRDA:300,98,0,0
BRDA:300,98,1,0
BRDA:300,99,0,0
BRDA:300,99,1,0
BRDA:324,100,0,0
BRDA:324,100,1,0
BRDA:324,101,0,0
BRDA:324,101,1,0
BRDA:335,102,0,0
BRDA:335,102,1,0
BRDA:352,103,0,0
BRDA:352,103,1,0
BRDA:365,104,0,0
BRDA:365,104,1,0
BRDA:366,105,0,0
BRDA:366,105,1,0
BRDA:366,105,2,0
BRDA:368,106,0,0
BRDA:368,106,1,0
BRDA:376,107,0,0
BRDA:376,107,1,0
BRDA:389,108,0,0
BRDA:389,108,1,0
BRDA:389,108,2,0
BRDA:391,109,0,0
BRDA:391,109,1,0
BRDA:401,110,0,0
BRDA:401,110,1,0
BRDA:406,111,0,0
BRDA:406,111,1,0
BRDA:410,112,0,0
BRDA:410,112,1,0
BRDA:419,113,0,0
BRDA:419,113,1,0
BRDA:420,114,0,0
BRDA:420,114,1,0
BRDA:427,115,0,0
BRDA:427,115,1,0
BRDA:433,116,0,0
BRDA:433,116,1,0
BRDA:437,117,0,0
BRDA:437,117,1,0
BRDA:437,118,0,0
BRDA:437,118,1,0
BRDA:447,119,0,0
BRDA:447,119,1,0
BRDA:452,120,0,0
BRDA:452,120,1,0
BRDA:454,121,0,0
BRDA:454,121,1,0
BRDA:454,121,2,0
BRDA:454,121,3,0
BRDA:456,122,0,0
BRDA:456,122,1,0
BRDA:457,123,0,0
BRDA:457,123,1,0
BRDA:465,124,0,0
BRDA:465,124,1,0
BRDA:479,125,0,0
BRDA:479,125,1,0
BRDA:489,126,0,0
BRDA:489,126,1,0
BRDA:517,127,0,0
BRDA:517,127,1,0
BRDA:517,128,0,0
BRDA:517,128,1,0
BRDA:552,129,0,0
BRDA:552,129,1,0
BRDA:554,130,0,0
BRDA:554,130,1,0
BRDA:557,131,0,0
BRDA:557,131,1,0
BRDA:563,132,0,0
BRDA:563,132,1,0
BRDA:569,133,0,0
BRDA:569,133,1,0
BRDA:579,134,0,0
BRDA:579,134,1,0
BRDA:583,135,0,0
BRDA:583,135,1,0
BRDA:590,136,0,0
BRDA:590,136,1,0
BRDA:591,137,0,0
BRDA:591,137,1,0
BRDA:606,138,0,0
BRDA:606,138,1,0
BRDA:607,139,0,0
BRDA:607,139,1,0
BRDA:625,140,0,0
BRDA:625,140,1,0
BRDA:627,141,0,0
BRDA:627,141,1,0
BRDA:637,142,0,0
BRDA:637,142,1,0
BRDA:670,143,0,0
BRDA:670,143,1,0
BRDA:673,144,0,0
BRDA:673,144,1,0
BRDA:685,145,0,0
BRDA:685,145,1,0
BRF:343
BRH:177
end_of_record
TN:
SF:ag-grid\src\ag-grid-factory.helper.ts
FN:72,isProviderOverride
FN:79,AgGridDependencyFactory
FN:157,getProviderToken
FN:72,isProviderOverride
FN:79,AgGridDependencyFactory
FN:157,getProviderToken
FNF:6
FNH:3
FNDA:9,isProviderOverride
FNDA:4,AgGridDependencyFactory
FNDA:11,getProviderToken
FNDA:0,isProviderOverride
FNDA:0,AgGridDependencyFactory
FNDA:0,getProviderToken
DA:1,3
DA:16,3
DA:20,3
DA:24,3
DA:72,3
DA:75,9
DA:76,9
DA:79,3
DA:86,4
DA:88,4
DA:95,4
DA:96,3
DA:97,1
DA:98,1
DA:100,2
DA:106,2
DA:108,2
DA:111,2
DA:112,2
DA:120,4
DA:121,3
DA:122,1
DA:123,1
DA:125,2
DA:128,2
DA:138,4
DA:139,4
DA:144,4
DA:151,4
DA:157,3
DA:161,11
DA:162,2
DA:167,9
LF:33
LH:33
BRDA:89,0,0,4
BRDA:89,0,1,1
BRDA:95,1,0,3
BRDA:95,1,1,1
BRDA:96,2,0,1
BRDA:96,2,1,2
BRDA:101,3,0,2
BRDA:101,3,1,1
BRDA:111,4,0,2
BRDA:111,4,1,0
BRDA:120,5,0,3
BRDA:120,5,1,1
BRDA:121,6,0,1
BRDA:121,6,1,2
BRDA:126,7,0,2
BRDA:126,7,1,1
BRDA:131,8,0,2
BRDA:131,8,1,1
BRDA:138,9,0,4
BRDA:138,9,1,0
BRDA:145,10,0,3
BRDA:145,10,1,1
BRDA:145,11,0,4
BRDA:145,11,1,3
BRDA:153,12,0,4
BRDA:153,12,1,1
BRDA:161,13,0,2
BRDA:161,13,1,9
BRDA:161,14,0,11
BRDA:161,14,1,11
BRDA:161,14,2,2
BRDA:162,15,0,1
BRDA:162,15,1,1
BRDA:167,16,0,7
BRDA:167,16,1,2
BRDA:89,17,0,0
BRDA:89,17,1,0
BRDA:95,18,0,0
BRDA:95,18,1,0
BRDA:96,19,0,0
BRDA:96,19,1,0
BRDA:101,20,0,0
BRDA:101,20,1,0
BRDA:111,21,0,0
BRDA:111,21,1,0
BRDA:120,22,0,0
BRDA:120,22,1,0
BRDA:121,23,0,0
BRDA:121,23,1,0
BRDA:126,24,0,0
BRDA:126,24,1,0
BRDA:131,25,0,0
BRDA:131,25,1,0
BRDA:138,26,0,0
BRDA:138,26,1,0
BRDA:145,27,0,0
BRDA:145,27,1,0
BRDA:145,28,0,0
BRDA:145,28,1,0
BRDA:153,29,0,0
BRDA:153,29,1,0
BRDA:161,30,0,0
BRDA:161,30,1,0
BRDA:161,31,0,0
BRDA:161,31,1,0
BRDA:161,31,2,0
BRDA:162,32,0,0
BRDA:162,32,1,0
BRDA:167,33,0,0
BRDA:167,33,1,0
BRF:70
BRH:33
end_of_record
TN:
SF:ag-grid\src\ag-grid-metadata.helper.ts
FN:20,(anonymous_0)
FN:32,(anonymous_1)
FN:45,(anonymous_2)
FN:56,getDestinationFieldName
FN:65,(anonymous_4)
FN:129,isIFieldAndFilterMapper
FN:135,getEntityRelations
FN:140,(anonymous_7)
FN:146,(anonymous_8)
FN:153,(anonymous_9)
FN:156,(anonymous_10)
FN:159,(anonymous_11)
FN:164,getTypeProperties
FN:166,(anonymous_13)
FN:195,getMappedTypeProperties
FN:200,(anonymous_15)
FN:56,getDestinationFieldName
FN:129,isIFieldAndFilterMapper
FN:135,getEntityRelations
FN:164,getTypeProperties
FN:195,getMappedTypeProperties
FNF:21
FNH:16
FNDA:186,(anonymous_0)
FNDA:9,(anonymous_1)
FNDA:131,(anonymous_2)
FNDA:191,getDestinationFieldName
FNDA:64,(anonymous_4)
FNDA:18,isIFieldAndFilterMapper
FNDA:46,getEntityRelations
FNDA:92,(anonymous_7)
FNDA:92,(anonymous_8)
FNDA:30,(anonymous_9)
FNDA:30,(anonymous_10)
FNDA:25,(anonymous_11)
FNDA:12,getTypeProperties
FNDA:11,(anonymous_13)
FNDA:11,getMappedTypeProperties
FNDA:8,(anonymous_15)
FNDA:0,getDestinationFieldName
FNDA:0,isIFieldAndFilterMapper
FNDA:0,getEntityRelations
FNDA:0,getTypeProperties
FNDA:0,getMappedTypeProperties
DA:1,15
DA:7,15
DA:11,15
DA:20,15
DA:24,186
DA:25,185
DA:26,185
DA:29,1
DA:32,15
DA:36,9
DA:37,9
DA:38,1
DA:42,8
DA:45,15
DA:49,131
DA:50,4
DA:52,127
DA:56,15
DA:57,191
DA:58,1
DA:61,190
DA:64,15
DA:65,15
DA:68,64
DA:69,64
DA:70,64
DA:71,35
DA:75,29
DA:77,29
DA:79,29
DA:81,29
DA:82,8
DA:84,8
DA:86,8
DA:87,4
DA:88,5
DA:89,5
DA:90,5
DA:91,4
DA:93,4
DA:99,4
DA:101,4
DA:102,1
DA:107,21
DA:108,6
DA:109,15
DA:110,3
DA:123,29
DA:124,29
DA:126,29
DA:129,15
DA:132,18
DA:135,15
DA:139,46
DA:141,92
DA:145,46
DA:147,92
DA:151,46
DA:153,46
DA:156,30
DA:159,25
DA:164,15
DA:165,12
DA:167,11
DA:172,12
DA:174,12
DA:175,5
DA:176,5
DA:178,5
DA:180,4
DA:183,1
DA:192,12
DA:195,15
DA:198,11
DA:200,11
DA:201,8
DA:203,8
DA:204,8
LF:78
LH:78
BRDA:24,0,0,185
BRDA:24,0,1,1
BRDA:25,1,0,185
BRDA:25,1,1,135
BRDA:36,2,0,9
BRDA:36,2,1,0
BRDA:38,3,0,1
BRDA:38,3,1,0
BRDA:49,4,0,4
BRDA:49,4,1,127
BRDA:49,5,0,131
BRDA:49,5,1,130
BRDA:50,6,0,2
BRDA:50,6,1,2
BRDA:57,7,0,1
BRDA:57,7,1,190
BRDA:68,8,0,64
BRDA:68,8,1,0
BRDA:70,9,0,35
BRDA:70,9,1,29
BRDA:81,10,0,8
BRDA:81,10,1,21
BRDA:86,11,0,4
BRDA:86,11,1,4
BRDA:90,12,0,4
BRDA:90,12,1,1
BRDA:91,13,0,3
BRDA:91,13,1,1
BRDA:101,14,0,1
BRDA:101,14,1,3
BRDA:107,15,0,6
BRDA:107,15,1,15
BRDA:109,16,0,3
BRDA:109,16,1,12
BRDA:123,17,0,29
BRDA:123,17,1,0
BRDA:141,18,0,92
BRDA:141,18,1,92
BRDA:141,18,2,91
BRDA:147,19,0,92
BRDA:147,19,1,92
BRDA:147,19,2,91
BRDA:151,20,0,46
BRDA:151,20,1,22
BRDA:158,21,0,26
BRDA:158,21,1,4
BRDA:167,22,0,11
BRDA:167,22,1,11
BRDA:167,22,2,7
BRDA:174,23,0,5
BRDA:174,23,1,7
BRDA:178,24,0,4
BRDA:178,24,1,1
BRDA:203,25,0,8
BRDA:203,25,1,0
BRDA:24,26,0,0
BRDA:24,26,1,0
BRDA:25,27,0,0
BRDA:25,27,1,0
BRDA:36,28,0,0
BRDA:36,28,1,0
BRDA:38,29,0,0
BRDA:38,29,1,0
BRDA:49,30,0,0
BRDA:49,30,1,0
BRDA:49,31,0,0
BRDA:49,31,1,0
BRDA:50,32,0,0
BRDA:50,32,1,0
BRDA:57,33,0,0
BRDA:57,33,1,0
BRDA:68,34,0,0
BRDA:68,34,1,0
BRDA:70,35,0,0
BRDA:70,35,1,0
BRDA:81,36,0,0
BRDA:81,36,1,0
BRDA:86,37,0,0
BRDA:86,37,1,0
BRDA:90,38,0,0
BRDA:90,38,1,0
BRDA:91,39,0,0
BRDA:91,39,1,0
BRDA:101,40,0,0
BRDA:101,40,1,0
BRDA:107,41,0,0
BRDA:107,41,1,0
BRDA:109,42,0,0
BRDA:109,42,1,0
BRDA:123,43,0,0
BRDA:123,43,1,0
BRDA:141,44,0,0
BRDA:141,44,1,0
BRDA:141,44,2,0
BRDA:147,45,0,0
BRDA:147,45,1,0
BRDA:147,45,2,0
BRDA:151,46,0,0
BRDA:151,46,1,0
BRDA:158,47,0,0
BRDA:158,47,1,0
BRDA:167,48,0,0
BRDA:167,48,1,0
BRDA:167,48,2,0
BRDA:174,49,0,0
BRDA:174,49,1,0
BRDA:178,50,0,0
BRDA:178,50,1,0
BRDA:203,51,0,0
BRDA:203,51,1,0
BRF:110
BRH:50
end_of_record
TN:
SF:ag-grid\src\ag-grid-query.helper.ts
FN:37,(anonymous_0)
FN:65,(anonymous_1)
FN:89,whereObjectToSqlString
FN:103,(anonymous_3)
FN:171,(anonymous_4)
FN:174,(anonymous_5)
FN:179,(anonymous_6)
FN:190,filterTypeToNativeType
FN:207,applyJoinArguments
FN:223,(anonymous_9)
FN:258,isFilterExpressionInput
FN:265,traverseFiltersAndApplyFunction
FN:276,(anonymous_12)
FN:282,formatRawSelection
FN:310,applySelectOnFind
FN:89,whereObjectToSqlString
FN:190,filterTypeToNativeType
FN:207,applyJoinArguments
FN:258,isFilterExpressionInput
FN:265,traverseFiltersAndApplyFunction
FN:282,formatRawSelection
FN:310,applySelectOnFind
FNF:22
FNH:15
FNDA:18,(anonymous_0)
FNDA:17,(anonymous_1)
FNDA:16,whereObjectToSqlString
FNDA:2,(anonymous_3)
FNDA:24,(anonymous_4)
FNDA:85,(anonymous_5)
FNDA:1,(anonymous_6)
FNDA:6,filterTypeToNativeType
FNDA:3,applyJoinArguments
FNDA:2,(anonymous_9)
FNDA:2,isFilterExpressionInput
FNDA:3,traverseFiltersAndApplyFunction
FNDA:2,(anonymous_12)
FNDA:17,formatRawSelection
FNDA:9,applySelectOnFind
FNDA:0,whereObjectToSqlString
FNDA:0,filterTypeToNativeType
FNDA:0,applyJoinArguments
FNDA:0,isFilterExpressionInput
FNDA:0,traverseFiltersAndApplyFunction
FNDA:0,formatRawSelection
FNDA:0,applySelectOnFind
DA:1,7
DA:5,7
DA:6,7
DA:7,7
DA:11,7
DA:15,7
DA:16,7
DA:21,7
DA:37,7
DA:44,18
DA:45,1
DA:47,17
DA:48,21
DA:49,14
DA:58,17
DA:59,16
DA:61,1
DA:65,7
DA:71,17
DA:79,17
DA:80,15
DA:82,2
DA:83,2
DA:86,17
DA:89,7
DA:98,16
DA:100,16
DA:102,16
DA:103,1
DA:104,2
DA:110,2
DA:112,1
DA:116,16
DA:118,14
DA:119,16
DA:122,16
DA:124,2
DA:130,1
DA:145,1
DA:147,14
DA:149,12
DA:155,2
DA:156,1
DA:162,1
DA:166,12
DA:167,12
DA:168,12
DA:171,7
DA:172,24
DA:173,24
DA:175,85
DA:179,1
DA:186,1
DA:190,7
DA:191,6
DA:193,1
DA:195,2
DA:197,1
DA:199,1
DA:202,1
DA:207,7
DA:217,3
DA:223,3
DA:224,2
DA:225,2
DA:227,1
DA:228,1
DA:231,1
DA:232,1
DA:235,2
DA:236,2
DA:240,2
DA:241,1
DA:250,3
DA:252,3
DA:258,7
DA:261,2
DA:262,2
DA:265,7
DA:269,3
DA:271,3
DA:272,3
DA:275,3
DA:276,1
DA:277,2
DA:282,7
DA:289,17
DA:290,17
DA:291,17
DA:292,5
DA:293,5
DA:296,17
DA:298,17
DA:300,14
DA:302,14
DA:310,7
DA:320,9
DA:322,9
DA:323,9
DA:325,9
DA:327,9
DA:328,3
DA:331,9
DA:332,6
DA:335,6
DA:337,5
DA:343,5
DA:345,3
DA:347,3
DA:349,3
LF:110
LH:110
BRDA:44,0,0,1
BRDA:44,0,1,17
BRDA:48,1,0,14
BRDA:48,1,1,7
BRDA:58,2,0,16
BRDA:58,2,1,1
BRDA:71,3,0,13
BRDA:71,3,1,4
BRDA:79,4,0,15
BRDA:79,4,1,2
BRDA:79,5,0,17
BRDA:79,5,1,15
BRDA:100,6,0,16
BRDA:100,6,1,15
BRDA:102,7,0,1
BRDA:102,7,1,15
BRDA:110,8,0,1
BRDA:110,8,1,1
BRDA:116,9,0,2
BRDA:116,9,1,14
BRDA:122,10,0,2
BRDA:122,10,1,14
BRDA:124,11,0,1
BRDA:124,11,1,1
BRDA:125,12,0,2
BRDA:125,12,1,1
BRDA:125,12,2,1
BRDA:147,13,0,12
BRDA:147,13,1,2
BRDA:155,14,0,1
BRDA:155,14,1,1
BRDA:173,15,0,24
BRDA:173,15,1,1
BRDA:175,16,0,85
BRDA:175,16,1,1
BRDA:175,16,2,1
BRDA:191,17,0,1
BRDA:191,17,1,2
BRDA:191,17,2,1
BRDA:191,17,3,1
BRDA:225,18,0,1
BRDA:225,18,1,1
BRDA:225,18,2,1
BRDA:236,19,0,1
BRDA:236,19,1,1
BRDA:240,20,0,1
BRDA:240,20,1,1
BRDA:275,21,0,1
BRDA:275,21,1,2
BRDA:286,22,0,0
BRDA:287,23,0,14
BRDA:291,24,0,5
BRDA:291,24,1,12
BRDA:298,25,0,3
BRDA:298,25,1,14
BRDA:314,26,0,8
BRDA:318,27,0,8
BRDA:320,28,0,1
BRDA:320,28,1,8
BRDA:320,29,0,9
BRDA:320,29,1,1
BRDA:327,30,0,3
BRDA:327,30,1,6
BRDA:331,31,0,6
BRDA:331,31,1,3
BRDA:331,32,0,9
BRDA:331,32,1,3
BRDA:332,33,0,6
BRDA:332,33,1,1
BRDA:335,34,0,1
BRDA:335,34,1,5
BRDA:345,35,0,3
BRDA:345,35,1,1
BRDA:44,36,0,0
BRDA:44,36,1,0
BRDA:48,37,0,0
BRDA:48,37,1,0
BRDA:58,38,0,0
BRDA:58,38,1,0
BRDA:71,39,0,0
BRDA:71,39,1,0
BRDA:79,40,0,0
BRDA:79,40,1,0
BRDA:79,41,0,0
BRDA:79,41,1,0
BRDA:100,42,0,0
BRDA:100,42,1,0
BRDA:102,43,0,0
BRDA:102,43,1,0
BRDA:110,44,0,0
BRDA:110,44,1,0
BRDA:116,45,0,0
BRDA:116,45,1,0
BRDA:122,46,0,0
BRDA:122,46,1,0
BRDA:124,47,0,0
BRDA:124,47,1,0
BRDA:125,48,0,0
BRDA:125,48,1,0
BRDA:125,48,2,0
BRDA:147,49,0,0
BRDA:147,49,1,0
BRDA:155,50,0,0
BRDA:155,50,1,0
BRDA:174,51,0,0
BRDA:174,51,1,0
BRDA:176,52,0,0
BRDA:176,52,1,0
BRDA:176,52,2,0
BRDA:191,53,0,0
BRDA:191,53,1,0
BRDA:191,53,2,0
BRDA:191,53,3,0
BRDA:225,54,0,0
BRDA:225,54,1,0
BRDA:225,54,2,0
BRDA:236,55,0,0
BRDA:236,55,1,0
BRDA:240,56,0,0
BRDA:240,56,1,0
BRDA:275,57,0,0
BRDA:275,57,1,0
BRDA:291,58,0,0
BRDA:291,58,1,0
BRDA:298,59,0,0
BRDA:298,59,1,0
BRDA:320,60,0,0
BRDA:320,60,1,0
BRDA:320,61,0,0
BRDA:320,61,1,0
BRDA:327,62,0,0
BRDA:327,62,1,0
BRDA:331,63,0,0
BRDA:331,63,1,0
BRDA:331,64,0,0
BRDA:331,64,1,0
BRDA:332,65,0,0
BRDA:332,65,1,0
BRDA:335,66,0,0
BRDA:335,66,1,0
BRDA:345,67,0,0
BRDA:345,67,1,0
BRF:142
BRH:72
end_of_record
TN:
SF:ag-grid\src\ag-grid-type-checker.utils.ts
FN:16,isFilterInputStrict
FN:27,isFilterModel
FN:42,isTextFilterModel
FN:57,isNumberFilterModel
FN:72,isSetFilterModel
FN:80,isDateFilterModel
FN:95,isCombinedFilterModel
FN:112,isCombinedWhereModel
FN:124,isMulticolumnJoinOptions
FN:133,isFindOperator
FN:146,isOperator
FN:16,isFilterInputStrict
FN:27,isFilterModel
FN:42,isTextFilterModel
FN:57,isNumberFilterModel
FN:72,isSetFilterModel
FN:80,isDateFilterModel
FN:95,isCombinedFilterModel
FN:112,isCombinedWhereModel
FN:124,isMulticolumnJoinOptions
FN:133,isFindOperator
FN:146,isOperator
FNF:22
FNH:11
FNDA:1,isFilterInputStrict
FNDA:64,isFilterModel
FNDA:35,isTextFilterModel
FNDA:47,isNumberFilterModel
FNDA:139,isSetFilterModel
FNDA:48,isDateFilterModel
FNDA:167,isCombinedFilterModel
FNDA:6,isCombinedWhereModel
FNDA:4,isMulticolumnJoinOptions
FNDA:17,isFindOperator
FNDA:3,isOperator
FNDA:0,isFilterInputStrict
FNDA:0,isFilterModel
FNDA:0,isTextFilterModel
FNDA:0,isNumberFilterModel
FNDA:0,isSetFilterModel
FNDA:0,isDateFilterModel
FNDA:0,isCombinedFilterModel
FNDA:0,isCombinedWhereModel
FNDA:0,isMulticolumnJoinOptions
FNDA:0,isFindOperator
FNDA:0,isOperator
DA:2,11
DA:16,11
DA:24,1
DA:27,11
DA:35,64
DA:36,64
DA:42,11
DA:45,35
DA:47,34
DA:48,2
DA:53,32
DA:57,11
DA:60,47
DA:62,46
DA:63,2
DA:68,44
DA:72,11
DA:75,139
DA:77,138
DA:80,11
DA:83,48
DA:85,47
DA:86,2
DA:91,45
DA:95,11
DA:103,167
DA:104,167
DA:112,11
DA:115,6
DA:116,6
DA:124,11
DA:127,4
DA:133,11
DA:136,17
DA:137,17
DA:146,11
DA:147,3
LF:37
LH:37
BRDA:24,0,0,1
BRDA:24,0,1,1
BRDA:36,1,0,64
BRDA:36,1,1,63
BRDA:36,1,2,58
BRDA:45,2,0,1
BRDA:45,2,1,34
BRDA:47,3,0,2
BRDA:47,3,1,32
BRDA:48,4,0,2
BRDA:48,4,1,1
BRDA:60,5,0,1
BRDA:60,5,1,46
BRDA:62,6,0,2
BRDA:62,6,1,44
BRDA:63,7,0,2
BRDA:63,7,1,1
BRDA:75,8,0,1
BRDA:75,8,1,138
BRDA:83,9,0,1
BRDA:83,9,1,47
BRDA:85,10,0,2
BRDA:85,10,1,45
BRDA:86,11,0,2
BRDA:86,11,1,1
BRDA:104,12,0,167
BRDA:104,12,1,167
BRDA:104,12,2,10
BRDA:104,12,3,9
BRDA:116,13,0,6
BRDA:116,13,1,6
BRDA:116,13,2,3
BRDA:116,13,3,2
BRDA:127,14,0,4
BRDA:127,14,1,4
BRDA:137,15,0,17
BRDA:137,15,1,17
BRDA:137,15,2,15
BRDA:137,15,3,2
BRDA:137,15,4,1
BRDA:148,16,0,1
BRDA:148,16,1,2
BRDA:24,17,0,0
BRDA:24,17,1,0
BRDA:37,18,0,0
BRDA:37,18,1,0
BRDA:37,18,2,0
BRDA:45,19,0,0
BRDA:45,19,1,0
BRDA:47,20,0,0
BRDA:47,20,1,0
BRDA:49,21,0,0
BRDA:49,21,1,0
BRDA:60,22,0,0
BRDA:60,22,1,0
BRDA:62,23,0,0
BRDA:62,23,1,0
BRDA:64,24,0,0
BRDA:64,24,1,0
BRDA:75,25,0,0
BRDA:75,25,1,0
BRDA:83,26,0,0
BRDA:83,26,1,0
BRDA:85,27,0,0
BRDA:85,27,1,0
BRDA:87,28,0,0
BRDA:87,28,1,0
BRDA:105,29,0,0
BRDA:105,29,1,0
BRDA:105,29,2,0
BRDA:105,29,3,0
BRDA:117,30,0,0
BRDA:117,30,1,0
BRDA:117,30,2,0
BRDA:117,30,3,0
BRDA:128,31,0,0
BRDA:128,31,1,0
BRDA:138,32,0,0
BRDA:138,32,1,0
BRDA:138,32,2,0
BRDA:138,32,3,0
BRDA:138,32,4,0
BRDA:148,33,0,0
BRDA:148,33,1,0
BRF:84
BRH:42
end_of_record
TN:
SF:ag-grid\src\ag-grid.args.ts
FN:25,agQueryParamsFactory
FN:35,(anonymous_4)
FN:55,agQueryParamsNoPaginationFactory
FN:25,agQueryParamsFactory
FN:55,agQueryParamsNoPaginationFactory
FNF:5
FNH:3
FNDA:51,agQueryParamsFactory
FNDA:4,(anonymous_4)
FNDA:7,agQueryParamsNoPaginationFactory
FNDA:0,agQueryParamsFactory
FNDA:0,agQueryParamsNoPaginationFactory
DA:1,8
DA:3,8
DA:10,8
DA:11,8
DA:13,8
DA:24,8
DA:25,8
DA:29,51
DA:30,51
DA:34,0
DA:35,51
DA:37,4
DA:38,4
DA:43,51
DA:48,51
DA:51,51
DA:52,51
DA:55,8
DA:59,7
DA:60,7
DA:64,0
DA:65,7
DA:71,7
DA:76,7
DA:79,7
DA:80,7
LF:26
LH:24
BRDA:29,0,0,48
BRDA:29,0,1,3
BRDA:30,1,0,48
BRDA:30,1,1,3
BRDA:37,2,0,4
BRDA:37,2,1,3
BRDA:38,3,0,4
BRDA:38,3,1,3
BRDA:59,4,0,5
BRDA:59,4,1,2
BRDA:60,5,0,5
BRDA:60,5,1,2
BRDA:29,6,0,0
BRDA:29,6,1,0
BRDA:30,7,0,0
BRDA:30,7,1,0
BRDA:37,8,0,0
BRDA:37,8,1,0
BRDA:38,9,0,0
BRDA:38,9,1,0
BRDA:59,10,0,0
BRDA:59,10,1,0
BRDA:60,11,0,0
BRDA:60,11,1,0
BRF:24
BRH:12
end_of_record
TN:
SF:ag-grid\src\ag-grid.enum.ts
FN:6,(anonymous_0)
FN:45,(anonymous_1)
FN:57,(anonymous_2)
FN:66,(anonymous_3)
FN:75,(anonymous_4)
FN:81,(anonymous_5)
FN:97,(anonymous_6)
FN:104,entityFieldsEnumFactory
FN:113,(anonymous_8)
FN:6,(anonymous_0)
FN:45,(anonymous_1)
FN:57,(anonymous_2)
FN:66,(anonymous_3)
FN:75,(anonymous_4)
FN:81,(anonymous_5)
FN:97,(anonymous_6)
FN:104,entityFieldsEnumFactory
FNF:17
FNH:9
FNDA:14,(anonymous_0)
FNDA:14,(anonymous_1)
FNDA:14,(anonymous_2)
FNDA:14,(anonymous_3)
FNDA:14,(anonymous_4)
FNDA:14,(anonymous_5)
FNDA:14,(anonymous_6)
FNDA:21,entityFieldsEnumFactory
FNDA:7,(anonymous_8)
FNDA:0,(anonymous_0)
FNDA:0,(anonymous_1)
FNDA:0,(anonymous_2)
FNDA:0,(anonymous_3)
FNDA:0,(anonymous_4)
FNDA:0,(anonymous_5)
FNDA:0,(anonymous_6)
FNDA:0,entityFieldsEnumFactory
DA:2,14
DA:3,14
DA:4,14
DA:6,14
DA:7,14
DA:8,14
DA:9,14
DA:10,14
DA:11,14
DA:12,14
DA:13,14
DA:14,14
DA:15,14
DA:16,14
DA:17,14
DA:18,14
DA:19,14
DA:20,14
DA:21,14
DA:22,14
DA:23,14
DA:24,14
DA:25,14
DA:26,14
DA:27,14
DA:28,14
DA:29,14
DA:30,14
DA:32,14
DA:33,14
DA:34,14
DA:35,14
DA:38,14
DA:41,14
DA:45,14
DA:46,14
DA:47,14
DA:48,14
DA:49,14
DA:50,14
DA:53,14
DA:57,14
DA:58,14
DA:59,14
DA:62,14
DA:66,14
DA:67,14
DA:68,14
DA:71,14
DA:75,14
DA:76,14
DA:77,14
DA:78,14
DA:81,14
DA:84,0
DA:85,14
DA:88,0
DA:89,14
DA:93,0
DA:94,14
DA:97,14
DA:98,14
DA:99,14
DA:100,14
DA:103,14
DA:104,14
DA:108,21
DA:109,21
DA:111,10
DA:113,10
DA:116,10
DA:118,10
DA:122,10
DA:124,10
LF:74
LH:71
BRDA:6,0,0,14
BRDA:6,0,1,14
BRDA:45,1,0,14
BRDA:45,1,1,14
BRDA:57,2,0,14
BRDA:57,2,1,14
BRDA:66,3,0,14
BRDA:66,3,1,14
BRDA:75,4,0,14
BRDA:75,4,1,14
BRDA:81,5,0,14
BRDA:81,5,1,14
BRDA:97,6,0,14
BRDA:97,6,1,14
BRDA:108,7,0,0
BRDA:108,7,1,21
BRDA:109,8,0,11
BRDA:109,8,1,10
BRDA:108,9,0,0
BRDA:108,9,1,0
BRDA:109,10,0,0
BRDA:109,10,1,0
BRF:22
BRH:17
end_of_record
TN:
SF:ag-grid\src\ag-grid.error.ts
FN:5,(anonymous_0)
FN:14,(anonymous_1)
FN:20,(anonymous_2)
FN:26,(anonymous_3)
FN:32,(anonymous_4)
FN:38,(anonymous_5)
FN:44,(anonymous_6)
FN:50,(anonymous_7)
FN:56,(anonymous_8)
FN:62,(anonymous_9)
FN:14,(anonymous_1)
FN:20,(anonymous_2)
FN:26,(anonymous_3)
FN:44,(anonymous_6)
FN:50,(anonymous_7)
FN:56,(anonymous_8)
FN:62,(anonymous_9)
FNF:17
FNH:10
FNDA:41,(anonymous_0)
FNDA:5,(anonymous_1)
FNDA:3,(anonymous_2)
FNDA:1,(anonymous_3)
FNDA:3,(anonymous_4)
FNDA:10,(anonymous_5)
FNDA:2,(anonymous_6)
FNDA:3,(anonymous_7)
FNDA:3,(anonymous_8)
FNDA:5,(anonymous_9)
FNDA:0,(anonymous_1)
FNDA:0,(anonymous_2)
FNDA:0,(anonymous_3)
FNDA:0,(anonymous_6)
FNDA:0,(anonymous_7)
FNDA:0,(anonymous_8)
FNDA:0,(anonymous_9)
DA:1,11
DA:2,11
DA:4,11
DA:7,41
DA:9,41
DA:13,11
DA:15,5
DA:19,11
DA:21,3
DA:25,11
DA:27,1
DA:31,11
DA:33,3
DA:37,11
DA:39,10
DA:43,11
DA:45,2
DA:49,11
DA:51,3
DA:55,11
DA:57,3
DA:61,11
DA:63,5
LF:23
LH:23
BRDA:33,0,0,1
BRDA:33,0,1,2
BRDA:39,1,0,9
BRDA:39,1,1,1
BRDA:33,2,0,0
BRDA:33,2,1,0
BRDA:39,3,0,0
BRDA:39,3,1,0
BRF:8
BRH:4
end_of_record
TN:
SF:ag-grid\src\ag-grid.input.ts
FN:51,(anonymous_2)
FN:58,sortModelFactory
FN:67,(anonymous_4)
FN:72,(anonymous_5)
FN:90,filterExpressionInputFactory
FN:102,(anonymous_7)
FN:106,(anonymous_8)
FN:117,(anonymous_9)
FN:121,(anonymous_10)
FN:134,(anonymous_11)
FN:138,(anonymous_12)
FN:151,(anonymous_13)
FN:155,(anonymous_14)
FN:168,(anonymous_15)
FN:174,(anonymous_16)
FN:180,(anonymous_17)
FN:186,(anonymous_18)
FN:196,(anonymous_19)
FN:202,(anonymous_20)
FN:207,(anonymous_21)
FN:217,(anonymous_22)
FN:228,agJoinArgFactory
FN:244,(anonymous_24)
FN:258,(anonymous_25)
FN:277,(anonymous_26)
FN:51,(anonymous_2)
FN:58,sortModelFactory
FN:67,(anonymous_4)
FN:72,(anonymous_5)
FN:90,filterExpressionInputFactory
FN:102,(anonymous_7)
FN:106,(anonymous_8)
FN:117,(anonymous_9)
FN:121,(anonymous_10)
FN:134,(anonymous_11)
FN:138,(anonymous_12)
FN:151,(anonymous_13)
FN:155,(anonymous_14)
FN:168,(anonymous_15)
FN:174,(anonymous_16)
FN:180,(anonymous_17)
FN:186,(anonymous_18)
FN:196,(anonymous_19)
FN:202,(anonymous_20)
FN:207,(anonymous_21)
FN:217,(anonymous_22)
FN:228,agJoinArgFactory
FN:244,(anonymous_24)
FNF:48
FNH:6
FNDA:0,(anonymous_2)
FNDA:55,sortModelFactory
FNDA:0,(anonymous_4)
FNDA:0,(anonymous_5)
FNDA:55,filterExpressionInputFactory
FNDA:0,(anonymous_7)
FNDA:0,(anonymous_8)
FNDA:0,(anonymous_9)
FNDA:0,(anonymous_10)
FNDA:0,(anonymous_11)
FNDA:0,(anonymous_12)
FNDA:0,(anonymous_13)
FNDA:0,(anonymous_14)
FNDA:0,(anonymous_15)
FNDA:0,(anonymous_16)
FNDA:0,(anonymous_17)
FNDA:0,(anonymous_18)
FNDA:0,(anonymous_19)
FNDA:0,(anonymous_20)
FNDA:0,(anonymous_21)
FNDA:9,(anonymous_22)
FNDA:127,agJoinArgFactory
FNDA:4,(anonymous_24)
FNDA:4,(anonymous_25)
FNDA:0,(anonymous_26)
FNDA:0,(anonymous_2)
FNDA:0,sortModelFactory
FNDA:0,(anonymous_4)
FNDA:0,(anonymous_5)
FNDA:0,filterExpressionInputFactory
FNDA:0,(anonymous_7)
FNDA:0,(anonymous_8)
FNDA:0,(anonymous_9)
FNDA:0,(anonymous_10)
FNDA:0,(anonymous_11)
FNDA:0,(anonymous_12)
FNDA:0,(anonymous_13)
FNDA:0,(anonymous_14)
FNDA:0,(anonymous_15)
FNDA:0,(anonymous_16)
FNDA:0,(anonymous_17)
FNDA:0,(anonymous_18)
FNDA:0,(anonymous_19)
FNDA:0,(anonymous_20)
FNDA:0,(anonymous_21)
FNDA:0,(anonymous_22)
FNDA:0,agJoinArgFactory
FNDA:0,(anonymous_24)
DA:2,9
DA:9,9
DA:13,9
DA:28,9
DA:47,9
DA:51,0
DA:54,9
DA:57,9
DA:58,9
DA:59,55
DA:60,55
DA:62,8
DA:63,0
DA:64,8
DA:67,0
DA:69,8
DA:72,0
DA:75,8
DA:78,8
DA:80,8
DA:84,9
DA:89,9
DA:90,9
DA:94,55
DA:96,8
DA:98,0
DA:99,8
DA:101,8
DA:102,0
DA:103,8
DA:106,0
DA:108,8
DA:110,8
DA:113,0
DA:114,8
DA:116,8
DA:117,0
DA:118,8
DA:121,0
DA:123,8
DA:125,8
DA:127,8
DA:130,0
DA:131,8
DA:133,8
DA:134,0
DA:135,8
DA:138,0
DA:140,8
DA:142,8
DA:144,8
DA:147,0
DA:148,8
DA:150,8
DA:151,0
DA:152,8
DA:155,0
DA:157,8
DA:164,0
DA:165,8
DA:168,0
DA:171,8
DA:174,0
DA:177,8
DA:180,0
DA:183,8
DA:186,0
DA:189,8
DA:192,0
DA:193,8
DA:196,0
DA:199,8
DA:202,0
DA:204,8
DA:207,0
DA:209,8
DA:212,8
DA:214,8
DA:217,9
DA:218,9
DA:219,9
DA:227,9
DA:228,9
DA:233,127
DA:234,127
DA:236,19
DA:238,19
DA:240,0
DA:241,4
DA:244,4
DA:246,4
DA:249,4
DA:253,0
DA:254,4
DA:258,4
DA:259,4
DA:260,4
DA:262,4
DA:263,4
DA:266,0
DA:268,0
DA:269,4
DA:274,4
DA:275,4
DA:277,0
DA:283,4
DA:285,4
LF:107
LH:77
BRDA:60,0,0,47
BRDA:60,0,1,8
BRDA:94,1,0,47
BRDA:94,1,1,8
BRDA:217,2,0,9
BRDA:217,2,1,9
BRDA:234,3,0,108
BRDA:234,3,1,19
BRDA:238,4,0,15
BRDA:238,4,1,4
BRDA:260,5,0,4
BRDA:260,5,1,0
BRDA:263,6,0,4
BRDA:263,6,1,0
BRDA:60,7,0,0
BRDA:60,7,1,0
BRDA:94,8,0,0
BRDA:94,8,1,0
BRDA:101,9,0,0
BRDA:101,9,1,0
BRDA:116,10,0,0
BRDA:116,10,1,0
BRDA:133,11,0,0
BRDA:133,11,1,0
BRDA:150,12,0,0
BRDA:150,12,1,0
BRDA:234,13,0,0
BRDA:234,13,1,0
BRDA:238,14,0,0
BRDA:238,14,1,0
BRDA:260,15,0,0
BRDA:260,15,1,0
BRDA:263,16,0,0
BRDA:263,16,1,0
BRF:34
BRH:12
end_of_record
TN:
SF:ag-grid\src\ag-grid.interceptor.ts
FN:11,agGridInterceptorWorker
FN:12,(anonymous_2)
FN:24,(anonymous_3)
FN:11,agGridInterceptorWorker
FN:24,(anonymous_3)
FNF:5
FNH:3
FNDA:4,agGridInterceptorWorker
FNDA:3,(anonymous_2)
FNDA:1,(anonymous_3)
FNDA:0,agGridInterceptorWorker
FNDA:0,(anonymous_3)
DA:1,4
DA:7,4
DA:9,4
DA:11,4
DA:12,4
DA:16,3
DA:23,4
DA:25,1
DA:26,1
DA:27,1
LF:10
LH:10
BRDA:18,0,0,3
BRDA:18,0,1,1
BRDA:18,1,0,3
BRDA:18,1,1,1
BRDA:18,2,0,0
BRDA:18,2,1,0
BRDA:18,3,0,0
BRDA:18,3,1,0
BRF:8
BRH:4
end_of_record
TN:
SF:ag-grid\src\ag-grid.interface.ts
FNF:0
FNH:0
DA:13,0
LF:1
LH:0
BRF:0
BRH:0
end_of_record
TN:
SF:ag-grid\src\ag-grid.repository.ts
FN:34,(anonymous_0)
FN:49,(anonymous_1)
FN:84,(anonymous_2)
FN:112,(anonymous_3)
FN:123,(anonymous_4)
FN:134,(anonymous_5)
FN:162,(anonymous_6)
FN:195,(anonymous_7)
FN:201,(anonymous_8)
FN:247,(anonymous_9)
FN:282,(anonymous_10)
FN:304,(anonymous_11)
FN:318,(anonymous_12)
FN:319,(anonymous_13)
FN:329,(anonymous_14)
FN:332,(anonymous_15)
FN:334,(anonymous_16)
FN:341,(anonymous_17)
FN:348,(anonymous_18)
FN:357,AgGridRepositoryFactory
FN:363,(anonymous_20)
FN:34,(anonymous_0)
FN:49,(anonymous_1)
FN:201,(anonymous_8)
FN:247,(anonymous_9)
FN:282,(anonymous_10)
FN:304,(anonymous_11)
FN:318,(anonymous_12)
FN:329,(anonymous_14)
FN:341,(anonymous_17)
FN:357,AgGridRepositoryFactory
FNF:31
FNH:21
FNDA:5,(anonymous_0)
FNDA:14,(anonymous_1)
FNDA:4,(anonymous_2)
FNDA:10,(anonymous_3)
FNDA:7,(anonymous_4)
FNDA:2,(anonymous_5)
FNDA:2,(anonymous_6)
FNDA:14,(anonymous_7)
FNDA:4,(anonymous_8)
FNDA:5,(anonymous_9)
FNDA:1,(anonymous_10)
FNDA:2,(anonymous_11)
FNDA:2,(anonymous_12)
FNDA:2,(anonymous_13)
FNDA:2,(anonymous_14)
FNDA:2,(anonymous_15)
FNDA:2,(anonymous_16)
FNDA:1,(anonymous_17)
FNDA:1,(anonymous_18)
FNDA:3,AgGridRepositoryFactory
FNDA:2,(anonymous_20)
FNDA:0,(anonymous_0)
FNDA:0,(anonymous_1)
FNDA:0,(anonymous_8)
FNDA:0,(anonymous_9)
FNDA:0,(anonymous_10)
FNDA:0,(anonymous_11)
FNDA:0,(anonymous_12)
FNDA:0,(anonymous_14)
FNDA:0,(anonymous_17)
FNDA:0,AgGridRepositoryFactory
DA:1,4
DA:8,4
DA:17,4
DA:18,4
DA:22,4
DA:24,4
DA:26,4
DA:38,5
DA:40,2
DA:46,3
DA:69,14
DA:74,14
DA:75,13
DA:78,14
DA:80,14
DA:81,14
DA:82,14
DA:83,14
DA:84,4
DA:85,4
DA:87,4
DA:89,4
DA:90,4
DA:92,4
DA:93,2
DA:94,1
DA:96,1
DA:109,14
DA:110,14
DA:111,5
DA:112,5
DA:116,10
DA:123,8
DA:124,7
DA:126,7
DA:128,2
DA:131,2
DA:134,2
DA:136,2
DA:137,2
DA:144,2
DA:148,5
DA:149,5
DA:152,14
DA:157,14
DA:159,14
DA:160,5
DA:162,5
DA:165,14
DA:172,4
DA:174,10
DA:177,14
DA:178,9
DA:186,9
DA:190,14
DA:195,14
DA:196,14
DA:198,14
DA:208,4
DA:210,4
DA:211,3
DA:213,3
DA:218,3
DA:222,3
DA:226,1
DA:229,3
DA:236,1
DA:255,5
DA:257,5
DA:261,5
DA:263,5
DA:264,4
DA:268,4
DA:271,4
DA:274,1
DA:289,1
DA:291,1
DA:309,2
DA:310,2
DA:311,2
DA:319,2
DA:320,2
DA:330,2
DA:331,2
DA:332,2
DA:334,2
DA:335,2
DA:338,2
DA:345,1
DA:346,1
DA:348,1
DA:349,1
DA:351,1
DA:355,4
DA:357,4
DA:361,3
DA:363,2
DA:364,2
DA:366,2
DA:370,2
DA:372,2
DA:374,2
LF:102
LH:102
BRDA:38,0,0,2
BRDA:38,0,1,3
BRDA:41,1,0,2
BRDA:41,1,1,1
BRDA:42,2,0,2
BRDA:42,2,1,1
BRDA:74,3,0,13
BRDA:74,3,1,1
BRDA:78,4,0,14
BRDA:78,4,1,10
BRDA:83,5,0,4
BRDA:83,5,1,10
BRDA:92,6,0,2
BRDA:92,6,1,2
BRDA:92,7,0,4
BRDA:92,7,1,2
BRDA:93,8,0,1
BRDA:93,8,1,1
BRDA:110,9,0,5
BRDA:110,9,1,9
BRDA:116,10,0,2
BRDA:116,10,1,8
BRDA:126,11,0,5
BRDA:126,11,1,2
BRDA:131,12,0,1
BRDA:131,12,1,1
BRDA:136,13,0,2
BRDA:136,13,1,0
BRDA:157,14,0,14
BRDA:157,14,1,1
BRDA:159,15,0,5
BRDA:159,15,1,9
BRDA:160,16,0,5
BRDA:160,16,1,1
BRDA:165,17,0,4
BRDA:165,17,1,10
BRDA:165,18,0,14
BRDA:165,18,1,8
BRDA:177,19,0,9
BRDA:177,19,1,5
BRDA:210,20,0,3
BRDA:210,20,1,1
BRDA:222,21,0,1
BRDA:222,21,1,2
BRDA:223,22,0,3
BRDA:223,22,1,2
BRDA:257,23,0,2
BRDA:261,24,0,5
BRDA:261,24,1,2
BRDA:263,25,0,4
BRDA:263,25,1,1
BRDA:268,26,0,4
BRDA:268,26,1,3
BRDA:271,27,0,3
BRDA:271,27,1,1
BRDA:307,28,0,2
BRDA:320,29,0,1
BRDA:320,29,1,1
BRDA:335,30,0,2
BRDA:335,30,1,1
BRDA:361,31,0,1
BRDA:361,31,1,2
BRDA:38,32,0,0
BRDA:38,32,1,0
BRDA:74,33,0,0
BRDA:74,33,1,0
BRDA:78,34,0,0
BRDA:78,34,1,0
BRDA:83,35,0,0
BRDA:83,35,1,0
BRDA:92,36,0,0
BRDA:92,36,1,0
BRDA:92,37,0,0
BRDA:92,37,1,0
BRDA:93,38,0,0
BRDA:93,38,1,0
BRDA:110,39,0,0
BRDA:110,39,1,0
BRDA:116,40,0,0
BRDA:116,40,1,0
BRDA:126,41,0,0
BRDA:126,41,1,0
BRDA:131,42,0,0
BRDA:131,42,1,0
BRDA:157,43,0,0
BRDA:157,43,1,0
BRDA:159,44,0,0
BRDA:159,44,1,0
BRDA:160,45,0,0
BRDA:160,45,1,0
BRDA:165,46,0,0
BRDA:165,46,1,0
BRDA:165,47,0,0
BRDA:165,47,1,0
BRDA:177,48,0,0
BRDA:177,48,1,0
BRDA:210,49,0,0
BRDA:210,49,1,0
BRDA:222,50,0,0
BRDA:222,50,1,0
BRDA:223,51,0,0
BRDA:223,51,1,0
BRDA:261,52,0,0
BRDA:261,52,1,0
BRDA:263,53,0,0
BRDA:263,53,1,0
BRDA:268,54,0,0
BRDA:268,54,1,0
BRDA:271,55,0,0
BRDA:271,55,1,0
BRDA:320,56,0,0
BRDA:320,56,1,0
BRDA:335,57,0,0
BRDA:335,57,1,0
BRDA:361,58,0,0
BRDA:361,58,1,0
BRF:116
BRH:61
end_of_record
TN:
SF:ag-grid\src\ag-grid.type.ts
FN:29,AgGridGqlType
FN:34,(anonymous_4)
FN:29,AgGridGqlType
FNF:3
FNH:2
FNDA:26,AgGridGqlType
FNDA:1,(anonymous_4)
FNDA:0,AgGridGqlType
DA:1,4
DA:4,4
DA:9,4
DA:11,4
DA:14,4
DA:17,4
DA:26,4
DA:28,0
DA:29,4
DA:30,26
DA:31,26
DA:33,0
DA:34,6
DA:36,6
DA:39,6
DA:41,6
DA:43,6
DA:45,6
LF:18
LH:16
BRDA:31,0,0,20
BRDA:31,0,1,6
BRDA:31,1,0,0
BRDA:31,1,1,0
BRF:4
BRH:2
end_of_record
TN:
SF:ag-grid\src\conditions.error.ts
FN:6,(anonymous_0)
FN:17,(anonymous_1)
FNF:2
FNH:2
FNDA:1,(anonymous_0)
FNDA:1,(anonymous_1)
DA:1,3
DA:5,3
DA:7,1
DA:16,3
DA:18,1
LF:5
LH:5
BRF:0
BRH:0
end_of_record
TN:
SF:ag-grid\src\entity.error.ts
FN:3,(anonymous_0)
FN:11,(anonymous_1)
FN:19,(anonymous_2)
FN:25,(anonymous_3)
FN:31,(anonymous_4)
FN:3,(anonymous_0)
FNF:6
FNH:5
FNDA:4,(anonymous_0)
FNDA:10,(anonymous_1)
FNDA:3,(anonymous_2)
FNDA:3,(anonymous_3)
FNDA:3,(anonymous_4)
FNDA:0,(anonymous_0)
DA:1,4
DA:3,4
DA:4,4
DA:5,4
DA:6,4
DA:9,4
DA:12,10
DA:13,10
DA:14,10
DA:18,4
DA:20,3
DA:24,4
DA:26,3
DA:30,4
DA:32,3
LF:15
LH:15
BRDA:3,0,0,4
BRDA:3,0,1,4
BRF:2
BRH:2
end_of_record
TN:
SF:ag-grid\src\event.enum.ts
FN:1,(anonymous_0)
FN:1,(anonymous_0)
FNF:2
FNH:0
FNDA:0,(anonymous_0)
FNDA:0,(anonymous_0)
DA:1,0
DA:2,0
DA:3,0
LF:3
LH:0
BRDA:1,0,0,0
BRDA:1,0,1,0
BRF:2
BRH:0
end_of_record
TN:
SF:ag-grid\src\filter.scalar.ts
FN:17,(anonymous_1)
FN:23,(anonymous_2)
FN:30,(anonymous_3)
FN:37,(anonymous_4)
FN:77,(anonymous_5)
FN:83,(anonymous_6)
FN:23,(anonymous_1)
FN:77,(anonymous_4)
FN:83,(anonymous_5)
FNF:9
FNH:6
FNDA:1,(anonymous_1)
FNDA:4,(anonymous_2)
FNDA:3,(anonymous_3)
FNDA:6,(anonymous_4)
FNDA:2,(anonymous_5)
FNDA:2,(anonymous_6)
FNDA:0,(anonymous_1)
FNDA:0,(anonymous_4)
FNDA:0,(anonymous_5)
DA:1,9
DA:2,9
DA:3,9
DA:8,9
DA:9,9
DA:17,9
DA:18,1
DA:20,1
DA:21,1
DA:25,4
DA:26,4
DA:28,2
DA:30,2
DA:33,3
DA:37,3
DA:38,6
DA:39,6
DA:43,1
DA:49,1
DA:52,5
DA:56,3
DA:66,3
DA:69,2
DA:71,2
DA:72,2
DA:74,2
DA:78,2
DA:84,2
DA:85,1
DA:87,1
LF:30
LH:30
BRDA:26,0,0,2
BRDA:26,0,1,2
BRDA:39,1,0,1
BRDA:39,1,1,5
BRDA:40,2,0,6
BRDA:40,2,1,1
BRDA:52,3,0,3
BRDA:52,3,1,2
BRDA:53,4,0,5
BRDA:53,4,1,5
BRDA:53,4,2,2
BRDA:78,5,0,1
BRDA:78,5,1,1
BRDA:84,6,0,1
BRDA:84,6,1,1
BRDA:26,7,0,0
BRDA:26,7,1,0
BRDA:39,8,0,0
BRDA:39,8,1,0
BRDA:40,9,0,0
BRDA:40,9,1,0
BRDA:52,10,0,0
BRDA:52,10,1,0
BRDA:53,11,0,0
BRDA:53,11,1,0
BRDA:53,11,2,0
BRDA:78,12,0,0
BRDA:78,12,1,0
BRDA:84,13,0,0
BRDA:84,13,1,0
BRF:30
BRH:15
end_of_record
TN:
SF:ag-grid\src\generic-mutation.resolver.ts
FN:20,defineCreateMutation
FN:32,(anonymous_2)
FN:41,(anonymous_3)
FN:83,(anonymous_4)
FN:103,(anonymous_5)
FN:121,defineUpdateMutation
FN:131,(anonymous_7)
FN:164,(anonymous_8)
FN:174,(anonymous_9)
FN:195,defineDeleteMutation
FN:205,(anonymous_11)
FN:234,(anonymous_12)
FN:20,defineCreateMutation
FN:32,(anonymous_1)
FN:121,defineUpdateMutation
FN:131,(anonymous_5)
FN:195,defineDeleteMutation
FN:205,(anonymous_7)
FNF:18
FNH:8
FNDA:26,defineCreateMutation
FNDA:5,(anonymous_2)
FNDA:3,(anonymous_3)
FNDA:0,(anonymous_4)
FNDA:4,(anonymous_5)
FNDA:25,defineUpdateMutation
FNDA:5,(anonymous_7)
FNDA:0,(anonymous_8)
FNDA:0,(anonymous_9)
FNDA:25,defineDeleteMutation
FNDA:5,(anonymous_11)
FNDA:0,(anonymous_12)
FNDA:0,defineCreateMutation
FNDA:0,(anonymous_1)
FNDA:0,defineUpdateMutation
FNDA:0,(anonymous_5)
FNDA:0,defineDeleteMutation
FNDA:0,(anonymous_7)
DA:2,3
DA:3,3
DA:4,3
DA:5,3
DA:6,3
DA:7,3
DA:9,3
DA:18,3
DA:20,3
DA:27,26
DA:29,26
DA:38,5
DA:40,5
DA:41,3
DA:42,3
DA:43,3
DA:44,1
DA:45,1
DA:48,1
DA:56,5
DA:60,26
DA:65,26
DA:66,2
DA:70,24
DA:79,24
DA:83,0
DA:89,24
DA:91,24
DA:95,24
DA:100,24
DA:102,24
DA:103,4
DA:104,4
DA:106,4
DA:108,2
DA:116,24
DA:121,3
DA:128,25
DA:136,5
DA:140,25
DA:145,25
DA:146,1
DA:150,24
DA:159,24
DA:164,0
DA:169,24
DA:174,0
DA:179,24
DA:181,24
DA:185,24
DA:190,24
DA:195,3
DA:202,25
DA:206,5
DA:210,25
DA:215,25
DA:216,1
DA:220,24
DA:229,24
DA:234,0
DA:239,24
LF:61
LH:57
BRDA:40,0,0,3
BRDA:40,0,1,2
BRDA:43,1,0,1
BRDA:43,1,1,2
BRDA:44,2,0,1
BRDA:44,2,1,0
BRDA:65,3,0,2
BRDA:65,3,1,24
BRDA:74,4,0,24
BRDA:74,4,1,2
BRDA:83,5,0,0
BRDA:83,5,1,0
BRDA:85,6,0,24
BRDA:85,6,1,2
BRDA:89,7,0,24
BRDA:89,7,1,2
BRDA:91,8,0,22
BRDA:91,8,1,2
BRDA:91,9,0,24
BRDA:91,9,1,22
BRDA:102,10,0,4
BRDA:102,10,1,20
BRDA:106,11,0,2
BRDA:106,11,1,2
BRDA:145,12,0,1
BRDA:145,12,1,24
BRDA:153,13,0,24
BRDA:153,13,1,2
BRDA:154,14,0,24
BRDA:154,14,1,2
BRDA:160,15,0,24
BRDA:160,15,1,2
BRDA:164,16,0,0
BRDA:164,16,1,0
BRDA:170,17,0,24
BRDA:170,17,1,2
BRDA:174,18,0,0
BRDA:174,18,1,0
BRDA:179,19,0,24
BRDA:179,19,1,2
BRDA:181,20,0,22
BRDA:181,20,1,2
BRDA:181,21,0,24
BRDA:181,21,1,22
BRDA:215,22,0,1
BRDA:215,22,1,24
BRDA:230,23,0,24
BRDA:230,23,1,2
BRDA:234,24,0,0
BRDA:234,24,1,0
BRDA:40,25,0,0
BRDA:40,25,1,0
BRDA:43,26,0,0
BRDA:43,26,1,0
BRDA:44,27,0,0
BRDA:44,27,1,0
BRDA:65,28,0,0
BRDA:65,28,1,0
BRDA:74,29,0,0
BRDA:74,29,1,0
BRDA:85,30,0,0
BRDA:85,30,1,0
BRDA:89,31,0,0
BRDA:89,31,1,0
BRDA:91,32,0,0
BRDA:91,32,1,0
BRDA:91,33,0,0
BRDA:91,33,1,0
BRDA:102,34,0,0
BRDA:102,34,1,0
BRDA:106,35,0,0
BRDA:106,35,1,0
BRDA:145,36,0,0
BRDA:145,36,1,0
BRDA:153,37,0,0
BRDA:153,37,1,0
BRDA:154,38,0,0
BRDA:154,38,1,0
BRDA:160,39,0,0
BRDA:160,39,1,0
BRDA:170,40,0,0
BRDA:170,40,1,0
BRDA:179,41,0,0
BRDA:179,41,1,0
BRDA:181,42,0,0
BRDA:181,42,1,0
BRDA:181,43,0,0
BRDA:181,43,1,0
BRDA:215,44,0,0
BRDA:215,44,1,0
BRDA:230,45,0,0
BRDA:230,45,1,0
BRF:92
BRH:41
end_of_record
TN:
SF:ag-grid\src\generic-query.resolver.ts
FN:38,defineFieldResolver
FN:65,(anonymous_2)
FN:148,(anonymous_3)
FN:217,defineGetSingleResource
FN:226,(anonymous_5)
FN:306,defineGetGridResource
FN:315,(anonymous_7)
FN:365,(anonymous_8)
FN:38,defineFieldResolver
FN:65,(anonymous_1)
FN:148,(anonymous_2)
FN:217,defineGetSingleResource
FN:226,(anonymous_4)
FN:306,defineGetGridResource
FN:315,(anonymous_6)
FNF:15
FNH:8
FNDA:29,defineFieldResolver
FNDA:7,(anonymous_2)
FNDA:3,(anonymous_3)
FNDA:26,defineGetSingleResource
FNDA:6,(anonymous_5)
FNDA:27,defineGetGridResource
FNDA:5,(anonymous_7)
FNDA:1,(anonymous_8)
FNDA:0,defineFieldResolver
FNDA:0,(anonymous_1)
FNDA:0,(anonymous_2)
FNDA:0,defineGetSingleResource
FNDA:0,(anonymous_4)
FNDA:0,defineGetGridResource
FNDA:0,(anonymous_6)
DA:1,3
DA:6,3
DA:7,3
DA:8,3
DA:9,3
DA:15,3
DA:21,3
DA:23,3
DA:24,3
DA:25,3
DA:27,3
DA:28,3
DA:38,3
DA:42,29
DA:44,28
DA:48,28
DA:49,1
DA:50,27
DA:51,1
DA:54,27
DA:58,21
DA:69,7
DA:71,7
DA:72,2
DA:73,1
DA:77,1
DA:81,5
DA:87,5
DA:91,5
DA:93,5
DA:102,21
DA:107,21
DA:108,1
DA:112,20
DA:115,20
DA:121,20
DA:123,20
DA:132,20
DA:141,6
DA:152,3
DA:154,3
DA:155,2
DA:156,1
DA:160,1
DA:164,1
DA:171,1
DA:175,1
DA:176,1
DA:185,6
DA:190,6
DA:191,1
DA:195,5
DA:199,5
DA:201,5
DA:210,5
DA:217,3
DA:223,26
DA:231,6
DA:233,6
DA:236,6
DA:237,3
DA:241,3
DA:244,6
DA:246,5
DA:254,26
DA:259,26
DA:260,1
DA:264,25
DA:273,25
DA:276,25
DA:280,25
DA:285,25
DA:287,25
DA:288,3
DA:289,1
DA:295,22
DA:301,25
DA:306,3
DA:312,27
DA:318,5
DA:322,27
DA:327,27
DA:328,1
DA:332,26
DA:342,26
DA:348,26
DA:350,26
DA:354,26
DA:355,26
DA:356,1
DA:364,1
DA:365,1
DA:366,1
DA:370,25
DA:376,26
LF:95
LH:95
BRDA:44,0,0,28
BRDA:44,0,1,2
BRDA:44,1,0,24
BRDA:44,1,1,4
BRDA:48,2,0,1
BRDA:48,2,1,27
BRDA:50,3,0,1
BRDA:50,3,1,26
BRDA:54,4,0,21
BRDA:54,4,1,6
BRDA:55,5,0,27
BRDA:55,5,1,13
BRDA:71,6,0,2
BRDA:71,6,1,5
BRDA:72,7,0,1
BRDA:72,7,1,1
BRDA:87,8,0,5
BRDA:87,8,1,0
BRDA:91,9,0,5
BRDA:91,9,1,0
BRDA:107,10,0,1
BRDA:107,10,1,20
BRDA:154,11,0,2
BRDA:154,11,1,1
BRDA:155,12,0,1
BRDA:155,12,1,1
BRDA:171,13,0,1
BRDA:171,13,1,0
BRDA:175,14,0,1
BRDA:175,14,1,0
BRDA:190,15,0,1
BRDA:190,15,1,5
BRDA:236,16,0,3
BRDA:236,16,1,3
BRDA:236,17,0,6
BRDA:236,17,1,5
BRDA:237,18,0,2
BRDA:237,18,1,1
BRDA:249,19,0,5
BRDA:249,19,1,4
BRDA:259,20,0,1
BRDA:259,20,1,25
BRDA:268,21,0,25
BRDA:268,21,1,3
BRDA:273,22,0,25
BRDA:273,22,1,3
BRDA:276,23,0,22
BRDA:276,23,1,3
BRDA:276,24,0,25
BRDA:276,24,1,22
BRDA:287,25,0,3
BRDA:287,25,1,22
BRDA:287,26,0,25
BRDA:287,26,1,22
BRDA:288,27,0,1
BRDA:288,27,1,2
BRDA:295,28,0,22
BRDA:295,28,1,3
BRDA:327,29,0,1
BRDA:327,29,1,26
BRDA:336,30,0,26
BRDA:336,30,1,4
BRDA:348,31,0,26
BRDA:348,31,1,4
BRDA:350,32,0,22
BRDA:350,32,1,4
BRDA:350,33,0,26
BRDA:350,33,1,22
BRDA:355,34,0,1
BRDA:355,34,1,25
BRDA:364,35,0,1
BRDA:364,35,1,0
BRDA:366,36,0,1
BRDA:366,36,1,0
BRDA:44,37,0,0
BRDA:44,37,1,0
BRDA:44,38,0,0
BRDA:44,38,1,0
BRDA:48,39,0,0
BRDA:48,39,1,0
BRDA:50,40,0,0
BRDA:50,40,1,0
BRDA:54,41,0,0
BRDA:54,41,1,0
BRDA:55,42,0,0
BRDA:55,42,1,0
BRDA:71,43,0,0
BRDA:71,43,1,0
BRDA:72,44,0,0
BRDA:72,44,1,0
BRDA:87,45,0,0
BRDA:87,45,1,0
BRDA:91,46,0,0
BRDA:91,46,1,0
BRDA:107,47,0,0
BRDA:107,47,1,0
BRDA:154,48,0,0
BRDA:154,48,1,0
BRDA:155,49,0,0
BRDA:155,49,1,0
BRDA:175,50,0,0
BRDA:175,50,1,0
BRDA:190,51,0,0
BRDA:190,51,1,0
BRDA:236,52,0,0
BRDA:236,52,1,0
BRDA:236,53,0,0
BRDA:236,53,1,0
BRDA:237,54,0,0
BRDA:237,54,1,0
BRDA:249,55,0,0
BRDA:249,55,1,0
BRDA:259,56,0,0
BRDA:259,56,1,0
BRDA:268,57,0,0
BRDA:268,57,1,0
BRDA:273,58,0,0
BRDA:273,58,1,0
BRDA:276,59,0,0
BRDA:276,59,1,0
BRDA:276,60,0,0
BRDA:276,60,1,0
BRDA:287,61,0,0
BRDA:287,61,1,0
BRDA:287,62,0,0
BRDA:287,62,1,0
BRDA:288,63,0,0
BRDA:288,63,1,0
BRDA:295,64,0,0
BRDA:295,64,1,0
BRDA:327,65,0,0
BRDA:327,65,1,0
BRDA:336,66,0,0
BRDA:336,66,1,0
BRDA:348,67,0,0
BRDA:348,67,1,0
BRDA:350,68,0,0
BRDA:350,68,1,0
BRDA:350,69,0,0
BRDA:350,69,1,0
BRDA:355,70,0,0
BRDA:355,70,1,0
BRDA:364,71,0,0
BRDA:364,71,1,0
BRDA:366,72,0,0
BRDA:366,72,1,0
BRF:146
BRH:68
end_of_record
TN:
SF:ag-grid\src\generic-resolver.resolver.ts
FN:47,resolverFactory
FN:67,(anonymous_10)
FN:96,(anonymous_11)
FN:100,(anonymous_12)
FN:47,resolverFactory
FNF:5
FNH:4
FNDA:25,resolverFactory
FNDA:19,(anonymous_10)
FNDA:20,(anonymous_11)
FNDA:11,(anonymous_12)
FNDA:0,resolverFactory
DA:1,3
DA:2,3
DA:3,3
DA:4,3
DA:6,3
DA:10,3
DA:14,3
DA:15,3
DA:16,3
DA:19,3
DA:20,3
DA:25,3
DA:30,3
DA:35,3
DA:47,3
DA:59,25
DA:61,25
DA:62,25
DA:71,19
DA:76,19
DA:77,19
DA:79,19
DA:80,19
DA:89,25
DA:94,25
DA:95,25
DA:96,22
DA:97,20
DA:98,20
DA:100,11
DA:101,11
DA:102,11
DA:104,0
DA:109,11
DA:110,11
DA:112,11
DA:114,11
DA:136,0
DA:138,0
DA:155,0
DA:165,25
DA:166,25
DA:167,25
DA:169,0
DA:172,25
DA:174,25
DA:182,24
DA:190,24
DA:198,24
DA:199,24
DA:206,0
DA:207,24
DA:211,24
DA:218,24
DA:231,24
DA:238,24
DA:239,1
DA:240,3
DA:241,3
DA:243,3
DA:244,1
DA:251,2
DA:261,24
LF:63
LH:57
BRDA:59,0,0,25
BRDA:59,0,1,2
BRDA:69,1,0,25
BRDA:69,1,1,2
BRDA:73,2,0,25
BRDA:73,2,1,2
BRDA:95,3,0,22
BRDA:95,3,1,3
BRDA:98,4,0,9
BRDA:98,4,1,11
BRDA:101,5,0,11
BRDA:101,5,1,0
BRDA:109,6,0,11
BRDA:109,6,1,0
BRDA:165,7,0,25
BRDA:165,7,1,2
BRDA:166,8,0,25
BRDA:166,8,1,2
BRDA:167,9,0,25
BRDA:167,9,1,2
BRDA:175,10,0,25
BRDA:175,10,1,2
BRDA:183,11,0,24
BRDA:183,11,1,2
BRDA:191,12,0,24
BRDA:191,12,1,2
BRDA:198,13,0,24
BRDA:198,13,1,2
BRDA:199,14,0,24
BRDA:199,14,1,2
BRDA:208,15,0,1
BRDA:208,15,1,23
BRDA:212,16,0,24
BRDA:212,16,1,2
BRDA:219,17,0,24
BRDA:219,17,1,2
BRDA:238,18,0,1
BRDA:238,18,1,23
BRDA:243,19,0,1
BRDA:243,19,1,2
BRDA:69,20,0,0
BRDA:69,20,1,0
BRDA:73,21,0,0
BRDA:73,21,1,0
BRDA:95,22,0,0
BRDA:95,22,1,0
BRDA:98,23,0,0
BRDA:98,23,1,0
BRDA:101,24,0,0
BRDA:101,24,1,0
BRDA:109,25,0,0
BRDA:109,25,1,0
BRDA:165,26,0,0
BRDA:165,26,1,0
BRDA:166,27,0,0
BRDA:166,27,1,0
BRDA:167,28,0,0
BRDA:167,28,1,0
BRDA:175,29,0,0
BRDA:175,29,1,0
BRDA:183,30,0,0
BRDA:183,30,1,0
BRDA:191,31,0,0
BRDA:191,31,1,0
BRDA:198,32,0,0
BRDA:198,32,1,0
BRDA:199,33,0,0
BRDA:199,33,1,0
BRDA:208,34,0,0
BRDA:208,34,1,0
BRDA:212,35,0,0
BRDA:212,35,1,0
BRDA:219,36,0,0
BRDA:219,36,1,0
BRDA:238,37,0,0
BRDA:238,37,1,0
BRDA:243,38,0,0
BRDA:243,38,1,0
BRF:78
BRH:38
end_of_record
TN:
SF:ag-grid\src\generic-resolver.type.ts
FN:100,isIDArg
FN:103,isExtraInputStrict
FN:109,checkFinalId
FN:114,isCustomSingleQueryOptions
FN:119,hasExtraArgs
FN:122,hasFilters
FN:131,generateDecorators
FN:100,isIDArg
FN:103,isExtraInputStrict
FN:109,checkFinalId
FN:114,isCustomSingleQueryOptions
FN:119,hasExtraArgs
FN:122,hasFilters
FN:131,generateDecorators
FNF:14
FNH:7
FNDA:27,isIDArg
FNDA:3,isExtraInputStrict
FNDA:7,checkFinalId
FNDA:3,isCustomSingleQueryOptions
FNDA:26,hasExtraArgs
FNDA:6,hasFilters
FNDA:127,generateDecorators
FNDA:0,isIDArg
FNDA:0,isExtraInputStrict
FNDA:0,checkFinalId
FNDA:0,isCustomSingleQueryOptions
FNDA:0,hasExtraArgs
FNDA:0,hasFilters
FNDA:0,generateDecorators
DA:100,3
DA:101,27
DA:103,3
DA:106,3
DA:107,3
DA:109,3
DA:110,7
DA:111,2
DA:114,3
DA:117,3
DA:119,3
DA:120,26
DA:122,3
DA:125,6
DA:131,3
DA:137,127
DA:139,126
LF:17
LH:17
BRDA:110,0,0,2
BRDA:110,0,1,5
BRDA:125,1,0,6
BRDA:125,1,1,3
BRDA:125,1,2,4
BRDA:125,1,3,1
BRDA:137,2,0,1
BRDA:137,2,1,126
BRDA:140,3,0,126
BRDA:140,3,1,125
BRDA:143,4,0,126
BRDA:143,4,1,125
BRDA:110,5,0,0
BRDA:110,5,1,0
BRDA:126,6,0,0
BRDA:126,6,1,0
BRDA:126,6,2,0
BRDA:126,6,3,0
BRDA:137,7,0,0
BRDA:137,7,1,0
BRDA:140,8,0,0
BRDA:140,8,1,0
BRDA:143,9,0,0
BRDA:143,9,1,0
BRF:24
BRH:12
end_of_record
TN:
SF:ag-grid\src\generic-service.service.ts
FN:40,GenericServiceFactory
FN:55,(anonymous_3)
FN:71,getServiceToken
FN:80,validateSupportedError
FN:83,(anonymous_6)
FN:109,(anonymous_7)
FN:126,(anonymous_8)
FN:144,(anonymous_9)
FN:155,(anonymous_10)
FN:163,(anonymous_11)
FN:172,(anonymous_12)
FN:179,(anonymous_13)
FN:202,(anonymous_14)
FN:221,(anonymous_15)
FN:269,(anonymous_16)
FN:313,(anonymous_17)
FN:370,(anonymous_18)
FN:418,(anonymous_19)
FN:438,(anonymous_20)
FN:473,(anonymous_21)
FN:494,(anonymous_22)
FN:40,GenericServiceFactory
FN:71,getServiceToken
FN:80,validateSupportedError
FN:126,(anonymous_8)
FN:144,(anonymous_9)
FN:155,(anonymous_10)
FN:163,(anonymous_11)
FN:172,(anonymous_12)
FN:179,(anonymous_13)
FN:202,(anonymous_14)
FN:221,(anonymous_15)
FN:269,(anonymous_16)
FN:313,(anonymous_17)
FN:370,(anonymous_18)
FN:418,(anonymous_19)
FN:438,(anonymous_20)
FN:473,(anonymous_21)
FN:494,(anonymous_22)
FNF:39
FNH:21
FNDA:6,GenericServiceFactory
FNDA:2,(anonymous_3)
FNDA:5,getServiceToken
FNDA:11,validateSupportedError
FNDA:4,(anonymous_6)
FNDA:42,(anonymous_7)
FNDA:3,(anonymous_8)
FNDA:1,(anonymous_9)
FNDA:4,(anonymous_10)
FNDA:4,(anonymous_11)
FNDA:8,(anonymous_12)
FNDA:4,(anonymous_13)
FNDA:5,(anonymous_14)
FNDA:1,(anonymous_15)
FNDA:4,(anonymous_16)
FNDA:4,(anonymous_17)
FNDA:4,(anonymous_18)
FNDA:3,(anonymous_19)
FNDA:8,(anonymous_20)
FNDA:5,(anonymous_21)
FNDA:18,(anonymous_22)
FNDA:0,GenericServiceFactory
FNDA:0,getServiceToken
FNDA:0,validateSupportedError
FNDA:0,(anonymous_8)
FNDA:0,(anonymous_9)
FNDA:0,(anonymous_10)
FNDA:0,(anonymous_11)
FNDA:0,(anonymous_12)
FNDA:0,(anonymous_13)
FNDA:0,(anonymous_14)
FNDA:0,(anonymous_15)
FNDA:0,(anonymous_16)
FNDA:0,(anonymous_17)
FNDA:0,(anonymous_18)
FNDA:0,(anonymous_19)
FNDA:0,(anonymous_20)
FNDA:0,(anonymous_21)
FNDA:0,(anonymous_22)
DA:1,3
DA:5,3
DA:11,3
DA:12,3
DA:13,3
DA:15,3
DA:23,3
DA:26,3
DA:27,3
DA:28,3
DA:29,3
DA:40,3
DA:47,6
DA:49,6
DA:59,2
DA:71,3
DA:72,5
DA:80,3
DA:83,11
DA:84,4
DA:85,3
DA:87,1
DA:95,3
DA:110,42
DA:113,42
DA:118,42
DA:119,42
DA:127,3
DA:128,3
DA:129,3
DA:133,3
DA:147,1
DA:148,1
DA:156,4
DA:166,4
DA:173,8
DA:180,4
DA:209,5
DA:210,5
DA:212,5
DA:231,1
DA:283,4
DA:285,4
DA:322,4
DA:323,4
DA:324,4
DA:325,1
DA:326,1
DA:327,1
DA:330,4
DA:331,4
DA:338,3
DA:339,3
DA:341,3
DA:376,4
DA:382,4
DA:383,4
DA:384,4
DA:385,1
DA:386,1
DA:387,1
DA:390,4
DA:392,4
DA:399,3
DA:400,3
DA:402,3
DA:421,3
DA:423,3
DA:425,3
DA:429,1
DA:441,8
DA:446,8
DA:447,1
DA:449,7
DA:450,1
DA:452,6
DA:480,5
DA:481,5
DA:483,5
DA:498,18
DA:500,18
DA:501,15
DA:503,3
DA:505,3
DA:507,3
DA:508,0
DA:510,0
DA:511,0
DA:514,0
DA:517,0
DA:519,0
DA:522,3
LF:92
LH:86
BRDA:47,0,0,6
BRDA:47,0,1,2
BRDA:51,1,0,6
BRDA:51,1,1,2
BRDA:53,2,0,1
BRDA:53,2,1,1
BRDA:64,3,0,6
BRDA:64,3,1,5
BRDA:65,4,0,6
BRDA:65,4,1,5
BRDA:84,5,0,3
BRDA:84,5,1,1
BRDA:114,6,0,42
BRDA:114,6,1,38
BRDA:204,7,0,1
BRDA:209,8,0,1
BRDA:209,8,1,4
BRDA:210,9,0,2
BRDA:210,9,1,3
BRDA:212,10,0,1
BRDA:212,10,1,4
BRDA:283,11,0,1
BRDA:283,11,1,3
BRDA:285,12,0,3
BRDA:285,12,1,1
BRDA:286,13,0,3
BRDA:286,13,1,0
BRDA:316,14,0,3
BRDA:324,15,0,1
BRDA:324,15,1,3
BRDA:341,16,0,1
BRDA:341,16,1,2
BRDA:374,17,0,3
BRDA:384,18,0,1
BRDA:384,18,1,3
BRDA:402,19,0,1
BRDA:402,19,1,2
BRDA:429,20,0,1
BRDA:429,20,1,1
BRDA:446,21,0,1
BRDA:446,21,1,7
BRDA:449,22,0,1
BRDA:449,22,1,6
BRDA:475,23,0,1
BRDA:480,24,0,1
BRDA:480,24,1,4
BRDA:481,25,0,2
BRDA:481,25,1,3
BRDA:483,26,0,1
BRDA:483,26,1,4
BRDA:500,27,0,15
BRDA:500,27,1,3
BRDA:500,28,0,18
BRDA:500,28,1,3
BRDA:510,29,0,0
BRDA:510,29,1,0
BRDA:510,30,0,0
BRDA:510,30,1,0
BRDA:47,31,0,0
BRDA:47,31,1,0
BRDA:51,32,0,0
BRDA:51,32,1,0
BRDA:53,33,0,0
BRDA:53,33,1,0
BRDA:64,34,0,0
BRDA:64,34,1,0
BRDA:65,35,0,0
BRDA:65,35,1,0
BRDA:84,36,0,0
BRDA:84,36,1,0
BRDA:114,37,0,0
BRDA:114,37,1,0
BRDA:209,38,0,0
BRDA:209,38,1,0
BRDA:210,39,0,0
BRDA:210,39,1,0
BRDA:212,40,0,0
BRDA:212,40,1,0
BRDA:283,41,0,0
BRDA:283,41,1,0
BRDA:285,42,0,0
BRDA:285,42,1,0
BRDA:286,43,0,0
BRDA:286,43,1,0
BRDA:324,44,0,0
BRDA:324,44,1,0
BRDA:341,45,0,0
BRDA:341,45,1,0
BRDA:384,46,0,0
BRDA:384,46,1,0
BRDA:402,47,0,0
BRDA:402,47,1,0
BRDA:429,48,0,0
BRDA:429,48,1,0
BRDA:446,49,0,0
BRDA:446,49,1,0
BRDA:449,50,0,0
BRDA:449,50,1,0
BRDA:480,51,0,0
BRDA:480,51,1,0
BRDA:481,52,0,0
BRDA:481,52,1,0
BRDA:483,53,0,0
BRDA:483,53,1,0
BRDA:500,54,0,0
BRDA:500,54,1,0
BRDA:500,55,0,0
BRDA:500,55,1,0
BRDA:510,56,0,0
BRDA:510,56,1,0
BRDA:510,57,0,0
BRDA:510,57,1,0
BRF:112
BRH:53
end_of_record
TN:
SF:ag-grid\src\gqlfields.decorator.ts
FN:27,(anonymous_0)
FN:43,(anonymous_1)
FN:58,(anonymous_2)
FN:76,(anonymous_3)
FN:151,(anonymous_4)
FN:159,(anonymous_5)
FN:185,(anonymous_6)
FNF:7
FNH:6
FNDA:35,(anonymous_0)
FNDA:135,(anonymous_1)
FNDA:27,(anonymous_2)
FNDA:0,(anonymous_3)
FNDA:125,(anonymous_4)
FNDA:58,(anonymous_5)
FNDA:2,(anonymous_6)
DA:1,7
DA:2,7
DA:9,7
DA:11,7
DA:12,7
DA:27,7
DA:31,35
DA:36,35
DA:41,35
DA:43,35
DA:49,135
DA:55,135
DA:57,128
DA:58,18
DA:62,27
DA:63,16
DA:64,16
DA:65,2
DA:67,2
DA:68,1
DA:69,1
DA:72,1
DA:73,1
DA:76,1
DA:77,0
DA:78,0
DA:79,0
DA:80,0
DA:89,15
DA:92,11
DA:93,8
DA:94,8
DA:98,3
DA:103,3
DA:108,3
DA:110,3
DA:112,3
DA:118,3
DA:120,18
DA:123,110
DA:124,110
DA:125,110
DA:131,110
DA:132,2
DA:138,2
DA:141,108
DA:151,35
DA:152,125
DA:159,35
DA:160,58
DA:161,58
DA:162,40
DA:163,6
DA:165,4
DA:170,4
DA:173,34
DA:180,35
DA:182,35
DA:185,7
DA:189,2
DA:190,2
DA:191,2
DA:194,7
LF:63
LH:59
BRDA:46,0,0,125
BRDA:47,1,0,125
BRDA:49,2,0,1
BRDA:49,2,1,134
BRDA:49,3,0,135
BRDA:49,3,1,1
BRDA:55,4,0,7
BRDA:55,4,1,128
BRDA:55,5,0,135
BRDA:55,5,1,7
BRDA:57,6,0,18
BRDA:57,6,1,110
BRDA:62,7,0,16
BRDA:62,7,1,11
BRDA:64,8,0,2
BRDA:64,8,1,14
BRDA:67,9,0,1
BRDA:67,9,1,1
BRDA:79,10,0,0
BRDA:79,10,1,0
BRDA:79,11,0,0
BRDA:79,11,1,0
BRDA:92,12,0,8
BRDA:92,12,1,3
BRDA:108,13,0,2
BRDA:108,13,1,1
BRDA:131,14,0,2
BRDA:131,14,1,108
BRDA:131,15,0,110
BRDA:131,15,1,110
BRDA:161,16,0,40
BRDA:161,16,1,18
BRDA:162,17,0,6
BRDA:162,17,1,34
BRDA:163,18,0,2
BRDA:163,18,1,4
BRDA:173,19,0,34
BRDA:173,19,1,17
BRDA:186,20,0,1
BRDA:49,21,0,0
BRDA:49,21,1,0
BRDA:49,22,0,0
BRDA:49,22,1,0
BRDA:55,23,0,0
BRDA:55,23,1,0
BRDA:55,24,0,0
BRDA:55,24,1,0
BRDA:57,25,0,0
BRDA:57,25,1,0
BRDA:62,26,0,0
BRDA:62,26,1,0
BRDA:64,27,0,0
BRDA:64,27,1,0
BRDA:67,28,0,0
BRDA:67,28,1,0
BRDA:79,29,0,0
BRDA:79,29,1,0
BRDA:92,30,0,0
BRDA:92,30,1,0
BRDA:108,31,0,0
BRDA:108,31,1,0
BRDA:131,32,0,0
BRDA:131,32,1,0
BRDA:131,33,0,0
BRDA:131,33,1,0
BRDA:161,34,0,0
BRDA:161,34,1,0
BRDA:162,35,0,0
BRDA:162,35,1,0
BRDA:163,36,0,0
BRDA:163,36,1,0
BRDA:173,37,0,0
BRDA:173,37,1,0
BRF:73
BRH:35
end_of_record
TN:
SF:ag-grid\src\gqlmapper.decorator.ts
FN:36,(anonymous_0)
FN:48,(anonymous_1)
FN:74,(anonymous_2)
FN:77,(anonymous_3)
FNF:4
FNH:4
FNDA:3,(anonymous_0)
FNDA:4,(anonymous_1)
FNDA:100,(anonymous_2)
FNDA:100,(anonymous_3)
DA:3,4
DA:4,4
DA:11,4
DA:36,4
DA:40,3
DA:41,3
DA:42,2
DA:43,2
DA:45,3
DA:48,4
DA:52,4
DA:53,4
DA:55,4
DA:57,4
DA:59,4
DA:60,1
DA:62,1
DA:65,3
DA:68,4
DA:74,4
DA:75,100
DA:76,100
DA:77,100
DA:78,100
DA:79,100
LF:25
LH:25
BRDA:55,0,0,4
BRDA:55,0,1,1
BRDA:57,1,0,4
BRDA:57,1,1,2
BRDA:57,1,2,2
BRDA:59,2,0,1
BRDA:59,2,1,3
BRDA:59,3,0,4
BRDA:59,3,1,3
BRDA:75,4,0,100
BRDA:75,4,1,1
BRDA:75,5,0,100
BRDA:75,5,1,1
BRDA:57,6,0,0
BRDA:57,6,1,0
BRDA:57,6,2,0
BRDA:59,7,0,0
BRDA:59,7,1,0
BRDA:59,8,0,0
BRDA:59,8,1,0
BRDA:75,9,0,0
BRDA:75,9,1,0
BRDA:75,10,0,0
BRDA:75,10,1,0
BRF:24
BRH:13
end_of_record
TN:
SF:ag-grid\src\missing-arguments.error.ts
FN:5,(anonymous_0)
FN:11,(anonymous_1)
FNF:2
FNH:2
FNDA:4,(anonymous_0)
FNDA:3,(anonymous_1)
DA:1,8
DA:2,8
DA:4,8
DA:6,4
DA:10,8
DA:12,3
LF:6
LH:6
BRDA:12,0,0,3
BRDA:12,0,1,2
BRDA:12,1,0,0
BRDA:12,1,1,0
BRF:4
BRH:2
end_of_record
TN:
SF:ag-grid\src\object.decorator.ts
FN:18,isDstExtended
FN:71,getPrototype
FN:75,(anonymous_2)
FN:80,(anonymous_3)
FN:116,(anonymous_4)
FN:122,(anonymous_5)
FN:128,(anonymous_6)
FN:141,(anonymous_7)
FN:153,(anonymous_8)
FN:154,(anonymous_9)
FN:170,(anonymous_10)
FN:176,(anonymous_11)
FN:186,(anonymous_12)
FN:18,isDstExtended
FN:71,getPrototype
FN:186,(anonymous_12)
FNF:16
FNH:13
FNDA:191,isDstExtended
FNDA:112,getPrototype
FNDA:14,(anonymous_2)
FNDA:14,(anonymous_3)
FNDA:84,(anonymous_4)
FNDA:1,(anonymous_5)
FNDA:3,(anonymous_6)
FNDA:2,(anonymous_7)
FNDA:10,(anonymous_8)
FNDA:10,(anonymous_9)
FNDA:23,(anonymous_10)
FNDA:2,(anonymous_11)
FNDA:15,(anonymous_12)
FNDA:0,isDstExtended
FNDA:0,getPrototype
FNDA:0,(anonymous_12)
DA:3,15
DA:4,15
DA:9,15
DA:18,15
DA:19,191
DA:20,191
DA:68,15
DA:69,15
DA:71,15
DA:72,112
DA:75,15
DA:80,14
DA:81,14
DA:82,14
DA:85,14
DA:88,14
DA:90,14
DA:99,14
DA:106,14
DA:107,9
DA:108,2
DA:110,7
DA:116,15
DA:119,84
DA:122,15
DA:125,1
DA:128,15
DA:132,3
DA:134,3
DA:136,3
DA:138,2
DA:141,15
DA:145,2
DA:150,2
DA:153,15
DA:154,10
DA:155,10
DA:157,10
DA:158,1
DA:159,1
DA:161,1
DA:163,1
DA:166,10
DA:170,15
DA:173,23
DA:176,15
DA:179,2
DA:186,15
DA:187,0
DA:188,15
DA:189,0
DA:190,15
LF:52
LH:50
BRDA:20,0,0,191
BRDA:20,0,1,1
BRDA:72,1,0,112
BRDA:72,1,1,0
BRDA:72,2,0,112
BRDA:72,2,1,11
BRDA:75,3,0,1
BRDA:85,4,0,14
BRDA:85,4,1,11
BRDA:92,5,0,14
BRDA:92,5,1,7
BRDA:106,6,0,9
BRDA:106,6,1,5
BRDA:106,7,0,14
BRDA:106,7,1,6
BRDA:107,8,0,2
BRDA:107,8,1,7
BRDA:136,9,0,1
BRDA:136,9,1,2
BRDA:136,10,0,3
BRDA:136,10,1,3
BRDA:150,11,0,2
BRDA:150,11,1,2
BRDA:155,12,0,10
BRDA:155,12,1,7
BRDA:157,13,0,1
BRDA:157,13,1,9
BRDA:186,14,0,15
BRDA:186,14,1,15
BRDA:72,15,0,0
BRDA:72,15,1,0
BRDA:72,16,0,0
BRDA:72,16,1,0
BRDA:85,17,0,0
BRDA:85,17,1,0
BRDA:92,18,0,0
BRDA:92,18,1,0
BRDA:106,19,0,0
BRDA:106,19,1,0
BRDA:106,20,0,0
BRDA:106,20,1,0
BRDA:107,21,0,0
BRDA:107,21,1,0
BRDA:136,22,0,0
BRDA:136,22,1,0
BRDA:136,23,0,0
BRDA:136,23,1,0
BRDA:150,24,0,0
BRDA:150,24,1,0
BRDA:155,25,0,0
BRDA:155,25,1,0
BRDA:157,26,0,0
BRDA:157,26,1,0
BRF:53
BRH:28
end_of_record
TN:
SF:ag-grid\src\query-builder.helpers.ts
FN:20,(anonymous_0)
FN:23,(anonymous_1)
FN:47,(anonymous_2)
FN:20,(anonymous_0)
FN:47,(anonymous_2)
FNF:5
FNH:3
FNDA:2,(anonymous_0)
FNDA:2,(anonymous_1)
FNDA:3,(anonymous_2)
FNDA:0,(anonymous_0)
FNDA:0,(anonymous_2)
DA:1,5
DA:2,5
DA:6,5
DA:7,5
DA:20,5
DA:21,2
DA:23,2
DA:24,2
DA:25,2
DA:27,2
DA:30,3
DA:31,1
DA:37,1
DA:41,2
DA:44,2
DA:47,5
DA:48,3
DA:50,3
DA:52,2
DA:54,2
DA:57,3
DA:58,1
DA:64,1
DA:68,2
DA:71,5
LF:25
LH:25
BRDA:24,0,0,2
BRDA:24,0,1,1
BRDA:30,1,0,1
BRDA:30,1,1,2
BRDA:30,2,0,3
BRDA:30,2,1,2
BRDA:50,3,0,1
BRDA:50,3,1,2
BRDA:50,4,0,3
BRDA:50,4,1,3
BRDA:52,5,0,2
BRDA:52,5,1,1
BRDA:57,6,0,1
BRDA:57,6,1,2
BRDA:57,7,0,3
BRDA:57,7,1,2
BRDA:24,8,0,0
BRDA:24,8,1,0
BRDA:30,9,0,0
BRDA:30,9,1,0
BRDA:30,10,0,0
BRDA:30,10,1,0
BRDA:50,11,0,0
BRDA:50,11,1,0
BRDA:50,12,0,0
BRDA:50,12,1,0
BRDA:52,13,0,0
BRDA:52,13,1,0
BRDA:57,14,0,0
BRDA:57,14,1,0
BRDA:57,15,0,0
BRDA:57,15,1,0
BRF:32
BRH:16
end_of_record
TN:
SF:ag-grid\src\strings.enum.ts
FN:1,(anonymous_0)
FN:14,(anonymous_1)
FN:1,(anonymous_0)
FN:14,(anonymous_1)
FNF:4
FNH:2
FNDA:12,(anonymous_0)
FNDA:12,(anonymous_1)
FNDA:0,(anonymous_0)
FNDA:0,(anonymous_1)
DA:1,12
DA:2,12
DA:3,12
DA:4,12
DA:5,12
DA:6,12
DA:7,12
DA:8,12
DA:9,12
DA:10,12
DA:11,12
DA:14,12
DA:15,12
LF:13
LH:13
BRDA:1,0,0,12
BRDA:1,0,1,12
BRDA:14,1,0,12
BRDA:14,1,1,12
BRF:4
BRH:4
end_of_record
TN:
SF:ag-grid\src\transformer.helper.ts
FN:3,JsonTransformer
FN:4,(anonymous_1)
FN:3,JsonTransformer
FNF:3
FNH:2
FNDA:3,JsonTransformer
FNDA:2,(anonymous_1)
FNDA:0,JsonTransformer
DA:1,2
DA:3,2
DA:4,3
DA:5,2
DA:6,2
LF:5
LH:5
BRDA:6,0,0,2
BRDA:6,0,1,1
BRDA:6,1,0,0
BRDA:6,1,1,0
BRF:4
BRH:2
end_of_record
TN:
SF:api-strategy\src\context-call.service.ts
FN:10,ContextCallServiceFactory
FN:19,(anonymous_3)
FN:21,(anonymous_4)
FN:25,(anonymous_5)
FN:10,ContextCallServiceFactory
FN:19,(anonymous_3)
FN:21,(anonymous_4)
FN:25,(anonymous_5)
FNF:8
FNH:4
FNDA:3,ContextCallServiceFactory
FNDA:2,(anonymous_3)
FNDA:1,(anonymous_4)
FNDA:1,(anonymous_5)
FNDA:0,ContextCallServiceFactory
FNDA:0,(anonymous_3)
FNDA:0,(anonymous_4)
FNDA:0,(anonymous_5)
DA:2,2
DA:10,2
DA:13,3
DA:14,3
DA:19,2
DA:22,1
DA:26,1
DA:30,3
LF:8
LH:8
BRDA:19,0,0,2
BRF:1
BRH:1
end_of_record
TN:
SF:api-strategy\src\context-event.service.ts
FN:10,ContextEventServiceFactory
FN:19,(anonymous_3)
FN:21,(anonymous_4)
FN:25,(anonymous_5)
FN:10,ContextEventServiceFactory
FN:19,(anonymous_3)
FN:21,(anonymous_4)
FN:25,(anonymous_5)
FNF:8
FNH:4
FNDA:3,ContextEventServiceFactory
FNDA:2,(anonymous_3)
FNDA:1,(anonymous_4)
FNDA:1,(anonymous_5)
FNDA:0,ContextEventServiceFactory
FNDA:0,(anonymous_3)
FNDA:0,(anonymous_4)
FNDA:0,(anonymous_5)
DA:2,2
DA:10,2
DA:13,3
DA:14,3
DA:19,2
DA:22,1
DA:26,1
DA:30,3
LF:8
LH:8
BRDA:19,0,0,2
BRF:1
BRH:1
end_of_record
TN:
SF:api-strategy\src\header-whitelist.helper.ts
FN:3,filterHeaders
FN:9,(anonymous_1)
FN:10,(anonymous_2)
FN:3,filterHeaders
FNF:4
FNH:3
FNDA:19,filterHeaders
FNDA:309,(anonymous_1)
FNDA:2,(anonymous_2)
FNDA:0,filterHeaders
DA:1,5
DA:3,5
DA:7,19
DA:9,309
DA:10,2
LF:5
LH:5
BRDA:5,0,0,17
BRDA:7,1,0,18
BRDA:7,1,1,1
BRDA:7,2,0,0
BRDA:7,2,1,0
BRF:5
BRH:3
end_of_record
TN:
SF:api-strategy\src\index.ts
FNF:0
FNH:0
DA:3,2
DA:4,2
DA:5,2
DA:6,2
DA:7,2
DA:8,2
DA:9,2
DA:10,2
DA:11,2
DA:12,2
DA:13,2
DA:14,2
DA:15,2
DA:16,2
DA:17,2
LF:15
LH:15
BRF:0
BRH:0
end_of_record
TN:
SF:api-strategy\src\strategy-selector.provider.ts
FN:28,normalizeStrategyKey
FN:33,StrategySelectorProvider
FN:43,(anonymous_2)
FN:57,(anonymous_3)
FN:68,(anonymous_4)
FN:80,(anonymous_5)
FN:87,(anonymous_6)
FN:93,ApiCallStrategySelectorProvider
FN:99,EventStrategySelectorProvider
FN:28,normalizeStrategyKey
FN:33,StrategySelectorProvider
FN:57,(anonymous_3)
FN:93,ApiCallStrategySelectorProvider
FN:99,EventStrategySelectorProvider
FNF:14
FNH:9
FNDA:7,normalizeStrategyKey
FNDA:10,StrategySelectorProvider
FNDA:9,(anonymous_2)
FNDA:7,(anonymous_3)
FNDA:9,(anonymous_4)
FNDA:1,(anonymous_5)
FNDA:13,(anonymous_6)
FNDA:1,ApiCallStrategySelectorProvider
FNDA:1,EventStrategySelectorProvider
FNDA:0,normalizeStrategyKey
FNDA:0,StrategySelectorProvider
FNDA:0,(anonymous_3)
FNDA:0,ApiCallStrategySelectorProvider
FNDA:0,EventStrategySelectorProvider
DA:29,7
DA:30,7
DA:33,3
DA:36,10
DA:38,10
DA:39,1
DA:42,9
DA:43,9
DA:46,9
DA:47,1
DA:52,8
DA:53,8
DA:55,8
DA:58,7
DA:62,7
DA:63,7
DA:66,7
DA:67,7
DA:68,9
DA:71,7
DA:72,5
DA:75,2
DA:76,1
DA:79,1
DA:80,1
DA:82,1
DA:87,13
DA:93,3
DA:96,1
DA:99,3
DA:102,1
LF:31
LH:31
BRDA:30,0,0,3
BRDA:30,0,1,4
BRDA:38,1,0,1
BRDA:38,1,1,9
BRDA:46,2,0,1
BRDA:46,2,1,8
BRDA:52,3,0,8
BRDA:52,3,1,7
BRDA:53,4,0,8
BRDA:53,4,1,6
BRDA:66,5,0,7
BRDA:66,5,1,4
BRDA:71,6,0,5
BRDA:71,6,1,2
BRDA:75,7,0,1
BRDA:75,7,1,1
BRDA:30,8,0,0
BRDA:30,8,1,0
BRDA:38,9,0,0
BRDA:38,9,1,0
BRDA:46,10,0,0
BRDA:46,10,1,0
BRDA:52,11,0,0
BRDA:52,11,1,0
BRDA:53,12,0,0
BRDA:53,12,1,0
BRDA:66,13,0,0
BRDA:66,13,1,0
BRDA:71,14,0,0
BRDA:71,14,1,0
BRDA:75,15,0,0
BRDA:75,15,1,0
BRF:32
BRH:16
end_of_record
TN:
SF:api-strategy\src\strategies\composite-event.strategy.ts
FN:15,(anonymous_0)
FN:26,(anonymous_1)
FN:42,(anonymous_2)
FN:44,(anonymous_3)
FN:61,(anonymous_4)
FN:63,(anonymous_5)
FN:70,maybeDestroyStrategy
FN:26,(anonymous_1)
FN:42,(anonymous_2)
FN:61,(anonymous_4)
FN:63,(anonymous_5)
FN:70,maybeDestroyStrategy
FNF:12
FNH:7
FNDA:8,(anonymous_0)
FNDA:3,(anonymous_1)
FNDA:3,(anonymous_2)
FNDA:5,(anonymous_3)
FNDA:1,(anonymous_4)
FNDA:2,(anonymous_5)
FNDA:2,maybeDestroyStrategy
FNDA:0,(anonymous_1)
FNDA:0,(anonymous_2)
FNDA:0,(anonymous_4)
FNDA:0,(anonymous_5)
FNDA:0,maybeDestroyStrategy
DA:10,3
DA:16,8
DA:19,8
DA:20,1
DA:23,7
DA:27,3
DA:29,3
DA:30,5
DA:31,5
DA:33,2
DA:34,1
DA:39,2
DA:43,3
DA:45,5
DA:48,3
DA:50,3
DA:51,5
DA:52,3
DA:53,2
DA:54,1
DA:58,2
DA:62,1
DA:64,2
DA:71,2
DA:73,2
DA:74,1
LF:26
LH:26
BRDA:17,0,0,6
BRDA:19,1,0,1
BRDA:19,1,1,7
BRDA:23,2,0,7
BRDA:23,2,1,5
BRDA:33,3,0,1
BRDA:33,3,1,1
BRDA:51,4,0,3
BRDA:51,4,1,2
BRDA:53,5,0,1
BRDA:53,5,1,1
BRDA:73,6,0,1
BRDA:73,6,1,1
BRDA:19,7,0,0
BRDA:19,7,1,0
BRDA:23,8,0,0
BRDA:23,8,1,0
BRDA:33,9,0,0
BRDA:33,9,1,0
BRDA:51,10,0,0
BRDA:51,10,1,0
BRDA:53,11,0,0
BRDA:53,11,1,0
BRDA:73,12,0,0
BRDA:73,12,1,0
BRF:25
BRH:13
end_of_record
TN:
SF:api-strategy\src\strategies\conditional-call.strategy.ts
FN:14,(anonymous_0)
FN:19,(anonymous_1)
FN:23,(anonymous_2)
FN:26,(anonymous_3)
FN:30,(anonymous_4)
FN:33,(anonymous_5)
FN:37,(anonymous_6)
FN:40,(anonymous_7)
FN:54,(anonymous_8)
FN:60,(anonymous_9)
FN:19,(anonymous_1)
FN:23,(anonymous_2)
FN:26,(anonymous_3)
FN:30,(anonymous_4)
FN:33,(anonymous_5)
FN:37,(anonymous_6)
FN:40,(anonymous_7)
FN:54,(anonymous_8)
FN:60,(anonymous_9)
FNF:19
FNH:10
FNDA:6,(anonymous_0)
FNDA:4,(anonymous_1)
FNDA:2,(anonymous_2)
FNDA:2,(anonymous_3)
FNDA:1,(anonymous_4)
FNDA:2,(anonymous_5)
FNDA:1,(anonymous_6)
FNDA:8,(anonymous_7)
FNDA:8,(anonymous_8)
FNDA:3,(anonymous_9)
FNDA:0,(anonymous_1)
FNDA:0,(anonymous_2)
FNDA:0,(anonymous_3)
FNDA:0,(anonymous_4)
FNDA:0,(anonymous_5)
FNDA:0,(anonymous_6)
FNDA:0,(anonymous_7)
FNDA:0,(anonymous_8)
FNDA:0,(anonymous_9)
DA:13,3
DA:15,6
DA:16,6
DA:23,4
DA:30,2
DA:37,2
DA:43,8
DA:44,4
DA:47,4
DA:48,1
DA:51,3
DA:55,8
DA:61,3
DA:62,1
DA:65,2
LF:15
LH:15
BRDA:16,0,0,1
BRDA:43,1,0,4
BRDA:43,1,1,4
BRDA:47,2,0,1
BRDA:47,2,1,3
BRDA:55,3,0,3
BRDA:55,3,1,5
BRDA:61,4,0,1
BRDA:61,4,1,2
BRDA:65,5,0,2
BRDA:65,5,1,1
BRDA:43,6,0,0
BRDA:43,6,1,0
BRDA:47,7,0,0
BRDA:47,7,1,0
BRDA:55,8,0,0
BRDA:55,8,1,0
BRDA:61,9,0,0
BRDA:61,9,1,0
BRDA:66,10,0,0
BRDA:66,10,1,0
BRF:21
BRH:11
end_of_record
TN:
SF:api-strategy\src\strategies\conditional-event.strategy.ts
FN:13,(anonymous_0)
FN:18,(anonymous_1)
FN:26,(anonymous_2)
FN:34,(anonymous_3)
FN:42,(anonymous_4)
FN:18,(anonymous_1)
FN:26,(anonymous_2)
FN:34,(anonymous_3)
FN:42,(anonymous_4)
FNF:9
FNH:5
FNDA:6,(anonymous_0)
FNDA:2,(anonymous_1)
FNDA:2,(anonymous_2)
FNDA:2,(anonymous_3)
FNDA:4,(anonymous_4)
FNDA:0,(anonymous_1)
FNDA:0,(anonymous_2)
FNDA:0,(anonymous_3)
FNDA:0,(anonymous_4)
DA:10,3
DA:14,6
DA:15,6
DA:19,2
DA:20,1
DA:23,1
DA:27,2
DA:28,1
DA:31,1
DA:35,2
DA:37,2
DA:38,1
DA:44,4
DA:48,4
DA:49,1
DA:52,3
LF:16
LH:16
BRDA:15,0,0,2
BRDA:19,1,0,1
BRDA:19,1,1,1
BRDA:27,2,0,1
BRDA:27,2,1,1
BRDA:37,3,0,1
BRDA:37,3,1,1
BRDA:44,4,0,1
BRDA:44,4,1,3
BRDA:48,5,0,1
BRDA:48,5,1,3
BRDA:52,6,0,3
BRDA:52,6,1,1
BRDA:19,7,0,0
BRDA:19,7,1,0
BRDA:27,8,0,0
BRDA:27,8,1,0
BRDA:37,9,0,0
BRDA:37,9,1,0
BRDA:44,10,0,0
BRDA:44,10,1,0
BRDA:48,11,0,0
BRDA:48,11,1,0
BRDA:52,12,0,0
BRDA:52,12,1,0
BRF:25
BRH:13
end_of_record
TN:
SF:api-strategy\src\strategies\fallback-call.strategy.ts
FN:12,(anonymous_0)
FN:21,(anonymous_1)
FN:25,(anonymous_2)
FN:28,(anonymous_3)
FN:32,(anonymous_4)
FN:35,(anonymous_5)
FN:39,(anonymous_6)
FN:42,(anonymous_7)
FN:64,(anonymous_8)
FN:21,(anonymous_1)
FN:28,(anonymous_3)
FN:35,(anonymous_5)
FN:42,(anonymous_7)
FN:64,(anonymous_8)
FNF:14
FNH:9
FNDA:4,(anonymous_0)
FNDA:1,(anonymous_1)
FNDA:2,(anonymous_2)
FNDA:1,(anonymous_3)
FNDA:1,(anonymous_4)
FNDA:1,(anonymous_5)
FNDA:2,(anonymous_6)
FNDA:3,(anonymous_7)
FNDA:4,(anonymous_8)
FNDA:0,(anonymous_1)
FNDA:0,(anonymous_3)
FNDA:0,(anonymous_5)
FNDA:0,(anonymous_7)
FNDA:0,(anonymous_8)
DA:11,3
DA:13,4
DA:14,4
DA:16,4
DA:17,1
DA:25,2
DA:32,1
DA:39,2
DA:49,3
DA:50,5
DA:51,5
DA:53,4
DA:55,4
DA:56,1
DA:61,1
DA:65,4
LF:16
LH:16
BRDA:14,0,0,3
BRDA:16,1,0,1
BRDA:16,1,1,3
BRDA:55,2,0,1
BRDA:55,2,1,3
BRDA:65,3,0,4
BRDA:65,3,1,3
BRDA:16,4,0,0
BRDA:16,4,1,0
BRDA:55,5,0,0
BRDA:55,5,1,0
BRDA:65,6,0,0
BRDA:65,6,1,0
BRF:13
BRH:7
end_of_record
TN:
SF:api-strategy\src\strategies\http-abstract-call.strategy.ts
FN:209,(anonymous_0)
FN:229,(anonymous_1)
FN:209,(anonymous_0)
FN:229,(anonymous_1)
FNF:4
FNH:2
FNDA:2,(anonymous_0)
FNDA:2,(anonymous_1)
FNDA:0,(anonymous_0)
FNDA:0,(anonymous_1)
DA:184,5
DA:213,2
DA:233,2
LF:3
LH:3
BRF:0
BRH:0
end_of_record
TN:
SF:api-strategy\src\strategies\nest-http-call.strategy.ts
FN:23,(anonymous_0)
FN:35,(anonymous_1)
FN:101,(anonymous_2)
FN:106,(anonymous_3)
FN:35,(anonymous_1)
FNF:5
FNH:4
FNDA:9,(anonymous_0)
FNDA:7,(anonymous_1)
FNDA:2,(anonymous_2)
FNDA:1,(anonymous_3)
FNDA:0,(anonymous_1)
DA:2,3
DA:3,3
DA:10,3
DA:11,3
DA:19,3
DA:24,9
DA:25,9
DA:26,9
DA:27,9
DA:29,9
DA:30,9
DA:32,9
DA:39,7
DA:43,7
DA:47,7
DA:52,1
DA:62,7
DA:69,7
DA:70,1
DA:73,7
DA:82,7
DA:101,3
DA:104,2
DA:107,1
DA:113,1
LF:25
LH:25
BRDA:26,0,0,6
BRDA:27,1,0,6
BRDA:31,2,0,9
BRDA:31,2,1,7
BRDA:45,3,0,7
BRDA:45,3,1,6
BRDA:47,4,0,1
BRDA:47,4,1,6
BRDA:48,5,0,7
BRDA:48,5,1,7
BRDA:48,5,2,2
BRDA:69,6,0,1
BRDA:69,6,1,6
BRDA:103,7,0,2
BRDA:31,8,0,0
BRDA:31,8,1,0
BRDA:45,9,0,0
BRDA:45,9,1,0
BRDA:47,10,0,0
BRDA:47,10,1,0
BRDA:69,11,0,0
BRDA:69,11,1,0
BRF:22
BRH:14
end_of_record
TN:
SF:api-strategy\src\strategies\nest-local-call.strategy.ts
FN:25,(anonymous_0)
FN:40,(anonymous_1)
FN:128,(anonymous_2)
FN:133,(anonymous_3)
FN:40,(anonymous_1)
FNF:5
FNH:4
FNDA:16,(anonymous_0)
FNDA:10,(anonymous_1)
FNDA:2,(anonymous_2)
FNDA:1,(anonymous_3)
FNDA:0,(anonymous_1)
DA:1,3
DA:2,3
DA:11,3
DA:12,3
DA:14,3
DA:21,3
DA:26,16
DA:27,16
DA:28,16
DA:29,16
DA:30,16
DA:32,16
DA:33,16
DA:35,16
DA:48,10
DA:49,10
DA:53,10
DA:57,10
DA:62,1
DA:72,10
DA:80,10
DA:85,10
DA:86,1
DA:89,10
DA:92,10
DA:93,10
DA:97,1
DA:99,9
DA:104,1
DA:107,10
DA:128,3
DA:131,2
DA:138,1
DA:144,1
LF:34
LH:34
BRDA:29,0,0,11
BRDA:30,1,0,11
BRDA:34,2,0,16
BRDA:34,2,1,14
BRDA:36,3,0,16
BRDA:36,3,1,16
BRDA:55,4,0,10
BRDA:55,4,1,9
BRDA:57,5,0,1
BRDA:57,5,1,9
BRDA:58,6,0,10
BRDA:58,6,1,10
BRDA:58,6,2,2
BRDA:85,7,0,1
BRDA:85,7,1,9
BRDA:93,8,0,1
BRDA:93,8,1,9
BRDA:94,9,0,10
BRDA:94,9,1,2
BRDA:130,10,0,2
BRDA:34,11,0,0
BRDA:34,11,1,0
BRDA:36,12,0,0
BRDA:36,12,1,0
BRDA:55,13,0,0
BRDA:55,13,1,0
BRDA:57,14,0,0
BRDA:57,14,1,0
BRDA:85,15,0,0
BRDA:85,15,1,0
BRDA:93,16,0,0
BRDA:93,16,1,0
BRDA:94,17,0,0
BRDA:94,17,1,0
BRF:34
BRH:20
end_of_record
TN:
SF:api-strategy\src\strategies\nest-local-event.strategy.ts
FN:9,(anonymous_0)
FN:11,(anonymous_1)
FN:15,(anonymous_2)
FN:27,(anonymous_3)
FN:32,(anonymous_4)
FN:9,(anonymous_0)
FN:11,(anonymous_1)
FN:15,(anonymous_2)
FNF:8
FNH:5
FNDA:8,(anonymous_0)
FNDA:1,(anonymous_1)
FNDA:1,(anonymous_2)
FNDA:2,(anonymous_3)
FNDA:1,(anonymous_4)
FNDA:0,(anonymous_0)
FNDA:0,(anonymous_1)
FNDA:0,(anonymous_2)
DA:2,3
DA:5,3
DA:9,8
DA:12,1
DA:16,1
DA:27,3
DA:30,2
DA:33,1
DA:39,1
LF:9
LH:9
BRDA:29,0,0,2
BRF:1
BRH:1
end_of_record
TN:
SF:api-strategy\src\strategies\rabbitmq-event.strategy.ts
FN:28,(anonymous_1)
FN:30,(anonymous_2)
FN:31,(anonymous_3)
FN:35,(anonymous_4)
FN:39,(anonymous_5)
FN:46,(anonymous_6)
FN:57,(anonymous_7)
FN:67,(anonymous_8)
FN:93,(anonymous_9)
FN:98,(anonymous_10)
FN:109,closeRabbitResource
FN:124,(anonymous_12)
FN:141,forceCloseRabbitResource
FN:28,(anonymous_0)
FN:30,(anonymous_1)
FN:31,(anonymous_2)
FN:35,(anonymous_3)
FN:39,(anonymous_4)
FN:46,(anonymous_5)
FN:57,(anonymous_6)
FN:67,(anonymous_7)
FN:98,(anonymous_9)
FN:109,closeRabbitResource
FN:141,forceCloseRabbitResource
FNF:24
FNH:13
FNDA:12,(anonymous_1)
FNDA:2,(anonymous_2)
FNDA:1,(anonymous_3)
FNDA:8,(anonymous_4)
FNDA:5,(anonymous_5)
FNDA:10,(anonymous_6)
FNDA:9,(anonymous_7)
FNDA:10,(anonymous_8)
FNDA:2,(anonymous_9)
FNDA:2,(anonymous_10)
FNDA:9,closeRabbitResource
FNDA:6,(anonymous_12)
FNDA:7,forceCloseRabbitResource
FNDA:0,(anonymous_0)
FNDA:0,(anonymous_1)
FNDA:0,(anonymous_2)
FNDA:0,(anonymous_3)
FNDA:0,(anonymous_4)
FNDA:0,(anonymous_5)
FNDA:0,(anonymous_6)
FNDA:0,(anonymous_7)
FNDA:0,(anonymous_9)
FNDA:0,closeRabbitResource
FNDA:0,forceCloseRabbitResource
DA:3,3
DA:22,3
DA:28,12
DA:31,2
DA:32,2
DA:36,8
DA:40,5
DA:41,4
DA:42,4
DA:43,4
DA:47,10
DA:48,9
DA:50,9
DA:58,9
DA:60,9
DA:61,1
DA:64,8
DA:68,10
DA:69,1
DA:72,9
DA:73,8
DA:74,8
DA:82,8
DA:93,3
DA:96,2
DA:99,2
DA:101,2
DA:105,2
DA:115,9
DA:116,2
DA:121,7
DA:122,7
DA:125,6
DA:129,4
DA:130,1
DA:133,7
DA:134,6
DA:137,7
DA:146,7
DA:150,7
DA:151,7
DA:152,7
DA:153,7
LF:43
LH:43
BRDA:51,0,0,9
BRDA:51,0,1,8
BRDA:52,1,0,9
BRDA:52,1,1,8
BRDA:60,2,0,1
BRDA:60,2,1,8
BRDA:64,3,0,8
BRDA:64,3,1,8
BRDA:68,4,0,1
BRDA:68,4,1,9
BRDA:76,5,0,8
BRDA:76,5,1,7
BRDA:78,6,0,8
BRDA:78,6,1,7
BRDA:99,7,0,2
BRDA:99,7,1,2
BRDA:101,8,0,1
BRDA:101,8,1,1
BRDA:115,9,0,2
BRDA:115,9,1,7
BRDA:129,10,0,1
BRDA:129,10,1,3
BRDA:129,11,0,4
BRDA:129,11,1,4
BRDA:133,12,0,6
BRDA:133,12,1,1
BRDA:51,13,0,0
BRDA:51,13,1,0
BRDA:52,14,0,0
BRDA:52,14,1,0
BRDA:60,15,0,0
BRDA:60,15,1,0
BRDA:64,16,0,0
BRDA:64,16,1,0
BRDA:68,17,0,0
BRDA:68,17,1,0
BRDA:76,18,0,0
BRDA:76,18,1,0
BRDA:78,19,0,0
BRDA:78,19,1,0
BRDA:99,20,0,0
BRDA:99,20,1,0
BRDA:101,21,0,0
BRDA:101,21,1,0
BRDA:115,22,0,0
BRDA:115,22,1,0
BRDA:129,23,0,0
BRDA:129,23,1,0
BRDA:129,24,0,0
BRDA:129,24,1,0
BRDA:133,25,0,0
BRDA:133,25,1,0
BRF:52
BRH:26
end_of_record
TN:
SF:api-strategy\src\strategies\shadow-call.strategy.ts
FN:18,(anonymous_0)
FN:34,(anonymous_1)
FN:39,(anonymous_2)
FN:40,(anonymous_3)
FN:44,(anonymous_4)
FN:49,(anonymous_5)
FN:50,(anonymous_6)
FN:54,(anonymous_7)
FN:59,(anonymous_8)
FN:60,(anonymous_9)
FN:64,(anonymous_10)
FN:72,(anonymous_11)
FN:79,(anonymous_12)
FN:82,(anonymous_13)
FN:34,(anonymous_1)
FN:44,(anonymous_4)
FN:54,(anonymous_7)
FN:64,(anonymous_10)
FN:79,(anonymous_12)
FN:82,(anonymous_13)
FNF:20
FNH:14
FNDA:6,(anonymous_0)
FNDA:3,(anonymous_1)
FNDA:3,(anonymous_2)
FNDA:3,(anonymous_3)
FNDA:1,(anonymous_4)
FNDA:1,(anonymous_5)
FNDA:1,(anonymous_6)
FNDA:1,(anonymous_7)
FNDA:1,(anonymous_8)
FNDA:1,(anonymous_9)
FNDA:5,(anonymous_10)
FNDA:5,(anonymous_11)
FNDA:1,(anonymous_12)
FNDA:1,(anonymous_13)
FNDA:0,(anonymous_1)
FNDA:0,(anonymous_4)
FNDA:0,(anonymous_7)
FNDA:0,(anonymous_10)
FNDA:0,(anonymous_12)
FNDA:0,(anonymous_13)
DA:14,3
DA:19,6
DA:20,6
DA:23,6
DA:24,1
DA:29,5
DA:30,5
DA:38,3
DA:39,3
DA:40,3
DA:48,1
DA:49,1
DA:50,1
DA:58,1
DA:59,1
DA:60,1
DA:70,5
DA:71,5
DA:72,5
DA:75,5
DA:76,3
DA:77,2
DA:79,1
DA:82,2
DA:85,3
LF:25
LH:25
BRDA:21,0,0,3
BRDA:23,1,0,1
BRDA:23,1,1,5
BRDA:29,2,0,5
BRDA:29,2,1,2
BRDA:31,3,0,5
BRDA:31,3,1,3
BRDA:75,4,0,3
BRDA:75,4,1,2
BRDA:76,5,0,2
BRDA:76,5,1,1
BRDA:23,6,0,0
BRDA:23,6,1,0
BRDA:29,7,0,0
BRDA:29,7,1,0
BRDA:31,8,0,0
BRDA:31,8,1,0
BRDA:75,9,0,0
BRDA:75,9,1,0
BRDA:76,10,0,0
BRDA:76,10,1,0
BRF:21
BRH:11
end_of_record
TN:
SF:app\src\app-bootstrap-base.helper.ts
FN:39,(anonymous_0)
FN:43,(anonymous_1)
FN:63,(anonymous_2)
FN:89,(anonymous_3)
FN:97,(anonymous_4)
FN:104,(anonymous_5)
FN:114,(anonymous_6)
FN:133,(anonymous_7)
FN:138,(anonymous_8)
FN:142,(anonymous_9)
FN:146,(anonymous_10)
FN:151,(anonymous_11)
FN:159,(anonymous_12)
FN:167,(anonymous_13)
FN:180,(anonymous_14)
FN:188,(anonymous_15)
FN:192,(anonymous_16)
FN:39,(anonymous_0)
FN:89,(anonymous_3)
FN:97,(anonymous_4)
FN:104,(anonymous_5)
FN:114,(anonymous_6)
FN:133,(anonymous_7)
FN:138,(anonymous_8)
FN:142,(anonymous_9)
FN:146,(anonymous_10)
FN:151,(anonymous_11)
FN:159,(anonymous_12)
FN:167,(anonymous_13)
FN:180,(anonymous_14)
FN:188,(anonymous_15)
FN:192,(anonymous_16)
FNF:32
FNH:14
FNDA:73,(anonymous_0)
FNDA:16,(anonymous_1)
FNDA:15,(anonymous_2)
FNDA:0,(anonymous_3)
FNDA:12,(anonymous_4)
FNDA:4,(anonymous_5)
FNDA:8,(anonymous_6)
FNDA:15,(anonymous_7)
FNDA:3,(anonymous_8)
FNDA:0,(anonymous_9)
FNDA:7,(anonymous_10)
FNDA:96,(anonymous_11)
FNDA:11,(anonymous_12)
FNDA:11,(anonymous_13)
FNDA:0,(anonymous_14)
FNDA:7,(anonymous_15)
FNDA:12,(anonymous_16)
FNDA:0,(anonymous_0)
FNDA:0,(anonymous_3)
FNDA:0,(anonymous_4)
FNDA:0,(anonymous_5)
FNDA:0,(anonymous_6)
FNDA:0,(anonymous_7)
FNDA:0,(anonymous_8)
FNDA:0,(anonymous_9)
FNDA:0,(anonymous_10)
FNDA:0,(anonymous_11)
FNDA:0,(anonymous_12)
FNDA:0,(anonymous_13)
FNDA:0,(anonymous_14)
FNDA:0,(anonymous_15)
FNDA:0,(anonymous_16)
DA:1,4
DA:8,4
DA:12,4
DA:13,4
DA:18,4
DA:19,4
DA:24,4
DA:37,4
DA:39,4
DA:40,73
DA:43,4
DA:48,16
DA:49,12
DA:52,4
DA:55,4
DA:61,15
DA:64,15
DA:65,15
DA:68,15
DA:74,15
DA:76,15
DA:81,1
DA:86,14
DA:93,0
DA:94,0
DA:98,12
DA:103,12
DA:104,12
DA:105,4
DA:106,4
DA:107,4
DA:113,12
DA:114,12
DA:115,8
DA:116,8
DA:118,8
DA:119,8
DA:121,0
DA:122,0
DA:124,8
DA:127,12
DA:134,15
DA:135,15
DA:139,3
DA:143,0
DA:147,7
DA:148,7
DA:152,96
DA:153,0
DA:156,96
DA:160,11
DA:162,11
DA:164,10
DA:173,11
DA:181,0
DA:189,7
DA:193,12
DA:194,12
DA:195,12
DA:196,12
DA:197,12
LF:61
LH:54
BRDA:48,0,0,12
BRDA:48,0,1,4
BRDA:70,1,0,15
BRDA:70,1,1,15
BRDA:76,2,0,1
BRDA:76,2,1,14
BRDA:77,3,0,15
BRDA:77,3,1,3
BRDA:77,3,2,2
BRDA:152,4,0,0
BRDA:152,4,1,96
BRDA:48,5,0,0
BRDA:48,5,1,0
BRDA:70,6,0,0
BRDA:70,6,1,0
BRDA:76,7,0,0
BRDA:76,7,1,0
BRDA:77,8,0,0
BRDA:77,8,1,0
BRDA:77,8,2,0
BRDA:152,9,0,0
BRDA:152,9,1,0
BRF:22
BRH:10
end_of_record
TN:
SF:app\src\app-bootstrap-standalone.helper.ts
FN:17,(anonymous_1)
FN:21,(anonymous_2)
FN:42,(anonymous_3)
FN:21,(anonymous_1)
FN:42,(anonymous_2)
FNF:5
FNH:3
FNDA:4,(anonymous_1)
FNDA:4,(anonymous_2)
FNDA:4,(anonymous_3)
FNDA:0,(anonymous_1)
FNDA:0,(anonymous_2)
DA:2,2
DA:5,2
DA:6,2
DA:7,2
DA:12,2
DA:14,2
DA:16,2
DA:18,4
DA:25,4
DA:29,4
DA:31,4
DA:33,4
DA:34,0
DA:35,0
DA:36,0
DA:39,4
DA:47,4
DA:48,4
DA:52,0
DA:54,0
DA:55,0
DA:58,4
LF:22
LH:16
BRDA:33,0,0,0
BRDA:33,0,1,4
BRDA:33,1,0,0
BRDA:33,1,1,0
BRF:4
BRH:1
end_of_record
TN:
SF:app\src\app-bootstrap.helper.ts
FN:53,(anonymous_1)
FN:57,(anonymous_2)
FN:75,(anonymous_3)
FN:90,(anonymous_4)
FN:113,(anonymous_5)
FN:141,(anonymous_6)
FN:145,(anonymous_7)
FN:149,(anonymous_8)
FN:157,(anonymous_9)
FN:159,(anonymous_10)
FN:206,(anonymous_11)
FN:212,(anonymous_12)
FN:220,(anonymous_13)
FN:255,(anonymous_14)
FN:260,sanitizeSwaggerPath
FN:57,(anonymous_1)
FN:75,(anonymous_2)
FN:90,(anonymous_3)
FN:113,(anonymous_4)
FN:141,(anonymous_5)
FN:145,(anonymous_6)
FN:149,(anonymous_7)
FN:206,(anonymous_10)
FN:212,(anonymous_11)
FN:220,(anonymous_12)
FN:255,(anonymous_13)
FN:260,sanitizeSwaggerPath
FNF:27
FNH:8
FNDA:10,(anonymous_1)
FNDA:0,(anonymous_2)
FNDA:8,(anonymous_3)
FNDA:7,(anonymous_4)
FNDA:8,(anonymous_5)
FNDA:0,(anonymous_6)
FNDA:1,(anonymous_7)
FNDA:8,(anonymous_8)
FNDA:0,(anonymous_9)
FNDA:0,(anonymous_10)
FNDA:1,(anonymous_11)
FNDA:0,(anonymous_12)
FNDA:0,(anonymous_13)
FNDA:0,(anonymous_14)
FNDA:1,sanitizeSwaggerPath
FNDA:0,(anonymous_1)
FNDA:0,(anonymous_2)
FNDA:0,(anonymous_3)
FNDA:0,(anonymous_4)
FNDA:0,(anonymous_5)
FNDA:0,(anonymous_6)
FNDA:0,(anonymous_7)
FNDA:0,(anonymous_10)
FNDA:0,(anonymous_11)
FNDA:0,(anonymous_12)
FNDA:0,(anonymous_13)
FNDA:0,sanitizeSwaggerPath
DA:1,2
DA:2,2
DA:9,2
DA:11,2
DA:15,2
DA:16,2
DA:17,2
DA:18,2
DA:19,2
DA:20,2
DA:21,2
DA:25,2
DA:26,2
DA:46,2
DA:50,9
DA:51,9
DA:54,10
DA:61,0
DA:63,0
DA:64,0
DA:65,0
DA:70,0
DA:72,0
DA:79,8
DA:84,7
DA:94,7
DA:95,7
DA:97,7
DA:99,0
DA:100,0
DA:101,0
DA:104,7
DA:105,0
DA:106,0
DA:107,0
DA:110,7
DA:117,8
DA:120,8
DA:121,8
DA:132,1
DA:134,1
DA:135,1
DA:138,7
DA:142,0
DA:146,1
DA:150,8
DA:152,8
DA:158,0
DA:159,0
DA:160,0
DA:162,0
DA:168,8
DA:172,8
DA:174,8
DA:179,8
DA:183,8
DA:185,8
DA:186,1
DA:187,1
DA:188,1
DA:189,1
DA:193,1
DA:199,8
DA:203,8
DA:207,1
DA:215,0
DA:216,0
DA:217,0
DA:218,0
DA:219,0
DA:220,0
DA:222,0
DA:234,0
DA:236,0
DA:244,0
DA:250,0
DA:251,0
DA:253,0
DA:254,0
DA:255,0
DA:261,1
DA:262,1
LF:82
LH:50
BRDA:63,0,0,0
BRDA:63,0,1,0
BRDA:104,1,0,0
BRDA:104,1,1,7
BRDA:117,2,0,8
BRDA:117,2,1,8
BRDA:126,3,0,8
BRDA:126,3,1,8
BRDA:128,4,0,8
BRDA:128,4,1,8
BRDA:164,5,0,8
BRDA:164,5,1,7
BRDA:169,6,0,8
BRDA:169,6,1,7
BRDA:169,6,2,7
BRDA:181,7,0,8
BRDA:181,7,1,7
BRDA:185,8,0,1
BRDA:185,8,1,7
BRDA:215,9,0,0
BRDA:215,9,1,0
BRDA:216,10,0,0
BRDA:216,10,1,0
BRDA:218,11,0,0
BRDA:218,11,1,0
BRDA:219,12,0,0
BRDA:219,12,1,0
BRDA:234,13,0,0
BRDA:234,13,1,0
BRDA:250,14,0,0
BRDA:250,14,1,0
BRDA:251,15,0,0
BRDA:251,15,1,0
BRDA:261,16,0,1
BRDA:261,16,1,1
BRDA:262,17,0,1
BRDA:262,17,1,0
BRDA:63,18,0,0
BRDA:63,18,1,0
BRDA:104,19,0,0
BRDA:104,19,1,0
BRDA:117,20,0,0
BRDA:117,20,1,0
BRDA:126,21,0,0
BRDA:126,21,1,0
BRDA:128,22,0,0
BRDA:128,22,1,0
BRDA:164,23,0,0
BRDA:164,23,1,0
BRDA:169,24,0,0
BRDA:169,24,1,0
BRDA:169,24,2,0
BRDA:181,25,0,0
BRDA:181,25,1,0
BRDA:185,26,0,0
BRDA:185,26,1,0
BRDA:215,27,0,0
BRDA:215,27,1,0
BRDA:216,28,0,0
BRDA:216,28,1,0
BRDA:218,29,0,0
BRDA:218,29,1,0
BRDA:219,30,0,0
BRDA:219,30,1,0
BRDA:234,31,0,0
BRDA:234,31,1,0
BRDA:250,32,0,0
BRDA:250,32,1,0
BRDA:251,33,0,0
BRDA:251,33,1,0
BRDA:261,34,0,0
BRDA:261,34,1,0
BRDA:262,35,0,0
BRDA:262,35,1,0
BRF:74
BRH:19
end_of_record
TN:
SF:app\src\app-config.service.ts
FN:12,(anonymous_0)
FN:29,(anonymous_1)
FN:36,(anonymous_2)
FN:41,createAppConfigProvider
FN:44,(anonymous_4)
FN:51,getAppConfigToken
FN:55,getAppEventToken
FN:59,getAppLoggerToken
FN:36,(anonymous_2)
FN:41,createAppConfigProvider
FN:51,getAppConfigToken
FN:55,getAppEventToken
FN:59,getAppLoggerToken
FNF:13
FNH:8
FNDA:21,(anonymous_0)
FNDA:21,(anonymous_1)
FNDA:1,(anonymous_2)
FNDA:8,createAppConfigProvider
FNDA:10,(anonymous_4)
FNDA:37,getAppConfigToken
FNDA:25,getAppEventToken
FNDA:18,getAppLoggerToken
FNDA:0,(anonymous_2)
[...]
DA:44,3
DA:45,3
DA:49,1
DA:55,1
DA:56,1
DA:57,1
DA:58,0
DA:59,0
DA:60,0
DA:61,0
DA:64,1
LF:19
LH:15
BRDA:43,0,0,3
BRDA:43,0,1,4
BRDA:56,1,0,1
BRDA:56,1,1,0
BRDA:58,2,0,0
BRDA:58,2,1,0
BRDA:60,3,0,0
BRDA:60,3,1,0
BRF:8
BRH:3
end_of_record
TN:
SF:sentinel\src\algorithms\lsass-guard.ts
FN:22,(anonymous_1)
FNF:1
FNH:1
FNDA:1,(anonymous_1)
DA:21,1
DA:23,1
DA:25,1
DA:27,1
DA:28,1
DA:29,1
DA:31,1
DA:32,1
DA:41,0
LF:9
LH:8
BRDA:25,0,0,1
BRDA:25,0,1,0
BRDA:25,0,2,0
BRDA:27,1,0,1
BRDA:27,1,1,0
BRDA:31,2,0,1
BRDA:31,2,1,0
BRDA:31,3,0,1
BRDA:31,3,1,0
BRDA:31,3,2,1
BRF:10
BRH:5
end_of_record
TN:
SF:sentinel\src\algorithms\markov-sequence.ts
FN:20,(anonymous_1)
FN:38,(anonymous_2)
FNF:2
FNH:2
FNDA:1,(anonymous_1)
FNDA:1,(anonymous_2)
DA:13,1
DA:14,1
DA:15,1
DA:21,1
DA:22,3
DA:23,3
DA:25,3
DA:26,3
DA:28,3
DA:29,3
DA:31,3
DA:39,1
DA:40,0
DA:43,1
DA:44,1
DA:45,2
DA:46,2
DA:48,2
DA:49,2
DA:51,2
DA:52,2
DA:55,1
DA:56,1
DA:58,1
LF:24
LH:23
BRDA:25,0,0,3
BRDA:25,0,1,0
BRDA:29,1,0,3
BRDA:29,1,1,3
BRDA:31,2,0,3
BRDA:31,2,1,3
BRDA:39,3,0,0
BRDA:39,3,1,1
BRDA:48,4,0,2
BRDA:48,4,1,0
BRDA:49,5,0,2
BRDA:49,5,1,0
BRDA:51,6,0,2
BRDA:51,6,1,0
BRF:14
BRH:9
end_of_record
TN:
SF:sentinel\src\algorithms\polymorphic-routes.ts
FN:26,(anonymous_4)
FN:34,(anonymous_5)
FN:59,(anonymous_6)
FNF:3
FNH:3
FNDA:1,(anonymous_4)
FNDA:1,(anonymous_5)
FNDA:2,(anonymous_6)
DA:7,1
DA:22,1
DA:27,1
DA:28,1
DA:35,1
DA:36,1
DA:37,1
DA:38,1
DA:40,1
DA:41,1
DA:42,1
DA:44,1
DA:45,1
DA:46,1
DA:48,1
DA:60,2
DA:62,2
DA:63,3
DA:64,3
DA:65,3
DA:67,3
DA:68,3
DA:69,3
DA:71,3
DA:72,3
DA:74,3
DA:75,1
DA:83,1
LF:28
LH:28
BRDA:26,0,0,0
BRDA:27,1,0,1
BRDA:27,1,1,0
BRDA:74,2,0,1
BRDA:74,2,1,2
BRF:5
BRH:3
end_of_record
TN:
SF:sentinel\src\algorithms\rag-groundedness.ts
FN:18,(anonymous_1)
FN:25,(anonymous_2)
FN:26,(anonymous_3)
FN:41,(anonymous_4)
FN:52,(anonymous_5)
FN:59,(anonymous_6)
FNF:6
FNH:6
FNDA:1,(anonymous_1)
FNDA:3,(anonymous_2)
FNDA:3,(anonymous_3)
FNDA:15,(anonymous_4)
FNDA:12,(anonymous_5)
FNDA:8,(anonymous_6)
DA:14,1
DA:23,1
DA:25,3
DA:26,3
DA:28,1
DA:29,0
DA:37,1
DA:38,1
DA:41,15
DA:44,1
DA:45,1
DA:46,1
DA:48,1
DA:49,2
DA:52,12
DA:54,2
DA:55,0
DA:56,0
DA:59,8
DA:60,2
DA:62,2
DA:63,2
DA:64,2
DA:66,0
DA:70,1
DA:71,1
DA:73,1
LF:27
LH:23
BRDA:21,0,0,0
BRDA:28,1,0,0
BRDA:28,1,1,1
BRDA:54,2,0,0
BRDA:54,2,1,2
BRDA:62,3,0,2
BRDA:62,3,1,0
BRF:7
BRH:3
end_of_record
TN:
SF:sentinel\src\algorithms\sbom-verifier.ts
FN:24,(anonymous_4)
FN:32,(anonymous_5)
FNF:2
FNH:1
FNDA:1,(anonymous_4)
FNDA:0,(anonymous_5)
DA:7,1
DA:23,1
DA:25,1
DA:26,1
DA:28,1
DA:29,1
DA:36,0
DA:37,0
DA:38,0
DA:40,0
DA:41,0
DA:42,0
DA:45,0
DA:46,0
DA:47,0
DA:48,0
DA:49,0
DA:51,0
DA:54,0
DA:58,0
LF:20
LH:6
BRDA:25,0,0,1
BRDA:25,0,1,0
BRDA:41,1,0,0
BRDA:41,1,1,0
BRDA:46,2,0,0
BRDA:46,2,1,0
BRDA:48,3,0,0
BRDA:48,3,1,0
BRDA:59,4,0,0
BRDA:59,4,1,0
BRF:10
BRH:1
end_of_record
TN:
SF:sentinel\src\algorithms\shannon-entropy.ts
FN:17,(anonymous_1)
FNF:1
FNH:1
FNDA:1,(anonymous_1)
DA:13,1
DA:18,1
DA:19,1
DA:20,0
DA:23,1
DA:24,1
DA:25,40
DA:28,1
DA:29,1
DA:30,1
DA:31,256
DA:32,20
DA:33,20
DA:38,1
DA:40,1
LF:15
LH:14
BRDA:18,0,0,1
BRDA:18,0,1,0
BRDA:19,1,0,0
BRDA:19,1,1,1
BRDA:31,2,0,20
BRDA:31,2,1,236
BRDA:38,3,0,1
BRDA:38,3,1,0
BRF:8
BRH:5
end_of_record
TN:
SF:utils\src\class.helper.ts
FN:4,isNativeClass
FN:16,isES6Class
FN:28,isClass
FN:4,isNativeClass
FN:16,isES6Class
FN:28,isClass
FNF:6
FNH:3
FNDA:8,isNativeClass
FNDA:5,isES6Class
FNDA:8,isClass
FNDA:0,isNativeClass
FNDA:0,isES6Class
FNDA:0,isClass
DA:4,3
DA:8,8
DA:16,3
DA:20,5
DA:28,3
DA:32,8
LF:6
LH:6
BRDA:8,0,0,8
BRDA:8,0,1,7
BRDA:8,0,2,6
BRDA:11,1,0,3
BRDA:11,1,1,3
BRDA:20,2,0,5
BRDA:20,2,1,4
BRDA:20,2,2,2
BRDA:23,3,0,2
BRDA:23,3,1,0
BRDA:32,4,0,8
BRDA:32,4,1,3
BRDA:9,5,0,0
BRDA:9,5,1,0
BRDA:9,5,2,0
BRDA:11,6,0,0
BRDA:11,6,1,0
BRDA:21,7,0,0
BRDA:21,7,1,0
BRDA:21,7,2,0
BRDA:23,8,0,0
BRDA:23,8,1,0
BRDA:32,9,0,0
BRDA:32,9,1,0
BRF:24
BRH:11
end_of_record
TN:
SF:utils\src\command.helper.ts
FN:7,(anonymous_0)
FN:10,(anonymous_1)
FN:10,(anonymous_1)
FNF:3
FNH:2
FNDA:2,(anonymous_0)
FNDA:2,(anonymous_1)
FNDA:0,(anonymous_1)
DA:7,3
DA:10,2
DA:11,2
DA:12,2
DA:15,1
DA:16,1
LF:6
LH:6
BRF:0
BRH:0
end_of_record
TN:
SF:utils\src\config-manager.helper.ts
FN:6,checkForDuplicateKeys
FN:16,(anonymous_1)
FN:30,(anonymous_2)
FN:37,(anonymous_3)
FN:58,(anonymous_4)
FN:65,(anonymous_5)
FN:80,(anonymous_6)
FN:93,(anonymous_7)
FN:107,(anonymous_8)
FN:6,checkForDuplicateKeys
FNF:10
FNH:9
FNDA:15,checkForDuplicateKeys
FNDA:35,(anonymous_1)
FNDA:13,(anonymous_2)
FNDA:12,(anonymous_3)
FNDA:15,(anonymous_4)
FNDA:13,(anonymous_5)
FNDA:3,(anonymous_6)
FNDA:2,(anonymous_7)
FNDA:2,(anonymous_8)
FNDA:0,checkForDuplicateKeys
DA:6,3
DA:7,15
DA:8,15
DA:9,20
DA:10,2
DA:12,18
DA:16,3
DA:17,35
DA:19,3
DA:30,3
DA:35,13
DA:37,13
DA:40,12
DA:42,2
DA:45,10
DA:53,13
DA:57,13
DA:58,15
DA:60,13
DA:62,12
DA:63,13
DA:65,13
DA:67,13
DA:68,7
DA:72,5
DA:80,3
DA:81,3
DA:85,3
DA:93,3
DA:98,2
DA:99,2
DA:107,3
DA:112,2
DA:116,2
LF:34
LH:34
BRDA:9,0,0,2
BRDA:9,0,1,18
BRDA:17,1,0,14
BRDA:17,1,1,21
BRDA:40,2,0,2
BRDA:40,2,1,10
BRDA:53,3,0,2
BRDA:53,3,1,11
BRDA:67,4,0,7
BRDA:67,4,1,6
BRDA:80,5,0,2
BRDA:9,6,0,0
BRDA:9,6,1,0
BRDA:17,7,0,0
BRDA:17,7,1,0
BRDA:40,8,0,0
BRDA:40,8,1,0
BRDA:53,9,0,0
BRDA:53,9,1,0
BRDA:67,10,0,0
BRDA:67,10,1,0
BRF:21
BRH:11
end_of_record
TN:
SF:utils\src\custom-validator.ts
FN:3,(anonymous_0)
FN:9,(anonymous_1)
FN:9,(anonymous_1)
FNF:3
FNH:2
FNDA:2,(anonymous_0)
FNDA:3,(anonymous_1)
FNDA:0,(anonymous_1)
DA:1,2
DA:3,2
DA:8,2
DA:10,3
LF:4
LH:4
BRF:0
BRH:0
end_of_record
TN:
SF:utils\src\data-structure.helper.ts
FN:1,(anonymous_0)
FN:6,(anonymous_1)
FNF:2
FNH:2
FNDA:1,(anonymous_0)
FNDA:2,(anonymous_1)
DA:1,3
DA:5,1
DA:7,2
DA:8,2
DA:9,2
DA:10,2
LF:6
LH:6
BRF:0
BRH:0
end_of_record
TN:
SF:utils\src\date.helper.ts
FN:6,(anonymous_0)
FN:33,(anonymous_1)
FN:38,(anonymous_2)
FN:42,(anonymous_3)
FN:48,(anonymous_4)
FN:54,(anonymous_5)
FN:58,(anonymous_6)
FN:6,(anonymous_0)
FN:33,(anonymous_1)
FN:38,(anonymous_2)
FN:42,(anonymous_3)
FN:48,(anonymous_4)
FN:54,(anonymous_5)
FN:58,(anonymous_6)
FNF:14
FNH:7
FNDA:4,(anonymous_0)
FNDA:8,(anonymous_1)
FNDA:8,(anonymous_2)
FNDA:1,(anonymous_3)
FNDA:1,(anonymous_4)
FNDA:1,(anonymous_5)
FNDA:1,(anonymous_6)
FNDA:0,(anonymous_0)
FNDA:0,(anonymous_1)
FNDA:0,(anonymous_2)
FNDA:0,(anonymous_3)
FNDA:0,(anonymous_4)
FNDA:0,(anonymous_5)
FNDA:0,(anonymous_6)
DA:1,3
DA:7,4
DA:8,4
DA:10,4
DA:11,4
DA:13,4
DA:15,4
DA:17,4
DA:19,4
DA:21,4
DA:23,4
DA:25,4
DA:34,8
DA:35,8
DA:39,8
DA:43,1
DA:44,1
DA:45,1
DA:49,1
DA:50,1
DA:51,1
DA:55,1
DA:59,1
LF:23
LH:23
BRDA:35,0,0,4
BRDA:35,0,1,4
BRDA:39,1,0,5
BRDA:39,1,1,3
BRF:4
BRH:4
end_of_record
TN:
SF:utils\src\encryption.helper.ts
FN:3,(anonymous_9)
FN:15,(anonymous_10)
FNF:2
FNH:2
FNDA:2,(anonymous_9)
FNDA:2,(anonymous_10)
DA:1,3
DA:3,3
DA:4,2
DA:5,2
DA:10,2
DA:11,2
DA:12,2
DA:15,3
DA:16,2
DA:17,1
DA:19,1
DA:20,1
DA:21,1
DA:26,1
DA:27,1
DA:28,1
LF:16
LH:16
BRDA:16,0,0,1
BRDA:16,0,1,1
BRDA:16,1,0,0
BRDA:16,1,1,0
BRF:4
BRH:2
end_of_record
TN:
SF:utils\src\enum.helper.ts
FN:9,(anonymous_0)
FN:21,(anonymous_1)
FN:23,(anonymous_2)
FN:27,(anonymous_3)
FN:32,(anonymous_4)
FNF:5
FNH:5
FNDA:2,(anonymous_0)
FNDA:1,(anonymous_1)
FNDA:2,(anonymous_2)
FNDA:3,(anonymous_3)
FNDA:4,(anonymous_4)
DA:9,3
DA:13,2
DA:21,3
DA:22,1
DA:23,2
DA:24,1
DA:27,3
DA:31,3
DA:32,4
DA:33,2
LF:10
LH:10
BRDA:31,0,0,1
BRDA:31,0,1,2
BRDA:33,1,0,1
BRDA:33,1,1,1
BRDA:31,2,0,0
BRDA:31,2,1,0
BRDA:33,3,0,0
BRDA:33,3,1,0
BRF:8
BRH:4
end_of_record
TN:
SF:utils\src\env.helper.ts
FN:5,(anonymous_0)
FN:10,(anonymous_1)
FN:14,envIsTrue
FN:27,isProduction
FN:32,(anonymous_4)
FN:14,envIsTrue
FN:27,isProduction
FNF:7
FNH:5
FNDA:3,(anonymous_0)
FNDA:4,(anonymous_1)
FNDA:4,envIsTrue
FNDA:4,isProduction
FNDA:5,(anonymous_4)
FNDA:0,envIsTrue
FNDA:0,isProduction
DA:5,4
DA:7,3
DA:9,2
DA:10,4
DA:14,4
DA:15,4
DA:17,3
DA:18,3
DA:27,4
DA:28,4
DA:32,5
LF:11
LH:11
BRDA:7,0,0,1
BRDA:7,0,1,2
BRDA:9,1,0,2
BRDA:9,1,1,1
BRDA:15,2,0,1
BRDA:15,2,1,3
BRDA:18,3,0,3
BRDA:18,3,1,2
BRDA:18,3,2,1
BRDA:27,4,0,1
BRDA:28,5,0,4
BRDA:28,5,1,3
BRDA:28,5,2,2
BRDA:7,6,0,0
BRDA:7,6,1,0
BRDA:10,7,0,0
BRDA:10,7,1,0
BRDA:15,8,0,0
BRDA:15,8,1,0
BRDA:18,9,0,0
BRDA:18,9,1,0
BRDA:18,9,2,0
BRDA:29,10,0,0
BRDA:29,10,1,0
BRDA:29,10,2,0
BRF:25
BRH:13
end_of_record
TN:
SF:utils\src\error.helper.ts
FN:6,throwWrap
FN:6,throwWrap
FNF:2
FNH:1
FNDA:2,throwWrap
FNDA:0,throwWrap
DA:6,3
DA:7,2
DA:8,1
DA:10,1
LF:4
LH:4
BRDA:7,0,0,1
BRDA:7,0,1,1
BRDA:7,1,0,0
BRDA:7,1,1,0
BRF:4
BRH:2
end_of_record
TN:
SF:utils\src\faker-helper.ts
FN:9,(anonymous_0)
FN:59,(anonymous_1)
FN:67,(anonymous_2)
FN:88,(anonymous_3)
FN:14,(anonymous_4)
FN:27,(anonymous_5)
FN:52,(anonymous_6)
FN:14,(anonymous_0)
FN:27,(anonymous_1)
FN:52,(anonymous_2)
FN:88,(anonymous_5)
FNF:11
FNH:7
FNDA:2,(anonymous_0)
FNDA:1,(anonymous_1)
FNDA:2,(anonymous_2)
FNDA:3,(anonymous_3)
FNDA:2,(anonymous_4)
FNDA:9,(anonymous_5)
FNDA:1,(anonymous_6)
FNDA:0,(anonymous_0)
FNDA:0,(anonymous_1)
FNDA:0,(anonymous_2)
FNDA:0,(anonymous_5)
DA:1,1
DA:6,1
DA:7,1
DA:9,1
DA:10,2
DA:15,2
DA:16,2
DA:17,2
DA:19,2
DA:28,9
DA:30,9
DA:31,12
DA:33,12
DA:34,8
DA:35,8
DA:38,4
DA:39,1
DA:43,1
DA:48,1
DA:49,1
DA:55,1
DA:56,1
DA:59,2
DA:60,1
DA:67,2
DA:68,2
DA:69,2
DA:71,2
DA:74,2
DA:77,2
DA:81,2
DA:88,2
DA:89,3
DA:90,3
DA:91,1
DA:92,2
DA:93,1
DA:95,1
LF:38
LH:38
BRDA:67,0,0,2
BRDA:67,1,0,2
BRDA:90,2,0,1
BRDA:90,2,1,2
BRDA:92,3,0,1
BRDA:92,3,1,1
BRDA:15,4,0,0
BRDA:15,4,1,2
BRDA:33,5,0,8
BRDA:33,5,1,4
BRDA:38,6,0,1
BRDA:38,6,1,3
BRDA:15,7,0,0
BRDA:15,7,1,0
BRDA:33,8,0,0
BRDA:33,8,1,0
BRDA:38,9,0,0
BRDA:38,9,1,0
BRDA:90,10,0,0
BRDA:90,10,1,0
BRDA:92,11,0,0
BRDA:92,11,1,0
BRF:22
BRH:11
end_of_record
TN:
SF:utils\src\files.helper.ts
FN:9,__filename
FN:18,___dirname
FN:9,__filename
FN:18,___dirname
FNF:4
FNH:2
FNDA:2,__filename
FNDA:1,___dirname
FNDA:0,__filename
FNDA:0,___dirname
DA:1,3
DA:2,3
DA:9,3
DA:10,2
DA:18,3
DA:19,1
LF:6
LH:6
BRF:0
BRH:0
end_of_record
TN:
SF:utils\src\http.helper.ts
FN:124,(anonymous_0)
FNF:1
FNH:1
FNDA:2,(anonymous_0)
DA:1,4
DA:24,4
DA:26,4
DA:36,4
DA:124,4
DA:128,2
DA:131,4
LF:7
LH:7
BRDA:126,0,0,2
BRDA:128,1,0,2
BRDA:128,1,1,1
BRDA:128,2,0,0
BRDA:128,2,1,0
BRF:5
BRH:3
end_of_record
TN:
SF:utils\src\index.ts
FNF:0
FNH:0
DA:1,2
DA:2,2
DA:3,2
DA:4,2
DA:5,2
DA:6,2
DA:7,2
DA:8,2
DA:10,2
DA:11,2
DA:12,2
DA:13,2
DA:14,2
DA:16,2
DA:17,2
DA:18,2
DA:19,2
DA:20,2
DA:21,2
DA:22,2
DA:23,2
LF:21
LH:21
BRF:0
BRH:0
end_of_record
TN:
SF:utils\src\interval.helper.ts
FN:2,(anonymous_0)
FN:6,(anonymous_1)
FN:10,(anonymous_2)
FN:2,(anonymous_0)
FN:6,(anonymous_1)
FN:10,(anonymous_2)
FNF:6
FNH:3
FNDA:1,(anonymous_0)
FNDA:1,(anonymous_1)
FNDA:1,(anonymous_2)
FNDA:0,(anonymous_0)
FNDA:0,(anonymous_1)
FNDA:0,(anonymous_2)
DA:1,3
DA:3,1
DA:7,1
DA:11,1
LF:4
LH:4
BRF:0
BRH:0
end_of_record
TN:
SF:utils\src\math.helper.ts
FN:1,isScientificNotation
FN:1,isScientificNotation
FNF:2
FNH:1
FNDA:2,isScientificNotation
FNDA:0,isScientificNotation
DA:1,3
DA:2,2
DA:3,2
LF:3
LH:3
BRF:0
BRH:0
end_of_record
TN:
SF:utils\src\nest.decorator.ts
FN:3,(anonymous_0)
FNF:1
FNH:0
FNDA:0,(anonymous_0)
DA:1,0
DA:3,0
DA:7,0
DA:10,0
LF:4
LH:0
BRF:0
BRH:0
end_of_record
TN:
SF:utils\src\object-mapper.helper.ts
FN:37,setMappedProperty
FN:75,objectMapper
FN:125,(anonymous_2)
FN:37,setMappedProperty
FN:75,objectMapper
FNF:5
FNH:3
FNDA:5,setMappedProperty
FNDA:12,objectMapper
FNDA:6,(anonymous_2)
FNDA:0,setMappedProperty
FNDA:0,objectMapper
DA:56,5
DA:57,2
DA:59,3
DA:62,5
DA:64,4
DA:75,4
DA:85,12
DA:86,12
DA:87,26
DA:88,1
DA:92,1
DA:93,1
DA:96,25
DA:99,25
DA:106,5
DA:107,1
DA:111,5
DA:115,20
DA:118,19
DA:119,15
DA:122,15
DA:125,4
DA:133,6
DA:135,6
DA:137,5
DA:147,12
LF:26
LH:26
BRDA:56,0,0,2
BRDA:56,0,1,3
BRDA:62,1,0,1
BRDA:62,1,1,4
BRDA:64,2,0,2
BRDA:64,2,1,2
BRDA:81,3,0,7
BRDA:87,4,0,1
BRDA:87,4,1,25
BRDA:99,5,0,5
BRDA:99,5,1,20
BRDA:106,6,0,1
BRDA:106,6,1,4
BRDA:115,7,0,1
BRDA:115,7,1,19
BRDA:118,8,0,15
BRDA:118,8,1,4
BRDA:135,9,0,1
BRDA:135,9,1,5
BRDA:56,10,0,0
BRDA:56,10,1,0
BRDA:62,11,0,0
BRDA:62,11,1,0
BRDA:64,12,0,0
BRDA:64,12,1,0
BRDA:87,13,0,0
BRDA:87,13,1,0
BRDA:99,14,0,0
BRDA:99,14,1,0
BRDA:106,15,0,0
BRDA:106,15,1,0
BRDA:115,16,0,0
BRDA:115,16,1,0
BRDA:118,17,0,0
BRDA:118,17,1,0
BRDA:135,18,0,0
BRDA:135,18,1,0
BRF:37
BRH:19
end_of_record
TN:
SF:utils\src\object-mapper.interceptor.ts
FN:10,objectMapperInterceptor
FN:28,(anonymous_2)
FN:30,(anonymous_3)
FN:36,(anonymous_4)
FN:10,objectMapperInterceptor
FN:28,(anonymous_2)
FNF:6
FNH:4
FNDA:4,objectMapperInterceptor
FNDA:4,(anonymous_2)
FNDA:4,(anonymous_3)
FNDA:2,(anonymous_4)
FNDA:0,objectMapperInterceptor
FNDA:0,(anonymous_2)
DA:1,3
DA:7,3
DA:8,3
DA:10,3
DA:26,0
DA:27,4
DA:29,4
DA:31,4
DA:35,4
DA:36,2
DA:37,1
DA:40,3
DA:44,3
DA:50,4
LF:14
LH:13
BRDA:15,0,0,2
BRDA:31,1,0,1
BRDA:31,1,1,3
BRDA:35,2,0,1
BRDA:35,2,1,3
BRDA:37,3,0,1
BRDA:37,3,1,1
BRDA:44,4,0,3
BRDA:44,4,1,2
BRDA:31,5,0,0
BRDA:31,5,1,0
BRDA:35,6,0,0
BRDA:35,6,1,0
BRDA:37,7,0,0
BRDA:37,7,1,0
BRDA:44,8,0,0
BRDA:44,8,1,0
BRF:17
BRH:9
end_of_record
TN:
SF:utils\src\object.helper.ts
FN:19,(anonymous_0)
FN:28,isObjectStrict
FN:44,(anonymous_2)
FN:97,(anonymous_3)
FN:110,(anonymous_4)
FN:127,objectSetProp
FN:146,objectsHaveSameKeys
FN:148,(anonymous_7)
FN:152,(anonymous_8)
FN:161,getObjectId
FN:28,isObjectStrict
FN:127,objectSetProp
FN:146,objectsHaveSameKeys
FN:161,getObjectId
FNF:14
FNH:10
FNDA:66,(anonymous_0)
FNDA:13,isObjectStrict
FNDA:13,(anonymous_2)
FNDA:6,(anonymous_3)
FNDA:1,(anonymous_4)
FNDA:3,objectSetProp
FNDA:2,objectsHaveSameKeys
FNDA:4,(anonymous_7)
FNDA:3,(anonymous_8)
FNDA:3,getObjectId
FNDA:0,isObjectStrict
FNDA:0,objectSetProp
FNDA:0,objectsHaveSameKeys
FNDA:0,getObjectId
DA:19,4
DA:20,66
DA:28,4
DA:29,13
DA:44,4
DA:50,13
DA:51,1
DA:54,12
DA:56,12
DA:57,11
DA:59,11
DA:60,11
DA:62,11
DA:63,10
DA:64,16
DA:65,15
DA:66,5
DA:67,2
DA:69,5
DA:71,10
DA:77,2
DA:79,8
DA:88,12
DA:97,4
DA:101,6
DA:110,4
DA:114,1
DA:127,4
DA:132,3
DA:133,3
DA:134,3
DA:135,3
DA:136,2
DA:137,2
DA:138,2
DA:141,3
DA:143,3
DA:146,4
DA:147,2
DA:148,4
DA:151,2
DA:152,3
DA:155,4
DA:157,4
DA:161,4
DA:164,3
DA:165,3
DA:166,2
DA:167,2
DA:169,2
DA:172,1
LF:51
LH:51
BRDA:20,0,0,66
BRDA:20,0,1,46
BRDA:29,1,0,13
BRDA:29,1,1,6
BRDA:29,1,2,6
BRDA:29,1,3,5
BRDA:50,2,0,1
BRDA:50,2,1,12
BRDA:56,3,0,11
BRDA:56,3,1,1
BRDA:62,4,0,10
BRDA:62,4,1,1
BRDA:64,5,0,15
BRDA:64,5,1,1
BRDA:65,6,0,5
BRDA:65,6,1,10
BRDA:65,7,0,15
BRDA:65,7,1,6
BRDA:66,8,0,2
BRDA:66,8,1,3
BRDA:66,9,0,5
BRDA:66,9,1,3
BRDA:71,10,0,2
BRDA:71,10,1,8
BRDA:72,11,0,10
BRDA:72,11,1,8
BRDA:72,11,2,2
BRDA:137,12,0,1
BRDA:137,12,1,1
BRDA:165,13,0,2
BRDA:165,13,1,1
BRDA:20,14,0,0
BRDA:20,14,1,0
BRDA:30,15,0,0
BRDA:30,15,1,0
BRDA:30,15,2,0
BRDA:30,15,3,0
BRDA:50,16,0,0
BRDA:50,16,1,0
BRDA:56,17,0,0
BRDA:56,17,1,0
BRDA:62,18,0,0
BRDA:62,18,1,0
BRDA:64,19,0,0
BRDA:64,19,1,0
BRDA:65,20,0,0
BRDA:65,20,1,0
BRDA:65,21,0,0
BRDA:65,21,1,0
BRDA:66,22,0,0
BRDA:66,22,1,0
BRDA:66,23,0,0
BRDA:66,23,1,0
BRDA:71,24,0,0
BRDA:71,24,1,0
BRDA:72,25,0,0
BRDA:72,25,1,0
BRDA:72,25,2,0
BRDA:137,26,0,0
BRDA:137,26,1,0
BRDA:165,27,0,0
BRDA:165,27,1,0
BRF:62
BRH:31
end_of_record
TN:
SF:utils\src\plugin.helper.ts
FN:20,WithPluginSystem
FN:23,(anonymous_1)
FN:26,(anonymous_2)
FN:30,(anonymous_3)
FN:31,(anonymous_4)
FN:34,(anonymous_5)
FN:20,WithPluginSystem
FN:26,(anonymous_1)
FN:30,(anonymous_2)
FN:34,(anonymous_4)
FNF:10
FNH:6
FNDA:12,WithPluginSystem
FNDA:6,(anonymous_1)
FNDA:5,(anonymous_2)
FNDA:1,(anonymous_3)
FNDA:1,(anonymous_4)
FNDA:2,(anonymous_5)
FNDA:0,WithPluginSystem
FNDA:0,(anonymous_1)
FNDA:0,(anonymous_2)
FNDA:0,(anonymous_4)
DA:3,4
DA:20,4
DA:23,12
DA:24,6
DA:27,5
DA:31,1
DA:35,2
DA:36,3
DA:41,12
LF:9
LH:9
BRDA:21,0,0,8
BRF:1
BRH:1
end_of_record
TN:
SF:utils\src\promise.helper.ts
FN:15,promiseMap
FN:29,(anonymous_10)
FN:33,(anonymous_11)
FN:36,(anonymous_12)
FN:37,(anonymous_13)
FN:46,(anonymous_14)
FN:50,(anonymous_15)
FN:52,(anonymous_16)
FN:55,(anonymous_17)
FN:58,(anonymous_18)
FN:15,promiseMap
FN:33,(anonymous_1)
FN:36,(anonymous_2)
FN:37,(anonymous_3)
FN:46,(anonymous_4)
FN:50,(anonymous_5)
FN:55,(anonymous_7)
FNF:17
FNH:10
FNDA:2,promiseMap
FNDA:7,(anonymous_10)
FNDA:4,(anonymous_11)
FNDA:4,(anonymous_12)
FNDA:1,(anonymous_13)
FNDA:1,(anonymous_14)
FNDA:4,(anonymous_15)
FNDA:5,(anonymous_16)
FNDA:3,(anonymous_17)
FNDA:1,(anonymous_18)
FNDA:0,promiseMap
FNDA:0,(anonymous_1)
FNDA:0,(anonymous_2)
FNDA:0,(anonymous_3)
FNDA:0,(anonymous_4)
FNDA:0,(anonymous_5)
FNDA:0,(anonymous_7)
DA:2,4
DA:4,4
DA:15,4
DA:20,2
DA:29,4
DA:30,7
DA:31,7
DA:34,4
DA:35,4
DA:36,4
DA:47,1
DA:52,5
DA:56,3
DA:58,2
DA:65,4
LF:15
LH:15
BRDA:21,0,0,2
BRDA:21,0,1,1
BRDA:22,1,0,2
BRDA:22,1,1,1
BRDA:21,2,0,0
BRDA:21,2,1,0
BRDA:22,3,0,0
BRDA:22,3,1,0
BRF:8
BRH:4
end_of_record
TN:
SF:utils\src\returnValue.ts
FN:7,returnValue
FN:8,(anonymous_1)
FN:11,returnAsyncValue
FN:14,(anonymous_3)
FN:20,(anonymous_4)
FN:23,(anonymous_5)
FN:7,returnValue
FN:8,(anonymous_1)
FN:11,returnAsyncValue
FN:14,(anonymous_3)
FNF:10
FNH:6
FNDA:6,returnValue
FNDA:6,(anonymous_1)
FNDA:1,returnAsyncValue
FNDA:1,(anonymous_3)
FNDA:2,(anonymous_4)
FNDA:2,(anonymous_5)
FNDA:0,returnValue
FNDA:0,(anonymous_1)
FNDA:0,returnAsyncValue
FNDA:0,(anonymous_3)
DA:7,3
DA:8,6
DA:11,3
DA:14,1
DA:20,3
DA:23,2
DA:26,3
LF:7
LH:7
BRF:0
BRH:0
end_of_record
TN:
SF:utils\src\rxjs.helper.ts
FN:27,wrapIntoObservable
FN:45,wrapIntoAnOperator
FN:59,switchTap
FN:62,(anonymous_4)
FN:64,(anonymous_5)
FN:67,(anonymous_6)
FN:27,wrapIntoObservable
FN:45,wrapIntoAnOperator
FN:59,switchTap
FNF:9
FNH:6
FNDA:4,wrapIntoObservable
FNDA:2,wrapIntoAnOperator
FNDA:3,switchTap
FNDA:3,(anonymous_4)
FNDA:3,(anonymous_5)
FNDA:3,(anonymous_6)
FNDA:0,wrapIntoObservable
FNDA:0,wrapIntoAnOperator
FNDA:0,switchTap
DA:2,3
DA:13,3
DA:14,3
DA:27,3
DA:30,4
DA:31,1
DA:34,3
DA:35,1
DA:38,2
DA:39,1
DA:42,1
DA:45,3
DA:48,2
DA:49,1
DA:52,1
DA:59,3
DA:62,3
DA:63,3
DA:65,3
DA:68,3
LF:20
LH:20
BRDA:30,0,0,1
BRDA:30,0,1,3
BRDA:30,1,0,4
BRDA:30,1,1,3
BRDA:34,2,0,1
BRDA:34,2,1,2
BRDA:38,3,0,1
BRDA:38,3,1,1
BRDA:48,4,0,1
BRDA:48,4,1,1
BRDA:68,5,0,2
BRDA:68,5,1,1
BRDA:30,6,0,0
BRDA:30,6,1,0
BRDA:30,7,0,0
BRDA:30,7,1,0
BRDA:34,8,0,0
BRDA:34,8,1,0
BRDA:38,9,0,0
BRDA:38,9,1,0
BRDA:48,10,0,0
BRDA:48,10,1,0
BRDA:68,11,0,0
BRDA:68,11,1,0
BRF:24
BRH:12
end_of_record
TN:
SF:utils\src\simple-mapper.interceptor.ts
FN:16,buildSimpleMapperInterceptor
FN:25,(anonymous_2)
FN:30,(anonymous_3)
FN:33,(anonymous_4)
FN:16,buildSimpleMapperInterceptor
FN:25,(anonymous_2)
FNF:6
FNH:4
FNDA:4,buildSimpleMapperInterceptor
FNDA:2,(anonymous_2)
FNDA:2,(anonymous_3)
FNDA:2,(anonymous_4)
FNDA:0,buildSimpleMapperInterceptor
FNDA:0,(anonymous_2)
DA:1,3
DA:7,3
DA:16,3
DA:23,0
DA:24,4
DA:29,2
DA:31,2
DA:32,2
DA:33,2
DA:36,2
DA:42,4
LF:11
LH:10
BRDA:31,0,0,2
BRDA:31,0,1,1
BRDA:32,1,0,1
BRDA:32,1,1,1
BRDA:36,2,0,2
BRDA:36,2,1,1
BRDA:31,3,0,0
BRDA:31,3,1,0
BRDA:32,4,0,0
BRDA:32,4,1,0
BRDA:36,5,0,0
BRDA:36,5,1,0
BRF:12
BRH:6
end_of_record
TN:
SF:utils\src\validator-helper.ts
FN:3,stringIsInEnumOrThrow
FN:13,stringIsInEnum
FN:3,stringIsInEnumOrThrow
FN:13,stringIsInEnum
FNF:4
FNH:2
FNDA:3,stringIsInEnumOrThrow
FNDA:9,stringIsInEnum
FNDA:0,stringIsInEnumOrThrow
FNDA:0,stringIsInEnum
DA:1,2
DA:3,2
DA:6,3
DA:7,1
DA:9,2
DA:10,2
DA:13,2
DA:17,9
DA:18,14
DA:22,5
DA:25,4
LF:11
LH:11
BRDA:6,0,0,1
BRDA:6,0,1,2
BRDA:9,1,0,1
BRDA:9,1,1,1
BRDA:18,2,0,5
BRDA:18,2,1,9
BRDA:19,3,0,14
BRDA:19,3,1,14
BRDA:6,4,0,0
BRDA:6,4,1,0
BRDA:9,5,0,0
BRDA:9,5,1,0
BRDA:18,6,0,0
BRDA:18,6,1,0
BRDA:19,7,0,0
BRDA:19,7,1,0
BRF:16
BRH:8
end_of_record
TN:
SF:utils\src\zlib.helper.ts
FN:3,(anonymous_0)
FN:12,(anonymous_1)
FNF:2
FNH:2
FNDA:2,(anonymous_0)
FNDA:2,(anonymous_1)
DA:1,3
DA:3,3
DA:4,2
DA:5,2
DA:6,1
DA:8,1
DA:12,3
DA:13,2
DA:14,2
DA:15,1
DA:17,1
LF:11
LH:11
BRF:0
BRH:0
end_of_record
TN:
SF:utils\src\nestjs\nest.decorator.ts
FN:3,(anonymous_0)
FNF:1
FNH:1
FNDA:1,(anonymous_0)
DA:1,3
DA:3,3
DA:7,1
DA:10,3
LF:4
LH:4
BRF:0
BRH:0
end_of_record
TN:
SF:utils\src\nestjs\nest.helper.ts
FN:3,isProviderObject
FN:3,isProviderObject
FNF:2
FNH:1
FNDA:3,isProviderObject
FNDA:0,isProviderObject
DA:3,1
DA:4,3
LF:2
LH:2
BRDA:4,0,0,3
BRDA:4,0,1,3
BRDA:4,0,2,2
BRDA:4,1,0,0
BRDA:4,1,1,0
BRDA:4,1,2,0
BRF:6
BRH:3
end_of_record
