TN:
SF:crud-gen\src\conditions.error.ts
FNF:0
FNH:0
DA:1,0
DA:5,0
DA:16,0
LF:3
LH:0
BRF:0
BRH:0
end_of_record
TN:
SF:crud-gen\src\crud-gen-resource.factory.ts
FN:52,hasProviderOverride
FN:56,isGeneratedGraphqlSurface
FN:62,hasGraphqlServiceToken
FN:74,hasGraphqlDataLoaderToken
FN:86,hasRestServiceToken
FN:92,inferPrimaryDatabaseKey
FN:95,(anonymous_6)
FN:114,normalizeBackendOptions
FN:155,CrudGenResourceFactory
FNF:9
FNH:0
FNDA:0,hasProviderOverride
FNDA:0,isGeneratedGraphqlSurface
FNDA:0,hasGraphqlServiceToken
FNDA:0,hasGraphqlDataLoaderToken
FNDA:0,hasRestServiceToken
FNDA:0,inferPrimaryDatabaseKey
FNDA:0,(anonymous_6)
FNDA:0,normalizeBackendOptions
FNDA:0,CrudGenResourceFactory
DA:2,0
DA:4,0
DA:10,0
DA:53,0
DA:59,0
DA:65,0
DA:66,0
DA:69,0
DA:71,0
DA:77,0
DA:78,0
DA:81,0
DA:83,0
DA:89,0
DA:95,0
DA:96,0
DA:104,0
DA:105,0
DA:111,0
DA:120,0
DA:121,0
DA:123,0
DA:127,0
DA:131,0
DA:132,0
DA:136,0
DA:138,0
DA:155,0
DA:163,0
DA:166,0
DA:169,0
DA:179,0
DA:192,0
DA:204,0
DA:215,0
LF:35
LH:0
BRDA:53,0,0,0
BRDA:53,0,1,0
BRDA:53,0,2,0
BRDA:59,1,0,0
BRDA:59,1,1,0
BRDA:65,2,0,0
BRDA:65,2,1,0
BRDA:65,3,0,0
BRDA:65,3,1,0
BRDA:71,4,0,0
BRDA:71,4,1,0
BRDA:77,5,0,0
BRDA:77,5,1,0
BRDA:77,6,0,0
BRDA:77,6,1,0
BRDA:83,7,0,0
BRDA:83,7,1,0
BRDA:89,8,0,0
BRDA:89,8,1,0
BRDA:97,9,0,0
BRDA:97,9,1,0
BRDA:97,9,2,0
BRDA:97,9,3,0
BRDA:104,10,0,0
BRDA:104,10,1,0
BRDA:120,11,0,0
BRDA:120,11,1,0
BRDA:123,12,0,0
BRDA:123,12,1,0
BRDA:123,12,2,0
BRDA:123,12,3,0
BRDA:123,12,4,0
BRDA:127,13,0,0
BRDA:127,13,1,0
BRDA:127,13,2,0
BRDA:131,14,0,0
BRDA:131,14,1,0
BRDA:131,15,0,0
BRDA:131,15,1,0
BRDA:131,15,2,0
BRDA:136,16,0,0
BRDA:136,16,1,0
BRDA:141,17,0,0
BRDA:141,17,1,0
BRDA:142,18,0,0
BRDA:142,18,1,0
BRDA:143,19,0,0
BRDA:143,19,1,0
BRDA:146,20,0,0
BRDA:146,20,1,0
BRDA:147,21,0,0
BRDA:147,21,1,0
BRDA:148,22,0,0
BRDA:148,22,1,0
BRDA:149,23,0,0
BRDA:149,23,1,0
BRDA:163,24,0,0
BRDA:163,24,1,0
BRDA:166,25,0,0
BRDA:166,25,1,0
BRDA:169,26,0,0
BRDA:169,26,1,0
BRDA:173,27,0,0
BRDA:173,27,1,0
BRDA:179,28,0,0
BRDA:179,28,1,0
BRDA:192,29,0,0
BRDA:192,29,1,0
BRDA:192,30,0,0
BRDA:192,30,1,0
BRDA:198,31,0,0
BRDA:198,31,1,0
BRDA:200,32,0,0
BRDA:200,32,1,0
BRDA:204,33,0,0
BRDA:204,33,1,0
BRDA:204,34,0,0
BRDA:204,34,1,0
BRDA:211,35,0,0
BRDA:211,35,1,0
BRF:80
BRH:0
end_of_record
TN:
SF:crud-gen\src\crud-gen-type-checker.utils.ts
FN:19,isFilterInputStrict
FN:30,isFilterModel
FN:45,isTextFilterModel
FN:60,isNumberFilterModel
FN:75,isSetFilterModel
FN:83,isDateFilterModel
FN:98,isCombinedFilterModel
FN:115,isCombinedWhereModel
FN:127,isMulticolumnJoinOptions
FN:136,isFindOperator
FN:149,isOperator
FNF:11
FNH:0
FNDA:0,isFilterInputStrict
FNDA:0,isFilterModel
FNDA:0,isTextFilterModel
FNDA:0,isNumberFilterModel
FNDA:0,isSetFilterModel
FNDA:0,isDateFilterModel
FNDA:0,isCombinedFilterModel
FNDA:0,isCombinedWhereModel
FNDA:0,isMulticolumnJoinOptions
FNDA:0,isFindOperator
FNDA:0,isOperator
DA:2,0
DA:19,0
DA:27,0
DA:30,0
DA:38,0
DA:39,0
DA:45,0
DA:48,0
DA:50,0
DA:51,0
DA:56,0
DA:60,0
DA:63,0
DA:65,0
DA:66,0
DA:71,0
DA:75,0
DA:78,0
DA:80,0
DA:83,0
DA:86,0
DA:88,0
DA:89,0
DA:94,0
DA:98,0
DA:106,0
DA:107,0
DA:115,0
DA:118,0
DA:119,0
DA:127,0
DA:130,0
DA:136,0
DA:139,0
DA:140,0
DA:149,0
DA:150,0
LF:37
LH:0
BRDA:27,0,0,0
BRDA:27,0,1,0
BRDA:40,1,0,0
BRDA:40,1,1,0
BRDA:40,1,2,0
BRDA:48,2,0,0
BRDA:48,2,1,0
BRDA:50,3,0,0
BRDA:50,3,1,0
BRDA:52,4,0,0
BRDA:52,4,1,0
BRDA:63,5,0,0
BRDA:63,5,1,0
BRDA:65,6,0,0
BRDA:65,6,1,0
BRDA:67,7,0,0
BRDA:67,7,1,0
BRDA:78,8,0,0
BRDA:78,8,1,0
BRDA:86,9,0,0
BRDA:86,9,1,0
BRDA:88,10,0,0
BRDA:88,10,1,0
BRDA:90,11,0,0
BRDA:90,11,1,0
BRDA:108,12,0,0
BRDA:108,12,1,0
BRDA:108,12,2,0
BRDA:108,12,3,0
BRDA:120,13,0,0
BRDA:120,13,1,0
BRDA:120,13,2,0
BRDA:120,13,3,0
BRDA:131,14,0,0
BRDA:131,14,1,0
BRDA:141,15,0,0
BRDA:141,15,1,0
BRDA:141,15,2,0
BRDA:141,15,3,0
BRDA:141,15,4,0
BRDA:151,16,0,0
BRDA:151,16,1,0
BRF:42
BRH:0
end_of_record
TN:
SF:crud-gen\src\crud-gen.args.ts
FN:14,crudGenParamsFactory
FN:24,(anonymous_1)
FN:25,(anonymous_2)
FN:31,(anonymous_3)
FN:52,crudGenParamsNoPaginationFactory
FNF:5
FNH:0
FNDA:0,crudGenParamsFactory
FNDA:0,(anonymous_1)
FNDA:0,(anonymous_2)
FNDA:0,(anonymous_3)
FNDA:0,crudGenParamsNoPaginationFactory
DA:1,0
DA:2,0
DA:7,0
DA:8,0
DA:10,0
DA:13,0
DA:14,0
DA:18,0
DA:19,0
DA:24,0
DA:25,0
DA:29,0
DA:31,0
DA:35,0
DA:40,0
DA:45,0
DA:48,0
DA:49,0
DA:52,0
DA:56,0
DA:57,0
DA:62,0
DA:67,0
DA:72,0
DA:75,0
DA:76,0
LF:26
LH:0
BRDA:18,0,0,0
BRDA:18,0,1,0
BRDA:19,1,0,0
BRDA:19,1,1,0
BRDA:29,2,0,0
BRDA:29,2,1,0
BRDA:35,3,0,0
BRDA:35,3,1,0
BRDA:27,4,0,0
BRDA:27,4,1,0
BRDA:33,5,0,0
BRDA:33,5,1,0
BRDA:56,6,0,0
BRDA:56,6,1,0
BRDA:57,7,0,0
BRDA:57,7,1,0
BRF:16
BRH:0
end_of_record
TN:
SF:crud-gen\src\crud-gen.enum.ts
FN:5,(anonymous_0)
FN:40,(anonymous_1)
FN:48,(anonymous_2)
FN:53,(anonymous_3)
FN:58,(anonymous_4)
FN:64,(anonymous_5)
FN:80,(anonymous_6)
FN:87,entityFieldsEnumFactory
FN:101,(anonymous_8)
FNF:9
FNH:0
FNDA:0,(anonymous_0)
FNDA:0,(anonymous_1)
FNDA:0,(anonymous_2)
FNDA:0,(anonymous_3)
FNDA:0,(anonymous_4)
FNDA:0,(anonymous_5)
FNDA:0,(anonymous_6)
FNDA:0,entityFieldsEnumFactory
FNDA:0,(anonymous_8)
DA:2,0
DA:3,0
DA:5,0
DA:6,0
DA:7,0
DA:8,0
DA:9,0
DA:10,0
DA:11,0
DA:12,0
DA:13,0
DA:14,0
DA:15,0
DA:16,0
DA:17,0
DA:18,0
DA:19,0
DA:20,0
DA:21,0
DA:22,0
DA:23,0
DA:24,0
DA:25,0
DA:26,0
DA:27,0
DA:28,0
DA:29,0
DA:31,0
DA:32,0
DA:33,0
DA:34,0
DA:37,0
DA:40,0
DA:41,0
DA:42,0
DA:43,0
DA:44,0
DA:45,0
DA:48,0
DA:49,0
DA:50,0
DA:53,0
DA:54,0
DA:55,0
DA:58,0
DA:59,0
DA:60,0
DA:61,0
DA:64,0
DA:68,0
DA:72,0
DA:77,0
DA:80,0
DA:81,0
DA:82,0
DA:83,0
DA:86,0
DA:87,0
DA:91,0
DA:92,0
DA:93,0
DA:99,0
DA:101,0
DA:104,0
DA:106,0
DA:108,0
LF:66
LH:0
BRDA:5,0,0,0
BRDA:5,0,1,0
BRDA:40,1,0,0
BRDA:40,1,1,0
BRDA:48,2,0,0
BRDA:48,2,1,0
BRDA:53,3,0,0
BRDA:53,3,1,0
BRDA:58,4,0,0
BRDA:58,4,1,0
BRDA:64,5,0,0
BRDA:64,5,1,0
BRDA:80,6,0,0
BRDA:80,6,1,0
BRDA:91,7,0,0
BRDA:91,7,1,0
BRDA:92,8,0,0
BRDA:92,8,1,0
BRF:18
BRH:0
end_of_record
TN:
SF:crud-gen\src\crud-gen.error.ts
FN:5,(anonymous_0)
FN:14,(anonymous_1)
FN:20,(anonymous_2)
FN:26,(anonymous_3)
FN:32,(anonymous_4)
FN:38,(anonymous_5)
FN:44,(anonymous_6)
FN:50,(anonymous_7)
FN:56,(anonymous_8)
FN:62,(anonymous_9)
FNF:10
FNH:0
FNDA:0,(anonymous_0)
FNDA:0,(anonymous_1)
FNDA:0,(anonymous_2)
FNDA:0,(anonymous_3)
FNDA:0,(anonymous_4)
FNDA:0,(anonymous_5)
FNDA:0,(anonymous_6)
FNDA:0,(anonymous_7)
FNDA:0,(anonymous_8)
FNDA:0,(anonymous_9)
DA:1,0
DA:2,0
DA:4,0
DA:7,0
DA:9,0
DA:13,0
DA:15,0
DA:19,0
DA:21,0
DA:25,0
DA:27,0
DA:31,0
DA:33,0
DA:37,0
DA:39,0
DA:43,0
DA:45,0
DA:49,0
DA:51,0
DA:55,0
DA:57,0
DA:61,0
DA:63,0
LF:23
LH:0
BRDA:33,0,0,0
BRDA:33,0,1,0
BRDA:39,1,0,0
BRDA:39,1,1,0
BRF:4
BRH:0
end_of_record
TN:
SF:crud-gen\src\crud-gen.helpers.ts
FN:77,(anonymous_0)
FN:89,(anonymous_1)
FN:102,(anonymous_2)
FN:113,(anonymous_3)
FN:141,(anonymous_4)
FN:165,whereObjectToSqlString
FN:183,(anonymous_6)
FN:186,(anonymous_7)
FN:252,(anonymous_8)
FN:270,getDestinationFieldName
FN:279,(anonymous_10)
FN:344,isIFieldAndFilterMapper
FN:416,isProviderOverride
FN:423,CrudGenDependencyFactory
FN:452,CrudGenBackendFactory
FN:514,CrudGenGraphqlFactory
FN:542,getProviderToken
FN:555,filterTypeToNativeType
FN:578,getEntityRelations
FN:583,(anonymous_19)
FN:589,(anonymous_20)
FN:596,(anonymous_21)
FN:599,(anonymous_22)
FN:602,(anonymous_23)
FN:607,getTypeProperties
FN:609,(anonymous_25)
FN:638,getMappedTypeProperties
FN:645,(anonymous_27)
FN:649,(anonymous_28)
FN:657,applyJoinArguments
FN:673,(anonymous_30)
FN:708,isFilterExpressionInput
FN:715,traverseFiltersAndApplyFunction
FN:728,(anonymous_33)
FN:736,formatRawSelectionWithoutAlias
FN:751,formatRawSelection
FN:789,applySelectOnFind
FNF:37
FNH:0
FNDA:0,(anonymous_0)
FNDA:0,(anonymous_1)
FNDA:0,(anonymous_2)
FNDA:0,(anonymous_3)
FNDA:0,(anonymous_4)
FNDA:0,whereObjectToSqlString
FNDA:0,(anonymous_6)
FNDA:0,(anonymous_7)
FNDA:0,(anonymous_8)
FNDA:0,getDestinationFieldName
FNDA:0,(anonymous_10)
FNDA:0,isIFieldAndFilterMapper
FNDA:0,isProviderOverride
FNDA:0,CrudGenDependencyFactory
FNDA:0,CrudGenBackendFactory
FNDA:0,CrudGenGraphqlFactory
FNDA:0,getProviderToken
FNDA:0,filterTypeToNativeType
FNDA:0,getEntityRelations
FNDA:0,(anonymous_19)
FNDA:0,(anonymous_20)
FNDA:0,(anonymous_21)
FNDA:0,(anonymous_22)
FNDA:0,(anonymous_23)
FNDA:0,getTypeProperties
FNDA:0,(anonymous_25)
FNDA:0,getMappedTypeProperties
FNDA:0,(anonymous_27)
FNDA:0,(anonymous_28)
FNDA:0,applyJoinArguments
FNDA:0,(anonymous_30)
FNDA:0,isFilterExpressionInput
FNDA:0,traverseFiltersAndApplyFunction
FNDA:0,(anonymous_33)
FNDA:0,formatRawSelectionWithoutAlias
FNDA:0,formatRawSelection
FNDA:0,applySelectOnFind
DA:1,0
DA:5,0
DA:6,0
DA:19,0
DA:27,0
DA:31,0
DA:35,0
DA:36,0
DA:41,0
DA:50,0
DA:61,0
DA:65,0
DA:69,0
DA:77,0
DA:81,0
DA:82,0
DA:83,0
DA:86,0
DA:89,0
DA:93,0
DA:94,0
DA:95,0
DA:99,0
DA:102,0
DA:106,0
DA:107,0
DA:109,0
DA:113,0
DA:120,0
DA:121,0
DA:123,0
DA:124,0
DA:125,0
DA:134,0
DA:135,0
DA:137,0
DA:141,0
DA:147,0
DA:155,0
DA:156,0
DA:158,0
DA:159,0
DA:162,0
DA:165,0
DA:174,0
DA:176,0
DA:178,0
DA:180,0
DA:182,0
DA:183,0
DA:184,0
DA:185,0
DA:186,0
DA:188,0
DA:191,0
DA:192,0
DA:195,0
DA:197,0
DA:203,0
DA:226,0
DA:228,0
DA:230,0
DA:240,0
DA:241,0
DA:247,0
DA:251,0
DA:252,0
DA:253,0
DA:259,0
DA:261,0
DA:265,0
DA:266,0
DA:267,0
DA:270,0
DA:271,0
DA:272,0
DA:275,0
DA:278,0
DA:279,0
DA:283,0
DA:284,0
DA:285,0
DA:286,0
DA:290,0
DA:292,0
DA:294,0
DA:296,0
DA:297,0
DA:299,0
DA:301,0
DA:302,0
DA:303,0
DA:304,0
DA:305,0
DA:306,0
DA:308,0
DA:314,0
DA:316,0
DA:317,0
DA:322,0
DA:323,0
DA:324,0
DA:325,0
DA:338,0
DA:339,0
DA:341,0
DA:344,0
DA:347,0
DA:416,0
DA:419,0
DA:420,0
DA:423,0
DA:430,0
DA:437,0
DA:446,0
DA:452,0
DA:458,0
DA:463,0
DA:464,0
DA:465,0
DA:466,0
DA:468,0
DA:474,0
DA:476,0
DA:479,0
DA:480,0
DA:488,0
DA:489,0
DA:490,0
DA:491,0
DA:493,0
DA:496,0
DA:506,0
DA:514,0
DA:520,0
DA:521,0
DA:524,0
DA:528,0
DA:539,0
DA:542,0
DA:546,0
DA:547,0
DA:552,0
DA:555,0
DA:556,0
DA:558,0
DA:560,0
DA:562,0
DA:564,0
DA:567,0
DA:578,0
DA:582,0
DA:584,0
DA:588,0
DA:590,0
DA:594,0
DA:596,0
DA:599,0
DA:602,0
DA:607,0
DA:608,0
DA:610,0
DA:615,0
DA:617,0
DA:618,0
DA:619,0
DA:621,0
DA:623,0
DA:626,0
DA:635,0
DA:638,0
DA:641,0
DA:643,0
DA:644,0
DA:645,0
DA:649,0
DA:650,0
DA:652,0
DA:653,0
DA:657,0
DA:667,0
DA:673,0
DA:674,0
DA:675,0
DA:677,0
DA:678,0
DA:681,0
DA:682,0
DA:685,0
DA:686,0
DA:690,0
DA:691,0
DA:700,0
DA:702,0
DA:708,0
DA:711,0
DA:712,0
DA:715,0
DA:721,0
DA:723,0
DA:724,0
DA:727,0
DA:728,0
DA:729,0
DA:736,0
DA:741,0
DA:742,0
DA:743,0
DA:746,0
DA:748,0
DA:751,0
DA:761,0
DA:768,0
DA:769,0
DA:770,0
DA:771,0
DA:772,0
DA:775,0
DA:777,0
DA:779,0
DA:781,0
DA:789,0
DA:798,0
DA:800,0
DA:801,0
DA:803,0
DA:805,0
DA:806,0
DA:809,0
DA:810,0
DA:813,0
DA:815,0
DA:821,0
DA:823,0
DA:825,0
DA:827,0
LF:236
LH:0
BRDA:81,0,0,0
BRDA:81,0,1,0
BRDA:82,1,0,0
BRDA:82,1,1,0
BRDA:93,2,0,0
BRDA:93,2,1,0
BRDA:95,3,0,0
BRDA:95,3,1,0
BRDA:106,4,0,0
BRDA:106,4,1,0
BRDA:106,5,0,0
BRDA:106,5,1,0
BRDA:107,6,0,0
BRDA:107,6,1,0
BRDA:120,7,0,0
BRDA:120,7,1,0
BRDA:124,8,0,0
BRDA:124,8,1,0
BRDA:134,9,0,0
BRDA:134,9,1,0
BRDA:147,10,0,0
BRDA:147,10,1,0
BRDA:155,11,0,0
BRDA:155,11,1,0
BRDA:155,12,0,0
BRDA:155,12,1,0
BRDA:176,13,0,0
BRDA:176,13,1,0
BRDA:178,14,0,0
BRDA:178,14,1,0
BRDA:188,15,0,0
BRDA:188,15,1,0
BRDA:192,16,0,0
BRDA:192,16,1,0
BRDA:195,17,0,0
BRDA:195,17,1,0
BRDA:197,18,0,0
BRDA:197,18,1,0
BRDA:198,19,0,0
BRDA:198,19,1,0
BRDA:198,19,2,0
BRDA:208,20,0,0
BRDA:208,20,1,0
BRDA:217,21,0,0
BRDA:217,21,1,0
BRDA:228,22,0,0
BRDA:228,22,1,0
BRDA:235,23,0,0
BRDA:235,23,1,0
BRDA:240,24,0,0
BRDA:240,24,1,0
BRDA:243,25,0,0
BRDA:243,25,1,0
BRDA:251,26,0,0
BRDA:251,26,1,0
BRDA:259,27,0,0
BRDA:259,27,1,0
BRDA:271,28,0,0
BRDA:271,28,1,0
BRDA:283,29,0,0
BRDA:283,29,1,0
BRDA:283,30,0,0
BRDA:283,30,1,0
BRDA:283,30,2,0
BRDA:285,31,0,0
BRDA:285,31,1,0
BRDA:296,32,0,0
BRDA:296,32,1,0
BRDA:301,33,0,0
BRDA:301,33,1,0
BRDA:305,34,0,0
BRDA:305,34,1,0
BRDA:306,35,0,0
BRDA:306,35,1,0
BRDA:316,36,0,0
BRDA:316,36,1,0
BRDA:322,37,0,0
BRDA:322,37,1,0
BRDA:324,38,0,0
BRDA:324,38,1,0
BRDA:338,39,0,0
BRDA:338,39,1,0
BRDA:338,40,0,0
BRDA:338,40,1,0
BRDA:338,40,2,0
BRDA:437,41,0,0
BRDA:437,41,1,0
BRDA:440,42,0,0
BRDA:440,42,1,0
BRDA:463,43,0,0
BRDA:463,43,1,0
BRDA:464,44,0,0
BRDA:464,44,1,0
BRDA:469,45,0,0
BRDA:469,45,1,0
BRDA:479,46,0,0
BRDA:479,46,1,0
BRDA:488,47,0,0
BRDA:488,47,1,0
BRDA:489,48,0,0
BRDA:489,48,1,0
BRDA:494,49,0,0
BRDA:494,49,1,0
BRDA:499,50,0,0
BRDA:499,50,1,0
BRDA:508,51,0,0
BRDA:508,51,1,0
BRDA:520,52,0,0
BRDA:520,52,1,0
BRDA:533,53,0,0
BRDA:533,53,1,0
BRDA:535,54,0,0
BRDA:535,54,1,0
BRDA:546,55,0,0
BRDA:546,55,1,0
BRDA:546,56,0,0
BRDA:546,56,1,0
BRDA:546,56,2,0
BRDA:547,57,0,0
BRDA:547,57,1,0
BRDA:552,58,0,0
BRDA:552,58,1,0
BRDA:556,59,0,0
BRDA:556,59,1,0
BRDA:556,59,2,0
BRDA:556,59,3,0
BRDA:584,60,0,0
BRDA:584,60,1,0
BRDA:584,60,2,0
BRDA:590,61,0,0
BRDA:590,61,1,0
BRDA:590,61,2,0
BRDA:594,62,0,0
BRDA:594,62,1,0
BRDA:601,63,0,0
BRDA:601,63,1,0
BRDA:610,64,0,0
BRDA:610,64,1,0
BRDA:610,64,2,0
BRDA:617,65,0,0
BRDA:617,65,1,0
BRDA:621,66,0,0
BRDA:621,66,1,0
BRDA:643,67,0,0
BRDA:643,67,1,0
BRDA:652,68,0,0
BRDA:652,68,1,0
BRDA:675,69,0,0
BRDA:675,69,1,0
BRDA:675,69,2,0
BRDA:686,70,0,0
BRDA:686,70,1,0
BRDA:690,71,0,0
BRDA:690,71,1,0
BRDA:727,72,0,0
BRDA:727,72,1,0
BRDA:742,73,0,0
BRDA:742,73,1,0
BRDA:770,74,0,0
BRDA:770,74,1,0
BRDA:777,75,0,0
BRDA:777,75,1,0
BRDA:796,76,0,0
BRDA:798,77,0,0
BRDA:798,77,1,0
BRDA:798,78,0,0
BRDA:798,78,1,0
BRDA:805,79,0,0
BRDA:805,79,1,0
BRDA:809,80,0,0
BRDA:809,80,1,0
BRDA:809,81,0,0
BRDA:809,81,1,0
BRDA:810,82,0,0
BRDA:810,82,1,0
BRDA:813,83,0,0
BRDA:813,83,1,0
BRDA:823,84,0,0
BRDA:823,84,1,0
BRDA:825,85,0,0
BRDA:825,85,1,0
BRF:181
BRH:0
end_of_record
TN:
SF:crud-gen\src\entity.error.ts
FN:4,(anonymous_0)
FN:10,isEntityNotFoundError
FN:16,isEntityError
FN:25,(anonymous_3)
FN:33,(anonymous_4)
FN:39,(anonymous_5)
FN:45,(anonymous_6)
FNF:7
FNH:0
FNDA:0,(anonymous_0)
FNDA:0,isEntityNotFoundError
FNDA:0,isEntityError
FNDA:0,(anonymous_3)
FNDA:0,(anonymous_4)
FNDA:0,(anonymous_5)
FNDA:0,(anonymous_6)
DA:1,0
DA:4,0
DA:5,0
DA:6,0
DA:7,0
DA:10,0
DA:13,0
DA:16,0
DA:17,0
DA:23,0
DA:26,0
DA:27,0
DA:28,0
DA:32,0
DA:34,0
DA:38,0
DA:40,0
DA:44,0
DA:46,0
LF:19
LH:0
BRDA:4,0,0,0
BRDA:4,0,1,0
BRDA:18,1,0,0
BRDA:18,1,1,0
BRF:4
BRH:0
end_of_record
TN:
SF:crud-gen\src\event.enum.ts
FN:1,(anonymous_0)
FNF:1
FNH:0
FNDA:0,(anonymous_0)
DA:1,0
DA:2,0
DA:3,0
LF:3
LH:0
BRDA:1,0,0,0
BRDA:1,0,1,0
BRF:2
BRH:0
end_of_record
TN:
SF:crud-gen\src\filter.scalar.ts
FN:17,(anonymous_0)
FN:23,(anonymous_1)
FN:30,(anonymous_2)
FN:37,(anonymous_3)
FN:77,(anonymous_4)
FN:92,(anonymous_5)
FNF:6
FNH:0
FNDA:0,(anonymous_0)
FNDA:0,(anonymous_1)
FNDA:0,(anonymous_2)
FNDA:0,(anonymous_3)
FNDA:0,(anonymous_4)
FNDA:0,(anonymous_5)
DA:1,0
DA:2,0
DA:3,0
DA:8,0
DA:9,0
DA:17,0
DA:18,0
DA:20,0
DA:21,0
DA:25,0
DA:26,0
DA:28,0
DA:30,0
DA:33,0
DA:37,0
DA:38,0
DA:39,0
DA:43,0
DA:49,0
DA:52,0
DA:56,0
DA:66,0
DA:69,0
DA:71,0
DA:72,0
DA:74,0
DA:78,0
DA:80,0
DA:81,0
DA:84,0
DA:85,0
DA:86,0
DA:89,0
DA:93,0
DA:94,0
DA:96,0
LF:36
LH:0
BRDA:26,0,0,0
BRDA:26,0,1,0
BRDA:28,1,0,0
BRDA:28,1,1,0
BRDA:39,2,0,0
BRDA:39,2,1,0
BRDA:40,3,0,0
BRDA:40,3,1,0
BRDA:52,4,0,0
BRDA:52,4,1,0
BRDA:53,5,0,0
BRDA:53,5,1,0
BRDA:53,5,2,0
BRDA:78,6,0,0
BRDA:78,6,1,0
BRDA:80,7,0,0
BRDA:80,7,1,0
BRDA:80,8,0,0
BRDA:80,8,1,0
BRDA:81,9,0,0
BRDA:81,9,1,0
BRDA:85,10,0,0
BRDA:85,10,1,0
BRDA:93,11,0,0
BRDA:93,11,1,0
BRF:25
BRH:0
end_of_record
TN:
SF:crud-gen\src\index.ts
FN:17,(anonymous_0)
FN:18,(anonymous_1)
FN:19,(anonymous_2)
FN:20,(anonymous_3)
FN:21,(anonymous_4)
FN:24,(anonymous_5)
FN:25,(anonymous_6)
FN:26,(anonymous_7)
FN:27,(anonymous_8)
FN:28,(anonymous_9)
FN:29,(anonymous_10)
FN:30,(anonymous_11)
FNF:12
FNH:0
FNDA:0,(anonymous_0)
FNDA:0,(anonymous_1)
FNDA:0,(anonymous_2)
FNDA:0,(anonymous_3)
FNDA:0,(anonymous_4)
FNDA:0,(anonymous_5)
FNDA:0,(anonymous_6)
FNDA:0,(anonymous_7)
FNDA:0,(anonymous_8)
FNDA:0,(anonymous_9)
FNDA:0,(anonymous_10)
FNDA:0,(anonymous_11)
DA:1,0
DA:2,0
DA:3,0
DA:4,0
DA:5,0
DA:6,0
DA:7,0
DA:8,0
DA:9,0
DA:10,0
DA:12,0
DA:13,0
DA:14,0
DA:16,0
DA:17,0
DA:18,0
DA:19,0
DA:20,0
DA:21,0
DA:23,0
DA:24,0
DA:25,0
DA:26,0
DA:27,0
DA:28,0
DA:29,0
DA:30,0
DA:32,0
DA:33,0
DA:34,0
DA:36,0
DA:37,0
DA:38,0
DA:39,0
DA:40,0
DA:41,0
DA:42,0
LF:37
LH:0
BRF:0
BRH:0
end_of_record
TN:
SF:crud-gen\src\missing-arguments.error.ts
FN:5,(anonymous_0)
FN:11,(anonymous_1)
FNF:2
FNH:0
FNDA:0,(anonymous_0)
FNDA:0,(anonymous_1)
DA:1,0
DA:2,0
DA:4,0
DA:6,0
DA:10,0
DA:12,0
LF:6
LH:0
BRDA:12,0,0,0
BRDA:12,0,1,0
BRF:2
BRH:0
end_of_record
TN:
SF:crud-gen\src\object.decorator.ts
FN:19,isDstExtended
FN:84,getPrototype
FN:89,(anonymous_2)
FN:94,(anonymous_3)
FN:136,(anonymous_4)
FN:144,(anonymous_5)
FN:150,(anonymous_6)
FN:163,(anonymous_7)
FN:175,(anonymous_8)
FN:176,(anonymous_9)
FN:192,(anonymous_10)
FN:203,(anonymous_11)
FN:220,(anonymous_12)
FNF:13
FNH:0
FNDA:0,isDstExtended
FNDA:0,getPrototype
FNDA:0,(anonymous_2)
FNDA:0,(anonymous_3)
FNDA:0,(anonymous_4)
FNDA:0,(anonymous_5)
FNDA:0,(anonymous_6)
FNDA:0,(anonymous_7)
FNDA:0,(anonymous_8)
FNDA:0,(anonymous_9)
FNDA:0,(anonymous_10)
FNDA:0,(anonymous_11)
FNDA:0,(anonymous_12)
DA:3,0
DA:4,0
DA:9,0
DA:19,0
DA:20,0
DA:21,0
DA:79,0
DA:82,0
DA:84,0
DA:85,0
DA:86,0
DA:89,0
DA:94,0
DA:95,0
DA:96,0
DA:99,0
DA:102,0
DA:104,0
DA:106,0
DA:116,0
DA:123,0
DA:124,0
DA:136,0
DA:139,0
DA:140,0
DA:141,0
DA:144,0
DA:147,0
DA:150,0
DA:154,0
DA:156,0
DA:158,0
DA:160,0
DA:163,0
DA:167,0
DA:172,0
DA:175,0
DA:176,0
DA:177,0
DA:179,0
DA:180,0
DA:181,0
DA:183,0
DA:185,0
DA:188,0
DA:192,0
DA:195,0
DA:196,0
DA:197,0
DA:198,0
DA:200,0
DA:203,0
DA:206,0
DA:207,0
DA:208,0
DA:212,0
DA:213,0
DA:214,0
DA:220,0
DA:222,0
DA:224,0
LF:61
LH:0
BRDA:21,0,0,0
BRDA:21,0,1,0
BRDA:21,0,2,0
BRDA:85,1,0,0
BRDA:85,1,1,0
BRDA:86,2,0,0
BRDA:86,2,1,0
BRDA:86,3,0,0
BRDA:86,3,1,0
BRDA:99,4,0,0
BRDA:99,4,1,0
BRDA:108,5,0,0
BRDA:108,5,1,0
BRDA:109,6,0,0
BRDA:109,6,1,0
BRDA:123,7,0,0
BRDA:123,7,1,0
BRDA:123,8,0,0
BRDA:123,8,1,0
BRDA:125,9,0,0
BRDA:125,9,1,0
BRDA:126,10,0,0
BRDA:126,10,1,0
BRDA:139,11,0,0
BRDA:139,11,1,0
BRDA:140,12,0,0
BRDA:140,12,1,0
BRDA:140,13,0,0
BRDA:140,13,1,0
BRDA:158,14,0,0
BRDA:158,14,1,0
BRDA:158,15,0,0
BRDA:158,15,1,0
BRDA:172,16,0,0
BRDA:172,16,1,0
BRDA:177,17,0,0
BRDA:177,17,1,0
BRDA:179,18,0,0
BRDA:179,18,1,0
BRDA:195,19,0,0
BRDA:195,19,1,0
BRDA:196,20,0,0
BRDA:196,20,1,0
BRDA:196,21,0,0
BRDA:196,21,1,0
BRDA:206,22,0,0
BRDA:206,22,1,0
BRDA:207,23,0,0
BRDA:207,23,1,0
BRDA:207,24,0,0
BRDA:207,24,1,0
BRDA:220,25,0,0
BRDA:220,25,1,0
BRF:53
BRH:0
end_of_record
TN:
SF:crud-gen\src\query-builder.helpers.ts
FN:22,(anonymous_0)
FN:25,(anonymous_1)
FN:52,(anonymous_2)
FNF:3
FNH:0
FNDA:0,(anonymous_0)
FNDA:0,(anonymous_1)
FNDA:0,(anonymous_2)
DA:1,0
DA:2,0
DA:6,0
DA:22,0
DA:23,0
DA:25,0
DA:26,0
DA:27,0
DA:29,0
DA:32,0
DA:33,0
DA:42,0
DA:46,0
DA:49,0
DA:52,0
DA:53,0
DA:55,0
DA:58,0
DA:60,0
DA:62,0
DA:65,0
DA:66,0
DA:74,0
DA:78,0
DA:81,0
LF:25
LH:0
BRDA:26,0,0,0
BRDA:26,0,1,0
BRDA:32,1,0,0
BRDA:32,1,1,0
BRDA:32,2,0,0
BRDA:32,2,1,0
BRDA:55,3,0,0
BRDA:55,3,1,0
BRDA:55,4,0,0
BRDA:55,4,1,0
BRDA:58,5,0,0
BRDA:58,5,1,0
BRDA:60,6,0,0
BRDA:60,6,1,0
BRDA:65,7,0,0
BRDA:65,7,1,0
BRDA:65,8,0,0
BRDA:65,8,1,0
BRF:18
BRH:0
end_of_record
TN:
SF:crud-gen\src\strings.enum.ts
FN:1,(anonymous_0)
FN:14,(anonymous_1)
FNF:2
FNH:0
FNDA:0,(anonymous_0)
FNDA:0,(anonymous_1)
DA:1,0
DA:2,0
DA:3,0
DA:4,0
DA:5,0
DA:6,0
DA:7,0
DA:8,0
DA:9,0
DA:10,0
DA:11,0
DA:14,0
DA:15,0
LF:13
LH:0
BRDA:1,0,0,0
BRDA:1,0,1,0
BRDA:14,1,0,0
BRDA:14,1,1,0
BRF:4
BRH:0
end_of_record
TN:
SF:crud-gen\src\transformers.helpers.ts
FN:5,JsonTransformer
FN:6,(anonymous_1)
FN:18,isYalcTransformerGuard
FN:31,yalcPlainToInstance
FN:51,yalcNew
FNF:5
FNH:0
FNDA:0,JsonTransformer
FNDA:0,(anonymous_1)
FNDA:0,isYalcTransformerGuard
FNDA:0,yalcPlainToInstance
FNDA:0,yalcNew
DA:2,0
DA:3,0
DA:5,0
DA:6,0
DA:7,0
DA:8,0
DA:9,0
DA:10,0
DA:18,0
DA:21,0
DA:31,0
DA:35,0
DA:36,0
DA:37,0
DA:38,0
DA:41,0
DA:51,0
DA:55,0
LF:18
LH:0
BRDA:8,0,0,0
BRDA:8,0,1,0
BRDA:35,1,0,0
BRDA:35,1,1,0
BRDA:36,2,0,0
BRDA:36,2,1,0
BRF:6
BRH:0
end_of_record
TN:
SF:crud-gen\src\api-graphql\crud-gen-args-gql.decorator.ts
FN:32,mapCrudGenGqlParams
FN:58,(anonymous_1)
FN:79,(anonymous_2)
FN:110,(anonymous_3)
FN:113,(anonymous_4)
FN:118,(anonymous_5)
FN:134,(anonymous_6)
FN:147,CrudGenArgsSingleDecoratorMapper
FN:180,(anonymous_8)
FN:197,(anonymous_9)
FN:213,(anonymous_10)
FN:219,mapCrudGenParamsGql
FN:235,(anonymous_12)
FN:242,(anonymous_13)
FN:294,mapCrudGenParams
FN:320,(anonymous_15)
FN:321,(anonymous_16)
FN:322,(anonymous_17)
FN:323,(anonymous_18)
FN:324,(anonymous_19)
FN:325,(anonymous_20)
FN:326,(anonymous_21)
FN:327,(anonymous_22)
FN:328,(anonymous_23)
FN:329,(anonymous_24)
FNF:25
FNH:0
FNDA:0,mapCrudGenGqlParams
FNDA:0,(anonymous_1)
FNDA:0,(anonymous_2)
FNDA:0,(anonymous_3)
FNDA:0,(anonymous_4)
FNDA:0,(anonymous_5)
FNDA:0,(anonymous_6)
FNDA:0,CrudGenArgsSingleDecoratorMapper
FNDA:0,(anonymous_8)
FNDA:0,(anonymous_9)
FNDA:0,(anonymous_10)
FNDA:0,mapCrudGenParamsGql
FNDA:0,(anonymous_12)
FNDA:0,(anonymous_13)
FNDA:0,mapCrudGenParams
FNDA:0,(anonymous_15)
FNDA:0,(anonymous_16)
FNDA:0,(anonymous_17)
FNDA:0,(anonymous_18)
FNDA:0,(anonymous_19)
FNDA:0,(anonymous_20)
FNDA:0,(anonymous_21)
FNDA:0,(anonymous_22)
FNDA:0,(anonymous_23)
FNDA:0,(anonymous_24)
DA:1,0
DA:2,0
DA:4,0
DA:5,0
DA:15,0
DA:20,0
DA:21,0
DA:23,0
DA:24,0
DA:25,0
DA:30,0
DA:32,0
DA:38,0
DA:40,0
DA:45,0
DA:53,0
DA:55,0
DA:58,0
DA:62,0
DA:64,0
DA:71,0
DA:74,0
DA:79,0
DA:80,0
DA:81,0
DA:82,0
DA:83,0
DA:85,0
DA:92,0
DA:93,0
DA:98,0
DA:99,0
DA:108,0
DA:109,0
DA:110,0
DA:111,0
DA:112,0
DA:113,0
DA:114,0
DA:118,0
DA:119,0
DA:120,0
DA:121,0
DA:126,0
DA:128,0
DA:134,0
DA:135,0
DA:136,0
DA:137,0
DA:142,0
DA:144,0
DA:147,0
DA:152,0
DA:154,0
DA:155,0
DA:156,0
DA:157,0
DA:159,0
DA:160,0
DA:161,0
DA:166,0
DA:167,0
DA:177,0
DA:180,0
DA:184,0
DA:186,0
DA:193,0
DA:197,0
DA:199,0
DA:200,0
DA:202,0
DA:203,0
DA:212,0
DA:213,0
DA:214,0
DA:215,0
DA:219,0
DA:226,0
DA:228,0
DA:229,0
DA:230,0
DA:231,0
DA:233,0
DA:235,0
DA:237,0
DA:238,0
DA:240,0
DA:242,0
DA:245,0
DA:246,0
DA:252,0
DA:253,0
DA:254,0
DA:257,0
DA:258,0
DA:261,0
DA:262,0
DA:264,0
DA:265,0
DA:268,0
DA:275,0
DA:282,0
DA:290,0
DA:294,0
DA:301,0
DA:304,0
DA:305,0
DA:307,0
DA:310,0
DA:319,0
DA:320,0
DA:321,0
DA:322,0
DA:323,0
DA:324,0
DA:325,0
DA:326,0
DA:327,0
DA:328,0
DA:329,0
LF:120
LH:0
BRDA:38,0,0,0
BRDA:38,0,1,0
BRDA:38,0,2,0
BRDA:41,1,0,0
BRDA:41,1,1,0
BRDA:81,2,0,0
BRDA:81,2,1,0
BRDA:83,3,0,0
BRDA:83,3,1,0
BRDA:86,4,0,0
BRDA:86,4,1,0
BRDA:92,5,0,0
BRDA:92,5,1,0
BRDA:98,6,0,0
BRDA:98,6,1,0
BRDA:108,7,0,0
BRDA:108,7,1,0
BRDA:112,8,0,0
BRDA:112,8,1,0
BRDA:119,9,0,0
BRDA:119,9,1,0
BRDA:120,10,0,0
BRDA:120,10,1,0
BRDA:135,11,0,0
BRDA:135,11,1,0
BRDA:136,12,0,0
BRDA:136,12,1,0
BRDA:154,13,0,0
BRDA:154,13,1,0
BRDA:155,14,0,0
BRDA:155,14,1,0
BRDA:156,15,0,0
BRDA:156,15,1,0
BRDA:166,16,0,0
BRDA:166,16,1,0
BRDA:166,17,0,0
BRDA:166,17,1,0
BRDA:199,18,0,0
BRDA:199,18,1,0
BRDA:202,19,0,0
BRDA:202,19,1,0
BRDA:214,20,0,0
BRDA:214,20,1,0
BRDA:224,21,0,0
BRDA:229,22,0,0
BRDA:229,22,1,0
BRDA:231,23,0,0
BRDA:231,23,1,0
BRDA:231,23,2,0
BRDA:231,23,3,0
BRDA:233,24,0,0
BRDA:233,24,1,0
BRDA:234,25,0,0
BRDA:234,25,1,0
BRDA:240,26,0,0
BRDA:240,26,1,0
BRDA:254,27,0,0
BRDA:254,27,1,0
BRDA:264,28,0,0
BRDA:264,28,1,0
BRDA:301,29,0,0
BRDA:301,29,1,0
BRDA:301,29,2,0
BRDA:301,29,3,0
BRF:64
BRH:0
end_of_record
TN:
SF:crud-gen\src\api-graphql\crud-gen-gql.enum.ts
FN:29,entityFieldsEnumGqlFactory
FNF:1
FNH:0
FNDA:0,entityFieldsEnumGqlFactory
DA:2,0
DA:3,0
DA:4,0
DA:12,0
DA:16,0
DA:20,0
DA:24,0
DA:28,0
DA:29,0
DA:32,0
DA:33,0
DA:35,0
DA:36,0
DA:39,0
DA:42,0
LF:15
LH:0
BRDA:32,0,0,0
BRDA:32,0,1,0
BRDA:35,1,0,0
BRDA:35,1,1,0
BRF:4
BRH:0
end_of_record
TN:
SF:crud-gen\src\api-graphql\crud-gen-gql.helpers.ts
FN:3,(anonymous_0)
FN:6,(anonymous_1)
FN:11,(anonymous_2)
FNF:3
FNH:0
FNDA:0,(anonymous_0)
FNDA:0,(anonymous_1)
FNDA:0,(anonymous_2)
DA:3,0
DA:4,0
DA:5,0
DA:7,0
DA:11,0
DA:18,0
LF:6
LH:0
BRDA:6,0,0,0
BRDA:6,0,1,0
BRDA:8,1,0,0
BRDA:8,1,1,0
BRDA:8,1,2,0
BRF:5
BRH:0
end_of_record
TN:
SF:crud-gen\src\api-graphql\crud-gen-gql.interceptor.ts
FN:11,crudGenGqlInterceptorWorker
FN:15,(anonymous_1)
FN:35,(anonymous_2)
FNF:3
FNH:0
FNDA:0,crudGenGqlInterceptorWorker
FNDA:0,(anonymous_1)
FNDA:0,(anonymous_2)
DA:1,0
DA:7,0
DA:9,0
DA:11,0
DA:15,0
DA:16,0
DA:21,0
DA:24,0
DA:25,0
DA:32,0
DA:36,0
DA:37,0
DA:38,0
LF:13
LH:0
BRDA:16,0,0,0
BRDA:16,0,1,0
BRDA:17,1,0,0
BRDA:17,1,1,0
BRDA:17,1,2,0
BRDA:27,2,0,0
BRDA:27,2,1,0
BRDA:27,3,0,0
BRDA:27,3,1,0
BRDA:37,4,0,0
BRDA:37,4,1,0
BRF:11
BRH:0
end_of_record
TN:
SF:crud-gen\src\api-graphql\crud-gen-gql.type.ts
FN:30,CrudGenGqlType
FN:35,(anonymous_1)
FNF:2
FNH:0
FNDA:0,CrudGenGqlType
FNDA:0,(anonymous_1)
DA:1,0
DA:4,0
DA:12,0
DA:14,0
DA:17,0
DA:20,0
DA:27,0
DA:30,0
DA:31,0
DA:32,0
DA:35,0
DA:37,0
DA:40,0
DA:42,0
DA:44,0
DA:46,0
LF:16
LH:0
BRDA:32,0,0,0
BRDA:32,0,1,0
BRF:2
BRH:0
end_of_record
TN:
SF:crud-gen\src\api-graphql\crud-gen.input.ts
FN:30,(anonymous_0)
FN:51,sortModelFactory
FN:93,filterExpressionInputFactory
FN:289,agJoinArgFactory
FN:319,(anonymous_4)
FNF:5
FNH:0
FNDA:0,(anonymous_0)
FNDA:0,sortModelFactory
FNDA:0,filterExpressionInputFactory
FNDA:0,agJoinArgFactory
FNDA:0,(anonymous_4)
DA:3,0
DA:9,0
DA:10,0
DA:11,0
DA:17,0
DA:18,0
DA:30,0
DA:36,0
DA:41,0
DA:47,0
DA:50,0
DA:51,0
DA:52,0
DA:53,0
DA:55,0
DA:57,0
DA:62,0
DA:68,0
DA:71,0
DA:73,0
DA:77,0
DA:82,0
DA:89,0
DA:92,0
DA:93,0
DA:97,0
DA:99,0
DA:102,0
DA:108,0
DA:115,0
DA:121,0
DA:128,0
DA:132,0
DA:138,0
DA:145,0
DA:151,0
DA:158,0
DA:165,0
DA:169,0
DA:175,0
DA:182,0
DA:188,0
DA:195,0
DA:202,0
DA:206,0
DA:212,0
DA:219,0
DA:225,0
DA:233,0
DA:239,0
DA:245,0
DA:251,0
DA:257,0
DA:261,0
DA:267,0
DA:273,0
DA:279,0
DA:282,0
DA:284,0
DA:288,0
DA:289,0
DA:294,0
DA:295,0
DA:297,0
DA:299,0
DA:302,0
DA:307,0
DA:310,0
DA:315,0
DA:319,0
DA:320,0
DA:321,0
DA:322,0
DA:324,0
DA:329,0
DA:330,0
DA:338,0
DA:340,0
LF:78
LH:0
BRDA:53,0,0,0
BRDA:53,0,1,0
BRDA:97,1,0,0
BRDA:97,1,1,0
BRDA:295,2,0,0
BRDA:295,2,1,0
BRDA:299,3,0,0
BRDA:299,3,1,0
BRDA:321,4,0,0
BRDA:321,4,1,0
BRF:10
BRH:0
end_of_record
TN:
SF:crud-gen\src\api-graphql\generic.resolver.ts
FN:113,isIDArg
FN:117,isExtraInputStrict
FN:124,checkFinalId
FN:145,isCustomSingleQueryOptions
FN:151,hasExtraArgs
FN:155,hasFilters
FN:207,generateDecorators
FN:223,defineFieldResolver
FN:262,(anonymous_8)
FN:365,(anonymous_9)
FN:445,defineGetSingleResource
FN:454,(anonymous_11)
FN:533,defineGetGridResource
FN:542,(anonymous_13)
FN:614,(anonymous_14)
FN:631,defineCreateMutation
FN:643,(anonymous_16)
FN:652,(anonymous_17)
FN:717,(anonymous_18)
FN:736,defineUpdateMutation
FN:746,(anonymous_20)
FN:815,defineDeleteMutation
FN:825,(anonymous_22)
FN:865,resolverFactory
FN:883,(anonymous_24)
FN:912,(anonymous_25)
FN:916,(anonymous_26)
FNF:27
FNH:0
FNDA:0,isIDArg
FNDA:0,isExtraInputStrict
FNDA:0,checkFinalId
FNDA:0,isCustomSingleQueryOptions
FNDA:0,hasExtraArgs
FNDA:0,hasFilters
FNDA:0,generateDecorators
FNDA:0,defineFieldResolver
FNDA:0,(anonymous_8)
FNDA:0,(anonymous_9)
FNDA:0,defineGetSingleResource
FNDA:0,(anonymous_11)
FNDA:0,defineGetGridResource
FNDA:0,(anonymous_13)
FNDA:0,(anonymous_14)
FNDA:0,defineCreateMutation
FNDA:0,(anonymous_16)
FNDA:0,(anonymous_17)
FNDA:0,(anonymous_18)
FNDA:0,defineUpdateMutation
FNDA:0,(anonymous_20)
FNDA:0,defineDeleteMutation
FNDA:0,(anonymous_22)
FNDA:0,resolverFactory
FNDA:0,(anonymous_24)
FNDA:0,(anonymous_25)
FNDA:0,(anonymous_26)
DA:4,0
DA:16,0
DA:21,0
DA:28,0
DA:29,0
DA:35,0
DA:40,0
DA:41,0
DA:45,0
DA:46,0
DA:48,0
DA:53,0
DA:54,0
DA:57,0
DA:58,0
DA:59,0
DA:113,0
DA:114,0
DA:117,0
DA:120,0
DA:121,0
DA:124,0
DA:125,0
DA:126,0
DA:145,0
DA:148,0
DA:151,0
DA:152,0
DA:155,0
DA:156,0
DA:207,0
DA:213,0
DA:215,0
DA:223,0
DA:227,0
DA:229,0
DA:233,0
DA:234,0
DA:236,0
DA:237,0
DA:238,0
DA:239,0
DA:241,0
DA:244,0
DA:248,0
DA:252,0
DA:253,0
DA:255,0
DA:267,0
DA:269,0
DA:270,0
DA:271,0
DA:275,0
DA:279,0
DA:289,0
DA:294,0
DA:298,0
DA:304,0
DA:309,0
DA:314,0
DA:315,0
DA:319,0
DA:328,0
DA:329,0
DA:336,0
DA:338,0
DA:344,0
DA:349,0
DA:358,0
DA:370,0
DA:372,0
DA:373,0
DA:374,0
DA:378,0
DA:382,0
DA:398,0
DA:401,0
DA:410,0
DA:415,0
DA:416,0
DA:420,0
DA:424,0
DA:426,0
DA:432,0
DA:437,0
DA:445,0
DA:451,0
DA:459,0
DA:462,0
DA:463,0
DA:467,0
DA:470,0
DA:472,0
DA:480,0
DA:485,0
DA:486,0
DA:490,0
DA:499,0
DA:502,0
DA:506,0
DA:511,0
DA:513,0
DA:514,0
DA:515,0
DA:521,0
DA:527,0
DA:533,0
DA:539,0
DA:545,0
DA:546,0
DA:548,0
DA:557,0
DA:561,0
DA:562,0
DA:567,0
DA:571,0
DA:576,0
DA:577,0
DA:581,0
DA:591,0
DA:597,0
DA:599,0
DA:603,0
DA:604,0
DA:605,0
DA:613,0
DA:614,0
DA:615,0
DA:619,0
DA:625,0
DA:631,0
DA:638,0
DA:640,0
DA:649,0
DA:651,0
DA:652,0
DA:653,0
DA:654,0
DA:655,0
DA:656,0
DA:659,0
DA:667,0
DA:674,0
DA:679,0
DA:680,0
DA:684,0
DA:693,0
DA:703,0
DA:705,0
DA:709,0
DA:714,0
DA:716,0
DA:717,0
DA:718,0
DA:720,0
DA:722,0
DA:730,0
DA:736,0
DA:743,0
DA:751,0
DA:759,0
DA:764,0
DA:765,0
DA:769,0
DA:778,0
DA:788,0
DA:798,0
DA:800,0
DA:804,0
DA:809,0
DA:815,0
DA:822,0
DA:826,0
DA:830,0
DA:835,0
DA:836,0
DA:840,0
DA:849,0
DA:859,0
DA:865,0
DA:877,0
DA:879,0
DA:880,0
DA:887,0
DA:892,0
DA:894,0
DA:896,0
DA:905,0
DA:910,0
DA:911,0
DA:912,0
DA:913,0
DA:914,0
DA:916,0
DA:917,0
DA:918,0
DA:920,0
DA:925,0
DA:926,0
DA:928,0
DA:930,0
DA:952,0
DA:954,0
DA:971,0
DA:981,0
DA:982,0
DA:983,0
DA:988,0
DA:990,0
DA:998,0
DA:1006,0
DA:1014,0
DA:1015,0
DA:1023,0
DA:1027,0
DA:1034,0
DA:1047,0
DA:1054,0
DA:1055,0
DA:1056,0
DA:1057,0
DA:1059,0
DA:1060,0
DA:1067,0
DA:1077,0
LF:225
LH:0
BRDA:125,0,0,0
BRDA:125,0,1,0
BRDA:157,1,0,0
BRDA:157,1,1,0
BRDA:157,1,2,0
BRDA:157,1,3,0
BRDA:213,2,0,0
BRDA:213,2,1,0
BRDA:216,3,0,0
BRDA:216,3,1,0
BRDA:219,4,0,0
BRDA:219,4,1,0
BRDA:229,5,0,0
BRDA:229,5,1,0
BRDA:229,6,0,0
BRDA:229,6,1,0
BRDA:233,7,0,0
BRDA:233,7,1,0
BRDA:236,8,0,0
BRDA:236,8,1,0
BRDA:238,9,0,0
BRDA:238,9,1,0
BRDA:241,10,0,0
BRDA:241,10,1,0
BRDA:244,11,0,0
BRDA:244,11,1,0
BRDA:244,11,2,0
BRDA:248,12,0,0
BRDA:248,12,1,0
BRDA:249,13,0,0
BRDA:249,13,1,0
BRDA:269,14,0,0
BRDA:269,14,1,0
BRDA:270,15,0,0
BRDA:270,15,1,0
BRDA:275,16,0,0
BRDA:275,16,1,0
BRDA:289,17,0,0
BRDA:289,17,1,0
BRDA:289,17,2,0
BRDA:294,18,0,0
BRDA:294,18,1,0
BRDA:294,18,2,0
BRDA:304,19,0,0
BRDA:304,19,1,0
BRDA:314,20,0,0
BRDA:314,20,1,0
BRDA:321,21,0,0
BRDA:321,21,1,0
BRDA:328,22,0,0
BRDA:328,22,1,0
BRDA:372,23,0,0
BRDA:372,23,1,0
BRDA:373,24,0,0
BRDA:373,24,1,0
BRDA:398,25,0,0
BRDA:398,25,1,0
BRDA:398,25,2,0
BRDA:415,26,0,0
BRDA:415,26,1,0
BRDA:462,27,0,0
BRDA:462,27,1,0
BRDA:462,28,0,0
BRDA:462,28,1,0
BRDA:463,29,0,0
BRDA:463,29,1,0
BRDA:475,30,0,0
BRDA:475,30,1,0
BRDA:485,31,0,0
BRDA:485,31,1,0
BRDA:494,32,0,0
BRDA:494,32,1,0
BRDA:499,33,0,0
BRDA:499,33,1,0
BRDA:502,34,0,0
BRDA:502,34,1,0
BRDA:502,35,0,0
BRDA:502,35,1,0
BRDA:513,36,0,0
BRDA:513,36,1,0
BRDA:513,37,0,0
BRDA:513,37,1,0
BRDA:514,38,0,0
BRDA:514,38,1,0
BRDA:521,39,0,0
BRDA:521,39,1,0
BRDA:548,40,0,0
BRDA:548,40,1,0
BRDA:548,40,2,0
BRDA:548,40,3,0
BRDA:548,40,4,0
BRDA:548,40,5,0
BRDA:548,40,6,0
BRDA:551,41,0,0
BRDA:551,41,1,0
BRDA:557,42,0,0
BRDA:557,42,1,0
BRDA:561,43,0,0
BRDA:561,43,1,0
BRDA:561,44,0,0
BRDA:561,44,1,0
BRDA:576,45,0,0
BRDA:576,45,1,0
BRDA:585,46,0,0
BRDA:585,46,1,0
BRDA:597,47,0,0
BRDA:597,47,1,0
BRDA:599,48,0,0
BRDA:599,48,1,0
BRDA:599,49,0,0
BRDA:599,49,1,0
BRDA:604,50,0,0
BRDA:604,50,1,0
BRDA:613,51,0,0
BRDA:613,51,1,0
BRDA:615,52,0,0
BRDA:615,52,1,0
BRDA:651,53,0,0
BRDA:651,53,1,0
BRDA:654,54,0,0
BRDA:654,54,1,0
BRDA:655,55,0,0
BRDA:655,55,1,0
BRDA:679,56,0,0
BRDA:679,56,1,0
BRDA:688,57,0,0
BRDA:688,57,1,0
BRDA:699,58,0,0
BRDA:699,58,1,0
BRDA:703,59,0,0
BRDA:703,59,1,0
BRDA:705,60,0,0
BRDA:705,60,1,0
BRDA:705,61,0,0
BRDA:705,61,1,0
BRDA:716,62,0,0
BRDA:716,62,1,0
BRDA:720,63,0,0
BRDA:720,63,1,0
BRDA:764,64,0,0
BRDA:764,64,1,0
BRDA:772,65,0,0
BRDA:772,65,1,0
BRDA:773,66,0,0
BRDA:773,66,1,0
BRDA:779,67,0,0
BRDA:779,67,1,0
BRDA:789,68,0,0
BRDA:789,68,1,0
BRDA:798,69,0,0
BRDA:798,69,1,0
BRDA:800,70,0,0
BRDA:800,70,1,0
BRDA:800,71,0,0
BRDA:800,71,1,0
BRDA:835,72,0,0
BRDA:835,72,1,0
BRDA:850,73,0,0
BRDA:850,73,1,0
BRDA:877,74,0,0
BRDA:877,74,1,0
BRDA:885,75,0,0
BRDA:885,75,1,0
BRDA:889,76,0,0
BRDA:889,76,1,0
BRDA:893,77,0,0
BRDA:893,77,1,0
BRDA:911,78,0,0
BRDA:911,78,1,0
BRDA:914,79,0,0
BRDA:914,79,1,0
BRDA:917,80,0,0
BRDA:917,80,1,0
BRDA:925,81,0,0
BRDA:925,81,1,0
BRDA:981,82,0,0
BRDA:981,82,1,0
BRDA:982,83,0,0
BRDA:982,83,1,0
BRDA:983,84,0,0
BRDA:983,84,1,0
BRDA:991,85,0,0
BRDA:991,85,1,0
BRDA:999,86,0,0
BRDA:999,86,1,0
BRDA:1007,87,0,0
BRDA:1007,87,1,0
BRDA:1014,88,0,0
BRDA:1014,88,1,0
BRDA:1015,89,0,0
BRDA:1015,89,1,0
BRDA:1024,90,0,0
BRDA:1024,90,1,0
BRDA:1028,91,0,0
BRDA:1028,91,1,0
BRDA:1035,92,0,0
BRDA:1035,92,1,0
BRDA:1054,93,0,0
BRDA:1054,93,1,0
BRDA:1059,94,0,0
BRDA:1059,94,1,0
BRF:201
BRH:0
end_of_record
TN:
SF:crud-gen\src\api-graphql\gqlfields.decorator.ts
FN:22,(anonymous_0)
FN:38,(anonymous_1)
FN:82,(anonymous_2)
FN:100,(anonymous_3)
FN:178,(anonymous_4)
FN:186,(anonymous_5)
FN:212,(anonymous_6)
FNF:7
FNH:0
FNDA:0,(anonymous_0)
FNDA:0,(anonymous_1)
FNDA:0,(anonymous_2)
FNDA:0,(anonymous_3)
FNDA:0,(anonymous_4)
FNDA:0,(anonymous_5)
FNDA:0,(anonymous_6)
DA:1,0
DA:2,0
DA:7,0
DA:14,0
DA:22,0
DA:26,0
DA:31,0
DA:36,0
DA:38,0
DA:44,0
DA:50,0
DA:52,0
DA:53,0
DA:58,0
DA:60,0
DA:61,0
DA:62,0
DA:64,0
DA:65,0
DA:66,0
DA:68,0
DA:69,0
DA:82,0
DA:86,0
DA:87,0
DA:88,0
DA:89,0
DA:91,0
DA:92,0
DA:93,0
DA:96,0
DA:97,0
DA:100,0
DA:101,0
DA:102,0
DA:103,0
DA:104,0
DA:116,0
DA:119,0
DA:120,0
DA:121,0
DA:125,0
DA:130,0
DA:135,0
DA:137,0
DA:139,0
DA:145,0
DA:147,0
DA:150,0
DA:151,0
DA:152,0
DA:158,0
DA:159,0
DA:165,0
DA:168,0
DA:178,0
DA:179,0
DA:186,0
DA:187,0
DA:188,0
DA:189,0
DA:190,0
DA:192,0
DA:197,0
DA:200,0
DA:207,0
DA:209,0
DA:212,0
DA:216,0
DA:217,0
DA:218,0
DA:221,0
LF:72
LH:0
BRDA:41,0,0,0
BRDA:42,1,0,0
BRDA:44,2,0,0
BRDA:44,2,1,0
BRDA:44,3,0,0
BRDA:44,3,1,0
BRDA:50,4,0,0
BRDA:50,4,1,0
BRDA:50,5,0,0
BRDA:50,5,1,0
BRDA:52,6,0,0
BRDA:52,6,1,0
BRDA:60,7,0,0
BRDA:60,7,1,0
BRDA:61,8,0,0
BRDA:61,8,1,0
BRDA:64,9,0,0
BRDA:64,9,1,0
BRDA:65,10,0,0
BRDA:65,10,1,0
BRDA:68,11,0,0
BRDA:68,11,1,0
BRDA:68,12,0,0
BRDA:68,12,1,0
BRDA:74,13,0,0
BRDA:74,13,1,0
BRDA:86,14,0,0
BRDA:86,14,1,0
BRDA:88,15,0,0
BRDA:88,15,1,0
BRDA:91,16,0,0
BRDA:91,16,1,0
BRDA:103,17,0,0
BRDA:103,17,1,0
BRDA:103,18,0,0
BRDA:103,18,1,0
BRDA:119,19,0,0
BRDA:119,19,1,0
BRDA:135,20,0,0
BRDA:135,20,1,0
BRDA:158,21,0,0
BRDA:158,21,1,0
BRDA:158,22,0,0
BRDA:158,22,1,0
BRDA:188,23,0,0
BRDA:188,23,1,0
BRDA:189,24,0,0
BRDA:189,24,1,0
BRDA:190,25,0,0
BRDA:190,25,1,0
BRDA:200,26,0,0
BRDA:200,26,1,0
BRDA:213,27,0,0
BRF:53
BRH:0
end_of_record
TN:
SF:crud-gen\src\api-graphql\gqlmapper.decorator.ts
FN:36,(anonymous_0)
FN:48,(anonymous_1)
FN:74,(anonymous_2)
FN:77,(anonymous_3)
FNF:4
FNH:0
FNDA:0,(anonymous_0)
FNDA:0,(anonymous_1)
FNDA:0,(anonymous_2)
FNDA:0,(anonymous_3)
DA:1,0
DA:7,0
DA:8,0
DA:36,0
DA:40,0
DA:41,0
DA:42,0
DA:43,0
DA:45,0
DA:48,0
DA:52,0
DA:53,0
DA:55,0
DA:57,0
DA:59,0
DA:60,0
DA:62,0
DA:65,0
DA:68,0
DA:74,0
DA:75,0
DA:76,0
DA:77,0
DA:78,0
DA:79,0
LF:25
LH:0
BRDA:55,0,0,0
BRDA:55,0,1,0
BRDA:57,1,0,0
BRDA:57,1,1,0
BRDA:57,1,2,0
BRDA:59,2,0,0
BRDA:59,2,1,0
BRDA:59,3,0,0
BRDA:59,3,1,0
BRDA:75,4,0,0
BRDA:75,4,1,0
BRDA:75,5,0,0
BRDA:75,5,1,0
BRF:13
BRH:0
end_of_record
TN:
SF:crud-gen\src\api-rest\crud-gen-args-rest.decorator.ts
FN:32,getRestQueryFromContext
FN:48,parseStructuredRestParam
FN:69,parseRestNumberParam
FN:83,normalizeRestCrudGenArgs
FN:108,mapCrudGenRestParams
FN:147,(anonymous_5)
FN:161,(anonymous_6)
FN:191,(anonymous_7)
FN:194,(anonymous_8)
FN:199,(anonymous_9)
FN:214,(anonymous_10)
FN:234,(anonymous_11)
FNF:12
FNH:0
FNDA:0,getRestQueryFromContext
FNDA:0,parseStructuredRestParam
FNDA:0,parseRestNumberParam
FNDA:0,normalizeRestCrudGenArgs
FNDA:0,mapCrudGenRestParams
FNDA:0,(anonymous_5)
FNDA:0,(anonymous_6)
FNDA:0,(anonymous_7)
FNDA:0,(anonymous_8)
FNDA:0,(anonymous_9)
FNDA:0,(anonymous_10)
FNDA:0,(anonymous_11)
DA:1,0
DA:2,0
DA:10,0
DA:11,0
DA:21,0
DA:30,0
DA:35,0
DA:36,0
DA:37,0
DA:40,0
DA:41,0
DA:42,0
DA:45,0
DA:52,0
DA:54,0
DA:55,0
DA:60,0
DA:62,0
DA:63,0
DA:65,0
DA:73,0
DA:75,0
DA:76,0
DA:77,0
DA:80,0
DA:86,0
DA:87,0
DA:88,0
DA:90,0
DA:91,0
DA:93,0
DA:97,0
DA:102,0
DA:103,0
DA:105,0
DA:108,0
DA:112,0
DA:113,0
DA:115,0
DA:122,0
DA:123,0
DA:125,0
DA:126,0
DA:134,0
DA:137,0
DA:144,0
DA:147,0
DA:151,0
DA:153,0
DA:156,0
DA:161,0
DA:162,0
DA:163,0
DA:164,0
DA:165,0
DA:167,0
DA:189,0
DA:190,0
DA:191,0
DA:192,0
DA:193,0
DA:194,0
DA:195,0
DA:199,0
DA:200,0
DA:202,0
DA:206,0
DA:208,0
DA:214,0
DA:215,0
DA:216,0
DA:217,0
DA:225,0
DA:227,0
DA:234,0
DA:242,0
DA:245,0
LF:77
LH:0
BRDA:36,0,0,0
BRDA:36,0,1,0
BRDA:36,1,0,0
BRDA:36,1,1,0
BRDA:41,2,0,0
BRDA:41,2,1,0
BRDA:41,3,0,0
BRDA:41,3,1,0
BRDA:41,3,2,0
BRDA:52,4,0,0
BRDA:52,4,1,0
BRDA:52,5,0,0
BRDA:52,5,1,0
BRDA:52,5,2,0
BRDA:54,6,0,0
BRDA:54,6,1,0
BRDA:60,7,0,0
BRDA:60,7,1,0
BRDA:73,8,0,0
BRDA:73,8,1,0
BRDA:73,9,0,0
BRDA:73,9,1,0
BRDA:73,9,2,0
BRDA:75,10,0,0
BRDA:75,10,1,0
BRDA:76,11,0,0
BRDA:76,11,1,0
BRDA:90,12,0,0
BRDA:90,12,1,0
BRDA:91,13,0,0
BRDA:91,13,1,0
BRDA:102,14,0,0
BRDA:102,14,1,0
BRDA:103,15,0,0
BRDA:103,15,1,0
BRDA:126,16,0,0
BRDA:126,16,1,0
BRDA:127,17,0,0
BRDA:127,17,1,0
BRDA:127,17,2,0
BRDA:127,17,3,0
BRDA:127,17,4,0
BRDA:127,17,5,0
BRDA:163,18,0,0
BRDA:163,18,1,0
BRDA:165,19,0,0
BRDA:165,19,1,0
BRDA:193,20,0,0
BRDA:193,20,1,0
BRDA:200,21,0,0
BRDA:200,21,1,0
BRDA:215,22,0,0
BRDA:215,22,1,0
BRDA:216,23,0,0
BRDA:216,23,1,0
BRF:55
BRH:0
end_of_record
TN:
SF:crud-gen\src\api-rest\crud-gen-rest.controller.factory.ts
FN:93,(anonymous_0)
FN:99,inferSinglePrimaryField
FN:102,(anonymous_2)
FN:116,crudRestControllerFactory
FN:134,(anonymous_4)
FN:145,(anonymous_5)
FN:163,(anonymous_6)
FN:178,(anonymous_7)
FN:185,(anonymous_8)
FN:192,(anonymous_9)
FN:197,(anonymous_10)
FN:211,(anonymous_11)
FN:221,(anonymous_12)
FN:224,(anonymous_13)
FN:253,(anonymous_14)
FNF:15
FNH:0
FNDA:0,(anonymous_0)
FNDA:0,inferSinglePrimaryField
FNDA:0,(anonymous_2)
FNDA:0,crudRestControllerFactory
FNDA:0,(anonymous_4)
FNDA:0,(anonymous_5)
FNDA:0,(anonymous_6)
FNDA:0,(anonymous_7)
FNDA:0,(anonymous_8)
FNDA:0,(anonymous_9)
FNDA:0,(anonymous_10)
FNDA:0,(anonymous_11)
FNDA:0,(anonymous_12)
FNDA:0,(anonymous_13)
FNDA:0,(anonymous_14)
DA:1,0
DA:20,0
DA:21,0
DA:25,0
DA:27,0
DA:29,0
DA:33,0
DA:93,0
DA:94,0
DA:102,0
DA:103,0
DA:111,0
DA:116,0
DA:130,0
DA:132,0
DA:133,0
DA:136,0
DA:145,0
DA:149,0
DA:153,0
DA:163,0
DA:164,0
DA:171,0
DA:178,0
DA:179,0
DA:185,0
DA:186,0
DA:193,0
DA:194,0
DA:201,0
DA:202,0
DA:203,0
DA:208,0
DA:212,0
DA:221,0
DA:227,0
DA:229,0
DA:230,0
DA:233,0
DA:234,0
DA:235,0
DA:236,0
DA:238,0
DA:241,0
DA:242,0
DA:245,0
DA:246,0
DA:249,0
DA:250,0
DA:251,0
DA:252,0
DA:253,0
DA:255,0
DA:256,0
DA:261,0
DA:264,0
DA:265,0
DA:273,0
DA:277,0
DA:278,0
DA:285,0
DA:286,0
DA:288,0
DA:289,0
DA:290,0
DA:294,0
DA:295,0
DA:305,0
DA:306,0
DA:307,0
DA:311,0
DA:312,0
DA:321,0
DA:324,0
DA:325,0
DA:326,0
DA:330,0
DA:331,0
DA:337,0
DA:341,0
LF:80
LH:0
BRDA:104,0,0,0
BRDA:104,0,1,0
BRDA:104,0,2,0
BRDA:104,0,3,0
BRDA:111,1,0,0
BRDA:111,1,1,0
BRDA:121,2,0,0
BRDA:122,3,0,0
BRDA:123,4,0,0
BRDA:124,5,0,0
BRDA:125,6,0,0
BRDA:126,7,0,0
BRDA:126,8,0,0
BRDA:126,8,1,0
BRDA:128,9,0,0
BRDA:153,10,0,0
BRDA:153,10,1,0
BRDA:201,11,0,0
BRDA:201,11,1,0
BRDA:205,12,0,0
BRDA:205,12,1,0
BRDA:229,13,0,0
BRDA:229,13,1,0
BRDA:233,14,0,0
BRDA:233,14,1,0
BRDA:241,15,0,0
BRDA:241,15,1,0
BRDA:245,16,0,0
BRDA:245,16,1,0
BRDA:249,17,0,0
BRDA:249,17,1,0
BRDA:251,18,0,0
BRDA:251,18,1,0
BRDA:255,19,0,0
BRDA:255,19,1,0
BRDA:264,20,0,0
BRDA:264,20,1,0
BRDA:141,21,0,0
BRDA:141,21,1,0
BRDA:160,22,0,0
BRDA:160,22,1,0
BRDA:277,23,0,0
BRDA:277,23,1,0
BRDA:285,24,0,0
BRDA:285,24,1,0
BRDA:289,25,0,0
BRDA:289,25,1,0
BRDA:294,26,0,0
BRDA:294,26,1,0
BRDA:298,27,0,0
BRDA:298,27,1,0
BRDA:301,28,0,0
BRDA:301,28,1,0
BRDA:306,29,0,0
BRDA:306,29,1,0
BRDA:311,30,0,0
BRDA:311,30,1,0
BRDA:315,31,0,0
BRDA:315,31,1,0
BRDA:318,32,0,0
BRDA:318,32,1,0
BRDA:325,33,0,0
BRDA:325,33,1,0
BRDA:330,34,0,0
BRDA:330,34,1,0
BRDA:331,35,0,0
BRDA:331,35,1,0
BRF:67
BRH:0
end_of_record
TN:
SF:crud-gen\src\api-rest\crud-gen-rest.dto.ts
FN:34,sortModelRestFactory
FN:39,(anonymous_1)
FN:51,crudGenRestParamsFactory
FN:59,(anonymous_3)
FN:70,crudGenRestParamsNoPaginationFactory
FN:78,(anonymous_5)
FN:107,(anonymous_6)
FN:124,PaginationDTOMixin
FN:125,(anonymous_8)
FNF:9
FNH:0
FNDA:0,sortModelRestFactory
FNDA:0,(anonymous_1)
FNDA:0,crudGenRestParamsFactory
FNDA:0,(anonymous_3)
FNDA:0,crudGenRestParamsNoPaginationFactory
FNDA:0,(anonymous_5)
FNDA:0,(anonymous_6)
FNDA:0,PaginationDTOMixin
FNDA:0,(anonymous_8)
DA:1,0
DA:3,0
DA:16,0
DA:17,0
DA:19,0
DA:26,0
DA:28,0
DA:33,0
DA:34,0
DA:35,0
DA:36,0
DA:38,0
DA:42,0
DA:45,0
DA:47,0
DA:50,0
DA:51,0
DA:55,0
DA:60,0
DA:61,0
DA:66,0
DA:67,0
DA:70,0
DA:74,0
DA:79,0
DA:80,0
DA:83,0
DA:84,0
DA:88,0
DA:90,0
DA:93,0
DA:96,0
DA:100,0
DA:102,0
DA:105,0
DA:108,0
DA:109,0
DA:113,0
DA:118,0
DA:121,0
DA:124,0
DA:130,0
DA:136,0
DA:139,0
LF:44
LH:0
BRDA:36,0,0,0
BRDA:36,0,1,0
BRDA:55,1,0,0
BRDA:55,1,1,0
BRDA:60,2,0,0
BRDA:60,2,1,0
BRDA:61,3,0,0
BRDA:61,3,1,0
BRDA:74,4,0,0
BRDA:74,4,1,0
BRDA:124,5,0,0
BRF:11
BRH:0
end_of_record
TN:
SF:crud-gen\src\api-rest\crud-gen-rest.interceptor.ts
FN:21,crudGenRestPaginationInterceptorWorker
FN:25,(anonymous_1)
FN:64,(anonymous_2)
FN:78,buildCrudGenRestMapperInterceptor
FN:88,(anonymous_4)
FN:91,(anonymous_5)
FN:98,buildCrudGenRestSimpleMapperInterceptor
FN:106,(anonymous_7)
FN:109,(anonymous_8)
FN:115,buildPaginatedResultDto
FN:119,(anonymous_10)
FN:121,(anonymous_11)
FN:134,buildPaginatedDTOInterceptor
FN:139,(anonymous_13)
FN:148,(anonymous_14)
FN:167,buildDTOInterceptor
FN:172,(anonymous_16)
FN:174,(anonymous_17)
FNF:18
FNH:0
FNDA:0,crudGenRestPaginationInterceptorWorker
FNDA:0,(anonymous_1)
FNDA:0,(anonymous_2)
FNDA:0,buildCrudGenRestMapperInterceptor
FNDA:0,(anonymous_4)
FNDA:0,(anonymous_5)
FNDA:0,buildCrudGenRestSimpleMapperInterceptor
FNDA:0,(anonymous_7)
FNDA:0,(anonymous_8)
FNDA:0,buildPaginatedResultDto
FNDA:0,(anonymous_10)
FNDA:0,(anonymous_11)
FNDA:0,buildPaginatedDTOInterceptor
FNDA:0,(anonymous_13)
FNDA:0,(anonymous_14)
FNDA:0,buildDTOInterceptor
FNDA:0,(anonymous_16)
FNDA:0,(anonymous_17)
DA:1,0
DA:7,0
DA:9,0
DA:14,0
DA:16,0
DA:19,0
DA:21,0
DA:25,0
DA:26,0
DA:31,0
DA:32,0
DA:38,0
DA:39,0
DA:40,0
DA:41,0
DA:42,0
DA:61,0
DA:65,0
DA:66,0
DA:68,0
DA:70,0
DA:72,0
DA:78,0
DA:85,0
DA:89,0
DA:92,0
DA:98,0
DA:105,0
DA:107,0
DA:110,0
DA:115,0
DA:120,0
DA:122,0
DA:128,0
DA:134,0
DA:138,0
DA:140,0
DA:141,0
DA:143,0
DA:145,0
DA:147,0
DA:149,0
DA:150,0
DA:155,0
DA:161,0
DA:167,0
DA:171,0
DA:173,0
DA:175,0
DA:181,0
LF:50
LH:0
BRDA:26,0,0,0
BRDA:26,0,1,0
BRDA:27,1,0,0
BRDA:27,1,1,0
BRDA:27,1,2,0
BRDA:34,2,0,0
BRDA:34,2,1,0
BRDA:34,3,0,0
BRDA:34,3,1,0
BRDA:39,4,0,0
BRDA:39,4,1,0
BRDA:40,5,0,0
BRDA:40,5,1,0
BRDA:41,6,0,0
BRDA:41,6,1,0
BRDA:68,7,0,0
BRDA:68,7,1,0
BRDA:83,8,0,0
BRDA:89,9,0,0
BRDA:89,9,1,0
BRDA:92,10,0,0
BRDA:92,10,1,0
BRDA:103,11,0,0
BRDA:107,12,0,0
BRDA:107,12,1,0
BRDA:110,13,0,0
BRDA:110,13,1,0
BRDA:143,14,0,0
BRDA:143,14,1,0
BRDA:152,15,0,0
BRDA:152,15,1,0
BRDA:153,16,0,0
BRDA:153,16,1,0
BRF:33
BRH:0
end_of_record
TN:
SF:crud-gen\src\api-rest\odata-query.interface.ts
FN:37,parseODataQueryParams
FN:40,(anonymous_1)
FN:63,(anonymous_2)
FN:74,(anonymous_3)
FN:76,(anonymous_4)
FN:114,(anonymous_5)
FNF:6
FNH:0
FNDA:0,parseODataQueryParams
FNDA:0,(anonymous_1)
FNDA:0,(anonymous_2)
FNDA:0,(anonymous_3)
FNDA:0,(anonymous_4)
FNDA:0,(anonymous_5)
DA:37,0
DA:40,0
DA:41,0
DA:42,0
DA:43,0
DA:44,0
DA:46,0
DA:47,0
DA:50,0
DA:51,0
DA:52,0
DA:53,0
DA:54,0
DA:55,0
DA:56,0
DA:58,0
DA:60,0
DA:61,0
DA:63,0
DA:67,0
DA:68,0
DA:71,0
DA:72,0
DA:74,0
DA:76,0
DA:77,0
DA:78,0
DA:79,0
DA:82,0
DA:83,0
DA:85,0
DA:86,0
DA:90,0
DA:91,0
DA:92,0
DA:93,0
DA:95,0
DA:98,0
DA:99,0
DA:100,0
DA:101,0
DA:103,0
DA:106,0
DA:107,0
DA:108,0
DA:111,0
DA:112,0
DA:114,0
DA:118,0
LF:49
LH:0
BRDA:42,0,0,0
BRDA:42,0,1,0
BRDA:42,1,0,0
BRDA:42,1,1,0
BRDA:43,2,0,0
BRDA:43,2,1,0
BRDA:44,3,0,0
BRDA:44,3,1,0
BRDA:44,4,0,0
BRDA:44,4,1,0
BRDA:47,5,0,0
BRDA:47,5,1,0
BRDA:60,6,0,0
BRDA:60,6,1,0
BRDA:67,7,0,0
BRDA:67,7,1,0
BRDA:71,8,0,0
BRDA:71,8,1,0
BRDA:78,9,0,0
BRDA:78,9,1,0
BRDA:82,10,0,0
BRDA:82,10,1,0
BRDA:82,11,0,0
BRDA:82,11,1,0
BRDA:85,12,0,0
BRDA:85,12,1,0
BRDA:90,13,0,0
BRDA:90,13,1,0
BRDA:92,14,0,0
BRDA:92,14,1,0
BRDA:92,15,0,0
BRDA:92,15,1,0
BRDA:98,16,0,0
BRDA:98,16,1,0
BRDA:100,17,0,0
BRDA:100,17,1,0
BRDA:100,18,0,0
BRDA:100,18,1,0
BRDA:106,19,0,0
BRDA:106,19,1,0
BRDA:111,20,0,0
BRDA:111,20,1,0
BRF:42
BRH:0
end_of_record
TN:
SF:crud-gen\src\model-object\model-object-rest.interceptor.ts
FN:12,modelFieldMapperInterceptor
FN:18,(anonymous_1)
FN:26,(anonymous_2)
FNF:3
FNH:0
FNDA:0,modelFieldMapperInterceptor
FNDA:0,(anonymous_1)
FNDA:0,(anonymous_2)
DA:1,0
DA:7,0
DA:9,0
DA:12,0
DA:17,0
DA:19,0
DA:20,0
DA:21,0
DA:22,0
DA:25,0
DA:27,0
DA:33,0
LF:12
LH:0
BRDA:20,0,0,0
BRDA:20,0,1,0
BRF:2
BRH:0
end_of_record
TN:
SF:crud-gen\src\model-object\model-object.helper.ts
FN:8,isLikeOutputObject
FN:15,modelFieldToDest
FNF:2
FNH:0
FNDA:0,isLikeOutputObject
FNDA:0,modelFieldToDest
DA:1,0
DA:2,0
DA:12,0
DA:15,0
DA:22,0
DA:23,0
DA:25,0
DA:28,0
DA:30,0
DA:32,0
DA:34,0
DA:35,0
DA:37,0
DA:38,0
DA:39,0
DA:43,0
DA:46,0
DA:47,0
DA:48,0
DA:52,0
DA:55,0
DA:58,0
DA:60,0
DA:61,0
DA:65,0
DA:71,0
LF:26
LH:0
BRDA:22,0,0,0
BRDA:22,0,1,0
BRDA:23,1,0,0
BRDA:23,1,1,0
BRDA:37,2,0,0
BRDA:37,2,1,0
BRDA:38,3,0,0
BRDA:38,3,1,0
BRDA:46,4,0,0
BRDA:46,4,1,0
BRDA:47,5,0,0
BRDA:47,5,1,0
BRDA:60,6,0,0
BRDA:60,6,1,0
BRF:14
BRH:0
end_of_record
TN:
SF:crud-gen\src\projection\projection-dialect.ts
FN:110,(anonymous_0)
FN:114,(anonymous_1)
FN:118,(anonymous_2)
FN:126,(anonymous_3)
FN:137,(anonymous_4)
FN:148,(anonymous_5)
FN:163,(anonymous_6)
FN:193,(anonymous_7)
FN:197,(anonymous_8)
FN:210,(anonymous_9)
FN:226,(anonymous_10)
FN:230,(anonymous_11)
FN:279,(anonymous_12)
FN:294,(anonymous_13)
FN:314,(anonymous_14)
FN:339,(anonymous_15)
FN:350,(anonymous_16)
FN:355,(anonymous_17)
FN:368,(anonymous_18)
FN:372,(anonymous_19)
FN:387,(anonymous_20)
FN:416,(anonymous_21)
FN:419,(anonymous_22)
FN:437,(anonymous_23)
FN:441,(anonymous_24)
FN:448,(anonymous_25)
FN:452,(anonymous_26)
FN:459,(anonymous_27)
FN:470,(anonymous_28)
FN:474,(anonymous_29)
FN:487,(anonymous_30)
FN:501,(anonymous_31)
FN:503,(anonymous_32)
FN:508,(anonymous_33)
FN:515,(anonymous_34)
FN:529,(anonymous_35)
FN:533,(anonymous_36)
FN:540,(anonymous_37)
FN:544,(anonymous_38)
FN:552,(anonymous_39)
FN:567,(anonymous_40)
FN:571,(anonymous_41)
FN:580,(anonymous_42)
FN:592,(anonymous_43)
FN:607,(anonymous_44)
FN:612,(anonymous_45)
FN:619,(anonymous_46)
FN:633,createProjectionDialect
FN:644,applyProjectionIndexesForBootstrap
FNF:49
FNH:0
FNDA:0,(anonymous_0)
FNDA:0,(anonymous_1)
FNDA:0,(anonymous_2)
FNDA:0,(anonymous_3)
FNDA:0,(anonymous_4)
FNDA:0,(anonymous_5)
FNDA:0,(anonymous_6)
FNDA:0,(anonymous_7)
FNDA:0,(anonymous_8)
FNDA:0,(anonymous_9)
FNDA:0,(anonymous_10)
FNDA:0,(anonymous_11)
FNDA:0,(anonymous_12)
FNDA:0,(anonymous_13)
FNDA:0,(anonymous_14)
FNDA:0,(anonymous_15)
FNDA:0,(anonymous_16)
FNDA:0,(anonymous_17)
FNDA:0,(anonymous_18)
FNDA:0,(anonymous_19)
FNDA:0,(anonymous_20)
FNDA:0,(anonymous_21)
FNDA:0,(anonymous_22)
FNDA:0,(anonymous_23)
FNDA:0,(anonymous_24)
FNDA:0,(anonymous_25)
FNDA:0,(anonymous_26)
FNDA:0,(anonymous_27)
FNDA:0,(anonymous_28)
FNDA:0,(anonymous_29)
FNDA:0,(anonymous_30)
FNDA:0,(anonymous_31)
FNDA:0,(anonymous_32)
FNDA:0,(anonymous_33)
FNDA:0,(anonymous_34)
FNDA:0,(anonymous_35)
FNDA:0,(anonymous_36)
FNDA:0,(anonymous_37)
FNDA:0,(anonymous_38)
FNDA:0,(anonymous_39)
FNDA:0,(anonymous_40)
FNDA:0,(anonymous_41)
FNDA:0,(anonymous_42)
FNDA:0,(anonymous_43)
FNDA:0,(anonymous_44)
FNDA:0,(anonymous_45)
FNDA:0,(anonymous_46)
FNDA:0,createProjectionDialect
FNDA:0,applyProjectionIndexesForBootstrap
DA:2,0
DA:111,0
DA:115,0
DA:119,0
DA:120,0
DA:121,0
DA:131,0
DA:134,0
DA:142,0
DA:152,0
DA:167,0
DA:168,0
DA:169,0
DA:170,0
DA:171,0
DA:196,0
DA:197,0
DA:198,0
DA:199,0
DA:200,0
DA:218,0
DA:219,0
DA:220,0
DA:221,0
DA:226,0
DA:227,0
DA:228,0
DA:229,0
DA:230,0
DA:231,0
DA:233,0
DA:234,0
DA:237,0
DA:238,0
DA:246,0
DA:252,0
DA:253,0
DA:254,0
DA:255,0
DA:259,0
DA:261,0
DA:262,0
DA:268,0
DA:269,0
DA:274,0
DA:275,0
DA:276,0
DA:284,0
DA:285,0
DA:286,0
DA:292,0
DA:294,0
DA:295,0
DA:297,0
DA:311,0
DA:319,0
DA:320,0
DA:336,0
DA:343,0
DA:344,0
DA:345,0
DA:346,0
DA:350,0
DA:352,0
DA:359,0
DA:360,0
DA:372,0
DA:373,0
DA:374,0
DA:375,0
DA:379,0
DA:394,0
DA:395,0
DA:396,0
DA:397,0
DA:402,0
DA:403,0
DA:404,0
DA:416,0
DA:417,0
DA:420,0
DA:438,0
DA:439,0
DA:445,0
DA:449,0
DA:456,0
DA:457,0
DA:459,0
DA:460,0
DA:461,0
DA:462,0
DA:467,0
DA:471,0
DA:478,0
DA:479,0
DA:480,0
DA:491,0
DA:492,0
DA:496,0
DA:499,0
DA:501,0
DA:503,0
DA:512,0
DA:520,0
DA:530,0
DA:531,0
DA:537,0
DA:541,0
DA:548,0
DA:549,0
DA:550,0
DA:552,0
DA:553,0
DA:554,0
DA:555,0
DA:556,0
DA:557,0
DA:559,0
DA:564,0
DA:568,0
DA:575,0
DA:576,0
DA:577,0
DA:584,0
DA:585,0
DA:596,0
DA:597,0
DA:601,0
DA:605,0
DA:607,0
DA:616,0
DA:624,0
DA:633,0
DA:634,0
DA:635,0
DA:636,0
DA:644,0
DA:649,0
DA:650,0
LF:139
LH:0
BRDA:119,0,0,0
BRDA:119,0,1,0
BRDA:119,1,0,0
BRDA:119,1,1,0
BRDA:121,2,0,0
BRDA:121,2,1,0
BRDA:121,3,0,0
BRDA:121,3,1,0
BRDA:131,4,0,0
BRDA:131,4,1,0
BRDA:133,5,0,0
BRDA:133,5,1,0
BRDA:144,6,0,0
BRDA:144,6,1,0
BRDA:154,7,0,0
BRDA:154,7,1,0
BRDA:167,8,0,0
BRDA:167,8,1,0
BRDA:168,9,0,0
BRDA:168,9,1,0
BRDA:169,10,0,0
BRDA:169,10,1,0
BRDA:169,11,0,0
BRDA:169,11,1,0
BRDA:169,11,2,0
BRDA:198,12,0,0
BRDA:198,12,1,0
BRDA:233,13,0,0
BRDA:233,13,1,0
BRDA:237,14,0,0
BRDA:237,14,1,0
BRDA:261,15,0,0
BRDA:261,15,1,0
BRDA:268,16,0,0
BRDA:268,16,1,0
BRDA:269,17,0,0
BRDA:269,17,1,0
BRDA:311,18,0,0
BRDA:311,18,1,0
BRDA:336,19,0,0
BRDA:336,19,1,0
BRDA:345,20,0,0
BRDA:345,20,1,0
BRDA:360,21,0,0
BRDA:360,21,1,0
BRDA:374,22,0,0
BRDA:374,22,1,0
BRDA:396,23,0,0
BRDA:396,23,1,0
BRDA:463,24,0,0
BRDA:463,24,1,0
BRDA:479,25,0,0
BRDA:479,25,1,0
BRDA:481,26,0,0
BRDA:481,26,1,0
BRDA:481,26,2,0
BRDA:555,27,0,0
BRDA:555,27,1,0
BRDA:586,28,0,0
BRDA:586,28,1,0
BRDA:606,29,0,0
BRDA:606,29,1,0
BRDA:634,30,0,0
BRDA:634,30,1,0
BRDA:635,31,0,0
BRDA:635,31,1,0
BRF:66
BRH:0
end_of_record
TN:
SF:crud-gen\src\projection\projection-graphql.ts
FN:20,namedClass
FN:23,(anonymous_1)
FN:30,typeForCodec
FN:42,applyField
FN:57,projectionFields
FN:74,createProjectionGraphqlTypes
FN:91,(anonymous_6)
FN:95,(anonymous_7)
FN:143,(anonymous_8)
FNF:9
FNH:0
FNDA:0,namedClass
FNDA:0,(anonymous_1)
FNDA:0,typeForCodec
FNDA:0,applyField
FNDA:0,projectionFields
FNDA:0,createProjectionGraphqlTypes
FNDA:0,(anonymous_6)
FNDA:0,(anonymous_7)
FNDA:0,(anonymous_8)
DA:1,0
DA:2,0
DA:3,0
DA:4,0
DA:5,0
DA:6,0
DA:11,0
DA:21,0
DA:24,0
DA:31,0
DA:47,0
DA:48,0
DA:49,0
DA:54,0
DA:60,0
DA:74,0
DA:83,0
DA:84,0
DA:85,0
DA:86,0
DA:92,0
DA:95,0
DA:101,0
DA:103,0
DA:104,0
DA:106,0
DA:111,0
DA:113,0
DA:114,0
DA:115,0
DA:116,0
DA:117,0
DA:119,0
DA:120,0
DA:123,0
DA:124,0
DA:125,0
DA:126,0
DA:127,0
DA:128,0
DA:130,0
DA:139,0
DA:140,0
DA:141,0
DA:142,0
DA:143,0
DA:145,0
DA:146,0
DA:150,0
DA:160,0
LF:50
LH:0
BRDA:31,0,0,0
BRDA:31,0,1,0
BRDA:33,1,0,0
BRDA:33,1,1,0
BRDA:35,2,0,0
BRDA:35,2,1,0
BRDA:37,3,0,0
BRDA:37,3,1,0
BRDA:45,4,0,0
BRDA:48,5,0,0
BRDA:48,5,1,0
BRDA:92,6,0,0
BRDA:92,6,1,0
BRDA:92,7,0,0
BRDA:92,7,1,0
BRDA:119,8,0,0
BRDA:119,8,1,0
BRDA:127,9,0,0
BRDA:127,9,1,0
BRDA:145,10,0,0
BRDA:145,10,1,0
BRF:21
BRH:0
end_of_record
TN:
SF:crud-gen\src\projection\projection-resource.ts
FN:105,freezeDeep
FN:116,assertProjectionPath
FN:136,assertIdentifier
FN:147,assertSchemaIdentifier
FN:161,assertBoolean
FN:170,pathsOverlap
FN:177,(anonymous_6)
FN:180,assertFieldQueryCapabilities
FN:184,(anonymous_8)
FN:212,promotedColumnField
FN:226,(anonymous_10)
FN:238,assertDistinctFieldNames
FN:250,assertProjectionReferences
FN:281,(anonymous_13)
FN:339,assertProjectionUniqueConstraints
FN:413,assertProjectionResourceDefinition
FN:588,(anonymous_16)
FN:606,(anonymous_17)
FN:608,(anonymous_18)
FN:621,getProjectionReferenceIndexName
FN:628,getProjectionReferenceColumnNames
FN:636,(anonymous_21)
FN:647,getProjectionReferenceTargetColumnNames
FN:654,getProjectionUniqueConstraintColumnNames
FN:662,(anonymous_24)
FN:672,quoteProjectionIdentifier
FN:677,compileProjectionPredicateLiteral
FN:709,compileProjectionUniqueConstraintPredicate
FN:719,(anonymous_28)
FN:729,(anonymous_29)
FN:730,(anonymous_30)
FN:758,assertProjectionCodecValue
FN:833,normalizeProjectionCodecValue
FN:849,isJsonCompatible
FN:861,(anonymous_34)
FN:874,(anonymous_35)
FN:880,assertProjectionPayloadValue
FN:891,defineProjectionResource
FN:898,getProjectionField
FN:902,(anonymous_39)
FN:910,getProjectionPathValue
FN:926,setProjectionPathValue
FNF:42
FNH:0
FNDA:0,freezeDeep
FNDA:0,assertProjectionPath
FNDA:0,assertIdentifier
FNDA:0,assertSchemaIdentifier
FNDA:0,assertBoolean
FNDA:0,pathsOverlap
FNDA:0,(anonymous_6)
FNDA:0,assertFieldQueryCapabilities
FNDA:0,(anonymous_8)
FNDA:0,promotedColumnField
FNDA:0,(anonymous_10)
FNDA:0,assertDistinctFieldNames
FNDA:0,assertProjectionReferences
FNDA:0,(anonymous_13)
FNDA:0,assertProjectionUniqueConstraints
FNDA:0,assertProjectionResourceDefinition
FNDA:0,(anonymous_16)
FNDA:0,(anonymous_17)
FNDA:0,(anonymous_18)
FNDA:0,getProjectionReferenceIndexName
FNDA:0,getProjectionReferenceColumnNames
FNDA:0,(anonymous_21)
FNDA:0,getProjectionReferenceTargetColumnNames
FNDA:0,getProjectionUniqueConstraintColumnNames
FNDA:0,(anonymous_24)
FNDA:0,quoteProjectionIdentifier
FNDA:0,compileProjectionPredicateLiteral
FNDA:0,compileProjectionUniqueConstraintPredicate
FNDA:0,(anonymous_28)
FNDA:0,(anonymous_29)
FNDA:0,(anonymous_30)
FNDA:0,assertProjectionCodecValue
FNDA:0,normalizeProjectionCodecValue
FNDA:0,isJsonCompatible
FNDA:0,(anonymous_34)
FNDA:0,(anonymous_35)
FNDA:0,assertProjectionPayloadValue
FNDA:0,defineProjectionResource
FNDA:0,getProjectionField
FNDA:0,(anonymous_39)
FNDA:0,getProjectionPathValue
FNDA:0,setProjectionPathValue
DA:11,0
DA:12,0
DA:23,0
DA:29,0
DA:106,0
DA:107,0
DA:108,0
DA:110,0
DA:113,0
DA:116,0
DA:120,0
DA:121,0
DA:124,0
DA:125,0
DA:129,0
DA:140,0
DA:141,0
DA:145,0
DA:151,0
DA:155,0
DA:165,0
DA:166,0
DA:174,0
DA:175,0
DA:177,0
DA:181,0
DA:182,0
DA:184,0
DA:186,0
DA:191,0
DA:192,0
DA:193,0
DA:197,0
DA:200,0
DA:206,0
DA:217,0
DA:218,0
DA:219,0
DA:221,0
DA:222,0
DA:225,0
DA:226,0
DA:228,0
DA:229,0
DA:231,0
DA:232,0
DA:234,0
DA:235,0
DA:242,0
DA:243,0
DA:245,0
DA:246,0
DA:254,0
DA:255,0
DA:256,0
DA:259,0
DA:260,0
DA:261,0
DA:262,0
DA:263,0
DA:267,0
DA:269,0
DA:270,0
DA:271,0
DA:275,0
DA:277,0
DA:281,0
DA:282,0
DA:288,0
DA:292,0
DA:296,0
DA:300,0
DA:304,0
DA:305,0
DA:309,0
DA:313,0
DA:317,0
DA:318,0
DA:322,0
DA:323,0
DA:328,0
DA:332,0
DA:343,0
DA:344,0
DA:345,0
DA:348,0
DA:349,0
DA:350,0
DA:354,0
DA:358,0
DA:362,0
DA:363,0
DA:365,0
DA:369,0
DA:370,0
DA:377,0
DA:378,0
DA:382,0
DA:386,0
DA:387,0
DA:388,0
DA:392,0
DA:393,0
DA:398,0
DA:399,0
DA:403,0
DA:413,0
DA:416,0
DA:417,0
DA:418,0
DA:419,0
DA:420,0
DA:421,0
DA:422,0
DA:423,0
DA:428,0
DA:434,0
DA:435,0
DA:439,0
DA:440,0
DA:442,0
DA:443,0
DA:445,0
DA:449,0
DA:450,0
DA:452,0
DA:453,0
DA:458,0
DA:459,0
DA:460,0
DA:461,0
DA:462,0
DA:468,0
DA:470,0
DA:471,0
DA:472,0
DA:473,0
DA:475,0
DA:476,0
DA:480,0
DA:482,0
DA:483,0
DA:487,0
DA:491,0
DA:492,0
DA:496,0
DA:497,0
DA:502,0
DA:503,0
DA:504,0
DA:505,0
DA:509,0
DA:511,0
DA:513,0
DA:514,0
DA:518,0
DA:519,0
DA:521,0
DA:523,0
DA:524,0
DA:525,0
DA:529,0
DA:530,0
DA:531,0
DA:532,0
DA:537,0
DA:539,0
DA:540,0
DA:544,0
DA:549,0
DA:553,0
DA:554,0
DA:558,0
DA:559,0
DA:563,0
DA:568,0
DA:569,0
DA:573,0
DA:574,0
DA:578,0
DA:579,0
DA:583,0
DA:587,0
DA:588,0
DA:590,0
DA:598,0
DA:603,0
DA:604,0
DA:605,0
DA:606,0
DA:608,0
DA:611,0
DA:614,0
DA:621,0
DA:624,0
DA:628,0
DA:632,0
DA:633,0
DA:637,0
DA:647,0
DA:650,0
DA:654,0
DA:658,0
DA:659,0
DA:663,0
DA:673,0
DA:674,0
DA:682,0
DA:683,0
DA:691,0
DA:692,0
DA:697,0
DA:699,0
DA:709,0
DA:714,0
DA:715,0
DA:716,0
DA:718,0
DA:719,0
DA:721,0
DA:722,0
DA:726,0
DA:728,0
DA:729,0
DA:731,0
DA:736,0
DA:737,0
DA:758,0
DA:762,0
DA:763,0
DA:764,0
DA:766,0
DA:769,0
DA:770,0
DA:771,0
DA:775,0
DA:778,0
DA:779,0
DA:783,0
DA:787,0
DA:790,0
DA:791,0
DA:796,0
DA:800,0
DA:803,0
DA:804,0
DA:809,0
DA:813,0
DA:816,0
DA:817,0
DA:818,0
DA:822,0
DA:825,0
DA:826,0
DA:833,0
DA:837,0
DA:838,0
DA:839,0
DA:843,0
DA:845,0
DA:846,0
DA:850,0
DA:855,0
DA:857,0
DA:858,0
DA:859,0
DA:860,0
DA:861,0
DA:863,0
DA:865,0
DA:866,0
DA:871,0
DA:873,0
DA:874,0
DA:875,0
DA:880,0
DA:883,0
DA:884,0
DA:886,0
DA:887,0
DA:891,0
DA:894,0
DA:895,0
DA:898,0
DA:902,0
DA:903,0
DA:904,0
DA:907,0
DA:910,0
DA:914,0
DA:916,0
DA:917,0
DA:918,0
DA:920,0
DA:923,0
DA:926,0
DA:931,0
DA:932,0
DA:933,0
DA:935,0
DA:936,0
DA:937,0
DA:938,0
DA:940,0
DA:943,0
DA:944,0
LF:306
LH:0
BRDA:106,0,0,0
BRDA:106,0,1,0
BRDA:106,1,0,0
BRDA:106,1,1,0
BRDA:106,1,2,0
BRDA:118,2,0,0
BRDA:120,3,0,0
BRDA:120,3,1,0
BRDA:125,4,0,0
BRDA:125,4,1,0
BRDA:126,5,0,0
BRDA:126,5,1,0
BRDA:140,6,0,0
BRDA:140,6,1,0
BRDA:140,7,0,0
BRDA:140,7,1,0
BRDA:151,8,0,0
BRDA:151,8,1,0
BRDA:152,9,0,0
BRDA:152,9,1,0
BRDA:165,10,0,0
BRDA:165,10,1,0
BRDA:181,11,0,0
BRDA:181,11,1,0
BRDA:182,12,0,0
BRDA:182,12,1,0
BRDA:183,13,0,0
BRDA:183,13,1,0
BRDA:184,14,0,0
BRDA:184,14,1,0
BRDA:191,15,0,0
BRDA:191,15,1,0
BRDA:192,16,0,0
BRDA:192,16,1,0
BRDA:192,17,0,0
BRDA:192,17,1,0
BRDA:192,17,2,0
BRDA:200,18,0,0
BRDA:200,18,1,0
BRDA:201,19,0,0
BRDA:201,19,1,0
BRDA:201,19,2,0
BRDA:201,19,3,0
BRDA:218,20,0,0
BRDA:218,20,1,0
BRDA:221,21,0,0
BRDA:221,21,1,0
BRDA:228,22,0,0
BRDA:228,22,1,0
BRDA:231,23,0,0
BRDA:231,23,1,0
BRDA:231,24,0,0
BRDA:231,24,1,0
BRDA:242,25,0,0
BRDA:242,25,1,0
BRDA:242,26,0,0
BRDA:242,26,1,0
BRDA:245,27,0,0
BRDA:245,27,1,0
BRDA:254,28,0,0
BRDA:254,28,1,0
BRDA:255,29,0,0
BRDA:255,29,1,0
BRDA:262,30,0,0
BRDA:262,30,1,0
BRDA:270,31,0,0
BRDA:270,31,1,0
BRDA:296,32,0,0
BRDA:296,32,1,0
BRDA:297,33,0,0
BRDA:297,33,1,0
BRDA:304,34,0,0
BRDA:304,34,1,0
BRDA:309,35,0,0
BRDA:309,35,1,0
BRDA:322,36,0,0
BRDA:322,36,1,0
BRDA:328,37,0,0
BRDA:328,37,1,0
BRDA:329,38,0,0
BRDA:329,38,1,0
BRDA:343,39,0,0
BRDA:343,39,1,0
BRDA:344,40,0,0
BRDA:344,40,1,0
BRDA:354,41,0,0
BRDA:354,41,1,0
BRDA:355,42,0,0
BRDA:355,42,1,0
BRDA:377,43,0,0
BRDA:377,43,1,0
BRDA:378,44,0,0
BRDA:378,44,1,0
BRDA:379,45,0,0
BRDA:379,45,1,0
BRDA:387,46,0,0
BRDA:387,46,1,0
BRDA:398,47,0,0
BRDA:398,47,1,0
BRDA:398,48,0,0
BRDA:398,48,1,0
BRDA:422,49,0,0
BRDA:422,49,1,0
BRDA:434,50,0,0
BRDA:434,50,1,0
BRDA:439,51,0,0
BRDA:439,51,1,0
BRDA:442,52,0,0
BRDA:442,52,1,0
BRDA:449,53,0,0
BRDA:449,53,1,0
BRDA:452,54,0,0
BRDA:452,54,1,0
BRDA:472,55,0,0
BRDA:472,55,1,0
BRDA:475,56,0,0
BRDA:475,56,1,0
BRDA:483,57,0,0
BRDA:483,57,1,0
BRDA:484,58,0,0
BRDA:484,58,1,0
BRDA:491,59,0,0
BRDA:491,59,1,0
BRDA:491,60,0,0
BRDA:491,60,1,0
BRDA:496,61,0,0
BRDA:496,61,1,0
BRDA:496,62,0,0
BRDA:496,62,1,0
BRDA:502,63,0,0
BRDA:502,63,1,0
BRDA:504,64,0,0
BRDA:504,64,1,0
BRDA:511,65,0,0
BRDA:511,65,1,0
BRDA:513,66,0,0
BRDA:513,66,1,0
BRDA:513,67,0,0
BRDA:513,67,1,0
BRDA:518,68,0,0
BRDA:518,68,1,0
BRDA:523,69,0,0
BRDA:523,69,1,0
BRDA:524,70,0,0
BRDA:524,70,1,0
BRDA:529,71,0,0
BRDA:529,71,1,0
BRDA:531,72,0,0
BRDA:531,72,1,0
BRDA:531,73,0,0
BRDA:531,73,1,0
BRDA:531,74,0,0
BRDA:531,74,1,0
BRDA:539,75,0,0
BRDA:539,75,1,0
BRDA:539,76,0,0
BRDA:539,76,1,0
BRDA:544,77,0,0
BRDA:544,77,1,0
BRDA:553,78,0,0
BRDA:553,78,1,0
BRDA:553,79,0,0
BRDA:553,79,1,0
BRDA:559,80,0,0
BRDA:559,80,1,0
BRDA:560,81,0,0
BRDA:560,81,1,0
BRDA:568,82,0,0
BRDA:568,82,1,0
BRDA:573,83,0,0
BRDA:573,83,1,0
BRDA:578,84,0,0
BRDA:578,84,1,0
BRDA:590,85,0,0
BRDA:590,85,1,0
BRDA:591,86,0,0
BRDA:591,86,1,0
BRDA:591,86,2,0
BRDA:591,86,3,0
BRDA:591,86,4,0
BRDA:591,86,5,0
BRDA:591,86,6,0
BRDA:606,87,0,0
BRDA:606,87,1,0
BRDA:607,88,0,0
BRDA:607,88,1,0
BRDA:611,89,0,0
BRDA:611,89,1,0
BRDA:682,90,0,0
BRDA:682,90,1,0
BRDA:683,91,0,0
BRDA:683,91,1,0
BRDA:684,92,0,0
BRDA:684,92,1,0
BRDA:687,93,0,0
BRDA:687,93,1,0
BRDA:691,94,0,0
BRDA:691,94,1,0
BRDA:692,95,0,0
BRDA:692,95,1,0
BRDA:693,96,0,0
BRDA:693,96,1,0
BRDA:693,96,2,0
BRDA:715,97,0,0
BRDA:715,97,1,0
BRDA:715,98,0,0
BRDA:715,98,1,0
BRDA:721,99,0,0
BRDA:721,99,1,0
BRDA:726,100,0,0
BRDA:726,100,1,0
BRDA:762,101,0,0
BRDA:762,101,1,0
BRDA:763,102,0,0
BRDA:763,102,1,0
BRDA:769,103,0,0
BRDA:769,103,1,0
BRDA:770,104,0,0
BRDA:770,104,1,0
BRDA:778,105,0,0
BRDA:778,105,1,0
BRDA:779,106,0,0
BRDA:779,106,1,0
BRDA:780,107,0,0
BRDA:780,107,1,0
BRDA:790,108,0,0
BRDA:790,108,1,0
BRDA:791,109,0,0
BRDA:791,109,1,0
BRDA:792,110,0,0
BRDA:792,110,1,0
BRDA:792,110,2,0
BRDA:803,111,0,0
BRDA:803,111,1,0
BRDA:804,112,0,0
BRDA:804,112,1,0
BRDA:805,113,0,0
BRDA:805,113,1,0
BRDA:805,113,2,0
BRDA:816,114,0,0
BRDA:816,114,1,0
BRDA:817,115,0,0
BRDA:817,115,1,0
BRDA:825,116,0,0
BRDA:825,116,1,0
BRDA:825,117,0,0
BRDA:825,117,1,0
BRDA:837,118,0,0
BRDA:837,118,1,0
BRDA:837,119,0,0
BRDA:837,119,1,0
BRDA:838,120,0,0
BRDA:838,120,1,0
BRDA:850,121,0,0
BRDA:850,121,1,0
BRDA:851,122,0,0
BRDA:851,122,1,0
BRDA:851,122,2,0
BRDA:857,123,0,0
BRDA:857,123,1,0
BRDA:858,124,0,0
BRDA:858,124,1,0
BRDA:859,125,0,0
BRDA:859,125,1,0
BRDA:863,126,0,0
BRDA:863,126,1,0
BRDA:863,127,0,0
BRDA:863,127,1,0
BRDA:863,127,2,0
BRDA:866,128,0,0
BRDA:866,128,1,0
BRDA:867,129,0,0
BRDA:867,129,1,0
BRDA:867,129,2,0
BRDA:883,130,0,0
BRDA:883,130,1,0
BRDA:883,131,0,0
BRDA:883,131,1,0
BRDA:883,131,2,0
BRDA:886,132,0,0
BRDA:886,132,1,0
BRDA:903,133,0,0
BRDA:903,133,1,0
BRDA:917,134,0,0
BRDA:917,134,1,0
BRDA:917,135,0,0
BRDA:917,135,1,0
BRDA:917,135,2,0
BRDA:937,136,0,0
BRDA:937,136,1,0
BRDA:937,137,0,0
BRDA:937,137,1,0
BRDA:937,137,2,0
BRF:293
BRH:0
end_of_record
TN:
SF:crud-gen\src\projection\projection-schema.ts
FN:17,typeForCodec
FN:31,createProjectionSchemaOptions
FNF:2
FNH:0
FNDA:0,typeForCodec
FNDA:0,createProjectionSchemaOptions
DA:6,0
DA:20,0
DA:21,0
DA:22,0
DA:31,0
DA:35,0
DA:36,0
DA:45,0
DA:46,0
DA:47,0
DA:58,0
LF:11
LH:0
BRDA:20,0,0,0
BRDA:20,0,1,0
BRDA:21,1,0,0
BRDA:21,1,1,0
BRDA:46,2,0,0
BRDA:46,2,1,0
BRDA:47,3,0,0
BRDA:47,3,1,0
BRDA:50,4,0,0
BRDA:50,4,1,0
BRDA:50,5,0,0
BRDA:50,5,1,0
BRDA:50,5,2,0
BRDA:60,6,0,0
BRDA:60,6,1,0
BRF:15
BRH:0
end_of_record
TN:
SF:crud-gen\src\projection\projection.service.ts
FN:31,hasOwn
FN:35,isFindOperator
FN:51,(anonymous_2)
FN:61,(anonymous_3)
FN:69,(anonymous_4)
FN:73,(anonymous_5)
FN:92,(anonymous_6)
FN:105,(anonymous_7)
FN:109,(anonymous_8)
FN:149,(anonymous_9)
FN:228,(anonymous_10)
FN:237,(anonymous_11)
FN:284,(anonymous_12)
FN:304,(anonymous_13)
FN:310,(anonymous_14)
FN:325,(anonymous_15)
FN:391,(anonymous_16)
FN:398,(anonymous_17)
FN:401,(anonymous_18)
FN:412,(anonymous_19)
FN:432,(anonymous_20)
FN:443,(anonymous_21)
FN:454,(anonymous_22)
FN:467,(anonymous_23)
FN:472,(anonymous_24)
FN:475,(anonymous_25)
FN:490,(anonymous_26)
FN:507,(anonymous_27)
FN:517,(anonymous_28)
FN:518,(anonymous_29)
FN:528,(anonymous_30)
FN:534,(anonymous_31)
FNF:32
FNH:0
FNDA:0,hasOwn
FNDA:0,isFindOperator
FNDA:0,(anonymous_2)
FNDA:0,(anonymous_3)
FNDA:0,(anonymous_4)
FNDA:0,(anonymous_5)
FNDA:0,(anonymous_6)
FNDA:0,(anonymous_7)
FNDA:0,(anonymous_8)
FNDA:0,(anonymous_9)
FNDA:0,(anonymous_10)
FNDA:0,(anonymous_11)
FNDA:0,(anonymous_12)
FNDA:0,(anonymous_13)
FNDA:0,(anonymous_14)
FNDA:0,(anonymous_15)
FNDA:0,(anonymous_16)
FNDA:0,(anonymous_17)
FNDA:0,(anonymous_18)
FNDA:0,(anonymous_19)
FNDA:0,(anonymous_20)
FNDA:0,(anonymous_21)
FNDA:0,(anonymous_22)
FNDA:0,(anonymous_23)
FNDA:0,(anonymous_24)
FNDA:0,(anonymous_25)
FNDA:0,(anonymous_26)
FNDA:0,(anonymous_27)
FNDA:0,(anonymous_28)
FNDA:0,(anonymous_29)
FNDA:0,(anonymous_30)
FNDA:0,(anonymous_31)
DA:3,0
DA:4,0
DA:32,0
DA:36,0
DA:50,0
DA:52,0
DA:53,0
DA:54,0
DA:55,0
DA:56,0
DA:58,0
DA:66,0
DA:70,0
DA:80,0
DA:81,0
DA:88,0
DA:89,0
DA:96,0
DA:97,0
DA:105,0
DA:106,0
DA:110,0
DA:112,0
DA:118,0
DA:119,0
DA:120,0
DA:121,0
DA:123,0
DA:124,0
DA:126,0
DA:127,0
DA:132,0
DA:133,0
DA:137,0
DA:138,0
DA:144,0
DA:146,0
DA:153,0
DA:154,0
DA:155,0
DA:156,0
DA:162,0
DA:167,0
DA:175,0
DA:176,0
DA:180,0
DA:182,0
DA:183,0
DA:184,0
DA:186,0
DA:187,0
DA:188,0
DA:190,0
DA:194,0
DA:198,0
DA:201,0
DA:206,0
DA:207,0
DA:213,0
DA:214,0
DA:219,0
DA:225,0
DA:229,0
DA:233,0
DA:234,0
DA:240,0
DA:241,0
DA:242,0
DA:243,0
DA:245,0
DA:252,0
DA:257,0
DA:258,0
DA:259,0
DA:260,0
DA:264,0
DA:271,0
DA:272,0
DA:273,0
DA:274,0
DA:275,0
DA:281,0
DA:285,0
DA:291,0
DA:295,0
DA:296,0
DA:297,0
DA:298,0
DA:301,0
DA:307,0
DA:308,0
DA:309,0
DA:310,0
DA:311,0
DA:312,0
DA:315,0
DA:320,0
DA:325,0
DA:326,0
DA:328,0
DA:329,0
DA:331,0
DA:337,0
DA:340,0
DA:341,0
DA:342,0
DA:343,0
DA:344,0
DA:345,0
DA:350,0
DA:351,0
DA:352,0
DA:361,0
DA:365,0
DA:375,0
DA:378,0
DA:379,0
DA:387,0
DA:388,0
DA:389,0
DA:391,0
DA:394,0
DA:395,0
DA:401,0
DA:402,0
DA:403,0
DA:404,0
DA:405,0
DA:406,0
DA:408,0
DA:416,0
DA:417,0
DA:421,0
DA:423,0
DA:427,0
DA:429,0
DA:436,0
DA:437,0
DA:439,0
DA:447,0
DA:448,0
DA:459,0
DA:460,0
DA:464,0
DA:465,0
DA:467,0
DA:468,0
DA:472,0
DA:479,0
DA:480,0
DA:482,0
DA:491,0
DA:492,0
DA:497,0
DA:501,0
DA:511,0
DA:512,0
DA:513,0
DA:515,0
DA:517,0
DA:518,0
DA:522,0
DA:523,0
DA:524,0
DA:529,0
DA:535,0
LF:166
LH:0
BRDA:37,0,0,0
BRDA:37,0,1,0
BRDA:37,0,2,0
BRDA:37,0,3,0
BRDA:37,0,4,0
BRDA:88,1,0,0
BRDA:88,1,1,0
BRDA:88,2,0,0
BRDA:88,2,1,0
BRDA:89,3,0,0
BRDA:89,3,1,0
BRDA:93,4,0,0
BRDA:94,5,0,0
BRDA:106,6,0,0
BRDA:106,6,1,0
BRDA:120,7,0,0
BRDA:120,7,1,0
BRDA:120,8,0,0
BRDA:120,8,1,0
BRDA:120,8,2,0
BRDA:123,9,0,0
BRDA:123,9,1,0
BRDA:123,10,0,0
BRDA:123,10,1,0
BRDA:126,11,0,0
BRDA:126,11,1,0
BRDA:126,12,0,0
BRDA:126,12,1,0
BRDA:127,13,0,0
BRDA:127,13,1,0
BRDA:137,14,0,0
BRDA:137,14,1,0
BRDA:156,15,0,0
BRDA:156,15,1,0
BRDA:157,16,0,0
BRDA:157,16,1,0
BRDA:157,16,2,0
BRDA:157,16,3,0
BRDA:176,17,0,0
BRDA:176,17,1,0
BRDA:177,18,0,0
BRDA:177,18,1,0
BRDA:183,19,0,0
BRDA:183,19,1,0
BRDA:183,20,0,0
BRDA:183,20,1,0
BRDA:187,21,0,0
BRDA:187,21,1,0
BRDA:188,22,0,0
BRDA:188,22,1,0
BRDA:194,23,0,0
BRDA:194,23,1,0
BRDA:195,24,0,0
BRDA:195,24,1,0
BRDA:206,25,0,0
BRDA:206,25,1,0
BRDA:213,26,0,0
BRDA:213,26,1,0
BRDA:233,27,0,0
BRDA:233,27,1,0
BRDA:241,28,0,0
BRDA:241,28,1,0
BRDA:246,29,0,0
BRDA:246,29,1,0
BRDA:252,30,0,0
BRDA:252,30,1,0
BRDA:258,31,0,0
BRDA:258,31,1,0
BRDA:258,32,0,0
BRDA:258,32,1,0
BRDA:259,33,0,0
BRDA:259,33,1,0
BRDA:259,34,0,0
BRDA:259,34,1,0
BRDA:266,35,0,0
BRDA:266,35,1,0
BRDA:272,36,0,0
BRDA:272,36,1,0
BRDA:273,37,0,0
BRDA:273,37,1,0
BRDA:274,38,0,0
BRDA:274,38,1,0
BRDA:277,39,0,0
BRDA:277,39,1,0
BRDA:288,40,0,0
BRDA:288,40,1,0
BRDA:296,41,0,0
BRDA:296,41,1,0
BRDA:297,42,0,0
BRDA:297,42,1,0
BRDA:299,43,0,0
BRDA:299,43,1,0
BRDA:299,44,0,0
BRDA:299,44,1,0
BRDA:308,45,0,0
BRDA:308,45,1,0
BRDA:311,46,0,0
BRDA:311,46,1,0
BRDA:311,47,0,0
BRDA:311,47,1,0
BRDA:311,47,2,0
BRDA:325,48,0,0
BRDA:325,48,1,0
BRDA:328,49,0,0
BRDA:328,49,1,0
BRDA:328,50,0,0
BRDA:328,50,1,0
BRDA:331,51,0,0
BRDA:331,51,1,0
BRDA:332,52,0,0
BRDA:332,52,1,0
BRDA:332,52,2,0
BRDA:332,52,3,0
BRDA:340,53,0,0
BRDA:340,53,1,0
BRDA:342,54,0,0
BRDA:342,54,1,0
BRDA:343,55,0,0
BRDA:343,55,1,0
BRDA:350,56,0,0
BRDA:350,56,1,0
BRDA:361,57,0,0
BRDA:361,57,1,0
BRDA:362,58,0,0
BRDA:362,58,1,0
BRDA:387,59,0,0
BRDA:387,59,1,0
BRDA:388,60,0,0
BRDA:388,60,1,0
BRDA:401,61,0,0
BRDA:401,61,1,0
BRDA:403,62,0,0
BRDA:403,62,1,0
BRDA:405,63,0,0
BRDA:405,63,1,0
BRDA:405,64,0,0
BRDA:405,64,1,0
BRDA:417,65,0,0
BRDA:417,65,1,0
BRDA:418,66,0,0
BRDA:418,66,1,0
BRDA:418,66,2,0
BRDA:423,67,0,0
BRDA:423,67,1,0
BRDA:424,68,0,0
BRDA:424,68,1,0
BRDA:424,68,2,0
BRDA:447,69,0,0
BRDA:447,69,1,0
BRDA:457,70,0,0
BRDA:459,71,0,0
BRDA:459,71,1,0
BRDA:459,72,0,0
BRDA:459,72,1,0
BRDA:461,73,0,0
BRDA:461,73,1,0
BRDA:464,74,0,0
BRDA:464,74,1,0
BRDA:467,75,0,0
BRDA:467,75,1,0
BRDA:467,76,0,0
BRDA:467,76,1,0
BRDA:483,77,0,0
BRDA:483,77,1,0
BRDA:492,78,0,0
BRDA:492,78,1,0
BRDA:493,79,0,0
BRDA:493,79,1,0
BRDA:493,79,2,0
BRDA:512,80,0,0
BRDA:512,80,1,0
BRDA:512,81,0,0
BRDA:512,81,1,0
BRDA:517,82,0,0
BRDA:517,82,1,0
BRDA:519,83,0,0
BRDA:519,83,1,0
BRDA:519,84,0,0
BRDA:519,84,1,0
BRDA:520,85,0,0
BRDA:520,85,1,0
BRDA:523,86,0,0
BRDA:523,86,1,0
BRF:183
BRH:0
end_of_record
TN:
SF:crud-gen\src\typeorm\crud-gen-args.helpers.ts
FN:69,getTextFilter
FN:88,getNumberFilter
FN:115,getDateFilter
FN:149,filterSwitch
FN:180,getFindOperator
FN:205,convertFilter
FN:237,resolveFilter
FN:258,createWhere
FN:273,(anonymous_8)
FN:326,(anonymous_9)
FN:336,removeSymbolicSelection
FN:350,checkFilterScope
FN:367,(anonymous_12)
FN:371,mapCrudGenParam
FN:402,(anonymous_14)
FN:451,mapPaginationParamsToTypeORM
FN:459,(anonymous_16)
FN:479,mapSortingParamsToTypeORM
FN:486,(anonymous_18)
FNF:19
FNH:0
FNDA:0,getTextFilter
FNDA:0,getNumberFilter
FNDA:0,getDateFilter
FNDA:0,filterSwitch
FNDA:0,getFindOperator
FNDA:0,convertFilter
FNDA:0,resolveFilter
FNDA:0,createWhere
FNDA:0,(anonymous_8)
FNDA:0,(anonymous_9)
FNDA:0,removeSymbolicSelection
FNDA:0,checkFilterScope
FNDA:0,(anonymous_12)
FNDA:0,mapCrudGenParam
FNDA:0,(anonymous_14)
FNDA:0,mapPaginationParamsToTypeORM
FNDA:0,(anonymous_16)
FNDA:0,mapSortingParamsToTypeORM
FNDA:0,(anonymous_18)
DA:2,0
DA:3,0
DA:18,0
DA:26,0
DA:33,0
DA:40,0
DA:67,0
DA:69,0
DA:70,0
DA:72,0
DA:75,0
DA:77,0
DA:79,0
DA:82,0
DA:84,0
DA:88,0
DA:93,0
DA:95,0
DA:97,0
DA:99,0
DA:101,0
DA:103,0
DA:105,0
DA:107,0
DA:109,0
DA:115,0
DA:120,0
DA:122,0
DA:124,0
DA:126,0
DA:128,0
DA:130,0
DA:132,0
DA:133,0
DA:139,0
DA:145,0
DA:149,0
DA:153,0
DA:154,0
DA:157,0
DA:158,0
DA:161,0
DA:162,0
DA:163,0
DA:164,0
DA:165,0
DA:166,0
DA:168,0
DA:171,0
DA:172,0
DA:175,0
DA:177,0
DA:180,0
DA:186,0
DA:187,0
DA:189,0
DA:191,0
DA:193,0
DA:195,0
DA:197,0
DA:199,0
DA:205,0
DA:208,0
DA:209,0
DA:213,0
DA:215,0
DA:222,0
DA:225,0
DA:230,0
DA:232,0
DA:234,0
DA:237,0
DA:245,0
DA:251,0
DA:253,0
DA:255,0
DA:258,0
DA:264,0
DA:265,0
DA:268,0
DA:270,0
DA:272,0
DA:273,0
DA:274,0
DA:280,0
DA:281,0
DA:286,0
DA:288,0
DA:290,0
DA:291,0
DA:293,0
DA:295,0
DA:297,0
DA:305,0
DA:309,0
DA:310,0
DA:312,0
DA:314,0
DA:317,0
DA:321,0
DA:325,0
DA:326,0
DA:327,0
DA:331,0
DA:333,0
DA:336,0
DA:341,0
DA:342,0
DA:343,0
DA:344,0
DA:347,0
DA:350,0
DA:354,0
DA:355,0
DA:362,0
DA:365,0
DA:366,0
DA:367,0
DA:371,0
DA:378,0
DA:379,0
DA:381,0
DA:382,0
DA:384,0
DA:385,0
DA:388,0
DA:391,0
DA:395,0
DA:396,0
DA:400,0
DA:403,0
DA:404,0
DA:405,0
DA:410,0
DA:413,0
DA:418,0
DA:424,0
DA:426,0
DA:439,0
DA:440,0
DA:448,0
DA:451,0
DA:456,0
DA:457,0
DA:459,0
DA:460,0
DA:461,0
DA:463,0
DA:470,0
DA:472,0
DA:474,0
DA:476,0
DA:479,0
DA:483,0
DA:485,0
DA:486,0
DA:487,0
DA:488,0
DA:490,0
DA:491,0
DA:493,0
DA:497,0
LF:162
LH:0
BRDA:70,0,0,0
BRDA:70,0,1,0
BRDA:70,0,2,0
BRDA:70,0,3,0
BRDA:70,0,4,0
BRDA:70,0,5,0
BRDA:70,0,6,0
BRDA:93,1,0,0
BRDA:93,1,1,0
BRDA:93,1,2,0
BRDA:93,1,3,0
BRDA:93,1,4,0
BRDA:93,1,5,0
BRDA:93,1,6,0
BRDA:93,1,7,0
BRDA:120,2,0,0
BRDA:120,2,1,0
BRDA:120,2,2,0
BRDA:120,2,3,0
BRDA:120,2,4,0
BRDA:120,2,5,0
BRDA:120,2,6,0
BRDA:133,3,0,0
BRDA:133,3,1,0
BRDA:157,4,0,0
BRDA:157,4,1,0
BRDA:161,5,0,0
BRDA:161,5,1,0
BRDA:164,6,0,0
BRDA:164,6,1,0
BRDA:171,7,0,0
BRDA:171,7,1,0
BRDA:175,8,0,0
BRDA:175,8,1,0
BRDA:186,9,0,0
BRDA:186,9,1,0
BRDA:189,10,0,0
BRDA:189,10,1,0
BRDA:189,10,2,0
BRDA:189,10,3,0
BRDA:189,10,4,0
BRDA:208,11,0,0
BRDA:208,11,1,0
BRDA:209,12,0,0
BRDA:209,12,1,0
BRDA:210,13,0,0
BRDA:210,13,1,0
BRDA:222,14,0,0
BRDA:222,14,1,0
BRDA:225,15,0,0
BRDA:225,15,1,0
BRDA:226,16,0,0
BRDA:226,16,1,0
BRDA:226,16,2,0
BRDA:245,17,0,0
BRDA:245,17,1,0
BRDA:246,18,0,0
BRDA:246,18,1,0
BRDA:246,18,2,0
BRDA:246,18,3,0
BRDA:262,19,0,0
BRDA:264,20,0,0
BRDA:264,20,1,0
BRDA:268,21,0,0
BRDA:268,21,1,0
BRDA:272,22,0,0
BRDA:272,22,1,0
BRDA:280,23,0,0
BRDA:280,23,1,0
BRDA:290,24,0,0
BRDA:290,24,1,0
BRDA:290,25,0,0
BRDA:290,25,1,0
BRDA:309,26,0,0
BRDA:309,26,1,0
BRDA:314,27,0,0
BRDA:314,27,1,0
BRDA:314,28,0,0
BRDA:314,28,1,0
BRDA:325,29,0,0
BRDA:325,29,1,0
BRDA:342,30,0,0
BRDA:342,30,1,0
BRDA:355,31,0,0
BRDA:355,31,1,0
BRDA:356,32,0,0
BRDA:356,32,1,0
BRDA:356,32,2,0
BRDA:358,33,0,0
BRDA:358,33,1,0
BRDA:366,34,0,0
BRDA:366,34,1,0
BRDA:375,35,0,0
BRDA:379,36,0,0
BRDA:379,36,1,0
BRDA:379,36,2,0
BRDA:381,37,0,0
BRDA:381,37,1,0
BRDA:391,38,0,0
BRDA:391,38,1,0
BRDA:395,39,0,0
BRDA:395,39,1,0
BRDA:401,40,0,0
BRDA:401,40,1,0
BRDA:401,40,2,0
BRDA:404,41,0,0
BRDA:404,41,1,0
BRDA:439,42,0,0
BRDA:439,42,1,0
BRDA:439,43,0,0
BRDA:439,43,1,0
BRDA:456,44,0,0
BRDA:456,44,1,0
BRDA:457,45,0,0
BRDA:457,45,1,0
BRDA:460,46,0,0
BRDA:460,46,1,0
BRDA:460,47,0,0
BRDA:460,47,1,0
BRDA:470,48,0,0
BRDA:470,48,1,0
BRDA:470,49,0,0
BRDA:470,49,1,0
BRDA:472,50,0,0
BRDA:472,50,1,0
BRDA:474,51,0,0
BRDA:474,51,1,0
BRDA:485,52,0,0
BRDA:485,52,1,0
BRDA:488,53,0,0
BRDA:488,53,1,0
BRDA:491,54,0,0
BRDA:491,54,1,0
BRF:133
BRH:0
end_of_record
TN:
SF:crud-gen\src\typeorm\generic.repository.ts
FN:37,(anonymous_0)
FN:44,(anonymous_1)
FN:51,(anonymous_2)
FN:66,(anonymous_3)
FN:103,(anonymous_4)
FN:135,(anonymous_5)
FN:146,(anonymous_6)
FN:157,(anonymous_7)
FN:182,(anonymous_8)
FN:215,(anonymous_9)
FN:221,(anonymous_10)
FN:263,(anonymous_11)
FN:292,(anonymous_12)
FN:309,(anonymous_13)
FN:321,(anonymous_14)
FN:343,(anonymous_15)
FN:357,(anonymous_16)
FN:358,(anonymous_17)
FN:368,(anonymous_18)
FN:371,(anonymous_19)
FN:373,(anonymous_20)
FN:380,(anonymous_21)
FN:387,(anonymous_22)
FN:396,CGExtendedRepositoryFactory
FN:402,(anonymous_24)
FNF:25
FNH:0
FNDA:0,(anonymous_0)
FNDA:0,(anonymous_1)
FNDA:0,(anonymous_2)
FNDA:0,(anonymous_3)
FNDA:0,(anonymous_4)
FNDA:0,(anonymous_5)
FNDA:0,(anonymous_6)
FNDA:0,(anonymous_7)
FNDA:0,(anonymous_8)
FNDA:0,(anonymous_9)
FNDA:0,(anonymous_10)
FNDA:0,(anonymous_11)
FNDA:0,(anonymous_12)
FNDA:0,(anonymous_13)
FNDA:0,(anonymous_14)
FNDA:0,(anonymous_15)
FNDA:0,(anonymous_16)
FNDA:0,(anonymous_17)
FNDA:0,(anonymous_18)
FNDA:0,(anonymous_19)
FNDA:0,(anonymous_20)
FNDA:0,(anonymous_21)
FNDA:0,(anonymous_22)
FNDA:0,CGExtendedRepositoryFactory
FNDA:0,(anonymous_24)
DA:1,0
DA:8,0
DA:9,0
DA:17,0
DA:19,0
DA:26,0
DA:32,0
DA:38,0
DA:45,0
DA:55,0
DA:57,0
DA:63,0
DA:86,0
DA:91,0
DA:92,0
DA:95,0
DA:97,0
DA:99,0
DA:100,0
DA:101,0
DA:102,0
DA:103,0
DA:104,0
DA:106,0
DA:108,0
DA:109,0
DA:111,0
DA:112,0
DA:116,0
DA:117,0
DA:119,0
DA:132,0
DA:133,0
DA:134,0
DA:135,0
DA:139,0
DA:146,0
DA:147,0
DA:149,0
DA:151,0
DA:154,0
DA:157,0
DA:160,0
DA:167,0
DA:171,0
DA:172,0
DA:175,0
DA:177,0
DA:179,0
DA:180,0
DA:182,0
DA:185,0
DA:192,0
DA:194,0
DA:197,0
DA:198,0
DA:206,0
DA:210,0
DA:215,0
DA:216,0
DA:218,0
DA:228,0
DA:230,0
DA:231,0
DA:233,0
DA:238,0
DA:242,0
DA:246,0
DA:249,0
DA:256,0
DA:267,0
DA:271,0
DA:273,0
DA:274,0
DA:278,0
DA:281,0
DA:284,0
DA:300,0
DA:302,0
DA:316,0
DA:318,0
DA:328,0
DA:330,0
DA:348,0
DA:349,0
DA:350,0
DA:358,0
DA:359,0
DA:369,0
DA:370,0
DA:371,0
DA:373,0
DA:374,0
DA:377,0
DA:384,0
DA:385,0
DA:387,0
DA:388,0
DA:390,0
DA:394,0
DA:396,0
DA:400,0
DA:402,0
DA:403,0
DA:405,0
DA:409,0
DA:411,0
DA:415,0
LF:108
LH:0
BRDA:55,0,0,0
BRDA:55,0,1,0
BRDA:58,1,0,0
BRDA:58,1,1,0
BRDA:59,2,0,0
BRDA:59,2,1,0
BRDA:91,3,0,0
BRDA:91,3,1,0
BRDA:95,4,0,0
BRDA:95,4,1,0
BRDA:102,5,0,0
BRDA:102,5,1,0
BRDA:111,6,0,0
BRDA:111,6,1,0
BRDA:111,7,0,0
BRDA:111,7,1,0
BRDA:116,8,0,0
BRDA:116,8,1,0
BRDA:133,9,0,0
BRDA:133,9,1,0
BRDA:139,10,0,0
BRDA:139,10,1,0
BRDA:149,11,0,0
BRDA:149,11,1,0
BRDA:154,12,0,0
BRDA:154,12,1,0
BRDA:177,13,0,0
BRDA:177,13,1,0
BRDA:179,14,0,0
BRDA:179,14,1,0
BRDA:180,15,0,0
BRDA:180,15,1,0
BRDA:185,16,0,0
BRDA:185,16,1,0
BRDA:185,17,0,0
BRDA:185,17,1,0
BRDA:197,18,0,0
BRDA:197,18,1,0
BRDA:230,19,0,0
BRDA:230,19,1,0
BRDA:242,20,0,0
BRDA:242,20,1,0
BRDA:243,21,0,0
BRDA:243,21,1,0
BRDA:267,22,0,0
BRDA:271,23,0,0
BRDA:271,23,1,0
BRDA:273,24,0,0
BRDA:273,24,1,0
BRDA:278,25,0,0
BRDA:278,25,1,0
BRDA:281,26,0,0
BRDA:281,26,1,0
BRDA:346,27,0,0
BRDA:359,28,0,0
BRDA:359,28,1,0
BRDA:374,29,0,0
BRDA:374,29,1,0
BRDA:400,30,0,0
BRDA:400,30,1,0
BRF:60
BRH:0
end_of_record
TN:
SF:crud-gen\src\typeorm\generic.service.ts
FN:49,hasObjectKeys
FN:53,normalizeCrudGenWhereForPlainTypeorm
FN:60,(anonymous_2)
FN:83,normalizeCrudGenWhereConditionForPlainTypeorm
FN:90,(anonymous_4)
FN:100,(anonymous_5)
FN:146,GenericServiceFactory
FN:161,(anonymous_7)
FN:177,getServiceToken
FN:186,validateSupportedError
FN:189,(anonymous_10)
FN:215,(anonymous_11)
FN:232,(anonymous_12)
FN:249,(anonymous_13)
FN:269,(anonymous_14)
FN:282,(anonymous_15)
FN:292,(anonymous_16)
FN:301,(anonymous_17)
FN:308,(anonymous_18)
FN:329,(anonymous_19)
FN:359,(anonymous_20)
FN:407,(anonymous_21)
FN:449,(anonymous_22)
FN:523,(anonymous_23)
FN:588,(anonymous_24)
FN:606,(anonymous_25)
FN:641,(anonymous_26)
FN:687,(anonymous_27)
FN:713,(anonymous_28)
FN:717,(anonymous_29)
FN:727,(anonymous_30)
FNF:31
FNH:0
FNDA:0,hasObjectKeys
FNDA:0,normalizeCrudGenWhereForPlainTypeorm
FNDA:0,(anonymous_2)
FNDA:0,normalizeCrudGenWhereConditionForPlainTypeorm
FNDA:0,(anonymous_4)
FNDA:0,(anonymous_5)
FNDA:0,GenericServiceFactory
FNDA:0,(anonymous_7)
FNDA:0,getServiceToken
FNDA:0,validateSupportedError
FNDA:0,(anonymous_10)
FNDA:0,(anonymous_11)
FNDA:0,(anonymous_12)
FNDA:0,(anonymous_13)
FNDA:0,(anonymous_14)
FNDA:0,(anonymous_15)
FNDA:0,(anonymous_16)
FNDA:0,(anonymous_17)
FNDA:0,(anonymous_18)
FNDA:0,(anonymous_19)
FNDA:0,(anonymous_20)
FNDA:0,(anonymous_21)
FNDA:0,(anonymous_22)
FNDA:0,(anonymous_23)
FNDA:0,(anonymous_24)
FNDA:0,(anonymous_25)
FNDA:0,(anonymous_26)
FNDA:0,(anonymous_27)
FNDA:0,(anonymous_28)
FNDA:0,(anonymous_29)
FNDA:0,(anonymous_30)
DA:1,0
DA:5,0
DA:11,0
DA:12,0
DA:17,0
DA:19,0
DA:26,0
DA:36,0
DA:37,0
DA:38,0
DA:39,0
DA:43,0
DA:47,0
DA:50,0
DA:54,0
DA:55,0
DA:58,0
DA:59,0
DA:60,0
DA:63,0
DA:66,0
DA:72,0
DA:77,0
DA:80,0
DA:88,0
DA:91,0
DA:95,0
DA:99,0
DA:100,0
DA:103,0
DA:105,0
DA:106,0
DA:107,0
DA:109,0
DA:110,0
DA:111,0
DA:113,0
DA:117,0
DA:120,0
DA:122,0
DA:123,0
DA:124,0
DA:129,0
DA:130,0
DA:134,0
DA:146,0
DA:153,0
DA:155,0
DA:165,0
DA:177,0
DA:178,0
DA:186,0
DA:189,0
DA:190,0
DA:191,0
DA:193,0
DA:201,0
DA:216,0
DA:219,0
DA:224,0
DA:225,0
DA:233,0
DA:234,0
DA:237,0
DA:238,0
DA:240,0
DA:242,0
DA:250,0
DA:251,0
DA:252,0
DA:258,0
DA:272,0
DA:273,0
DA:285,0
DA:295,0
DA:302,0
DA:309,0
DA:334,0
DA:335,0
DA:337,0
DA:343,0
DA:350,0
DA:369,0
DA:417,0
DA:419,0
DA:458,0
DA:459,0
DA:460,0
DA:461,0
DA:462,0
DA:463,0
DA:466,0
DA:467,0
DA:474,0
DA:475,0
DA:477,0
DA:481,0
DA:483,0
DA:492,0
DA:493,0
DA:496,0
DA:498,0
DA:529,0
DA:535,0
DA:536,0
DA:537,0
DA:538,0
DA:539,0
DA:540,0
DA:543,0
DA:545,0
DA:552,0
DA:553,0
DA:555,0
DA:559,0
DA:561,0
DA:570,0
DA:571,0
DA:574,0
DA:576,0
DA:589,0
DA:591,0
DA:593,0
DA:597,0
DA:609,0
DA:614,0
DA:615,0
DA:617,0
DA:618,0
DA:620,0
DA:648,0
DA:649,0
DA:651,0
DA:652,0
DA:654,0
DA:655,0
DA:659,0
DA:664,0
DA:673,0
DA:675,0
DA:677,0
DA:682,0
DA:688,0
DA:690,0
DA:691,0
DA:693,0
DA:694,0
DA:702,0
DA:707,0
DA:714,0
DA:718,0
DA:731,0
DA:733,0
DA:734,0
DA:736,0
DA:738,0
DA:740,0
DA:741,0
DA:743,0
DA:744,0
DA:747,0
DA:750,0
DA:751,0
DA:754,0
DA:757,0
DA:758,0
DA:761,0
DA:764,0
DA:766,0
DA:772,0
LF:170
LH:0
BRDA:50,0,0,0
BRDA:50,0,1,0
BRDA:50,0,2,0
BRDA:54,1,0,0
BRDA:54,1,1,0
BRDA:54,2,0,0
BRDA:54,2,1,0
BRDA:58,3,0,0
BRDA:58,3,1,0
BRDA:63,4,0,0
BRDA:63,4,1,0
BRDA:72,5,0,0
BRDA:72,5,1,0
BRDA:73,6,0,0
BRDA:73,6,1,0
BRDA:73,6,2,0
BRDA:91,7,0,0
BRDA:91,7,1,0
BRDA:97,8,0,0
BRDA:97,8,1,0
BRDA:99,9,0,0
BRDA:99,9,1,0
BRDA:103,10,0,0
BRDA:103,10,1,0
BRDA:105,11,0,0
BRDA:105,11,1,0
BRDA:107,12,0,0
BRDA:107,12,1,0
BRDA:110,13,0,0
BRDA:110,13,1,0
BRDA:117,14,0,0
BRDA:117,14,1,0
BRDA:123,15,0,0
BRDA:123,15,1,0
BRDA:129,16,0,0
BRDA:129,16,1,0
BRDA:134,17,0,0
BRDA:134,17,1,0
BRDA:153,18,0,0
BRDA:153,18,1,0
BRDA:157,19,0,0
BRDA:157,19,1,0
BRDA:159,20,0,0
BRDA:159,20,1,0
BRDA:170,21,0,0
BRDA:170,21,1,0
BRDA:171,22,0,0
BRDA:171,22,1,0
BRDA:190,23,0,0
BRDA:190,23,1,0
BRDA:220,24,0,0
BRDA:220,24,1,0
BRDA:233,25,0,0
BRDA:233,25,1,0
BRDA:233,26,0,0
BRDA:233,26,1,0
BRDA:233,26,2,0
BRDA:238,27,0,0
BRDA:238,27,1,0
BRDA:240,28,0,0
BRDA:240,28,1,0
BRDA:331,29,0,0
BRDA:334,30,0,0
BRDA:334,30,1,0
BRDA:345,31,0,0
BRDA:345,31,1,0
BRDA:350,32,0,0
BRDA:350,32,1,0
BRDA:417,33,0,0
BRDA:417,33,1,0
BRDA:419,34,0,0
BRDA:419,34,1,0
BRDA:452,35,0,0
BRDA:460,36,0,0
BRDA:460,36,1,0
BRDA:477,37,0,0
BRDA:477,37,1,0
BRDA:478,38,0,0
BRDA:478,38,1,0
BRDA:483,39,0,0
BRDA:483,39,1,0
BRDA:492,40,0,0
BRDA:492,40,1,0
BRDA:527,41,0,0
BRDA:537,42,0,0
BRDA:537,42,1,0
BRDA:555,43,0,0
BRDA:555,43,1,0
BRDA:556,44,0,0
BRDA:556,44,1,0
BRDA:561,45,0,0
BRDA:561,45,1,0
BRDA:570,46,0,0
BRDA:570,46,1,0
BRDA:597,47,0,0
BRDA:597,47,1,0
BRDA:614,48,0,0
BRDA:614,48,1,0
BRDA:617,49,0,0
BRDA:617,49,1,0
BRDA:643,50,0,0
BRDA:648,51,0,0
BRDA:648,51,1,0
BRDA:649,52,0,0
BRDA:649,52,1,0
BRDA:654,53,0,0
BRDA:654,53,1,0
BRDA:655,54,0,0
BRDA:655,54,1,0
BRDA:656,55,0,0
BRDA:656,55,1,0
BRDA:664,56,0,0
BRDA:664,56,1,0
BRDA:682,57,0,0
BRDA:682,57,1,0
BRDA:690,58,0,0
BRDA:690,58,1,0
BRDA:693,59,0,0
BRDA:693,59,1,0
BRDA:693,60,0,0
BRDA:693,60,1,0
BRDA:702,61,0,0
BRDA:702,61,1,0
BRDA:704,62,0,0
BRDA:704,62,1,0
BRDA:733,63,0,0
BRDA:733,63,1,0
BRDA:733,64,0,0
BRDA:733,64,1,0
BRDA:743,65,0,0
BRDA:743,65,1,0
BRDA:750,66,0,0
BRDA:750,66,1,0
BRDA:757,67,0,0
BRDA:757,67,1,0
BRF:135
BRH:0
end_of_record
